[0.891s] Invoking command in '/home/ispaik06/robot_ws/build/urdf_example': CMAKE_PREFIX_PATH=${CMAKE_PREFIX_PATH}:/home/ispaik06/robot_ws/install/joy_tester:/opt/ros/foxy /usr/bin/cmake --build /home/ispaik06/robot_ws/build/urdf_example -- -j12 -l12
[0.994s] Invoked command in '/home/ispaik06/robot_ws/build/urdf_example' returned '0': CMAKE_PREFIX_PATH=${CMAKE_PREFIX_PATH}:/home/ispaik06/robot_ws/install/joy_tester:/opt/ros/foxy /usr/bin/cmake --build /home/ispaik06/robot_ws/build/urdf_example -- -j12 -l12
[1.228s] Invoking command in '/home/ispaik06/robot_ws/build/urdf_example': CMAKE_PREFIX_PATH=${CMAKE_PREFIX_PATH}:/home/ispaik06/robot_ws/install/joy_tester:/opt/ros/foxy /usr/bin/cmake --install /home/ispaik06/robot_ws/build/urdf_example
[1.249s] -- Install configuration: ""
[1.252s] -- Up-to-date: /home/ispaik06/robot_ws/install/urdf_example/share/urdf_example/description
[1.252s] -- Up-to-date: /home/ispaik06/robot_ws/install/urdf_example/share/urdf_example/description/example_include.xacro
[1.252s] -- Up-to-date: /home/ispaik06/robot_ws/install/urdf_example/share/urdf_example/description/example_gazebo.xacro
[1.253s] -- Up-to-date: /home/ispaik06/robot_ws/install/urdf_example/share/urdf_example/description/example_robot.urdf.xacro
[1.253s] -- Up-to-date: /home/ispaik06/robot_ws/install/urdf_example/share/urdf_example/launch
[1.253s] -- Up-to-date: /home/ispaik06/robot_ws/install/urdf_example/share/urdf_example/launch/rsp_sim.launch.py
[1.253s] -- Up-to-date: /home/ispaik06/robot_ws/install/urdf_example/share/urdf_example/launch/rsp.launch.py
[1.253s] -- Up-to-date: /home/ispaik06/robot_ws/install/urdf_example/share/urdf_example/worlds
[1.253s] -- Up-to-date: /home/ispaik06/robot_ws/install/urdf_example/share/urdf_example/worlds/test_world.world
[1.253s] -- Up-to-date: /home/ispaik06/robot_ws/install/urdf_example/share/ament_index/resource_index/package_run_dependencies/urdf_example
[1.253s] -- Up-to-date: /home/ispaik06/robot_ws/install/urdf_example/share/ament_index/resource_index/parent_prefix_path/urdf_example
[1.254s] -- Up-to-date: /home/ispaik06/robot_ws/install/urdf_example/share/urdf_example/environment/ament_prefix_path.sh
[1.254s] -- Up-to-date: /home/ispaik06/robot_ws/install/urdf_example/share/urdf_example/environment/ament_prefix_path.dsv
[1.254s] -- Up-to-date: /home/ispaik06/robot_ws/install/urdf_example/share/urdf_example/environment/path.sh
[1.254s] -- Up-to-date: /home/ispaik06/robot_ws/install/urdf_example/share/urdf_example/environment/path.dsv
[1.254s] -- Up-to-date: /home/ispaik06/robot_ws/install/urdf_example/share/urdf_example/local_setup.bash
[1.254s] -- Up-to-date: /home/ispaik06/robot_ws/install/urdf_example/share/urdf_example/local_setup.sh
[1.254s] -- Up-to-date: /home/ispaik06/robot_ws/install/urdf_example/share/urdf_example/local_setup.zsh
[1.255s] -- Up-to-date: /home/ispaik06/robot_ws/install/urdf_example/share/urdf_example/local_setup.dsv
[1.256s] -- Installing: /home/ispaik06/robot_ws/install/urdf_example/share/urdf_example/package.dsv
[1.256s] -- Up-to-date: /home/ispaik06/robot_ws/install/urdf_example/share/ament_index/resource_index/packages/urdf_example
[1.257s] -- Up-to-date: /home/ispaik06/robot_ws/install/urdf_example/share/urdf_example/cmake/urdf_exampleConfig.cmake
[1.257s] -- Up-to-date: /home/ispaik06/robot_ws/install/urdf_example/share/urdf_example/cmake/urdf_exampleConfig-version.cmake
[1.258s] -- Up-to-date: /home/ispaik06/robot_ws/install/urdf_example/share/urdf_example/package.xml
[1.390s] Invoked command in '/home/ispaik06/robot_ws/build/urdf_example' returned '0': CMAKE_PREFIX_PATH=${CMAKE_PREFIX_PATH}:/home/ispaik06/robot_ws/install/joy_tester:/opt/ros/foxy /usr/bin/cmake --install /home/ispaik06/robot_ws/build/urdf_example
