[0.453s] Invoking command in '/home/ispaik06/robot_ws/build/urdf_example': CMAKE_PREFIX_PATH=${CMAKE_PREFIX_PATH}:/home/ispaik06/robot_ws/install/joy_tester:/opt/ros/foxy /usr/bin/cmake /home/ispaik06/robot_ws/src/urdf_example -DCMAKE_INSTALL_PREFIX=/home/ispaik06/robot_ws/install/urdf_example
[0.466s] -- Found ament_cmake: 0.9.12 (/opt/ros/foxy/share/ament_cmake/cmake)
[0.489s] -- Using PYTHON_EXECUTABLE: /usr/bin/python3
[0.717s] -- Override CMake install command with custom implementation using symlinks instead of copying resources
[0.732s] -- Found ament_lint_auto: 0.9.8 (/opt/ros/foxy/share/ament_lint_auto/cmake)
[0.777s] -- Added test 'copyright' to check source files copyright and LICENSE
[0.778s] -- Added test 'flake8' to check Python code syntax and style conventions
[0.778s] -- Added test 'lint_cmake' to check CMake code style
[0.779s] -- Added test 'pep257' to check Python code against some of the style conventions in PEP 257
[0.779s] -- Added test 'xmllint' to check XML markup files
[0.780s] -- Configuring done
[0.782s] -- Generating done
[0.782s] -- Build files have been written to: /home/ispaik06/robot_ws/build/urdf_example
[0.810s] Invoked command in '/home/ispaik06/robot_ws/build/urdf_example' returned '0': CMAKE_PREFIX_PATH=${CMAKE_PREFIX_PATH}:/home/ispaik06/robot_ws/install/joy_tester:/opt/ros/foxy /usr/bin/cmake /home/ispaik06/robot_ws/src/urdf_example -DCMAKE_INSTALL_PREFIX=/home/ispaik06/robot_ws/install/urdf_example
[0.812s] Invoking command in '/home/ispaik06/robot_ws/build/urdf_example': CMAKE_PREFIX_PATH=${CMAKE_PREFIX_PATH}:/home/ispaik06/robot_ws/install/joy_tester:/opt/ros/foxy /usr/bin/cmake --build /home/ispaik06/robot_ws/build/urdf_example -- -j12 -l12
[0.852s] Invoked command in '/home/ispaik06/robot_ws/build/urdf_example' returned '0': CMAKE_PREFIX_PATH=${CMAKE_PREFIX_PATH}:/home/ispaik06/robot_ws/install/joy_tester:/opt/ros/foxy /usr/bin/cmake --build /home/ispaik06/robot_ws/build/urdf_example -- -j12 -l12
[0.869s] Invoking command in '/home/ispaik06/robot_ws/build/urdf_example': CMAKE_PREFIX_PATH=${CMAKE_PREFIX_PATH}:/home/ispaik06/robot_ws/install/joy_tester:/opt/ros/foxy /usr/bin/cmake --install /home/ispaik06/robot_ws/build/urdf_example
[0.875s] -- Install configuration: ""
[0.876s] -- Execute custom install script
[0.876s] -- Up-to-date symlink: /home/ispaik06/robot_ws/install/urdf_example/share/urdf_example/description/example_gazebo.xacro
[0.876s] -- Up-to-date symlink: /home/ispaik06/robot_ws/install/urdf_example/share/urdf_example/description/example_include.xacro
[0.876s] -- Up-to-date symlink: /home/ispaik06/robot_ws/install/urdf_example/share/urdf_example/description/example_robot.urdf.xacro
[0.877s] -- Up-to-date symlink: /home/ispaik06/robot_ws/install/urdf_example/share/urdf_example/launch/rsp.launch.py
[0.877s] -- Up-to-date symlink: /home/ispaik06/robot_ws/install/urdf_example/share/urdf_example/launch/rsp_sim.launch.py
[0.877s] -- Up-to-date symlink: /home/ispaik06/robot_ws/install/urdf_example/share/urdf_example/worlds/test_world.world
[0.877s] -- Up-to-date symlink: /home/ispaik06/robot_ws/install/urdf_example/share/ament_index/resource_index/package_run_dependencies/urdf_example
[0.877s] -- Up-to-date symlink: /home/ispaik06/robot_ws/install/urdf_example/share/ament_index/resource_index/parent_prefix_path/urdf_example
[0.877s] -- Up-to-date symlink: /home/ispaik06/robot_ws/install/urdf_example/share/urdf_example/environment/ament_prefix_path.sh
[0.878s] -- Up-to-date symlink: /home/ispaik06/robot_ws/install/urdf_example/share/urdf_example/environment/ament_prefix_path.dsv
[0.878s] -- Up-to-date symlink: /home/ispaik06/robot_ws/install/urdf_example/share/urdf_example/environment/path.sh
[0.878s] -- Up-to-date symlink: /home/ispaik06/robot_ws/install/urdf_example/share/urdf_example/environment/path.dsv
[0.878s] -- Up-to-date symlink: /home/ispaik06/robot_ws/install/urdf_example/share/urdf_example/local_setup.bash
[0.878s] -- Up-to-date symlink: /home/ispaik06/robot_ws/install/urdf_example/share/urdf_example/local_setup.sh
[0.878s] -- Up-to-date symlink: /home/ispaik06/robot_ws/install/urdf_example/share/urdf_example/local_setup.zsh
[0.879s] -- Up-to-date symlink: /home/ispaik06/robot_ws/install/urdf_example/share/urdf_example/local_setup.dsv
[0.879s] -- Symlinking: /home/ispaik06/robot_ws/install/urdf_example/share/urdf_example/package.dsv
[0.887s] -- Up-to-date symlink: /home/ispaik06/robot_ws/install/urdf_example/share/ament_index/resource_index/packages/urdf_example
[0.887s] -- Up-to-date symlink: /home/ispaik06/robot_ws/install/urdf_example/share/urdf_example/cmake/urdf_exampleConfig.cmake
[0.888s] -- Up-to-date symlink: /home/ispaik06/robot_ws/install/urdf_example/share/urdf_example/cmake/urdf_exampleConfig-version.cmake
[0.888s] -- Up-to-date symlink: /home/ispaik06/robot_ws/install/urdf_example/share/urdf_example/package.xml
[0.890s] Invoked command in '/home/ispaik06/robot_ws/build/urdf_example' returned '0': CMAKE_PREFIX_PATH=${CMAKE_PREFIX_PATH}:/home/ispaik06/robot_ws/install/joy_tester:/opt/ros/foxy /usr/bin/cmake --install /home/ispaik06/robot_ws/build/urdf_example
