[0.511s] Invoking command in '/home/ispaik06/robot_ws/build/urdf_example': CMAKE_PREFIX_PATH=${CMAKE_PREFIX_PATH}:/home/ispaik06/robot_ws/install/joy_tester:/opt/ros/foxy /usr/bin/cmake --build /home/ispaik06/robot_ws/build/urdf_example -- -j12 -l12
[0.541s] Invoked command in '/home/ispaik06/robot_ws/build/urdf_example' returned '0': CMAKE_PREFIX_PATH=${CMAKE_PREFIX_PATH}:/home/ispaik06/robot_ws/install/joy_tester:/opt/ros/foxy /usr/bin/cmake --build /home/ispaik06/robot_ws/build/urdf_example -- -j12 -l12
[0.574s] Invoking command in '/home/ispaik06/robot_ws/build/urdf_example': CMAKE_PREFIX_PATH=${CMAKE_PREFIX_PATH}:/home/ispaik06/robot_ws/install/joy_tester:/opt/ros/foxy /usr/bin/cmake --install /home/ispaik06/robot_ws/build/urdf_example
[0.585s] -- Install configuration: ""
[0.586s] -- Execute custom install script
[0.587s] -- Up-to-date symlink: /home/ispaik06/robot_ws/install/urdf_example/share/urdf_example/description/example_gazebo.xacro
[0.587s] -- Up-to-date symlink: /home/ispaik06/robot_ws/install/urdf_example/share/urdf_example/description/example_include.xacro
[0.587s] -- Up-to-date symlink: /home/ispaik06/robot_ws/install/urdf_example/share/urdf_example/description/example_robot.urdf.xacro
[0.588s] -- Up-to-date symlink: /home/ispaik06/robot_ws/install/urdf_example/share/urdf_example/launch/rsp.launch.py
[0.588s] -- Up-to-date symlink: /home/ispaik06/robot_ws/install/urdf_example/share/urdf_example/launch/rsp_sim.launch.py
[0.588s] -- Up-to-date symlink: /home/ispaik06/robot_ws/install/urdf_example/share/urdf_example/worlds/test_world.world
[0.589s] -- Up-to-date symlink: /home/ispaik06/robot_ws/install/urdf_example/share/ament_index/resource_index/package_run_dependencies/urdf_example
[0.589s] -- Up-to-date symlink: /home/ispaik06/robot_ws/install/urdf_example/share/ament_index/resource_index/parent_prefix_path/urdf_example
[0.589s] -- Up-to-date symlink: /home/ispaik06/robot_ws/install/urdf_example/share/urdf_example/environment/ament_prefix_path.sh
[0.590s] -- Up-to-date symlink: /home/ispaik06/robot_ws/install/urdf_example/share/urdf_example/environment/ament_prefix_path.dsv
[0.590s] -- Up-to-date symlink: /home/ispaik06/robot_ws/install/urdf_example/share/urdf_example/environment/path.sh
[0.591s] -- Up-to-date symlink: /home/ispaik06/robot_ws/install/urdf_example/share/urdf_example/environment/path.dsv
[0.591s] -- Up-to-date symlink: /home/ispaik06/robot_ws/install/urdf_example/share/urdf_example/local_setup.bash
[0.592s] -- Up-to-date symlink: /home/ispaik06/robot_ws/install/urdf_example/share/urdf_example/local_setup.sh
[0.592s] -- Up-to-date symlink: /home/ispaik06/robot_ws/install/urdf_example/share/urdf_example/local_setup.zsh
[0.592s] -- Up-to-date symlink: /home/ispaik06/robot_ws/install/urdf_example/share/urdf_example/local_setup.dsv
[0.593s] -- Symlinking: /home/ispaik06/robot_ws/install/urdf_example/share/urdf_example/package.dsv
[0.608s] -- Up-to-date symlink: /home/ispaik06/robot_ws/install/urdf_example/share/ament_index/resource_index/packages/urdf_example
[0.608s] -- Up-to-date symlink: /home/ispaik06/robot_ws/install/urdf_example/share/urdf_example/cmake/urdf_exampleConfig.cmake
[0.608s] -- Up-to-date symlink: /home/ispaik06/robot_ws/install/urdf_example/share/urdf_example/cmake/urdf_exampleConfig-version.cmake
[0.610s] -- Up-to-date symlink: /home/ispaik06/robot_ws/install/urdf_example/share/urdf_example/package.xml
[0.612s] Invoked command in '/home/ispaik06/robot_ws/build/urdf_example' returned '0': CMAKE_PREFIX_PATH=${CMAKE_PREFIX_PATH}:/home/ispaik06/robot_ws/install/joy_tester:/opt/ros/foxy /usr/bin/cmake --install /home/ispaik06/robot_ws/build/urdf_example
