[0.608s] Invoking command in '/home/ispaik06/robot_ws/build/ydlidar_sdk': /usr/bin/cmake --build /home/ispaik06/robot_ws/build/ydlidar_sdk -- -j12 -l12
[0.717s] [ 42%] Built target ydlidar_sdk
[0.753s] [ 47%] Built target et_test
[0.753s] [ 52%] Built target tea_test
[0.762s] [ 57%] Built target scl_test
[0.782s] [ 61%] Built target lidar_c_api_test
[0.804s] [ 66%] Built target tmini_test
[0.840s] [ 71%] Built target tri_and_gs_test
[0.863s] [ 76%] Built target tof_test
[0.887s] [ 80%] Built target gs_test
[0.913s] [ 85%] Built target tri_restart
[0.931s] [ 90%] Built target gs_ota
[0.957s] [ 95%] Built target tri_test
[0.974s] [100%] Built target sdm_test
[1.210s] Invoked command in '/home/ispaik06/robot_ws/build/ydlidar_sdk' returned '0': /usr/bin/cmake --build /home/ispaik06/robot_ws/build/ydlidar_sdk -- -j12 -l12
[1.831s] Invoking command in '/home/ispaik06/robot_ws/build/ydlidar_sdk': /usr/bin/cmake --install /home/ispaik06/robot_ws/build/ydlidar_sdk
[1.876s] -- Install configuration: ""
[1.876s] -- Up-to-date: /home/ispaik06/robot_ws/install/ydlidar_sdk/include/core/base/datatype.h
[1.877s] -- Up-to-date: /home/ispaik06/robot_ws/install/ydlidar_sdk/include/core/base/locker.h
[1.878s] -- Up-to-date: /home/ispaik06/robot_ws/install/ydlidar_sdk/include/core/base/thread.h
[1.878s] -- Up-to-date: /home/ispaik06/robot_ws/install/ydlidar_sdk/include/core/base/timer.h
[1.878s] -- Up-to-date: /home/ispaik06/robot_ws/install/ydlidar_sdk/include/core/base/typedef.h
[1.878s] -- Up-to-date: /home/ispaik06/robot_ws/install/ydlidar_sdk/include/core/base/utils.h
[1.878s] -- Up-to-date: /home/ispaik06/robot_ws/install/ydlidar_sdk/include/core/base/v8stdint.h
[1.878s] -- Up-to-date: /home/ispaik06/robot_ws/install/ydlidar_sdk/include/core/base/ydlidar.h
[1.878s] -- Up-to-date: /home/ispaik06/robot_ws/install/ydlidar_sdk/include/core/common/ChannelDevice.h
[1.878s] -- Up-to-date: /home/ispaik06/robot_ws/install/ydlidar_sdk/include/core/common/DriverInterface.h
[1.879s] -- Up-to-date: /home/ispaik06/robot_ws/install/ydlidar_sdk/include/core/common/ydlidar_datatype.h
[1.879s] -- Up-to-date: /home/ispaik06/robot_ws/install/ydlidar_sdk/include/core/common/ydlidar_def.h
[1.880s] -- Up-to-date: /home/ispaik06/robot_ws/install/ydlidar_sdk/include/core/common/ydlidar_help.h
[1.880s] -- Up-to-date: /home/ispaik06/robot_ws/install/ydlidar_sdk/include/core/common/ydlidar_protocol.h
[1.881s] -- Up-to-date: /home/ispaik06/robot_ws/install/ydlidar_sdk/include/core/math/angles.h
[1.881s] -- Up-to-date: /home/ispaik06/robot_ws/install/ydlidar_sdk/include/core/network/ActiveSocket.h
[1.886s] -- Up-to-date: /home/ispaik06/robot_ws/install/ydlidar_sdk/include/core/network/PassiveSocket.h
[1.886s] -- Up-to-date: /home/ispaik06/robot_ws/install/ydlidar_sdk/include/core/network/SimpleSocket.h
[1.886s] -- Up-to-date: /home/ispaik06/robot_ws/install/ydlidar_sdk/include/core/network/StatTimer.h
[1.886s] -- Up-to-date: /home/ispaik06/robot_ws/install/ydlidar_sdk/include/core/serial/common.h
[1.886s] -- Up-to-date: /home/ispaik06/robot_ws/install/ydlidar_sdk/include/core/serial/serial.h
[1.886s] -- Up-to-date: /home/ispaik06/robot_ws/install/ydlidar_sdk/include/core/serial/impl/unix/lock.h
[1.887s] -- Up-to-date: /home/ispaik06/robot_ws/install/ydlidar_sdk/include/core/serial/impl/unix/unix.h
[1.887s] -- Up-to-date: /home/ispaik06/robot_ws/install/ydlidar_sdk/include/core/serial/impl/unix/unix_serial.h
[1.887s] -- Up-to-date: /home/ispaik06/robot_ws/install/ydlidar_sdk/include/src/CYdLidar.h
[1.888s] -- Up-to-date: /home/ispaik06/robot_ws/install/ydlidar_sdk/include/src/ETLidarDriver.h
[1.888s] -- Up-to-date: /home/ispaik06/robot_ws/install/ydlidar_sdk/include/src/GSLidarDriver.h
[1.890s] -- Up-to-date: /home/ispaik06/robot_ws/install/ydlidar_sdk/include/src/SDMLidarDriver.h
[1.890s] -- Up-to-date: /home/ispaik06/robot_ws/install/ydlidar_sdk/include/src/YDlidarDriver.h
[1.892s] -- Up-to-date: /home/ispaik06/robot_ws/install/ydlidar_sdk/include/src/ydlidar_sdk.h
[1.892s] -- Up-to-date: /home/ispaik06/robot_ws/install/ydlidar_sdk/include/src/filters/FilterInterface.h
[1.893s] -- Up-to-date: /home/ispaik06/robot_ws/install/ydlidar_sdk/include/src/filters/NoiseFilter.h
[1.893s] -- Up-to-date: /home/ispaik06/robot_ws/install/ydlidar_sdk/include/src/filters/StrongLightFilter.h
[1.893s] -- Up-to-date: /home/ispaik06/robot_ws/install/ydlidar_sdk/include/ydlidar_config.h
[1.893s] -- Up-to-date: /home/ispaik06/robot_ws/install/ydlidar_sdk/lib/libydlidar_sdk.a
[1.893s] -- Up-to-date: /home/ispaik06/robot_ws/install/ydlidar_sdk/lib/pkgconfig/YDLIDAR_SDK.pc
[1.894s] -- Up-to-date: /home/ispaik06/robot_ws/install/ydlidar_sdk/lib/cmake/ydlidar_sdk/ydlidar_sdkConfig.cmake
[1.894s] -- Up-to-date: /home/ispaik06/robot_ws/install/ydlidar_sdk/lib/cmake/ydlidar_sdk/ydlidar_sdkTargets.cmake
[1.894s] -- Up-to-date: /home/ispaik06/robot_ws/install/ydlidar_sdk/lib/cmake/ydlidar_sdk/ydlidar_sdkConfigVersion.cmake
[1.895s] -- Up-to-date: /home/ispaik06/robot_ws/install/ydlidar_sdk/share/YDLIDAR_SDK/FindYDLIDAR_SDK.cmake
[1.896s] -- Up-to-date: /home/ispaik06/robot_ws/install/ydlidar_sdk/share/YDLIDAR_SDK
[1.896s] -- Up-to-date: /home/ispaik06/robot_ws/install/ydlidar_sdk/share/YDLIDAR_SDK/FindPackage.cmake.in
[1.896s] -- Up-to-date: /home/ispaik06/robot_ws/install/ydlidar_sdk/share/YDLIDAR_SDK/cmake_uninstall.cmake.in
[1.896s] -- Up-to-date: /home/ispaik06/robot_ws/install/ydlidar_sdk/share/YDLIDAR_SDK/install_package.cmake
[1.897s] -- Up-to-date: /home/ispaik06/robot_ws/install/ydlidar_sdk/share/YDLIDAR_SDK/common
[1.897s] -- Up-to-date: /home/ispaik06/robot_ws/install/ydlidar_sdk/share/YDLIDAR_SDK/common/ydlidar_base.cmake
[1.897s] -- Up-to-date: /home/ispaik06/robot_ws/install/ydlidar_sdk/share/YDLIDAR_SDK/common/ydlidar_parse.cmake
[1.899s] -- Up-to-date: /home/ispaik06/robot_ws/install/ydlidar_sdk/share/YDLIDAR_SDK/PackageConfig.cmake.in
[1.899s] -- Up-to-date: /home/ispaik06/robot_ws/install/ydlidar_sdk/share/YDLIDAR_SDK/script_show_final_summary.cmake
[1.899s] -- Up-to-date: /home/ispaik06/robot_ws/install/ydlidar_sdk/share/YDLIDAR_SDK/PackageConfigVersion.cmake.in
[1.900s] -- Up-to-date: /home/ispaik06/robot_ws/install/ydlidar_sdk/share/YDLIDAR_SDK/PkgConfig.pc.in
[1.900s] -- Up-to-date: /home/ispaik06/robot_ws/install/ydlidar_sdk/share/YDLIDAR_SDK/LICENSE.txt
[1.901s] -- Up-to-date: /home/ispaik06/robot_ws/install/ydlidar_sdk/share/YDLIDAR_SDK/README.md
[1.902s] -- Up-to-date: /home/ispaik06/robot_ws/install/ydlidar_sdk/share/YDLIDAR_SDK/doc
[1.905s] -- Up-to-date: /home/ispaik06/robot_ws/install/ydlidar_sdk/share/YDLIDAR_SDK/doc/YDLidar-SDK-Communication-Protocol.pdf
[1.906s] -- Up-to-date: /home/ispaik06/robot_ws/install/ydlidar_sdk/share/YDLIDAR_SDK/doc/Diagram.md
[1.907s] -- Up-to-date: /home/ispaik06/robot_ws/install/ydlidar_sdk/share/YDLIDAR_SDK/doc/YDLIDAR_SDK_API_for_Developers.md
[1.908s] -- Up-to-date: /home/ispaik06/robot_ws/install/ydlidar_sdk/share/YDLIDAR_SDK/doc/FAQs
[1.909s] -- Up-to-date: /home/ispaik06/robot_ws/install/ydlidar_sdk/share/YDLIDAR_SDK/doc/FAQs/General_FAQs_cn.md
[1.909s] -- Up-to-date: /home/ispaik06/robot_ws/install/ydlidar_sdk/share/YDLIDAR_SDK/doc/FAQs/General_FAQs.md
[1.910s] -- Up-to-date: /home/ispaik06/robot_ws/install/ydlidar_sdk/share/YDLIDAR_SDK/doc/FAQs/Hardware_FAQs.md
[1.911s] -- Up-to-date: /home/ispaik06/robot_ws/install/ydlidar_sdk/share/YDLIDAR_SDK/doc/FAQs/Software_FAQs.md
[1.912s] -- Up-to-date: /home/ispaik06/robot_ws/install/ydlidar_sdk/share/YDLIDAR_SDK/doc/FAQs/README.md
[1.912s] -- Up-to-date: /home/ispaik06/robot_ws/install/ydlidar_sdk/share/YDLIDAR_SDK/doc/FAQs/Hardware_FAQs_cn.md
[1.914s] -- Up-to-date: /home/ispaik06/robot_ws/install/ydlidar_sdk/share/YDLIDAR_SDK/doc/FAQs/Software_FAQs_cn.md
[1.916s] -- Up-to-date: /home/ispaik06/robot_ws/install/ydlidar_sdk/share/YDLIDAR_SDK/doc/howto
[1.917s] -- Up-to-date: /home/ispaik06/robot_ws/install/ydlidar_sdk/share/YDLIDAR_SDK/doc/howto/how_to_solve_slow_pull_from_cn.md
[1.918s] -- Up-to-date: /home/ispaik06/robot_ws/install/ydlidar_sdk/share/YDLIDAR_SDK/doc/howto/how_to_create_a_pull.md
[1.918s] -- Up-to-date: /home/ispaik06/robot_ws/install/ydlidar_sdk/share/YDLIDAR_SDK/doc/howto/how_to_build_and_install.md
[1.918s] -- Up-to-date: /home/ispaik06/robot_ws/install/ydlidar_sdk/share/YDLIDAR_SDK/doc/howto/how_to_create_a_udev_rules.md
[1.918s] -- Up-to-date: /home/ispaik06/robot_ws/install/ydlidar_sdk/share/YDLIDAR_SDK/doc/howto/how_to_build_and_debug_using_vscode.md
[1.919s] -- Up-to-date: /home/ispaik06/robot_ws/install/ydlidar_sdk/share/YDLIDAR_SDK/doc/howto/how_to_create_a_csharp_project.md
[1.919s] -- Up-to-date: /home/ispaik06/robot_ws/install/ydlidar_sdk/share/YDLIDAR_SDK/doc/howto/README.md
[1.919s] -- Up-to-date: /home/ispaik06/robot_ws/install/ydlidar_sdk/share/YDLIDAR_SDK/doc/howto/images
[1.920s] -- Up-to-date: /home/ispaik06/robot_ws/install/ydlidar_sdk/share/YDLIDAR_SDK/doc/howto/images/sdk_scanning.png
[1.921s] -- Up-to-date: /home/ispaik06/robot_ws/install/ydlidar_sdk/share/YDLIDAR_SDK/doc/howto/images/vscode
[1.922s] -- Up-to-date: /home/ispaik06/robot_ws/install/ydlidar_sdk/share/YDLIDAR_SDK/doc/howto/images/vscode/tasks.png
[1.922s] -- Up-to-date: /home/ispaik06/robot_ws/install/ydlidar_sdk/share/YDLIDAR_SDK/doc/howto/images/vscode/run_tasks.jpg
[1.922s] -- Up-to-date: /home/ispaik06/robot_ws/install/ydlidar_sdk/share/YDLIDAR_SDK/doc/howto/images/csharp_exception.png
[1.922s] -- Up-to-date: /home/ispaik06/robot_ws/install/ydlidar_sdk/share/YDLIDAR_SDK/doc/howto/images/csharp_running.png
[1.922s] -- Up-to-date: /home/ispaik06/robot_ws/install/ydlidar_sdk/share/YDLIDAR_SDK/doc/howto/images/ttyUSB0.png
[1.922s] -- Up-to-date: /home/ispaik06/robot_ws/install/ydlidar_sdk/share/YDLIDAR_SDK/doc/howto/images/csharp_build.png
[1.923s] -- Up-to-date: /home/ispaik06/robot_ws/install/ydlidar_sdk/share/YDLIDAR_SDK/doc/howto/images/ttyUSB1.png
[1.923s] -- Up-to-date: /home/ispaik06/robot_ws/install/ydlidar_sdk/share/YDLIDAR_SDK/doc/howto/images/csharp_project.png
[1.923s] -- Up-to-date: /home/ispaik06/robot_ws/install/ydlidar_sdk/share/YDLIDAR_SDK/doc/howto/images/cpack.png
[1.923s] -- Up-to-date: /home/ispaik06/robot_ws/install/ydlidar_sdk/share/YDLIDAR_SDK/doc/howto/images/ydlidar_lidar_monitor.png
[1.923s] -- Up-to-date: /home/ispaik06/robot_ws/install/ydlidar_sdk/share/YDLIDAR_SDK/doc/howto/images/sdk_init.png
[1.923s] -- Up-to-date: /home/ispaik06/robot_ws/install/ydlidar_sdk/share/YDLIDAR_SDK/doc/howto/images/csharp_library.png
[1.923s] -- Up-to-date: /home/ispaik06/robot_ws/install/ydlidar_sdk/share/YDLIDAR_SDK/doc/howto/images/sequence.png
[1.923s] -- Up-to-date: /home/ispaik06/robot_ws/install/ydlidar_sdk/share/YDLIDAR_SDK/doc/howto/how_to_gerenrate_vs_project_by_cmake.md
[1.923s] -- Up-to-date: /home/ispaik06/robot_ws/install/ydlidar_sdk/share/YDLIDAR_SDK/doc/YDLidar_SDK_Communication_Protocol.pdf
[1.923s] -- Up-to-date: /home/ispaik06/robot_ws/install/ydlidar_sdk/share/YDLIDAR_SDK/doc/YDLidar-SDK-Communication-Protocol.md
[1.923s] -- Up-to-date: /home/ispaik06/robot_ws/install/ydlidar_sdk/share/YDLIDAR_SDK/doc/quickstart
[1.923s] -- Up-to-date: /home/ispaik06/robot_ws/install/ydlidar_sdk/share/YDLIDAR_SDK/doc/quickstart/ydlidar_sdk_software_installation_guide.md
[1.924s] -- Up-to-date: /home/ispaik06/robot_ws/install/ydlidar_sdk/share/YDLIDAR_SDK/doc/quickstart/README.md
[1.924s] -- Up-to-date: /home/ispaik06/robot_ws/install/ydlidar_sdk/share/YDLIDAR_SDK/doc/Tutorials.md
[1.924s] -- Up-to-date: /home/ispaik06/robot_ws/install/ydlidar_sdk/share/YDLIDAR_SDK/doc/tutorials
[1.924s] -- Up-to-date: /home/ispaik06/robot_ws/install/ydlidar_sdk/share/YDLIDAR_SDK/doc/tutorials/writing_lidar_tutorial_c.md
[1.924s] -- Up-to-date: /home/ispaik06/robot_ws/install/ydlidar_sdk/share/YDLIDAR_SDK/doc/tutorials/writing_lidar_tutorial_python.md
[1.924s] -- Up-to-date: /home/ispaik06/robot_ws/install/ydlidar_sdk/share/YDLIDAR_SDK/doc/tutorials/examine_the_simple_lidar_tutorial.md
[1.924s] -- Up-to-date: /home/ispaik06/robot_ws/install/ydlidar_sdk/share/YDLIDAR_SDK/doc/tutorials/writing_lidar_network_adapter_tutorial_c++.md
[1.924s] -- Up-to-date: /home/ispaik06/robot_ws/install/ydlidar_sdk/share/YDLIDAR_SDK/doc/tutorials/writing_lidar_tutorial_c++.md
[1.924s] -- Up-to-date: /home/ispaik06/robot_ws/install/ydlidar_sdk/share/YDLIDAR_SDK/doc/YDLidar-SDK-Communication-Protocol.html
[1.924s] -- Up-to-date: /home/ispaik06/robot_ws/install/ydlidar_sdk/share/YDLIDAR_SDK/doc/SDK.pdf
[1.924s] -- Up-to-date: /home/ispaik06/robot_ws/install/ydlidar_sdk/share/YDLIDAR_SDK/doc/Dataset.md
[1.924s] -- Up-to-date: /home/ispaik06/robot_ws/install/ydlidar_sdk/share/YDLIDAR_SDK/doc/README.md
[1.924s] -- Up-to-date: /home/ispaik06/robot_ws/install/ydlidar_sdk/share/YDLIDAR_SDK/doc/images
[1.924s] -- Up-to-date: /home/ispaik06/robot_ws/install/ydlidar_sdk/share/YDLIDAR_SDK/doc/images/YDLidar.jpg
[1.925s] -- Up-to-date: /home/ispaik06/robot_ws/install/ydlidar_sdk/share/YDLIDAR_SDK/doc/images/sdk_scanning.png
[1.925s] -- Up-to-date: /home/ispaik06/robot_ws/install/ydlidar_sdk/share/YDLIDAR_SDK/doc/images/frame.png
[1.925s] -- Up-to-date: /home/ispaik06/robot_ws/install/ydlidar_sdk/share/YDLIDAR_SDK/doc/images/EAI.png
[1.925s] -- Up-to-date: /home/ispaik06/robot_ws/install/ydlidar_sdk/share/YDLIDAR_SDK/doc/images/frame_intensity.png
[1.927s] -- Up-to-date: /home/ispaik06/robot_ws/install/ydlidar_sdk/share/YDLIDAR_SDK/doc/images/FlowChart.png
[1.928s] -- Up-to-date: /home/ispaik06/robot_ws/install/ydlidar_sdk/share/YDLIDAR_SDK/doc/images/system_workflow.png
[1.928s] -- Up-to-date: /home/ispaik06/robot_ws/install/ydlidar_sdk/share/YDLIDAR_SDK/doc/images/communication_mechanism.png
[1.928s] -- Up-to-date: /home/ispaik06/robot_ws/install/ydlidar_sdk/share/YDLIDAR_SDK/doc/images/sdk_architecture.png
[1.928s] -- Up-to-date: /home/ispaik06/robot_ws/install/ydlidar_sdk/share/YDLIDAR_SDK/doc/images/YDLidar.png
[1.928s] -- Up-to-date: /home/ispaik06/robot_ws/install/ydlidar_sdk/share/YDLIDAR_SDK/doc/images/angle_q2.png
[1.928s] -- Up-to-date: /home/ispaik06/robot_ws/install/ydlidar_sdk/share/YDLIDAR_SDK/doc/images/sdk_init.png
[1.928s] -- Up-to-date: /home/ispaik06/robot_ws/install/ydlidar_sdk/share/YDLIDAR_SDK/doc/images/sequence.png
[1.929s] -- Up-to-date: /home/ispaik06/robot_ws/install/ydlidar_sdk/startup/initenv.sh
[1.929s] -- Up-to-date: /home/ispaik06/robot_ws/install/ydlidar_sdk/bin/et_test
[1.929s] -- Up-to-date: /home/ispaik06/robot_ws/install/ydlidar_sdk/bin/gs_ota
[1.929s] -- Up-to-date: /home/ispaik06/robot_ws/install/ydlidar_sdk/bin/gs_test
[1.929s] -- Up-to-date: /home/ispaik06/robot_ws/install/ydlidar_sdk/bin/scl_test
[1.929s] -- Up-to-date: /home/ispaik06/robot_ws/install/ydlidar_sdk/bin/sdm_test
[1.929s] -- Up-to-date: /home/ispaik06/robot_ws/install/ydlidar_sdk/bin/tea_test
[1.929s] -- Up-to-date: /home/ispaik06/robot_ws/install/ydlidar_sdk/bin/tmini_test
[1.929s] -- Up-to-date: /home/ispaik06/robot_ws/install/ydlidar_sdk/bin/tof_test
[1.929s] -- Up-to-date: /home/ispaik06/robot_ws/install/ydlidar_sdk/bin/tri_and_gs_test
[1.929s] -- Up-to-date: /home/ispaik06/robot_ws/install/ydlidar_sdk/bin/tri_restart
[1.929s] -- Up-to-date: /home/ispaik06/robot_ws/install/ydlidar_sdk/bin/tri_test
[1.929s] -- Up-to-date: /home/ispaik06/robot_ws/install/ydlidar_sdk/bin/lidar_c_api_test
[2.211s] Invoked command in '/home/ispaik06/robot_ws/build/ydlidar_sdk' returned '0': /usr/bin/cmake --install /home/ispaik06/robot_ws/build/ydlidar_sdk
