[0.455s] Invoking command in '/home/ispaik06/robot_ws/build/urdf_example': CMAKE_PREFIX_PATH=${CMAKE_PREFIX_PATH}:/home/ispaik06/robot_ws/install/joy_tester:/opt/ros/foxy /usr/bin/cmake /home/ispaik06/robot_ws/src/urdf_example -DAMENT_CMAKE_SYMLINK_INSTALL=1 -DCMAKE_INSTALL_PREFIX=/home/ispaik06/robot_ws/install/urdf_example
[0.474s] -- Found ament_cmake: 0.9.12 (/opt/ros/foxy/share/ament_cmake/cmake)
[0.484s] -- Using PYTHON_EXECUTABLE: /usr/bin/python3
[0.608s] -- Override CMake install command with custom implementation using symlinks instead of copying resources
[0.616s] -- Found ament_lint_auto: 0.9.8 (/opt/ros/foxy/share/ament_lint_auto/cmake)
[0.665s] -- Added test 'copyright' to check source files copyright and LICENSE
[0.665s] -- Added test 'flake8' to check Python code syntax and style conventions
[0.665s] -- Added test 'lint_cmake' to check CMake code style
[0.665s] -- Added test 'pep257' to check Python code against some of the style conventions in PEP 257
[0.667s] -- Added test 'xmllint' to check XML markup files
[0.667s] -- Configuring done
[0.668s] -- Generating done
[0.669s] -- Build files have been written to: /home/ispaik06/robot_ws/build/urdf_example
[0.796s] Invoked command in '/home/ispaik06/robot_ws/build/urdf_example' returned '0': CMAKE_PREFIX_PATH=${CMAKE_PREFIX_PATH}:/home/ispaik06/robot_ws/install/joy_tester:/opt/ros/foxy /usr/bin/cmake /home/ispaik06/robot_ws/src/urdf_example -DAMENT_CMAKE_SYMLINK_INSTALL=1 -DCMAKE_INSTALL_PREFIX=/home/ispaik06/robot_ws/install/urdf_example
[0.797s] Invoking command in '/home/ispaik06/robot_ws/build/urdf_example': CMAKE_PREFIX_PATH=${CMAKE_PREFIX_PATH}:/home/ispaik06/robot_ws/install/joy_tester:/opt/ros/foxy /usr/bin/cmake --build /home/ispaik06/robot_ws/build/urdf_example -- -j12 -l12
[0.897s] Invoked command in '/home/ispaik06/robot_ws/build/urdf_example' returned '0': CMAKE_PREFIX_PATH=${CMAKE_PREFIX_PATH}:/home/ispaik06/robot_ws/install/joy_tester:/opt/ros/foxy /usr/bin/cmake --build /home/ispaik06/robot_ws/build/urdf_example -- -j12 -l12
[0.912s] Invoking command in '/home/ispaik06/robot_ws/build/urdf_example': CMAKE_PREFIX_PATH=${CMAKE_PREFIX_PATH}:/home/ispaik06/robot_ws/install/joy_tester:/opt/ros/foxy /usr/bin/cmake --install /home/ispaik06/robot_ws/build/urdf_example
[0.921s] -- Install configuration: ""
[0.921s] -- Execute custom install script
[0.922s] -- Up-to-date symlink: /home/ispaik06/robot_ws/install/urdf_example/share/urdf_example/description/example_gazebo.xacro
[0.922s] -- Up-to-date symlink: /home/ispaik06/robot_ws/install/urdf_example/share/urdf_example/description/example_include.xacro
[0.922s] -- Up-to-date symlink: /home/ispaik06/robot_ws/install/urdf_example/share/urdf_example/description/example_robot.urdf.xacro
[0.922s] -- Up-to-date symlink: /home/ispaik06/robot_ws/install/urdf_example/share/urdf_example/launch/rsp.launch.py
[0.923s] -- Up-to-date symlink: /home/ispaik06/robot_ws/install/urdf_example/share/urdf_example/launch/rsp_sim.launch.py
[0.923s] -- Up-to-date symlink: /home/ispaik06/robot_ws/install/urdf_example/share/urdf_example/worlds/test_world.world
[0.923s] -- Up-to-date symlink: /home/ispaik06/robot_ws/install/urdf_example/share/ament_index/resource_index/package_run_dependencies/urdf_example
[0.923s] -- Up-to-date symlink: /home/ispaik06/robot_ws/install/urdf_example/share/ament_index/resource_index/parent_prefix_path/urdf_example
[0.923s] -- Up-to-date symlink: /home/ispaik06/robot_ws/install/urdf_example/share/urdf_example/environment/ament_prefix_path.sh
[0.923s] -- Up-to-date symlink: /home/ispaik06/robot_ws/install/urdf_example/share/urdf_example/environment/ament_prefix_path.dsv
[0.923s] -- Up-to-date symlink: /home/ispaik06/robot_ws/install/urdf_example/share/urdf_example/environment/path.sh
[0.924s] -- Up-to-date symlink: /home/ispaik06/robot_ws/install/urdf_example/share/urdf_example/environment/path.dsv
[0.924s] -- Up-to-date symlink: /home/ispaik06/robot_ws/install/urdf_example/share/urdf_example/local_setup.bash
[0.924s] -- Up-to-date symlink: /home/ispaik06/robot_ws/install/urdf_example/share/urdf_example/local_setup.sh
[0.924s] -- Up-to-date symlink: /home/ispaik06/robot_ws/install/urdf_example/share/urdf_example/local_setup.zsh
[0.925s] -- Up-to-date symlink: /home/ispaik06/robot_ws/install/urdf_example/share/urdf_example/local_setup.dsv
[0.925s] -- Symlinking: /home/ispaik06/robot_ws/install/urdf_example/share/urdf_example/package.dsv
[0.931s] -- Up-to-date symlink: /home/ispaik06/robot_ws/install/urdf_example/share/ament_index/resource_index/packages/urdf_example
[0.934s] -- Up-to-date symlink: /home/ispaik06/robot_ws/install/urdf_example/share/urdf_example/cmake/urdf_exampleConfig.cmake
[0.934s] -- Up-to-date symlink: /home/ispaik06/robot_ws/install/urdf_example/share/urdf_example/cmake/urdf_exampleConfig-version.cmake
[0.934s] -- Up-to-date symlink: /home/ispaik06/robot_ws/install/urdf_example/share/urdf_example/package.xml
[1.113s] Invoked command in '/home/ispaik06/robot_ws/build/urdf_example' returned '0': CMAKE_PREFIX_PATH=${CMAKE_PREFIX_PATH}:/home/ispaik06/robot_ws/install/joy_tester:/opt/ros/foxy /usr/bin/cmake --install /home/ispaik06/robot_ws/build/urdf_example
