[0.382s] Invoking command in '/home/ispaik06/robot_ws/build/ydlidar': CMAKE_PREFIX_PATH=${CMAKE_PREFIX_PATH}:/home/ispaik06/robot_ws/install/joy_tester:/opt/ros/foxy /usr/bin/cmake --build /home/ispaik06/robot_ws/build/ydlidar -- -j12 -l12
[0.434s] [ 81%] Built target ydlidar_node
[0.435s] [100%] Built target ydlidar_client
[0.461s] Invoked command in '/home/ispaik06/robot_ws/build/ydlidar' returned '0': CMAKE_PREFIX_PATH=${CMAKE_PREFIX_PATH}:/home/ispaik06/robot_ws/install/joy_tester:/opt/ros/foxy /usr/bin/cmake --build /home/ispaik06/robot_ws/build/ydlidar -- -j12 -l12
[0.561s] Invoking command in '/home/ispaik06/robot_ws/build/ydlidar': CMAKE_PREFIX_PATH=${CMAKE_PREFIX_PATH}:/home/ispaik06/robot_ws/install/joy_tester:/opt/ros/foxy /usr/bin/cmake --install /home/ispaik06/robot_ws/build/ydlidar
[0.568s] -- Install configuration: ""
[0.568s] -- Execute custom install script
[0.569s] -- Up-to-date symlink: /home/ispaik06/robot_ws/install/ydlidar/lib/ydlidar/ydlidar_node
[0.569s] -- Up-to-date symlink: /home/ispaik06/robot_ws/install/ydlidar/lib/ydlidar/ydlidar_client
[0.569s] -- Up-to-date symlink: /home/ispaik06/robot_ws/install/ydlidar/share/ydlidar/launch/ydlidar.py
[0.569s] -- Up-to-date symlink: /home/ispaik06/robot_ws/install/ydlidar/share/ydlidar/launch/ydlidar_launch.py
[0.571s] -- Up-to-date symlink: /home/ispaik06/robot_ws/install/ydlidar/share/ydlidar/params/ydlidar.yaml
[0.571s] -- Up-to-date symlink: /home/ispaik06/robot_ws/install/ydlidar/share/ydlidar/startup/initenv.sh
[0.572s] -- Up-to-date symlink: /home/ispaik06/robot_ws/install/ydlidar/share/ament_index/resource_index/package_run_dependencies/ydlidar
[0.572s] -- Up-to-date symlink: /home/ispaik06/robot_ws/install/ydlidar/share/ament_index/resource_index/parent_prefix_path/ydlidar
[0.572s] -- Up-to-date symlink: /home/ispaik06/robot_ws/install/ydlidar/share/ydlidar/environment/ament_prefix_path.sh
[0.572s] -- Up-to-date symlink: /home/ispaik06/robot_ws/install/ydlidar/share/ydlidar/environment/ament_prefix_path.dsv
[0.572s] -- Up-to-date symlink: /home/ispaik06/robot_ws/install/ydlidar/share/ydlidar/environment/path.sh
[0.573s] -- Up-to-date symlink: /home/ispaik06/robot_ws/install/ydlidar/share/ydlidar/environment/path.dsv
[0.573s] -- Up-to-date symlink: /home/ispaik06/robot_ws/install/ydlidar/share/ydlidar/local_setup.bash
[0.575s] -- Up-to-date symlink: /home/ispaik06/robot_ws/install/ydlidar/share/ydlidar/local_setup.sh
[0.575s] -- Up-to-date symlink: /home/ispaik06/robot_ws/install/ydlidar/share/ydlidar/local_setup.zsh
[0.576s] -- Up-to-date symlink: /home/ispaik06/robot_ws/install/ydlidar/share/ydlidar/local_setup.dsv
[0.576s] -- Symlinking: /home/ispaik06/robot_ws/install/ydlidar/share/ydlidar/package.dsv
[0.581s] -- Up-to-date symlink: /home/ispaik06/robot_ws/install/ydlidar/share/ament_index/resource_index/packages/ydlidar
[0.581s] -- Up-to-date symlink: /home/ispaik06/robot_ws/install/ydlidar/share/ydlidar/cmake/ydlidarConfig.cmake
[0.581s] -- Up-to-date symlink: /home/ispaik06/robot_ws/install/ydlidar/share/ydlidar/cmake/ydlidarConfig-version.cmake
[0.581s] -- Up-to-date symlink: /home/ispaik06/robot_ws/install/ydlidar/share/ydlidar/package.xml
[0.754s] Invoked command in '/home/ispaik06/robot_ws/build/ydlidar' returned '0': CMAKE_PREFIX_PATH=${CMAKE_PREFIX_PATH}:/home/ispaik06/robot_ws/install/joy_tester:/opt/ros/foxy /usr/bin/cmake --install /home/ispaik06/robot_ws/build/ydlidar
