[0.484s] Invoking command in '/home/ispaik06/robot_ws/build/serial_motor_demo': AMENT_PREFIX_PATH=/home/ispaik06/robot_ws/install/serial_motor_demo_msgs:${AMENT_PREFIX_PATH} CMAKE_PREFIX_PATH=/home/ispaik06/robot_ws/install/serial_motor_demo_msgs:${CMAKE_PREFIX_PATH} LD_LIBRARY_PATH=/home/ispaik06/robot_ws/install/serial_motor_demo_msgs/lib:${LD_LIBRARY_PATH} PYTHONPATH=/home/ispaik06/robot_ws/build/serial_motor_demo/prefix_override:/home/ispaik06/robot_ws/install/serial_motor_demo/lib/python3.8/site-packages:/home/ispaik06/robot_ws/install/serial_motor_demo_msgs/lib/python3.8/site-packages:${PYTHONPATH} /usr/bin/python3 setup.py develop --editable --build-directory /home/ispaik06/robot_ws/build/serial_motor_demo/build --no-deps install_data
[0.595s] running develop
[0.654s] running egg_info
[0.654s] creating serial_motor_demo.egg-info
[0.654s] writing serial_motor_demo.egg-info/PKG-INFO
[0.654s] writing dependency_links to serial_motor_demo.egg-info/dependency_links.txt
[0.655s] writing entry points to serial_motor_demo.egg-info/entry_points.txt
[0.655s] writing requirements to serial_motor_demo.egg-info/requires.txt
[0.655s] writing top-level names to serial_motor_demo.egg-info/top_level.txt
[0.655s] writing manifest file 'serial_motor_demo.egg-info/SOURCES.txt'
[0.673s] reading manifest file 'serial_motor_demo.egg-info/SOURCES.txt'
[0.673s] writing manifest file 'serial_motor_demo.egg-info/SOURCES.txt'
[0.691s] running build_ext
[0.692s] Creating /home/ispaik06/robot_ws/install/serial_motor_demo/lib/python3.8/site-packages/site.py
[0.693s] Creating /home/ispaik06/robot_ws/install/serial_motor_demo/lib/python3.8/site-packages/serial-motor-demo.egg-link (link to .)
[0.693s] Installing driver script to /home/ispaik06/robot_ws/install/serial_motor_demo/lib/serial_motor_demo
[0.693s] Installing gui script to /home/ispaik06/robot_ws/install/serial_motor_demo/lib/serial_motor_demo
[0.693s] 
[0.693s] Installed /home/ispaik06/robot_ws/build/serial_motor_demo
[0.694s] running install_data
[0.694s] creating /home/ispaik06/robot_ws/install/serial_motor_demo/share/ament_index
[0.694s] creating /home/ispaik06/robot_ws/install/serial_motor_demo/share/ament_index/resource_index
[0.694s] creating /home/ispaik06/robot_ws/install/serial_motor_demo/share/ament_index/resource_index/packages
[0.694s] copying resource/serial_motor_demo -> /home/ispaik06/robot_ws/install/serial_motor_demo/share/ament_index/resource_index/packages
[0.694s] copying package.xml -> /home/ispaik06/robot_ws/install/serial_motor_demo/share/serial_motor_demo
[0.709s] Invoked command in '/home/ispaik06/robot_ws/build/serial_motor_demo' returned '0': AMENT_PREFIX_PATH=/home/ispaik06/robot_ws/install/serial_motor_demo_msgs:${AMENT_PREFIX_PATH} CMAKE_PREFIX_PATH=/home/ispaik06/robot_ws/install/serial_motor_demo_msgs:${CMAKE_PREFIX_PATH} LD_LIBRARY_PATH=/home/ispaik06/robot_ws/install/serial_motor_demo_msgs/lib:${LD_LIBRARY_PATH} PYTHONPATH=/home/ispaik06/robot_ws/build/serial_motor_demo/prefix_override:/home/ispaik06/robot_ws/install/serial_motor_demo/lib/python3.8/site-packages:/home/ispaik06/robot_ws/install/serial_motor_demo_msgs/lib/python3.8/site-packages:${PYTHONPATH} /usr/bin/python3 setup.py develop --editable --build-directory /home/ispaik06/robot_ws/build/serial_motor_demo/build --no-deps install_data
