[0.687s] Invoking command in '/home/ispaik06/robot_ws/build/gazebo_ros2_control': CMAKE_PREFIX_PATH=${CMAKE_PREFIX_PATH}:/home/ispaik06/robot_ws/install/serial_motor_demo:/home/ispaik06/robot_ws/install/joy_tester:/opt/ros/foxy /usr/bin/cmake --build /home/ispaik06/robot_ws/build/gazebo_ros2_control -- -j12 -l12
[0.952s] [ 50%] Built target gazebo_hardware_plugins
[0.953s] [100%] Built target gazebo_ros2_control
[0.976s] Invoked command in '/home/ispaik06/robot_ws/build/gazebo_ros2_control' returned '0': CMAKE_PREFIX_PATH=${CMAKE_PREFIX_PATH}:/home/ispaik06/robot_ws/install/serial_motor_demo:/home/ispaik06/robot_ws/install/joy_tester:/opt/ros/foxy /usr/bin/cmake --build /home/ispaik06/robot_ws/build/gazebo_ros2_control -- -j12 -l12
[1.009s] Invoking command in '/home/ispaik06/robot_ws/build/gazebo_ros2_control': CMAKE_PREFIX_PATH=${CMAKE_PREFIX_PATH}:/home/ispaik06/robot_ws/install/serial_motor_demo:/home/ispaik06/robot_ws/install/joy_tester:/opt/ros/foxy /usr/bin/cmake --install /home/ispaik06/robot_ws/build/gazebo_ros2_control
[1.019s] -- Install configuration: ""
[1.019s] -- Execute custom install script
[1.020s] -- Up-to-date symlink: /home/ispaik06/robot_ws/install/gazebo_ros2_control/lib/libgazebo_ros2_control.so
[1.020s] -- Up-to-date symlink: /home/ispaik06/robot_ws/install/gazebo_ros2_control/lib/libgazebo_hardware_plugins.so
[1.021s] -- Up-to-date symlink: /home/ispaik06/robot_ws/install/gazebo_ros2_control/share/gazebo_ros2_control/environment/library_path.sh
[1.022s] -- Up-to-date symlink: /home/ispaik06/robot_ws/install/gazebo_ros2_control/share/gazebo_ros2_control/environment/library_path.dsv
[1.023s] -- Up-to-date symlink: /home/ispaik06/robot_ws/install/gazebo_ros2_control/include/gazebo_ros2_control/gazebo_ros2_control_plugin.hpp
[1.023s] -- Up-to-date symlink: /home/ispaik06/robot_ws/install/gazebo_ros2_control/include/gazebo_ros2_control/gazebo_system.hpp
[1.023s] -- Up-to-date symlink: /home/ispaik06/robot_ws/install/gazebo_ros2_control/include/gazebo_ros2_control/gazebo_system_interface.hpp
[1.028s] -- Up-to-date symlink: /home/ispaik06/robot_ws/install/gazebo_ros2_control/share/gazebo_ros2_control//gazebo_hardware_plugins.xml
[1.028s] -- Up-to-date symlink: /home/ispaik06/robot_ws/install/gazebo_ros2_control/share/ament_index/resource_index/package_run_dependencies/gazebo_ros2_control
[1.028s] -- Up-to-date symlink: /home/ispaik06/robot_ws/install/gazebo_ros2_control/share/ament_index/resource_index/parent_prefix_path/gazebo_ros2_control
[1.028s] -- Up-to-date symlink: /home/ispaik06/robot_ws/install/gazebo_ros2_control/share/gazebo_ros2_control/environment/ament_prefix_path.sh
[1.028s] -- Up-to-date symlink: /home/ispaik06/robot_ws/install/gazebo_ros2_control/share/gazebo_ros2_control/environment/ament_prefix_path.dsv
[1.028s] -- Up-to-date symlink: /home/ispaik06/robot_ws/install/gazebo_ros2_control/share/gazebo_ros2_control/environment/path.sh
[1.029s] -- Up-to-date symlink: /home/ispaik06/robot_ws/install/gazebo_ros2_control/share/gazebo_ros2_control/environment/path.dsv
[1.031s] -- Up-to-date symlink: /home/ispaik06/robot_ws/install/gazebo_ros2_control/share/gazebo_ros2_control/local_setup.bash
[1.033s] -- Up-to-date symlink: /home/ispaik06/robot_ws/install/gazebo_ros2_control/share/gazebo_ros2_control/local_setup.sh
[1.034s] -- Up-to-date symlink: /home/ispaik06/robot_ws/install/gazebo_ros2_control/share/gazebo_ros2_control/local_setup.zsh
[1.034s] -- Up-to-date symlink: /home/ispaik06/robot_ws/install/gazebo_ros2_control/share/gazebo_ros2_control/local_setup.dsv
[1.035s] -- Symlinking: /home/ispaik06/robot_ws/install/gazebo_ros2_control/share/gazebo_ros2_control/package.dsv
[1.056s] -- Up-to-date symlink: /home/ispaik06/robot_ws/install/gazebo_ros2_control/share/ament_index/resource_index/packages/gazebo_ros2_control
[1.057s] -- Up-to-date symlink: /home/ispaik06/robot_ws/install/gazebo_ros2_control/share/ament_index/resource_index/gazebo_ros2_control__pluginlib__plugin/gazebo_ros2_control
[1.058s] -- Up-to-date symlink: /home/ispaik06/robot_ws/install/gazebo_ros2_control/share/gazebo_ros2_control/cmake/ament_cmake_export_include_directories-extras.cmake
[1.063s] -- Up-to-date symlink: /home/ispaik06/robot_ws/install/gazebo_ros2_control/share/gazebo_ros2_control/cmake/ament_cmake_export_dependencies-extras.cmake
[1.063s] -- Up-to-date symlink: /home/ispaik06/robot_ws/install/gazebo_ros2_control/share/gazebo_ros2_control/cmake/ament_cmake_export_libraries-extras.cmake
[1.063s] -- Up-to-date symlink: /home/ispaik06/robot_ws/install/gazebo_ros2_control/share/gazebo_ros2_control/cmake/gazebo_ros2_controlConfig.cmake
[1.065s] -- Up-to-date symlink: /home/ispaik06/robot_ws/install/gazebo_ros2_control/share/gazebo_ros2_control/cmake/gazebo_ros2_controlConfig-version.cmake
[1.065s] -- Up-to-date symlink: /home/ispaik06/robot_ws/install/gazebo_ros2_control/share/gazebo_ros2_control/package.xml
[1.146s] Invoked command in '/home/ispaik06/robot_ws/build/gazebo_ros2_control' returned '0': CMAKE_PREFIX_PATH=${CMAKE_PREFIX_PATH}:/home/ispaik06/robot_ws/install/serial_motor_demo:/home/ispaik06/robot_ws/install/joy_tester:/opt/ros/foxy /usr/bin/cmake --install /home/ispaik06/robot_ws/build/gazebo_ros2_control
