[0.492s] Invoking command in '/home/ispaik06/robot_ws/build/sasa_bot': CMAKE_PREFIX_PATH=${CMAKE_PREFIX_PATH}:/home/ispaik06/robot_ws/install/joy_tester:/opt/ros/foxy /usr/bin/cmake --build /home/ispaik06/robot_ws/build/sasa_bot -- -j12 -l12
[0.509s] -- Found ament_cmake: 0.9.12 (/opt/ros/foxy/share/ament_cmake/cmake)
[0.533s] -- Using PYTHON_EXECUTABLE: /usr/bin/python3
[0.655s] -- Found ament_lint_auto: 0.9.8 (/opt/ros/foxy/share/ament_lint_auto/cmake)
[0.696s] -- Added test 'copyright' to check source files copyright and LICENSE
[0.697s] -- Added test 'flake8' to check Python code syntax and style conventions
[0.698s] -- Added test 'lint_cmake' to check CMake code style
[0.698s] -- Added test 'pep257' to check Python code against some of the style conventions in PEP 257
[0.698s] -- Added test 'xmllint' to check XML markup files
[0.699s] -- Configuring done
[0.701s] -- Generating done
[0.702s] -- Build files have been written to: /home/ispaik06/robot_ws/build/sasa_bot
[0.792s] Invoked command in '/home/ispaik06/robot_ws/build/sasa_bot' returned '0': CMAKE_PREFIX_PATH=${CMAKE_PREFIX_PATH}:/home/ispaik06/robot_ws/install/joy_tester:/opt/ros/foxy /usr/bin/cmake --build /home/ispaik06/robot_ws/build/sasa_bot -- -j12 -l12
[0.883s] Invoking command in '/home/ispaik06/robot_ws/build/sasa_bot': CMAKE_PREFIX_PATH=${CMAKE_PREFIX_PATH}:/home/ispaik06/robot_ws/install/joy_tester:/opt/ros/foxy /usr/bin/cmake --install /home/ispaik06/robot_ws/build/sasa_bot
[0.888s] -- Install configuration: ""
[0.889s] -- Up-to-date: /home/ispaik06/robot_ws/install/sasa_bot/share/sasa_bot/config
[0.889s] -- Installing: /home/ispaik06/robot_ws/install/sasa_bot/share/sasa_bot/config/empty.yaml
[0.890s] -- Installing: /home/ispaik06/robot_ws/install/sasa_bot/share/sasa_bot/config/view_bot.rviz
[0.890s] -- Up-to-date: /home/ispaik06/robot_ws/install/sasa_bot/share/sasa_bot/description
[0.890s] -- Installing: /home/ispaik06/robot_ws/install/sasa_bot/share/sasa_bot/description/inertial_macros.xacro
[0.891s] -- Installing: /home/ispaik06/robot_ws/install/sasa_bot/share/sasa_bot/description/robot_core.xacro
[0.891s] -- Installing: /home/ispaik06/robot_ws/install/sasa_bot/share/sasa_bot/description/robot.urdf.xacro
[0.891s] -- Up-to-date: /home/ispaik06/robot_ws/install/sasa_bot/share/sasa_bot/launch
[0.891s] -- Installing: /home/ispaik06/robot_ws/install/sasa_bot/share/sasa_bot/launch/rsp.launch.py
[0.891s] -- Up-to-date: /home/ispaik06/robot_ws/install/sasa_bot/share/sasa_bot/worlds
[0.892s] -- Installing: /home/ispaik06/robot_ws/install/sasa_bot/share/sasa_bot/worlds/empty.world
[0.892s] -- Up-to-date: /home/ispaik06/robot_ws/install/sasa_bot/share/ament_index/resource_index/package_run_dependencies/sasa_bot
[0.892s] -- Installing: /home/ispaik06/robot_ws/install/sasa_bot/share/ament_index/resource_index/parent_prefix_path/sasa_bot
[0.893s] -- Up-to-date: /home/ispaik06/robot_ws/install/sasa_bot/share/sasa_bot/environment/ament_prefix_path.sh
[0.893s] -- Installing: /home/ispaik06/robot_ws/install/sasa_bot/share/sasa_bot/environment/ament_prefix_path.dsv
[0.893s] -- Up-to-date: /home/ispaik06/robot_ws/install/sasa_bot/share/sasa_bot/environment/path.sh
[0.893s] -- Installing: /home/ispaik06/robot_ws/install/sasa_bot/share/sasa_bot/environment/path.dsv
[0.893s] -- Up-to-date: /home/ispaik06/robot_ws/install/sasa_bot/share/sasa_bot/local_setup.bash
[0.893s] -- Up-to-date: /home/ispaik06/robot_ws/install/sasa_bot/share/sasa_bot/local_setup.sh
[0.893s] -- Up-to-date: /home/ispaik06/robot_ws/install/sasa_bot/share/sasa_bot/local_setup.zsh
[0.893s] -- Installing: /home/ispaik06/robot_ws/install/sasa_bot/share/sasa_bot/local_setup.dsv
[0.894s] -- Installing: /home/ispaik06/robot_ws/install/sasa_bot/share/sasa_bot/package.dsv
[0.894s] -- Up-to-date: /home/ispaik06/robot_ws/install/sasa_bot/share/ament_index/resource_index/packages/sasa_bot
[0.894s] -- Up-to-date: /home/ispaik06/robot_ws/install/sasa_bot/share/sasa_bot/cmake/sasa_botConfig.cmake
[0.894s] -- Up-to-date: /home/ispaik06/robot_ws/install/sasa_bot/share/sasa_bot/cmake/sasa_botConfig-version.cmake
[0.894s] -- Installing: /home/ispaik06/robot_ws/install/sasa_bot/share/sasa_bot/package.xml
[1.041s] Invoked command in '/home/ispaik06/robot_ws/build/sasa_bot' returned '0': CMAKE_PREFIX_PATH=${CMAKE_PREFIX_PATH}:/home/ispaik06/robot_ws/install/joy_tester:/opt/ros/foxy /usr/bin/cmake --install /home/ispaik06/robot_ws/build/sasa_bot
