[0.585s] Invoking command in '/home/ispaik06/robot_ws/build/serial': CMAKE_PREFIX_PATH=${CMAKE_PREFIX_PATH}:/home/ispaik06/robot_ws/install/serial_motor_demo:/home/ispaik06/robot_ws/install/joy_tester:/opt/ros/foxy /usr/bin/cmake --build /home/ispaik06/robot_ws/build/serial -- -j12 -l12
[0.844s] [ 28%] Built target serial
[0.846s] [ 42%] Built target gtest_main
[0.846s] [ 57%] Built target gtest
[0.846s] [ 71%] Built target serial_example
[0.846s] [ 85%] Built target serial-test-timer
[0.846s] [100%] Built target serial-test
[0.861s] Invoked command in '/home/ispaik06/robot_ws/build/serial' returned '0': CMAKE_PREFIX_PATH=${CMAKE_PREFIX_PATH}:/home/ispaik06/robot_ws/install/serial_motor_demo:/home/ispaik06/robot_ws/install/joy_tester:/opt/ros/foxy /usr/bin/cmake --build /home/ispaik06/robot_ws/build/serial -- -j12 -l12
[0.905s] Invoking command in '/home/ispaik06/robot_ws/build/serial': CMAKE_PREFIX_PATH=${CMAKE_PREFIX_PATH}:/home/ispaik06/robot_ws/install/serial_motor_demo:/home/ispaik06/robot_ws/install/joy_tester:/opt/ros/foxy /usr/bin/cmake --install /home/ispaik06/robot_ws/build/serial
[0.918s] -- Install configuration: ""
[0.920s] -- Execute custom install script
[0.920s] -- Up-to-date symlink: /home/ispaik06/robot_ws/install/serial/lib/libserial.a
[0.921s] -- Up-to-date symlink: /home/ispaik06/robot_ws/install/serial/include/serial/serial.h
[0.921s] -- Up-to-date symlink: /home/ispaik06/robot_ws/install/serial/include/serial/v8stdint.h
[0.922s] -- Up-to-date symlink: /home/ispaik06/robot_ws/install/serial/share/serial/environment/library_path.sh
[0.922s] -- Up-to-date symlink: /home/ispaik06/robot_ws/install/serial/share/serial/environment/library_path.dsv
[0.922s] -- Up-to-date symlink: /home/ispaik06/robot_ws/install/serial/share/ament_index/resource_index/package_run_dependencies/serial
[0.923s] -- Up-to-date symlink: /home/ispaik06/robot_ws/install/serial/share/ament_index/resource_index/parent_prefix_path/serial
[0.924s] -- Up-to-date symlink: /home/ispaik06/robot_ws/install/serial/share/serial/environment/ament_prefix_path.sh
[0.925s] -- Up-to-date symlink: /home/ispaik06/robot_ws/install/serial/share/serial/environment/ament_prefix_path.dsv
[0.925s] -- Up-to-date symlink: /home/ispaik06/robot_ws/install/serial/share/serial/environment/path.sh
[0.929s] -- Up-to-date symlink: /home/ispaik06/robot_ws/install/serial/share/serial/environment/path.dsv
[0.930s] -- Up-to-date symlink: /home/ispaik06/robot_ws/install/serial/share/serial/local_setup.bash
[0.930s] -- Up-to-date symlink: /home/ispaik06/robot_ws/install/serial/share/serial/local_setup.sh
[0.930s] -- Up-to-date symlink: /home/ispaik06/robot_ws/install/serial/share/serial/local_setup.zsh
[0.930s] -- Up-to-date symlink: /home/ispaik06/robot_ws/install/serial/share/serial/local_setup.dsv
[0.930s] -- Symlinking: /home/ispaik06/robot_ws/install/serial/share/serial/package.dsv
[0.939s] -- Up-to-date symlink: /home/ispaik06/robot_ws/install/serial/share/ament_index/resource_index/packages/serial
[0.939s] -- Up-to-date symlink: /home/ispaik06/robot_ws/install/serial/share/serial/cmake/ament_cmake_export_include_directories-extras.cmake
[0.939s] -- Up-to-date symlink: /home/ispaik06/robot_ws/install/serial/share/serial/cmake/ament_cmake_export_libraries-extras.cmake
[0.940s] -- Up-to-date symlink: /home/ispaik06/robot_ws/install/serial/share/serial/cmake/serialConfig.cmake
[0.940s] -- Up-to-date symlink: /home/ispaik06/robot_ws/install/serial/share/serial/cmake/serialConfig-version.cmake
[0.940s] -- Up-to-date symlink: /home/ispaik06/robot_ws/install/serial/share/serial/package.xml
[0.966s] Invoked command in '/home/ispaik06/robot_ws/build/serial' returned '0': CMAKE_PREFIX_PATH=${CMAKE_PREFIX_PATH}:/home/ispaik06/robot_ws/install/serial_motor_demo:/home/ispaik06/robot_ws/install/joy_tester:/opt/ros/foxy /usr/bin/cmake --install /home/ispaik06/robot_ws/build/serial
