-- Found ament_cmake: 0.9.12 (/opt/ros/foxy/share/ament_cmake/cmake)
-- Using PYTHON_EXECUTABLE: /usr/bin/python3
-- Override CMake install command with custom implementation using symlinks instead of copying resources
-- Found rclcpp: 2.4.3 (/opt/ros/foxy/share/rclcpp/cmake)
-- Using all available rosidl_typesupport_c: rosidl_typesupport_fastrtps_c;rosidl_typesupport_introspection_c
-- Found rosidl_adapter: 1.3.1 (/opt/ros/foxy/share/rosidl_adapter/cmake)
-- Using all available rosidl_typesupport_cpp: rosidl_typesupport_fastrtps_cpp;rosidl_typesupport_introspection_cpp
-- Found rmw_implementation_cmake: 1.0.4 (/opt/ros/foxy/share/rmw_implementation_cmake/cmake)
-- Using RMW implementation 'rmw_fastrtps_cpp' as default
-- Found sensor_msgs: 2.0.5 (/opt/ros/foxy/share/sensor_msgs/cmake)
-- Found visualization_msgs: 2.0.5 (/opt/ros/foxy/share/visualization_msgs/cmake)
-- Found ament_lint_auto: 0.9.8 (/opt/ros/foxy/share/ament_lint_auto/cmake)
-- Added test 'copyright' to check source files copyright and LICENSE
-- Added test 'cppcheck' to perform static code analysis on C / C++ code
-- Configured cppcheck include dirs: /home/ispaik06/robot_ws/src/ydlidar_ros2/src;/home/ispaik06/robot_ws/src/ydlidar_ros2/sdk/include;/home/ispaik06/robot_ws/src/ydlidar_ros2/sdk/src
-- Configured cppcheck exclude dirs and/or files: 
-- Added test 'cpplint' to check C / C++ code against the Google style
-- Configured cpplint exclude dirs and/or files: 
-- Added test 'flake8' to check Python code syntax and style conventions
-- Added test 'lint_cmake' to check CMake code style
-- Added test 'pep257' to check Python code against some of the style conventions in PEP 257
-- Added test 'uncrustify' to check C / C++ code style
-- Configured uncrustify additional arguments: 
-- Added test 'xmllint' to check XML markup files
-- Configuring done
-- Generating done
-- Build files have been written to: /home/ispaik06/robot_ws/build/ydlidar
[ 18%] [32m[1mLinking CXX executable ydlidar_client[0m
[ 18%] [32m[1mLinking CXX executable ydlidar_node[0m
[ 90%] Built target ydlidar_node
[100%] Built target ydlidar_client
-- Install configuration: ""
-- Execute custom install script
-- Symlinking: /home/ispaik06/robot_ws/install/ydlidar/lib/ydlidar/ydlidar_node
-- Symlinking: /home/ispaik06/robot_ws/install/ydlidar/lib/ydlidar/ydlidar_client
-- Symlinking: /home/ispaik06/robot_ws/install/ydlidar/share/ydlidar/launch/ydlidar.py
-- Symlinking: /home/ispaik06/robot_ws/install/ydlidar/share/ydlidar/launch/ydlidar_launch.py
-- Symlinking: /home/ispaik06/robot_ws/install/ydlidar/share/ydlidar/params/ydlidar.yaml
-- Symlinking: /home/ispaik06/robot_ws/install/ydlidar/share/ydlidar/startup/initenv.sh
-- Symlinking: /home/ispaik06/robot_ws/install/ydlidar/share/ament_index/resource_index/package_run_dependencies/ydlidar
-- Symlinking: /home/ispaik06/robot_ws/install/ydlidar/share/ament_index/resource_index/parent_prefix_path/ydlidar
-- Symlinking: /home/ispaik06/robot_ws/install/ydlidar/share/ydlidar/environment/ament_prefix_path.sh
-- Symlinking: /home/ispaik06/robot_ws/install/ydlidar/share/ydlidar/environment/ament_prefix_path.dsv
-- Symlinking: /home/ispaik06/robot_ws/install/ydlidar/share/ydlidar/environment/path.sh
-- Symlinking: /home/ispaik06/robot_ws/install/ydlidar/share/ydlidar/environment/path.dsv
-- Symlinking: /home/ispaik06/robot_ws/install/ydlidar/share/ydlidar/local_setup.bash
-- Symlinking: /home/ispaik06/robot_ws/install/ydlidar/share/ydlidar/local_setup.sh
-- Symlinking: /home/ispaik06/robot_ws/install/ydlidar/share/ydlidar/local_setup.zsh
-- Symlinking: /home/ispaik06/robot_ws/install/ydlidar/share/ydlidar/local_setup.dsv
-- Symlinking: /home/ispaik06/robot_ws/install/ydlidar/share/ydlidar/package.dsv
-- Symlinking: /home/ispaik06/robot_ws/install/ydlidar/share/ament_index/resource_index/packages/ydlidar
-- Symlinking: /home/ispaik06/robot_ws/install/ydlidar/share/ydlidar/cmake/ydlidarConfig.cmake
-- Symlinking: /home/ispaik06/robot_ws/install/ydlidar/share/ydlidar/cmake/ydlidarConfig-version.cmake
-- Symlinking: /home/ispaik06/robot_ws/install/ydlidar/share/ydlidar/package.xml
