[0.553s] Invoking command in '/home/ispaik06/robot_ws/build/serial': CMAKE_PREFIX_PATH=${CMAKE_PREFIX_PATH}:/home/ispaik06/robot_ws/install/serial_motor_demo:/home/ispaik06/robot_ws/install/joy_tester:/opt/ros/foxy /usr/bin/cmake /home/ispaik06/robot_ws/src/serial -DCMAKE_INSTALL_PREFIX=/home/ispaik06/robot_ws/install/serial
[0.806s] -- Found ament_cmake: 0.9.12 (/opt/ros/foxy/share/ament_cmake/cmake)
[0.807s] -- Using PYTHON_EXECUTABLE: /usr/bin/python3
[0.807s] -- Override CMake install command with custom implementation using symlinks instead of copying resources
[0.807s] -- Found ament_cmake_gtest: 0.9.12 (/opt/ros/foxy/share/ament_cmake_gtest/cmake)
[0.807s] -- Found gtest sources under '/opt/ros/foxy/src/gtest_vendor': C++ tests using 'Google Test' will be built
[0.807s] -- Configuring done
[0.807s] -- Generating done
[0.807s] -- Build files have been written to: /home/ispaik06/robot_ws/build/serial
[0.810s] Invoked command in '/home/ispaik06/robot_ws/build/serial' returned '0': CMAKE_PREFIX_PATH=${CMAKE_PREFIX_PATH}:/home/ispaik06/robot_ws/install/serial_motor_demo:/home/ispaik06/robot_ws/install/joy_tester:/opt/ros/foxy /usr/bin/cmake /home/ispaik06/robot_ws/src/serial -DCMAKE_INSTALL_PREFIX=/home/ispaik06/robot_ws/install/serial
[0.813s] Invoking command in '/home/ispaik06/robot_ws/build/serial': CMAKE_PREFIX_PATH=${CMAKE_PREFIX_PATH}:/home/ispaik06/robot_ws/install/serial_motor_demo:/home/ispaik06/robot_ws/install/joy_tester:/opt/ros/foxy /usr/bin/cmake --build /home/ispaik06/robot_ws/build/serial -- -j12 -l12
[0.851s] [ 14%] Built target gtest_main
[0.852s] [ 28%] Built target gtest
[0.853s] [ 57%] Built target serial
[0.870s] [ 85%] Built target serial_example
[0.870s] [ 85%] Built target serial-test-timer
[0.870s] [100%] Built target serial-test
[0.883s] Invoked command in '/home/ispaik06/robot_ws/build/serial' returned '0': CMAKE_PREFIX_PATH=${CMAKE_PREFIX_PATH}:/home/ispaik06/robot_ws/install/serial_motor_demo:/home/ispaik06/robot_ws/install/joy_tester:/opt/ros/foxy /usr/bin/cmake --build /home/ispaik06/robot_ws/build/serial -- -j12 -l12
[0.934s] Invoking command in '/home/ispaik06/robot_ws/build/serial': CMAKE_PREFIX_PATH=${CMAKE_PREFIX_PATH}:/home/ispaik06/robot_ws/install/serial_motor_demo:/home/ispaik06/robot_ws/install/joy_tester:/opt/ros/foxy /usr/bin/cmake --install /home/ispaik06/robot_ws/build/serial
[0.943s] -- Install configuration: ""
[0.944s] -- Execute custom install script
[0.944s] -- Up-to-date symlink: /home/ispaik06/robot_ws/install/serial/lib/libserial.a
[0.944s] -- Up-to-date symlink: /home/ispaik06/robot_ws/install/serial/include/serial/serial.h
[0.944s] -- Up-to-date symlink: /home/ispaik06/robot_ws/install/serial/include/serial/v8stdint.h
[0.945s] -- Up-to-date symlink: /home/ispaik06/robot_ws/install/serial/share/serial/environment/library_path.sh
[0.945s] -- Up-to-date symlink: /home/ispaik06/robot_ws/install/serial/share/serial/environment/library_path.dsv
[0.945s] -- Up-to-date symlink: /home/ispaik06/robot_ws/install/serial/share/ament_index/resource_index/package_run_dependencies/serial
[0.946s] -- Up-to-date symlink: /home/ispaik06/robot_ws/install/serial/share/ament_index/resource_index/parent_prefix_path/serial
[0.946s] -- Up-to-date symlink: /home/ispaik06/robot_ws/install/serial/share/serial/environment/ament_prefix_path.sh
[0.946s] -- Up-to-date symlink: /home/ispaik06/robot_ws/install/serial/share/serial/environment/ament_prefix_path.dsv
[0.946s] -- Up-to-date symlink: /home/ispaik06/robot_ws/install/serial/share/serial/environment/path.sh
[0.946s] -- Up-to-date symlink: /home/ispaik06/robot_ws/install/serial/share/serial/environment/path.dsv
[0.947s] -- Up-to-date symlink: /home/ispaik06/robot_ws/install/serial/share/serial/local_setup.bash
[0.947s] -- Up-to-date symlink: /home/ispaik06/robot_ws/install/serial/share/serial/local_setup.sh
[0.947s] -- Up-to-date symlink: /home/ispaik06/robot_ws/install/serial/share/serial/local_setup.zsh
[0.948s] -- Up-to-date symlink: /home/ispaik06/robot_ws/install/serial/share/serial/local_setup.dsv
[0.948s] -- Symlinking: /home/ispaik06/robot_ws/install/serial/share/serial/package.dsv
[0.958s] -- Up-to-date symlink: /home/ispaik06/robot_ws/install/serial/share/ament_index/resource_index/packages/serial
[0.958s] -- Up-to-date symlink: /home/ispaik06/robot_ws/install/serial/share/serial/cmake/ament_cmake_export_include_directories-extras.cmake
[0.958s] -- Up-to-date symlink: /home/ispaik06/robot_ws/install/serial/share/serial/cmake/ament_cmake_export_libraries-extras.cmake
[0.958s] -- Up-to-date symlink: /home/ispaik06/robot_ws/install/serial/share/serial/cmake/serialConfig.cmake
[0.958s] -- Up-to-date symlink: /home/ispaik06/robot_ws/install/serial/share/serial/cmake/serialConfig-version.cmake
[0.959s] -- Up-to-date symlink: /home/ispaik06/robot_ws/install/serial/share/serial/package.xml
[0.961s] Invoked command in '/home/ispaik06/robot_ws/build/serial' returned '0': CMAKE_PREFIX_PATH=${CMAKE_PREFIX_PATH}:/home/ispaik06/robot_ws/install/serial_motor_demo:/home/ispaik06/robot_ws/install/joy_tester:/opt/ros/foxy /usr/bin/cmake --install /home/ispaik06/robot_ws/build/serial
