[0.179s] Invoking command in '/home/ispaik06/robot_ws/build/ydlidar': CMAKE_PREFIX_PATH=/opt/ros/foxy /usr/bin/cmake /home/ispaik06/robot_ws/src/ydlidar_ros2 -DCMAKE_INSTALL_PREFIX=/home/ispaik06/robot_ws/install/ydlidar
[0.218s] -- The C compiler identification is GNU 9.4.0
[0.258s] -- The CXX compiler identification is GNU 9.4.0
[0.260s] -- Check for working C compiler: /usr/bin/cc
[0.304s] -- Check for working C compiler: /usr/bin/cc -- works
[0.306s] -- Detecting C compiler ABI info
[0.347s] -- Detecting C compiler ABI info - done
[0.358s] -- Detecting C compile features
[0.358s] -- Detecting C compile features - done
[0.360s] -- Check for working CXX compiler: /usr/bin/c++
[0.410s] -- Check for working CXX compiler: /usr/bin/c++ -- works
[0.410s] -- Detecting CXX compiler ABI info
[0.465s] -- Detecting CXX compiler ABI info - done
[0.469s] -- Detecting CXX compile features
[0.469s] -- Detecting CXX compile features - done
[0.470s] -- Found ament_cmake: 0.9.12 (/opt/ros/foxy/share/ament_cmake/cmake)
[0.490s] -- Found PythonInterp: /usr/bin/python3 (found suitable version "3.8.10", minimum required is "3") 
[0.490s] -- Using PYTHON_EXECUTABLE: /usr/bin/python3
[0.597s] -- Found rclcpp: 2.4.3 (/opt/ros/foxy/share/rclcpp/cmake)
[0.625s] -- Using all available rosidl_typesupport_c: rosidl_typesupport_fastrtps_c;rosidl_typesupport_introspection_c
[0.628s] -- Found rosidl_adapter: 1.3.1 (/opt/ros/foxy/share/rosidl_adapter/cmake)
[0.680s] -- Found OpenSSL: /usr/lib/x86_64-linux-gnu/libcrypto.so (found version "1.1.1f")  
[0.699s] -- Found FastRTPS: /opt/ros/foxy/include  
[0.749s] -- Using all available rosidl_typesupport_cpp: rosidl_typesupport_fastrtps_cpp;rosidl_typesupport_introspection_cpp
[0.785s] -- Found rmw_implementation_cmake: 1.0.4 (/opt/ros/foxy/share/rmw_implementation_cmake/cmake)
[0.787s] -- Using RMW implementation 'rmw_fastrtps_cpp' as default
[0.788s] -- Looking for pthread.h
[0.958s] -- Looking for pthread.h - found
[0.958s] -- Performing Test CMAKE_HAVE_LIBC_PTHREAD
[1.175s] -- Performing Test CMAKE_HAVE_LIBC_PTHREAD - Failed
[1.175s] -- Looking for pthread_create in pthreads
[1.251s] -- Looking for pthread_create in pthreads - not found
[1.252s] -- Looking for pthread_create in pthread
[1.303s] -- Looking for pthread_create in pthread - found
[1.303s] -- Found Threads: TRUE  
[1.411s] -- Found sensor_msgs: 2.0.5 (/opt/ros/foxy/share/sensor_msgs/cmake)
[1.491s] -- Found visualization_msgs: 2.0.5 (/opt/ros/foxy/share/visualization_msgs/cmake)
[1.542s] -- Found ament_lint_auto: 0.9.8 (/opt/ros/foxy/share/ament_lint_auto/cmake)
[1.596s] -- Added test 'copyright' to check source files copyright and LICENSE
[1.605s] -- Added test 'cppcheck' to perform static code analysis on C / C++ code
[1.605s] -- Configured cppcheck include dirs: /home/ispaik06/robot_ws/src/ydlidar_ros2/src;/home/ispaik06/robot_ws/src/ydlidar_ros2/sdk/include;/home/ispaik06/robot_ws/src/ydlidar_ros2/sdk/src
[1.605s] -- Configured cppcheck exclude dirs and/or files: 
[1.615s] -- Added test 'cpplint' to check C / C++ code against the Google style
[1.615s] -- Configured cpplint exclude dirs and/or files: 
[1.616s] -- Added test 'flake8' to check Python code syntax and style conventions
[1.619s] -- Added test 'lint_cmake' to check CMake code style
[1.620s] -- Added test 'pep257' to check Python code against some of the style conventions in PEP 257
[1.629s] -- Added test 'uncrustify' to check C / C++ code style
[1.629s] -- Configured uncrustify additional arguments: 
[1.631s] -- Added test 'xmllint' to check XML markup files
[1.633s] -- Configuring done
[1.643s] -- Generating done
[1.644s] -- Build files have been written to: /home/ispaik06/robot_ws/build/ydlidar
[1.651s] Invoked command in '/home/ispaik06/robot_ws/build/ydlidar' returned '0': CMAKE_PREFIX_PATH=/opt/ros/foxy /usr/bin/cmake /home/ispaik06/robot_ws/src/ydlidar_ros2 -DCMAKE_INSTALL_PREFIX=/home/ispaik06/robot_ws/install/ydlidar
[1.654s] Invoking command in '/home/ispaik06/robot_ws/build/ydlidar': CMAKE_PREFIX_PATH=/opt/ros/foxy /usr/bin/cmake --build /home/ispaik06/robot_ws/build/ydlidar -- -j12 -l12
[1.683s] [35m[1mScanning dependencies of target ydlidar_client[0m
[1.683s] [35m[1mScanning dependencies of target ydlidar_node[0m
[1.706s] [  9%] [32mBuilding CXX object CMakeFiles/ydlidar_client.dir/src/ydlidar_client.cpp.o[0m
[1.709s] [ 18%] [32mBuilding CXX object CMakeFiles/ydlidar_node.dir/sdk/src/CYdLidar.cpp.o[0m
[1.710s] [ 27%] [32mBuilding CXX object CMakeFiles/ydlidar_node.dir/src/ydlidar_node.cpp.o[0m
[1.710s] [ 36%] [32mBuilding CXX object CMakeFiles/ydlidar_node.dir/sdk/src/impl/unix/list_ports_linux.cpp.o[0m
[1.711s] [ 54%] [32mBuilding CXX object CMakeFiles/ydlidar_node.dir/sdk/src/impl/unix/unix_serial.cpp.o[0m
[1.711s] [ 54%] [32mBuilding CXX object CMakeFiles/ydlidar_node.dir/sdk/src/serial.cpp.o[0m
[1.712s] [ 63%] [32mBuilding CXX object CMakeFiles/ydlidar_node.dir/sdk/src/impl/unix/unix_timer.cpp.o[0m
[1.712s] [ 72%] [32mBuilding CXX object CMakeFiles/ydlidar_node.dir/sdk/src/ydlidar_driver.cpp.o[0m
[1.712s] [ 81%] [32mBuilding C object CMakeFiles/ydlidar_node.dir/sdk/src/lock.c.o[0m
[1.739s] [01m[K/home/ispaik06/robot_ws/src/ydlidar_ros2/sdk/src/lock.c:[m[K In function ‘[01m[Kfhs_lock[m[K’:
[1.740s] [01m[K/home/ispaik06/robot_ws/src/ydlidar_ros2/sdk/src/lock.c:199:40:[m[K [01;35m[Kwarning: [m[Kunused parameter ‘[01m[Kpid[m[K’ [[01;35m[K-Wunused-parameter[m[K]
[1.740s]   199 | int fhs_lock(const char *filename, [01;35m[Kint pid[m[K) {
[1.740s]       |                                    [01;35m[K~~~~^~~[m[K
[1.740s] [01m[K/home/ispaik06/robot_ws/src/ydlidar_ros2/sdk/src/lock.c:[m[K In function ‘[01m[Kuucp_lock[m[K’:
[1.740s] [01m[K/home/ispaik06/robot_ws/src/ydlidar_ros2/sdk/src/lock.c:281:41:[m[K [01;35m[Kwarning: [m[Kunused parameter ‘[01m[Kpid[m[K’ [[01;35m[K-Wunused-parameter[m[K]
[1.740s]   281 | int uucp_lock(const char *filename, [01;35m[Kint pid[m[K) {
[1.740s]       |                                     [01;35m[K~~~~^~~[m[K
[1.811s] In file included from [01m[K/home/ispaik06/robot_ws/src/ydlidar_ros2/sdk/include/timer.h:2[m[K,
[1.811s]                  from [01m[K/home/ispaik06/robot_ws/src/ydlidar_ros2/sdk/src/impl/unix/unix_timer.cpp:2[m[K:
[1.811s] [01m[K/home/ispaik06/robot_ws/src/ydlidar_ros2/sdk/include/v8stdint.h:[m[K In function ‘[01m[Kbool ydlidar::fileExists(std::string)[m[K’:
[1.811s] [01m[K/home/ispaik06/robot_ws/src/ydlidar_ros2/sdk/include/v8stdint.h:240:24:[m[K [01;35m[Kwarning: [m[Kmissing initializer for member ‘[01m[Kstat::st_ino[m[K’ [[01;35m[K-Wmissing-field-initializers[m[K]
[1.811s]   240 |   struct stat info = {0[01;35m[K}[m[K;
[1.811s]       |                        [01;35m[K^[m[K
[1.811s] [01m[K/home/ispaik06/robot_ws/src/ydlidar_ros2/sdk/include/v8stdint.h:240:24:[m[K [01;35m[Kwarning: [m[Kmissing initializer for member ‘[01m[Kstat::st_nlink[m[K’ [[01;35m[K-Wmissing-field-initializers[m[K]
[1.811s] [01m[K/home/ispaik06/robot_ws/src/ydlidar_ros2/sdk/include/v8stdint.h:240:24:[m[K [01;35m[Kwarning: [m[Kmissing initializer for member ‘[01m[Kstat::st_mode[m[K’ [[01;35m[K-Wmissing-field-initializers[m[K]
[1.811s] [01m[K/home/ispaik06/robot_ws/src/ydlidar_ros2/sdk/include/v8stdint.h:240:24:[m[K [01;35m[Kwarning: [m[Kmissing initializer for member ‘[01m[Kstat::st_uid[m[K’ [[01;35m[K-Wmissing-field-initializers[m[K]
[1.812s] [01m[K/home/ispaik06/robot_ws/src/ydlidar_ros2/sdk/include/v8stdint.h:240:24:[m[K [01;35m[Kwarning: [m[Kmissing initializer for member ‘[01m[Kstat::st_gid[m[K’ [[01;35m[K-Wmissing-field-initializers[m[K]
[1.812s] [01m[K/home/ispaik06/robot_ws/src/ydlidar_ros2/sdk/include/v8stdint.h:240:24:[m[K [01;35m[Kwarning: [m[Kmissing initializer for member ‘[01m[Kstat::__pad0[m[K’ [[01;35m[K-Wmissing-field-initializers[m[K]
[1.812s] [01m[K/home/ispaik06/robot_ws/src/ydlidar_ros2/sdk/include/v8stdint.h:240:24:[m[K [01;35m[Kwarning: [m[Kmissing initializer for member ‘[01m[Kstat::st_rdev[m[K’ [[01;35m[K-Wmissing-field-initializers[m[K]
[1.812s] [01m[K/home/ispaik06/robot_ws/src/ydlidar_ros2/sdk/include/v8stdint.h:240:24:[m[K [01;35m[Kwarning: [m[Kmissing initializer for member ‘[01m[Kstat::st_size[m[K’ [[01;35m[K-Wmissing-field-initializers[m[K]
[1.812s] [01m[K/home/ispaik06/robot_ws/src/ydlidar_ros2/sdk/include/v8stdint.h:240:24:[m[K [01;35m[Kwarning: [m[Kmissing initializer for member ‘[01m[Kstat::st_blksize[m[K’ [[01;35m[K-Wmissing-field-initializers[m[K]
[1.812s] [01m[K/home/ispaik06/robot_ws/src/ydlidar_ros2/sdk/include/v8stdint.h:240:24:[m[K [01;35m[Kwarning: [m[Kmissing initializer for member ‘[01m[Kstat::st_blocks[m[K’ [[01;35m[K-Wmissing-field-initializers[m[K]
[1.812s] [01m[K/home/ispaik06/robot_ws/src/ydlidar_ros2/sdk/include/v8stdint.h:240:24:[m[K [01;35m[Kwarning: [m[Kmissing initializer for member ‘[01m[Kstat::st_atim[m[K’ [[01;35m[K-Wmissing-field-initializers[m[K]
[1.812s] [01m[K/home/ispaik06/robot_ws/src/ydlidar_ros2/sdk/include/v8stdint.h:240:24:[m[K [01;35m[Kwarning: [m[Kmissing initializer for member ‘[01m[Kstat::st_mtim[m[K’ [[01;35m[K-Wmissing-field-initializers[m[K]
[1.812s] [01m[K/home/ispaik06/robot_ws/src/ydlidar_ros2/sdk/include/v8stdint.h:240:24:[m[K [01;35m[Kwarning: [m[Kmissing initializer for member ‘[01m[Kstat::st_ctim[m[K’ [[01;35m[K-Wmissing-field-initializers[m[K]
[1.812s] [01m[K/home/ispaik06/robot_ws/src/ydlidar_ros2/sdk/include/v8stdint.h:240:24:[m[K [01;35m[Kwarning: [m[Kmissing initializer for member ‘[01m[Kstat::__glibc_reserved[m[K’ [[01;35m[K-Wmissing-field-initializers[m[K]
[1.922s] In file included from [01m[K/home/ispaik06/robot_ws/src/ydlidar_ros2/sdk/include/serial.h:9[m[K,
[1.923s]                  from [01m[K/home/ispaik06/robot_ws/src/ydlidar_ros2/sdk/src/impl/unix/unix_serial.h:9[m[K,
[1.923s]                  from [01m[K/home/ispaik06/robot_ws/src/ydlidar_ros2/sdk/src/impl/unix/unix_serial.cpp:39[m[K:
[1.923s] [01m[K/home/ispaik06/robot_ws/src/ydlidar_ros2/sdk/include/v8stdint.h:[m[K In function ‘[01m[Kbool ydlidar::fileExists(std::string)[m[K’:
[1.923s] [01m[K/home/ispaik06/robot_ws/src/ydlidar_ros2/sdk/include/v8stdint.h:240:24:[m[K [01;35m[Kwarning: [m[Kmissing initializer for member ‘[01m[Kstat::st_ino[m[K’ [[01;35m[K-Wmissing-field-initializers[m[K]
[1.923s]   240 |   struct stat info = {0[01;35m[K}[m[K;
[1.923s]       |                        [01;35m[K^[m[K
[1.923s] [01m[K/home/ispaik06/robot_ws/src/ydlidar_ros2/sdk/include/v8stdint.h:240:24:[m[K [01;35m[Kwarning: [m[Kmissing initializer for member ‘[01m[Kstat::st_nlink[m[K’ [[01;35m[K-Wmissing-field-initializers[m[K]
[1.923s] [01m[K/home/ispaik06/robot_ws/src/ydlidar_ros2/sdk/include/v8stdint.h:240:24:[m[K [01;35m[Kwarning: [m[Kmissing initializer for member ‘[01m[Kstat::st_mode[m[K’ [[01;35m[K-Wmissing-field-initializers[m[K]
[1.923s] [01m[K/home/ispaik06/robot_ws/src/ydlidar_ros2/sdk/include/v8stdint.h:240:24:[m[K [01;35m[Kwarning: [m[Kmissing initializer for member ‘[01m[Kstat::st_uid[m[K’ [[01;35m[K-Wmissing-field-initializers[m[K]
[1.924s] [01m[K/home/ispaik06/robot_ws/src/ydlidar_ros2/sdk/include/v8stdint.h:240:24:[m[K [01;35m[Kwarning: [m[Kmissing initializer for member ‘[01m[Kstat::st_gid[m[K’ [[01;35m[K-Wmissing-field-initializers[m[K]
[1.924s] [01m[K/home/ispaik06/robot_ws/src/ydlidar_ros2/sdk/include/v8stdint.h:240:24:[m[K [01;35m[Kwarning: [m[Kmissing initializer for member ‘[01m[Kstat::__pad0[m[K’ [[01;35m[K-Wmissing-field-initializers[m[K]
[1.924s] [01m[K/home/ispaik06/robot_ws/src/ydlidar_ros2/sdk/include/v8stdint.h:240:24:[m[K [01;35m[Kwarning: [m[Kmissing initializer for member ‘[01m[Kstat::st_rdev[m[K’ [[01;35m[K-Wmissing-field-initializers[m[K]
[1.924s] [01m[K/home/ispaik06/robot_ws/src/ydlidar_ros2/sdk/include/v8stdint.h:240:24:[m[K [01;35m[Kwarning: [m[Kmissing initializer for member ‘[01m[Kstat::st_size[m[K’ [[01;35m[K-Wmissing-field-initializers[m[K]
[1.924s] [01m[K/home/ispaik06/robot_ws/src/ydlidar_ros2/sdk/include/v8stdint.h:240:24:[m[K [01;35m[Kwarning: [m[Kmissing initializer for member ‘[01m[Kstat::st_blksize[m[K’ [[01;35m[K-Wmissing-field-initializers[m[K]
[1.924s] [01m[K/home/ispaik06/robot_ws/src/ydlidar_ros2/sdk/include/v8stdint.h:240:24:[m[K [01;35m[Kwarning: [m[Kmissing initializer for member ‘[01m[Kstat::st_blocks[m[K’ [[01;35m[K-Wmissing-field-initializers[m[K]
[1.924s] [01m[K/home/ispaik06/robot_ws/src/ydlidar_ros2/sdk/include/v8stdint.h:240:24:[m[K [01;35m[Kwarning: [m[Kmissing initializer for member ‘[01m[Kstat::st_atim[m[K’ [[01;35m[K-Wmissing-field-initializers[m[K]
[1.924s] [01m[K/home/ispaik06/robot_ws/src/ydlidar_ros2/sdk/include/v8stdint.h:240:24:[m[K [01;35m[Kwarning: [m[Kmissing initializer for member ‘[01m[Kstat::st_mtim[m[K’ [[01;35m[K-Wmissing-field-initializers[m[K]
[1.924s] [01m[K/home/ispaik06/robot_ws/src/ydlidar_ros2/sdk/include/v8stdint.h:240:24:[m[K [01;35m[Kwarning: [m[Kmissing initializer for member ‘[01m[Kstat::st_ctim[m[K’ [[01;35m[K-Wmissing-field-initializers[m[K]
[1.924s] [01m[K/home/ispaik06/robot_ws/src/ydlidar_ros2/sdk/include/v8stdint.h:240:24:[m[K [01;35m[Kwarning: [m[Kmissing initializer for member ‘[01m[Kstat::__glibc_reserved[m[K’ [[01;35m[K-Wmissing-field-initializers[m[K]
[1.944s] [01m[K/home/ispaik06/robot_ws/src/ydlidar_ros2/sdk/src/impl/unix/unix_serial.cpp:[m[K In member function ‘[01m[Kbool serial::Serial::SerialImpl::setCustomBaudRate(long unsigned int)[m[K’:
[1.944s] [01m[K/home/ispaik06/robot_ws/src/ydlidar_ros2/sdk/src/impl/unix/unix_serial.cpp:1235:40:[m[K [01;35m[Kwarning: [m[Kcomparison of integer expressions of different signedness: ‘[01m[Klong unsigned int[m[K’ and ‘[01m[Kint[m[K’ [[01;35m[K-Wsign-compare[m[K]
[1.944s]  1235 |   if ([01;35m[Kserial.custom_divisor * baudrate != serial.baud_base[m[K) {
[1.944s]       |       [01;35m[K~~~~~~~~~~~~~~~~~~~~~~~~~~~~~~~~~^~~~~~~~~~~~~~~~~~~[m[K
[2.015s] In file included from [01m[K/home/ispaik06/robot_ws/src/ydlidar_ros2/sdk/include/serial.h:9[m[K,
[2.015s]                  from [01m[K/home/ispaik06/robot_ws/src/ydlidar_ros2/sdk/include/ydlidar_driver.h:54[m[K,
[2.015s]                  from [01m[K/home/ispaik06/robot_ws/src/ydlidar_ros2/sdk/include/CYdLidar.h:36[m[K,
[2.015s]                  from [01m[K/home/ispaik06/robot_ws/src/ydlidar_ros2/sdk/src/CYdLidar.cpp:34[m[K:
[2.015s] [01m[K/home/ispaik06/robot_ws/src/ydlidar_ros2/sdk/include/v8stdint.h:[m[K In function ‘[01m[Kbool ydlidar::fileExists(std::string)[m[K’:
[2.015s] [01m[K/home/ispaik06/robot_ws/src/ydlidar_ros2/sdk/include/v8stdint.h:240:24:[m[K [01;35m[Kwarning: [m[Kmissing initializer for member ‘[01m[Kstat::st_ino[m[K’ [[01;35m[K-Wmissing-field-initializers[m[K]
[2.015s]   240 |   struct stat info = {0[01;35m[K}[m[K;
[2.015s]       |                        [01;35m[K^[m[K
[2.015s] [01m[K/home/ispaik06/robot_ws/src/ydlidar_ros2/sdk/include/v8stdint.h:240:24:[m[K [01;35m[Kwarning: [m[Kmissing initializer for member ‘[01m[Kstat::st_nlink[m[K’ [[01;35m[K-Wmissing-field-initializers[m[K]
[2.015s] [01m[K/home/ispaik06/robot_ws/src/ydlidar_ros2/sdk/include/v8stdint.h:240:24:[m[K [01;35m[Kwarning: [m[Kmissing initializer for member ‘[01m[Kstat::st_mode[m[K’ [[01;35m[K-Wmissing-field-initializers[m[K]
[2.016s] [01m[K/home/ispaik06/robot_ws/src/ydlidar_ros2/sdk/include/v8stdint.h:240:24:[m[K [01;35m[Kwarning: [m[Kmissing initializer for member ‘[01m[Kstat::st_uid[m[K’ [[01;35m[K-Wmissing-field-initializers[m[K]
[2.016s] [01m[K/home/ispaik06/robot_ws/src/ydlidar_ros2/sdk/include/v8stdint.h:240:24:[m[K [01;35m[Kwarning: [m[Kmissing initializer for member ‘[01m[Kstat::st_gid[m[K’ [[01;35m[K-Wmissing-field-initializers[m[K]
[2.016s] [01m[K/home/ispaik06/robot_ws/src/ydlidar_ros2/sdk/include/v8stdint.h:240:24:[m[K [01;35m[Kwarning: [m[Kmissing initializer for member ‘[01m[Kstat::__pad0[m[K’ [[01;35m[K-Wmissing-field-initializers[m[K]
[2.016s] [01m[K/home/ispaik06/robot_ws/src/ydlidar_ros2/sdk/include/v8stdint.h:240:24:[m[K [01;35m[Kwarning: [m[Kmissing initializer for member ‘[01m[Kstat::st_rdev[m[K’ [[01;35m[K-Wmissing-field-initializers[m[K]
[2.016s] [01m[K/home/ispaik06/robot_ws/src/ydlidar_ros2/sdk/include/v8stdint.h:240:24:[m[K [01;35m[Kwarning: [m[Kmissing initializer for member ‘[01m[Kstat::st_size[m[K’ [[01;35m[K-Wmissing-field-initializers[m[K]
[2.016s] [01m[K/home/ispaik06/robot_ws/src/ydlidar_ros2/sdk/include/v8stdint.h:240:24:[m[K [01;35m[Kwarning: [m[Kmissing initializer for member ‘[01m[Kstat::st_blksize[m[K’ [[01;35m[K-Wmissing-field-initializers[m[K]
[2.016s] [01m[K/home/ispaik06/robot_ws/src/ydlidar_ros2/sdk/include/v8stdint.h:240:24:[m[K [01;35m[Kwarning: [m[Kmissing initializer for member ‘[01m[Kstat::st_blocks[m[K’ [[01;35m[K-Wmissing-field-initializers[m[K]
[2.016s] [01m[K/home/ispaik06/robot_ws/src/ydlidar_ros2/sdk/include/v8stdint.h:240:24:[m[K [01;35m[Kwarning: [m[Kmissing initializer for member ‘[01m[Kstat::st_atim[m[K’ [[01;35m[K-Wmissing-field-initializers[m[K]
[2.016s] [01m[K/home/ispaik06/robot_ws/src/ydlidar_ros2/sdk/include/v8stdint.h:240:24:[m[K [01;35m[Kwarning: [m[Kmissing initializer for member ‘[01m[Kstat::st_mtim[m[K’ [[01;35m[K-Wmissing-field-initializers[m[K]
[2.016s] [01m[K/home/ispaik06/robot_ws/src/ydlidar_ros2/sdk/include/v8stdint.h:240:24:[m[K [01;35m[Kwarning: [m[Kmissing initializer for member ‘[01m[Kstat::st_ctim[m[K’ [[01;35m[K-Wmissing-field-initializers[m[K]
[2.016s] [01m[K/home/ispaik06/robot_ws/src/ydlidar_ros2/sdk/include/v8stdint.h:240:24:[m[K [01;35m[Kwarning: [m[Kmissing initializer for member ‘[01m[Kstat::__glibc_reserved[m[K’ [[01;35m[K-Wmissing-field-initializers[m[K]
[2.018s] In file included from [01m[K/home/ispaik06/robot_ws/src/ydlidar_ros2/sdk/include/serial.h:9[m[K,
[2.018s]                  from [01m[K/home/ispaik06/robot_ws/src/ydlidar_ros2/sdk/include/ydlidar_driver.h:54[m[K,
[2.018s]                  from [01m[K/home/ispaik06/robot_ws/src/ydlidar_ros2/sdk/src/ydlidar_driver.cpp:34[m[K:
[2.018s] [01m[K/home/ispaik06/robot_ws/src/ydlidar_ros2/sdk/include/v8stdint.h:[m[K In function ‘[01m[Kbool ydlidar::fileExists(std::string)[m[K’:
[2.018s] [01m[K/home/ispaik06/robot_ws/src/ydlidar_ros2/sdk/include/v8stdint.h:240:24:[m[K [01;35m[Kwarning: [m[Kmissing initializer for member ‘[01m[Kstat::st_ino[m[K’ [[01;35m[K-Wmissing-field-initializers[m[K]
[2.018s]   240 |   struct stat info = {0[01;35m[K}[m[K;
[2.018s]       |                        [01;35m[K^[m[K
[2.018s] [01m[K/home/ispaik06/robot_ws/src/ydlidar_ros2/sdk/include/v8stdint.h:240:24:[m[K [01;35m[Kwarning: [m[Kmissing initializer for member ‘[01m[Kstat::st_nlink[m[K’ [[01;35m[K-Wmissing-field-initializers[m[K]
[2.018s] [01m[K/home/ispaik06/robot_ws/src/ydlidar_ros2/sdk/include/v8stdint.h:240:24:[m[K [01;35m[Kwarning: [m[Kmissing initializer for member ‘[01m[Kstat::st_mode[m[K’ [[01;35m[K-Wmissing-field-initializers[m[K]
[2.018s] [01m[K/home/ispaik06/robot_ws/src/ydlidar_ros2/sdk/include/v8stdint.h:240:24:[m[K [01;35m[Kwarning: [m[Kmissing initializer for member ‘[01m[Kstat::st_uid[m[K’ [[01;35m[K-Wmissing-field-initializers[m[K]
[2.018s] [01m[K/home/ispaik06/robot_ws/src/ydlidar_ros2/sdk/include/v8stdint.h:240:24:[m[K [01;35m[Kwarning: [m[Kmissing initializer for member ‘[01m[Kstat::st_gid[m[K’ [[01;35m[K-Wmissing-field-initializers[m[K]
[2.018s] [01m[K/home/ispaik06/robot_ws/src/ydlidar_ros2/sdk/include/v8stdint.h:240:24:[m[K [01;35m[Kwarning: [m[Kmissing initializer for member ‘[01m[Kstat::__pad0[m[K’ [[01;35m[K-Wmissing-field-initializers[m[K]
[2.018s] [01m[K/home/ispaik06/robot_ws/src/ydlidar_ros2/sdk/include/v8stdint.h:240:24:[m[K [01;35m[Kwarning: [m[Kmissing initializer for member ‘[01m[Kstat::st_rdev[m[K’ [[01;35m[K-Wmissing-field-initializers[m[K]
[2.019s] [01m[K/home/ispaik06/robot_ws/src/ydlidar_ros2/sdk/include/v8stdint.h:240:24:[m[K [01;35m[Kwarning: [m[Kmissing initializer for member ‘[01m[Kstat::st_size[m[K’ [[01;35m[K-Wmissing-field-initializers[m[K]
[2.019s] [01m[K/home/ispaik06/robot_ws/src/ydlidar_ros2/sdk/include/v8stdint.h:240:24:[m[K [01;35m[Kwarning: [m[Kmissing initializer for member ‘[01m[Kstat::st_blksize[m[K’ [[01;35m[K-Wmissing-field-initializers[m[K]
[2.019s] [01m[K/home/ispaik06/robot_ws/src/ydlidar_ros2/sdk/include/v8stdint.h:240:24:[m[K [01;35m[Kwarning: [m[Kmissing initializer for member ‘[01m[Kstat::st_blocks[m[K’ [[01;35m[K-Wmissing-field-initializers[m[K]
[2.019s] [01m[K/home/ispaik06/robot_ws/src/ydlidar_ros2/sdk/include/v8stdint.h:240:24:[m[K [01;35m[Kwarning: [m[Kmissing initializer for member ‘[01m[Kstat::st_atim[m[K’ [[01;35m[K-Wmissing-field-initializers[m[K]
[2.019s] [01m[K/home/ispaik06/robot_ws/src/ydlidar_ros2/sdk/include/v8stdint.h:240:24:[m[K [01;35m[Kwarning: [m[Kmissing initializer for member ‘[01m[Kstat::st_mtim[m[K’ [[01;35m[K-Wmissing-field-initializers[m[K]
[2.019s] [01m[K/home/ispaik06/robot_ws/src/ydlidar_ros2/sdk/include/v8stdint.h:240:24:[m[K [01;35m[Kwarning: [m[Kmissing initializer for member ‘[01m[Kstat::st_ctim[m[K’ [[01;35m[K-Wmissing-field-initializers[m[K]
[2.019s] [01m[K/home/ispaik06/robot_ws/src/ydlidar_ros2/sdk/include/v8stdint.h:240:24:[m[K [01;35m[Kwarning: [m[Kmissing initializer for member ‘[01m[Kstat::__glibc_reserved[m[K’ [[01;35m[K-Wmissing-field-initializers[m[K]
[2.019s] In file included from [01m[K/home/ispaik06/robot_ws/src/ydlidar_ros2/sdk/include/ydlidar_driver.h:56[m[K,
[2.019s]                  from [01m[K/home/ispaik06/robot_ws/src/ydlidar_ros2/sdk/include/CYdLidar.h:36[m[K,
[2.019s]                  from [01m[K/home/ispaik06/robot_ws/src/ydlidar_ros2/sdk/src/CYdLidar.cpp:34[m[K:
[2.019s] [01m[K/home/ispaik06/robot_ws/src/ydlidar_ros2/sdk/include/thread.h:[m[K In static member function ‘[01m[Kstatic Thread Thread::createThread(thread_proc_t, void*)[m[K’:
[2.019s] [01m[K/home/ispaik06/robot_ws/src/ydlidar_ros2/sdk/include/thread.h:43:76:[m[K [01;35m[Kwarning: [m[Kcast between incompatible function types from ‘[01m[Kthread_proc_t[m[K’ {aka ‘[01m[Klong unsigned int (*)(void*)[m[K’} to ‘[01m[Kvoid* (*)(void*)[m[K’ [[01;35m[K-Wcast-function-type[m[K]
[2.019s]    43 |     pthread_create((pthread_t *)&thread_._handle, NULL, (void *(*)(void *))[01;35m[Kproc[m[K,
[2.019s]       |                                                                            [01;35m[K^~~~[m[K
[2.022s] In file included from [01m[K/home/ispaik06/robot_ws/src/ydlidar_ros2/sdk/include/ydlidar_driver.h:56[m[K,
[2.022s]                  from [01m[K/home/ispaik06/robot_ws/src/ydlidar_ros2/sdk/src/ydlidar_driver.cpp:34[m[K:
[2.022s] [01m[K/home/ispaik06/robot_ws/src/ydlidar_ros2/sdk/include/thread.h:[m[K In static member function ‘[01m[Kstatic Thread Thread::createThread(thread_proc_t, void*)[m[K’:
[2.022s] [01m[K/home/ispaik06/robot_ws/src/ydlidar_ros2/sdk/include/thread.h:43:76:[m[K [01;35m[Kwarning: [m[Kcast between incompatible function types from ‘[01m[Kthread_proc_t[m[K’ {aka ‘[01m[Klong unsigned int (*)(void*)[m[K’} to ‘[01m[Kvoid* (*)(void*)[m[K’ [[01;35m[K-Wcast-function-type[m[K]
[2.022s]    43 |     pthread_create((pthread_t *)&thread_._handle, NULL, (void *(*)(void *))[01;35m[Kproc[m[K,
[2.022s]       |                                                                            [01;35m[K^~~~[m[K
[2.027s] In file included from [01m[K/home/ispaik06/robot_ws/src/ydlidar_ros2/sdk/include/ydlidar_driver.h:58[m[K,
[2.028s]                  from [01m[K/home/ispaik06/robot_ws/src/ydlidar_ros2/sdk/src/ydlidar_driver.cpp:34[m[K:
[2.028s] [01m[K/home/ispaik06/robot_ws/src/ydlidar_ros2/sdk/include/help_info.h:[m[K In function ‘[01m[Kbool ydlidar::isSupportMotorCtrl(int)[m[K’:
[2.028s] [01m[K/home/ispaik06/robot_ws/src/ydlidar_ros2/sdk/include/help_info.h:414:8:[m[K [01;35m[Kwarning: [m[Kvariable ‘[01m[Kret[m[K’ set but not used [[01;35m[K-Wunused-but-set-variable[m[K]
[2.028s]   414 |   bool [01;35m[Kret[m[K = false;
[2.028s]       |        [01;35m[K^~~[m[K
[2.040s] In file included from [01m[K/home/ispaik06/robot_ws/src/ydlidar_ros2/sdk/include/ydlidar_driver.h:58[m[K,
[2.040s]                  from [01m[K/home/ispaik06/robot_ws/src/ydlidar_ros2/sdk/include/CYdLidar.h:36[m[K,
[2.040s]                  from [01m[K/home/ispaik06/robot_ws/src/ydlidar_ros2/sdk/src/CYdLidar.cpp:34[m[K:
[2.040s] [01m[K/home/ispaik06/robot_ws/src/ydlidar_ros2/sdk/include/help_info.h:[m[K In function ‘[01m[Kbool ydlidar::isSupportMotorCtrl(int)[m[K’:
[2.041s] [01m[K/home/ispaik06/robot_ws/src/ydlidar_ros2/sdk/include/help_info.h:414:8:[m[K [01;35m[Kwarning: [m[Kvariable ‘[01m[Kret[m[K’ set but not used [[01;35m[K-Wunused-but-set-variable[m[K]
[2.041s]   414 |   bool [01;35m[Kret[m[K = false;
[2.041s]       |        [01;35m[K^~~[m[K
[2.063s] [01m[K/home/ispaik06/robot_ws/src/ydlidar_ros2/sdk/src/ydlidar_driver.cpp:[m[K In member function ‘[01m[Kresult_t ydlidar::YDlidarDriver::waitPackage(node_info*, uint32_t)[m[K’:
[2.063s] [01m[K/home/ispaik06/robot_ws/src/ydlidar_ros2/sdk/src/ydlidar_driver.cpp:992:95:[m[K [01;35m[Kwarning: [m[Ksuggest parentheses around arithmetic in operand of ‘[01m[K|[m[K’ [[01;35m[K-Wparentheses[m[K]
[2.063s]   992 |                                          [01;35m[Kpackages.packageSampleDistance[package_Sample_Index] &[m[K
[2.063s]       |                                          [01;35m[K~~~~~~~~~~~~~~~~~~~~~~~~~~~~~~~~~~~~~~~~~~~~~~~~~~~~~^[m[K
[2.063s]   993 | [01;35m[K                                         0x0003[m[K)) << LIDAR_RESP_MEASUREMENT_QUALITY_SHIFT;
[2.063s]       |                                          [01;35m[K~~~~~~[m[K                                                
[2.103s] [01m[K/home/ispaik06/robot_ws/src/ydlidar_ros2/sdk/src/CYdLidar.cpp:[m[K In member function ‘[01m[Kbool CYdLidar::doProcessSimple(LaserScan&, bool&)[m[K’:
[2.103s] [01m[K/home/ispaik06/robot_ws/src/ydlidar_ros2/sdk/src/CYdLidar.cpp:216:23:[m[K [01;35m[Kwarning: [m[Kcomparison of integer expressions of different signedness: ‘[01m[Kint[m[K’ and ‘[01m[Ksize_t[m[K’ {aka ‘[01m[Klong unsigned int[m[K’} [[01;35m[K-Wsign-compare[m[K]
[2.103s]   216 |     for (int i = 0; [01;35m[Ki < count[m[K; i++) {
[2.103s]       |                     [01;35m[K~~^~~~~~~[m[K
[2.140s] In file included from [01m[K/home/ispaik06/robot_ws/src/ydlidar_ros2/sdk/include/serial.h:9[m[K,
[2.140s]                  from [01m[K/home/ispaik06/robot_ws/src/ydlidar_ros2/sdk/src/serial.cpp:11[m[K:
[2.140s] [01m[K/home/ispaik06/robot_ws/src/ydlidar_ros2/sdk/include/v8stdint.h:[m[K In function ‘[01m[Kbool ydlidar::fileExists(std::string)[m[K’:
[2.140s] [01m[K/home/ispaik06/robot_ws/src/ydlidar_ros2/sdk/include/v8stdint.h:240:24:[m[K [01;35m[Kwarning: [m[Kmissing initializer for member ‘[01m[Kstat::st_ino[m[K’ [[01;35m[K-Wmissing-field-initializers[m[K]
[2.140s]   240 |   struct stat info = {0[01;35m[K}[m[K;
[2.140s]       |                        [01;35m[K^[m[K
[2.140s] [01m[K/home/ispaik06/robot_ws/src/ydlidar_ros2/sdk/include/v8stdint.h:240:24:[m[K [01;35m[Kwarning: [m[Kmissing initializer for member ‘[01m[Kstat::st_nlink[m[K’ [[01;35m[K-Wmissing-field-initializers[m[K]
[2.140s] [01m[K/home/ispaik06/robot_ws/src/ydlidar_ros2/sdk/include/v8stdint.h:240:24:[m[K [01;35m[Kwarning: [m[Kmissing initializer for member ‘[01m[Kstat::st_mode[m[K’ [[01;35m[K-Wmissing-field-initializers[m[K]
[2.140s] [01m[K/home/ispaik06/robot_ws/src/ydlidar_ros2/sdk/include/v8stdint.h:240:24:[m[K [01;35m[Kwarning: [m[Kmissing initializer for member ‘[01m[Kstat::st_uid[m[K’ [[01;35m[K-Wmissing-field-initializers[m[K]
[2.140s] [01m[K/home/ispaik06/robot_ws/src/ydlidar_ros2/sdk/include/v8stdint.h:240:24:[m[K [01;35m[Kwarning: [m[Kmissing initializer for member ‘[01m[Kstat::st_gid[m[K’ [[01;35m[K-Wmissing-field-initializers[m[K]
[2.156s] [01m[K/home/ispaik06/robot_ws/src/ydlidar_ros2/sdk/include/v8stdint.h:240:24:[m[K [01;35m[Kwarning: [m[Kmissing initializer for member ‘[01m[Kstat::__pad0[m[K’ [[01;35m[K-Wmissing-field-initializers[m[K]
[2.156s] [01m[K/home/ispaik06/robot_ws/src/ydlidar_ros2/sdk/include/v8stdint.h:240:24:[m[K [01;35m[Kwarning: [m[Kmissing initializer for member ‘[01m[Kstat::st_rdev[m[K’ [[01;35m[K-Wmissing-field-initializers[m[K]
[2.156s] [01m[K/home/ispaik06/robot_ws/src/ydlidar_ros2/sdk/include/v8stdint.h:240:24:[m[K [01;35m[Kwarning: [m[Kmissing initializer for member ‘[01m[Kstat::st_size[m[K’ [[01;35m[K-Wmissing-field-initializers[m[K]
[2.156s] [01m[K/home/ispaik06/robot_ws/src/ydlidar_ros2/sdk/include/v8stdint.h:240:24:[m[K [01;35m[Kwarning: [m[Kmissing initializer for member ‘[01m[Kstat::st_blksize[m[K’ [[01;35m[K-Wmissing-field-initializers[m[K]
[2.156s] [01m[K/home/ispaik06/robot_ws/src/ydlidar_ros2/sdk/include/v8stdint.h:240:24:[m[K [01;35m[Kwarning: [m[Kmissing initializer for member ‘[01m[Kstat::st_blocks[m[K’ [[01;35m[K-Wmissing-field-initializers[m[K]
[2.156s] [01m[K/home/ispaik06/robot_ws/src/ydlidar_ros2/sdk/include/v8stdint.h:240:24:[m[K [01;35m[Kwarning: [m[Kmissing initializer for member ‘[01m[Kstat::st_atim[m[K’ [[01;35m[K-Wmissing-field-initializers[m[K]
[2.156s] [01m[K/home/ispaik06/robot_ws/src/ydlidar_ros2/sdk/include/v8stdint.h:240:24:[m[K [01;35m[Kwarning: [m[Kmissing initializer for member ‘[01m[Kstat::st_mtim[m[K’ [[01;35m[K-Wmissing-field-initializers[m[K]
[2.156s] [01m[K/home/ispaik06/robot_ws/src/ydlidar_ros2/sdk/include/v8stdint.h:240:24:[m[K [01;35m[Kwarning: [m[Kmissing initializer for member ‘[01m[Kstat::st_ctim[m[K’ [[01;35m[K-Wmissing-field-initializers[m[K]
[2.156s] [01m[K/home/ispaik06/robot_ws/src/ydlidar_ros2/sdk/include/v8stdint.h:240:24:[m[K [01;35m[Kwarning: [m[Kmissing initializer for member ‘[01m[Kstat::__glibc_reserved[m[K’ [[01;35m[K-Wmissing-field-initializers[m[K]
[2.201s] In file included from [01m[K/home/ispaik06/robot_ws/src/ydlidar_ros2/sdk/src/common.h:47[m[K,
[2.201s]                  from [01m[K/home/ispaik06/robot_ws/src/ydlidar_ros2/sdk/src/serial.cpp:12[m[K:
[2.201s] [01m[K/home/ispaik06/robot_ws/src/ydlidar_ros2/sdk/include/thread.h:[m[K In static member function ‘[01m[Kstatic Thread Thread::createThread(thread_proc_t, void*)[m[K’:
[2.201s] [01m[K/home/ispaik06/robot_ws/src/ydlidar_ros2/sdk/include/thread.h:43:76:[m[K [01;35m[Kwarning: [m[Kcast between incompatible function types from ‘[01m[Kthread_proc_t[m[K’ {aka ‘[01m[Klong unsigned int (*)(void*)[m[K’} to ‘[01m[Kvoid* (*)(void*)[m[K’ [[01;35m[K-Wcast-function-type[m[K]
[2.201s]    43 |     pthread_create((pthread_t *)&thread_._handle, NULL, (void *(*)(void *))[01;35m[Kproc[m[K,
[2.201s]       |                                                                            [01;35m[K^~~~[m[K
[2.212s] In file included from [01m[K/home/ispaik06/robot_ws/src/ydlidar_ros2/sdk/include/serial.h:9[m[K,
[2.212s]                  from [01m[K/home/ispaik06/robot_ws/src/ydlidar_ros2/sdk/src/impl/unix/list_ports_linux.cpp:26[m[K:
[2.212s] [01m[K/home/ispaik06/robot_ws/src/ydlidar_ros2/sdk/include/v8stdint.h:[m[K In function ‘[01m[Kbool ydlidar::fileExists(std::string)[m[K’:
[2.212s] [01m[K/home/ispaik06/robot_ws/src/ydlidar_ros2/sdk/include/v8stdint.h:240:24:[m[K [01;35m[Kwarning: [m[Kmissing initializer for member ‘[01m[Kstat::st_ino[m[K’ [[01;35m[K-Wmissing-field-initializers[m[K]
[2.212s]   240 |   struct stat info = {0[01;35m[K}[m[K;
[2.212s]       |                        [01;35m[K^[m[K
[2.212s] [01m[K/home/ispaik06/robot_ws/src/ydlidar_ros2/sdk/include/v8stdint.h:240:24:[m[K [01;35m[Kwarning: [m[Kmissing initializer for member ‘[01m[Kstat::st_nlink[m[K’ [[01;35m[K-Wmissing-field-initializers[m[K]
[2.212s] [01m[K/home/ispaik06/robot_ws/src/ydlidar_ros2/sdk/include/v8stdint.h:240:24:[m[K [01;35m[Kwarning: [m[Kmissing initializer for member ‘[01m[Kstat::st_mode[m[K’ [[01;35m[K-Wmissing-field-initializers[m[K]
[2.213s] [01m[K/home/ispaik06/robot_ws/src/ydlidar_ros2/sdk/include/v8stdint.h:240:24:[m[K [01;35m[Kwarning: [m[Kmissing initializer for member ‘[01m[Kstat::st_uid[m[K’ [[01;35m[K-Wmissing-field-initializers[m[K]
[2.213s] [01m[K/home/ispaik06/robot_ws/src/ydlidar_ros2/sdk/include/v8stdint.h:240:24:[m[K [01;35m[Kwarning: [m[Kmissing initializer for member ‘[01m[Kstat::st_gid[m[K’ [[01;35m[K-Wmissing-field-initializers[m[K]
[2.213s] [01m[K/home/ispaik06/robot_ws/src/ydlidar_ros2/sdk/include/v8stdint.h:240:24:[m[K [01;35m[Kwarning: [m[Kmissing initializer for member ‘[01m[Kstat::__pad0[m[K’ [[01;35m[K-Wmissing-field-initializers[m[K]
[2.213s] [01m[K/home/ispaik06/robot_ws/src/ydlidar_ros2/sdk/include/v8stdint.h:240:24:[m[K [01;35m[Kwarning: [m[Kmissing initializer for member ‘[01m[Kstat::st_rdev[m[K’ [[01;35m[K-Wmissing-field-initializers[m[K]
[2.213s] [01m[K/home/ispaik06/robot_ws/src/ydlidar_ros2/sdk/include/v8stdint.h:240:24:[m[K [01;35m[Kwarning: [m[Kmissing initializer for member ‘[01m[Kstat::st_size[m[K’ [[01;35m[K-Wmissing-field-initializers[m[K]
[2.213s] [01m[K/home/ispaik06/robot_ws/src/ydlidar_ros2/sdk/include/v8stdint.h:240:24:[m[K [01;35m[Kwarning: [m[Kmissing initializer for member ‘[01m[Kstat::st_blksize[m[K’ [[01;35m[K-Wmissing-field-initializers[m[K]
[2.213s] [01m[K/home/ispaik06/robot_ws/src/ydlidar_ros2/sdk/include/v8stdint.h:240:24:[m[K [01;35m[Kwarning: [m[Kmissing initializer for member ‘[01m[Kstat::st_blocks[m[K’ [[01;35m[K-Wmissing-field-initializers[m[K]
[2.213s] [01m[K/home/ispaik06/robot_ws/src/ydlidar_ros2/sdk/include/v8stdint.h:240:24:[m[K [01;35m[Kwarning: [m[Kmissing initializer for member ‘[01m[Kstat::st_atim[m[K’ [[01;35m[K-Wmissing-field-initializers[m[K]
[2.213s] [01m[K/home/ispaik06/robot_ws/src/ydlidar_ros2/sdk/include/v8stdint.h:240:24:[m[K [01;35m[Kwarning: [m[Kmissing initializer for member ‘[01m[Kstat::st_mtim[m[K’ [[01;35m[K-Wmissing-field-initializers[m[K]
[2.213s] [01m[K/home/ispaik06/robot_ws/src/ydlidar_ros2/sdk/include/v8stdint.h:240:24:[m[K [01;35m[Kwarning: [m[Kmissing initializer for member ‘[01m[Kstat::st_ctim[m[K’ [[01;35m[K-Wmissing-field-initializers[m[K]
[2.213s] [01m[K/home/ispaik06/robot_ws/src/ydlidar_ros2/sdk/include/v8stdint.h:240:24:[m[K [01;35m[Kwarning: [m[Kmissing initializer for member ‘[01m[Kstat::__glibc_reserved[m[K’ [[01;35m[K-Wmissing-field-initializers[m[K]
[2.219s] [01m[K/home/ispaik06/robot_ws/src/ydlidar_ros2/sdk/src/impl/unix/list_ports_linux.cpp:[m[K In function ‘[01m[Kstd::vector<std::__cxx11::basic_string<char> > glob(const std::vector<std::__cxx11::basic_string<char> >&)[m[K’:
[2.219s] [01m[K/home/ispaik06/robot_ws/src/ydlidar_ros2/sdk/src/impl/unix/list_ports_linux.cpp:58:7:[m[K [01;35m[Kwarning: [m[Kvariable ‘[01m[Kglob_retval[m[K’ set but not used [[01;35m[K-Wunused-but-set-variable[m[K]
[2.219s]    58 |   int [01;35m[Kglob_retval[m[K = glob(patterns[0].c_str(), 0, NULL, &glob_results);
[2.219s]       |       [01;35m[K^~~~~~~~~~~[m[K
[3.274s] In file included from [01m[K/home/ispaik06/robot_ws/src/ydlidar_ros2/sdk/include/serial.h:9[m[K,
[3.274s]                  from [01m[K/home/ispaik06/robot_ws/src/ydlidar_ros2/sdk/include/ydlidar_driver.h:54[m[K,
[3.274s]                  from [01m[K/home/ispaik06/robot_ws/src/ydlidar_ros2/sdk/include/CYdLidar.h:36[m[K,
[3.274s]                  from [01m[K/home/ispaik06/robot_ws/src/ydlidar_ros2/src/ydlidar_node.cpp:26[m[K:
[3.274s] [01m[K/home/ispaik06/robot_ws/src/ydlidar_ros2/sdk/include/v8stdint.h:[m[K In function ‘[01m[Kbool ydlidar::fileExists(std::string)[m[K’:
[3.274s] [01m[K/home/ispaik06/robot_ws/src/ydlidar_ros2/sdk/include/v8stdint.h:240:24:[m[K [01;35m[Kwarning: [m[Kmissing initializer for member ‘[01m[Kstat::st_ino[m[K’ [[01;35m[K-Wmissing-field-initializers[m[K]
[3.274s]   240 |   struct stat info = {0[01;35m[K}[m[K;
[3.274s]       |                        [01;35m[K^[m[K
[3.274s] [01m[K/home/ispaik06/robot_ws/src/ydlidar_ros2/sdk/include/v8stdint.h:240:24:[m[K [01;35m[Kwarning: [m[Kmissing initializer for member ‘[01m[Kstat::st_nlink[m[K’ [[01;35m[K-Wmissing-field-initializers[m[K]
[3.274s] [01m[K/home/ispaik06/robot_ws/src/ydlidar_ros2/sdk/include/v8stdint.h:240:24:[m[K [01;35m[Kwarning: [m[Kmissing initializer for member ‘[01m[Kstat::st_mode[m[K’ [[01;35m[K-Wmissing-field-initializers[m[K]
[3.274s] [01m[K/home/ispaik06/robot_ws/src/ydlidar_ros2/sdk/include/v8stdint.h:240:24:[m[K [01;35m[Kwarning: [m[Kmissing initializer for member ‘[01m[Kstat::st_uid[m[K’ [[01;35m[K-Wmissing-field-initializers[m[K]
[3.274s] [01m[K/home/ispaik06/robot_ws/src/ydlidar_ros2/sdk/include/v8stdint.h:240:24:[m[K [01;35m[Kwarning: [m[Kmissing initializer for member ‘[01m[Kstat::st_gid[m[K’ [[01;35m[K-Wmissing-field-initializers[m[K]
[3.274s] [01m[K/home/ispaik06/robot_ws/src/ydlidar_ros2/sdk/include/v8stdint.h:240:24:[m[K [01;35m[Kwarning: [m[Kmissing initializer for member ‘[01m[Kstat::__pad0[m[K’ [[01;35m[K-Wmissing-field-initializers[m[K]
[3.274s] [01m[K/home/ispaik06/robot_ws/src/ydlidar_ros2/sdk/include/v8stdint.h:240:24:[m[K [01;35m[Kwarning: [m[Kmissing initializer for member ‘[01m[Kstat::st_rdev[m[K’ [[01;35m[K-Wmissing-field-initializers[m[K]
[3.274s] [01m[K/home/ispaik06/robot_ws/src/ydlidar_ros2/sdk/include/v8stdint.h:240:24:[m[K [01;35m[Kwarning: [m[Kmissing initializer for member ‘[01m[Kstat::st_size[m[K’ [[01;35m[K-Wmissing-field-initializers[m[K]
[3.274s] [01m[K/home/ispaik06/robot_ws/src/ydlidar_ros2/sdk/include/v8stdint.h:240:24:[m[K [01;35m[Kwarning: [m[Kmissing initializer for member ‘[01m[Kstat::st_blksize[m[K’ [[01;35m[K-Wmissing-field-initializers[m[K]
[3.275s] [01m[K/home/ispaik06/robot_ws/src/ydlidar_ros2/sdk/include/v8stdint.h:240:24:[m[K [01;35m[Kwarning: [m[Kmissing initializer for member ‘[01m[Kstat::st_blocks[m[K’ [[01;35m[K-Wmissing-field-initializers[m[K]
[3.275s] [01m[K/home/ispaik06/robot_ws/src/ydlidar_ros2/sdk/include/v8stdint.h:240:24:[m[K [01;35m[Kwarning: [m[Kmissing initializer for member ‘[01m[Kstat::st_atim[m[K’ [[01;35m[K-Wmissing-field-initializers[m[K]
[3.275s] [01m[K/home/ispaik06/robot_ws/src/ydlidar_ros2/sdk/include/v8stdint.h:240:24:[m[K [01;35m[Kwarning: [m[Kmissing initializer for member ‘[01m[Kstat::st_mtim[m[K’ [[01;35m[K-Wmissing-field-initializers[m[K]
[3.275s] [01m[K/home/ispaik06/robot_ws/src/ydlidar_ros2/sdk/include/v8stdint.h:240:24:[m[K [01;35m[Kwarning: [m[Kmissing initializer for member ‘[01m[Kstat::st_ctim[m[K’ [[01;35m[K-Wmissing-field-initializers[m[K]
[3.275s] [01m[K/home/ispaik06/robot_ws/src/ydlidar_ros2/sdk/include/v8stdint.h:240:24:[m[K [01;35m[Kwarning: [m[Kmissing initializer for member ‘[01m[Kstat::__glibc_reserved[m[K’ [[01;35m[K-Wmissing-field-initializers[m[K]
[3.276s] In file included from [01m[K/home/ispaik06/robot_ws/src/ydlidar_ros2/sdk/include/ydlidar_driver.h:56[m[K,
[3.276s]                  from [01m[K/home/ispaik06/robot_ws/src/ydlidar_ros2/sdk/include/CYdLidar.h:36[m[K,
[3.276s]                  from [01m[K/home/ispaik06/robot_ws/src/ydlidar_ros2/src/ydlidar_node.cpp:26[m[K:
[3.276s] [01m[K/home/ispaik06/robot_ws/src/ydlidar_ros2/sdk/include/thread.h:[m[K In static member function ‘[01m[Kstatic Thread Thread::createThread(thread_proc_t, void*)[m[K’:
[3.276s] [01m[K/home/ispaik06/robot_ws/src/ydlidar_ros2/sdk/include/thread.h:43:76:[m[K [01;35m[Kwarning: [m[Kcast between incompatible function types from ‘[01m[Kthread_proc_t[m[K’ {aka ‘[01m[Klong unsigned int (*)(void*)[m[K’} to ‘[01m[Kvoid* (*)(void*)[m[K’ [[01;35m[K-Wcast-function-type[m[K]
[3.276s]    43 |     pthread_create((pthread_t *)&thread_._handle, NULL, (void *(*)(void *))[01;35m[Kproc[m[K,
[3.276s]       |                                                                            [01;35m[K^~~~[m[K
[3.279s] In file included from [01m[K/home/ispaik06/robot_ws/src/ydlidar_ros2/sdk/include/ydlidar_driver.h:58[m[K,
[3.279s]                  from [01m[K/home/ispaik06/robot_ws/src/ydlidar_ros2/sdk/include/CYdLidar.h:36[m[K,
[3.280s]                  from [01m[K/home/ispaik06/robot_ws/src/ydlidar_ros2/src/ydlidar_node.cpp:26[m[K:
[3.280s] [01m[K/home/ispaik06/robot_ws/src/ydlidar_ros2/sdk/include/help_info.h:[m[K In function ‘[01m[Kbool ydlidar::isSupportMotorCtrl(int)[m[K’:
[3.280s] [01m[K/home/ispaik06/robot_ws/src/ydlidar_ros2/sdk/include/help_info.h:414:8:[m[K [01;35m[Kwarning: [m[Kvariable ‘[01m[Kret[m[K’ set but not used [[01;35m[K-Wunused-but-set-variable[m[K]
[3.280s]   414 |   bool [01;35m[Kret[m[K = false;
[3.280s]       |        [01;35m[K^~~[m[K
[3.293s] [01m[K/home/ispaik06/robot_ws/src/ydlidar_ros2/src/ydlidar_node.cpp:[m[K In function ‘[01m[Kint main(int, char**)[m[K’:
[3.293s] [01m[K/home/ispaik06/robot_ws/src/ydlidar_ros2/src/ydlidar_node.cpp:208:22:[m[K [01;35m[Kwarning: [m[Kcomparison of integer expressions of different signedness: ‘[01m[Kint[m[K’ and ‘[01m[Kstd::vector<LaserPoint>::size_type[m[K’ {aka ‘[01m[Klong unsigned int[m[K’} [[01;35m[K-Wsign-compare[m[K]
[3.293s]   208 |       for(int i=0; [01;35m[Ki < scan.points.size()[m[K; i++) {
[3.293s]       |                    [01;35m[K~~^~~~~~~~~~~~~~~~~~~~[m[K
[4.464s] [ 90%] [32m[1mLinking CXX executable ydlidar_node[0m
[4.589s] [ 90%] Built target ydlidar_node
[5.283s] [100%] [32m[1mLinking CXX executable ydlidar_client[0m
[5.428s] [100%] Built target ydlidar_client
[5.437s] Invoked command in '/home/ispaik06/robot_ws/build/ydlidar' returned '0': CMAKE_PREFIX_PATH=/opt/ros/foxy /usr/bin/cmake --build /home/ispaik06/robot_ws/build/ydlidar -- -j12 -l12
[5.461s] Invoking command in '/home/ispaik06/robot_ws/build/ydlidar': CMAKE_PREFIX_PATH=/opt/ros/foxy /usr/bin/cmake --install /home/ispaik06/robot_ws/build/ydlidar
[5.467s] -- Install configuration: ""
[5.467s] -- Installing: /home/ispaik06/robot_ws/install/ydlidar/lib/ydlidar/ydlidar_node
[5.468s] -- Set runtime path of "/home/ispaik06/robot_ws/install/ydlidar/lib/ydlidar/ydlidar_node" to ""
[5.468s] -- Installing: /home/ispaik06/robot_ws/install/ydlidar/lib/ydlidar/ydlidar_client
[5.469s] -- Set runtime path of "/home/ispaik06/robot_ws/install/ydlidar/lib/ydlidar/ydlidar_client" to ""
[5.469s] -- Installing: /home/ispaik06/robot_ws/install/ydlidar/share/ydlidar/launch
[5.469s] -- Installing: /home/ispaik06/robot_ws/install/ydlidar/share/ydlidar/launch/ydlidar_launch.py
[5.469s] -- Installing: /home/ispaik06/robot_ws/install/ydlidar/share/ydlidar/launch/ydlidar.py
[5.469s] -- Installing: /home/ispaik06/robot_ws/install/ydlidar/share/ydlidar/params
[5.469s] -- Installing: /home/ispaik06/robot_ws/install/ydlidar/share/ydlidar/params/ydlidar.yaml
[5.469s] -- Installing: /home/ispaik06/robot_ws/install/ydlidar/share/ydlidar/startup
[5.469s] -- Installing: /home/ispaik06/robot_ws/install/ydlidar/share/ydlidar/startup/initenv.sh
[5.469s] -- Installing: /home/ispaik06/robot_ws/install/ydlidar/share/ament_index/resource_index/package_run_dependencies/ydlidar
[5.470s] -- Installing: /home/ispaik06/robot_ws/install/ydlidar/share/ament_index/resource_index/parent_prefix_path/ydlidar
[5.470s] -- Installing: /home/ispaik06/robot_ws/install/ydlidar/share/ydlidar/environment/ament_prefix_path.sh
[5.470s] -- Installing: /home/ispaik06/robot_ws/install/ydlidar/share/ydlidar/environment/ament_prefix_path.dsv
[5.470s] -- Installing: /home/ispaik06/robot_ws/install/ydlidar/share/ydlidar/environment/path.sh
[5.470s] -- Installing: /home/ispaik06/robot_ws/install/ydlidar/share/ydlidar/environment/path.dsv
[5.470s] -- Installing: /home/ispaik06/robot_ws/install/ydlidar/share/ydlidar/local_setup.bash
[5.470s] -- Installing: /home/ispaik06/robot_ws/install/ydlidar/share/ydlidar/local_setup.sh
[5.470s] -- Installing: /home/ispaik06/robot_ws/install/ydlidar/share/ydlidar/local_setup.zsh
[5.470s] -- Installing: /home/ispaik06/robot_ws/install/ydlidar/share/ydlidar/local_setup.dsv
[5.470s] -- Installing: /home/ispaik06/robot_ws/install/ydlidar/share/ydlidar/package.dsv
[5.470s] -- Installing: /home/ispaik06/robot_ws/install/ydlidar/share/ament_index/resource_index/packages/ydlidar
[5.470s] -- Installing: /home/ispaik06/robot_ws/install/ydlidar/share/ydlidar/cmake/ydlidarConfig.cmake
[5.470s] -- Installing: /home/ispaik06/robot_ws/install/ydlidar/share/ydlidar/cmake/ydlidarConfig-version.cmake
[5.470s] -- Installing: /home/ispaik06/robot_ws/install/ydlidar/share/ydlidar/package.xml
[5.471s] Invoked command in '/home/ispaik06/robot_ws/build/ydlidar' returned '0': CMAKE_PREFIX_PATH=/opt/ros/foxy /usr/bin/cmake --install /home/ispaik06/robot_ws/build/ydlidar
