[0.247s] Invoking command in '/home/ispaik06/robot_ws/build/articubot_one': CMAKE_PREFIX_PATH=/opt/ros/foxy /usr/bin/cmake /home/ispaik06/robot_ws/src/articubot_one -DCMAKE_INSTALL_PREFIX=/home/ispaik06/robot_ws/install/articubot_one
[0.283s] -- The C compiler identification is GNU 9.4.0
[0.317s] -- The CXX compiler identification is GNU 9.4.0
[0.320s] -- Check for working C compiler: /usr/bin/cc
[0.364s] -- Check for working C compiler: /usr/bin/cc -- works
[0.364s] -- Detecting C compiler ABI info
[0.408s] -- Detecting C compiler ABI info - done
[0.418s] -- Detecting C compile features
[0.418s] -- Detecting C compile features - done
[0.419s] -- Check for working CXX compiler: /usr/bin/c++
[0.468s] -- Check for working CXX compiler: /usr/bin/c++ -- works
[0.469s] -- Detecting CXX compiler ABI info
[0.519s] -- Detecting CXX compiler ABI info - done
[0.528s] -- Detecting CXX compile features
[0.528s] -- Detecting CXX compile features - done
[0.529s] -- Found ament_cmake: 0.9.12 (/opt/ros/foxy/share/ament_cmake/cmake)
[0.545s] -- Found PythonInterp: /usr/bin/python3 (found suitable version "3.8.10", minimum required is "3") 
[0.545s] -- Using PYTHON_EXECUTABLE: /usr/bin/python3
[0.665s] -- Found ament_lint_auto: 0.9.8 (/opt/ros/foxy/share/ament_lint_auto/cmake)
[0.723s] -- Added test 'copyright' to check source files copyright and LICENSE
[0.725s] -- Added test 'flake8' to check Python code syntax and style conventions
[0.725s] -- Added test 'lint_cmake' to check CMake code style
[0.728s] -- Added test 'pep257' to check Python code against some of the style conventions in PEP 257
[0.728s] -- Added test 'xmllint' to check XML markup files
[0.728s] -- Configuring done
[0.732s] -- Generating done
[0.733s] -- Build files have been written to: /home/ispaik06/robot_ws/build/articubot_one
[0.733s] Invoked command in '/home/ispaik06/robot_ws/build/articubot_one' returned '0': CMAKE_PREFIX_PATH=/opt/ros/foxy /usr/bin/cmake /home/ispaik06/robot_ws/src/articubot_one -DCMAKE_INSTALL_PREFIX=/home/ispaik06/robot_ws/install/articubot_one
[0.735s] Invoking command in '/home/ispaik06/robot_ws/build/articubot_one': CMAKE_PREFIX_PATH=/opt/ros/foxy /usr/bin/cmake --build /home/ispaik06/robot_ws/build/articubot_one -- -j12 -l12
[0.757s] Invoked command in '/home/ispaik06/robot_ws/build/articubot_one' returned '0': CMAKE_PREFIX_PATH=/opt/ros/foxy /usr/bin/cmake --build /home/ispaik06/robot_ws/build/articubot_one -- -j12 -l12
[0.778s] Invoking command in '/home/ispaik06/robot_ws/build/articubot_one': CMAKE_PREFIX_PATH=/opt/ros/foxy /usr/bin/cmake --install /home/ispaik06/robot_ws/build/articubot_one
[0.783s] -- Install configuration: ""
[0.783s] -- Installing: /home/ispaik06/robot_ws/install/articubot_one/share/articubot_one/config
[0.783s] -- Installing: /home/ispaik06/robot_ws/install/articubot_one/share/articubot_one/config/ball_tracker_params_sim.yaml
[0.783s] -- Installing: /home/ispaik06/robot_ws/install/articubot_one/share/articubot_one/config/gaz_ros2_ctl_use_sim.yaml
[0.783s] -- Installing: /home/ispaik06/robot_ws/install/articubot_one/share/articubot_one/config/drive_bot.rviz
[0.783s] -- Installing: /home/ispaik06/robot_ws/install/articubot_one/share/articubot_one/config/nav2_params.yaml
[0.783s] -- Installing: /home/ispaik06/robot_ws/install/articubot_one/share/articubot_one/config/joystick.yaml
[0.783s] -- Installing: /home/ispaik06/robot_ws/install/articubot_one/share/articubot_one/config/ball_tracker_params_robot.yaml
[0.784s] -- Installing: /home/ispaik06/robot_ws/install/articubot_one/share/articubot_one/config/empty.yaml
[0.784s] -- Installing: /home/ispaik06/robot_ws/install/articubot_one/share/articubot_one/config/my_controllers.yaml
[0.784s] -- Installing: /home/ispaik06/robot_ws/install/articubot_one/share/articubot_one/config/gazebo_params.yaml
[0.784s] -- Installing: /home/ispaik06/robot_ws/install/articubot_one/share/articubot_one/config/view_bot.rviz
[0.784s] -- Installing: /home/ispaik06/robot_ws/install/articubot_one/share/articubot_one/config/twist_mux.yaml
[0.784s] -- Installing: /home/ispaik06/robot_ws/install/articubot_one/share/articubot_one/config/mapper_params_online_async.yaml
[0.784s] -- Installing: /home/ispaik06/robot_ws/install/articubot_one/share/articubot_one/config/main.rviz
[0.784s] -- Installing: /home/ispaik06/robot_ws/install/articubot_one/share/articubot_one/config/map.rviz
[0.784s] -- Installing: /home/ispaik06/robot_ws/install/articubot_one/share/articubot_one/description
[0.784s] -- Installing: /home/ispaik06/robot_ws/install/articubot_one/share/articubot_one/description/lidar.xacro
[0.784s] -- Installing: /home/ispaik06/robot_ws/install/articubot_one/share/articubot_one/description/camera.xacro
[0.784s] -- Installing: /home/ispaik06/robot_ws/install/articubot_one/share/articubot_one/description/ros2_control.xacro
[0.784s] -- Installing: /home/ispaik06/robot_ws/install/articubot_one/share/articubot_one/description/inertial_macros.xacro
[0.784s] -- Installing: /home/ispaik06/robot_ws/install/articubot_one/share/articubot_one/description/robot_core.xacro
[0.784s] -- Installing: /home/ispaik06/robot_ws/install/articubot_one/share/articubot_one/description/face.xacro
[0.784s] -- Installing: /home/ispaik06/robot_ws/install/articubot_one/share/articubot_one/description/depth_camera.xacro
[0.784s] -- Installing: /home/ispaik06/robot_ws/install/articubot_one/share/articubot_one/description/gazebo_control.xacro
[0.784s] -- Installing: /home/ispaik06/robot_ws/install/articubot_one/share/articubot_one/description/robot.urdf.xacro
[0.784s] -- Installing: /home/ispaik06/robot_ws/install/articubot_one/share/articubot_one/launch
[0.784s] -- Installing: /home/ispaik06/robot_ws/install/articubot_one/share/articubot_one/launch/rplidar.launch.py
[0.784s] -- Installing: /home/ispaik06/robot_ws/install/articubot_one/share/articubot_one/launch/rsp.launch.py
[0.784s] -- Installing: /home/ispaik06/robot_ws/install/articubot_one/share/articubot_one/launch/joystick.launch.py
[0.784s] -- Installing: /home/ispaik06/robot_ws/install/articubot_one/share/articubot_one/launch/camera.launch.py
[0.784s] -- Installing: /home/ispaik06/robot_ws/install/articubot_one/share/articubot_one/launch/localization_launch.py
[0.784s] -- Installing: /home/ispaik06/robot_ws/install/articubot_one/share/articubot_one/launch/navigation_launch.py
[0.784s] -- Installing: /home/ispaik06/robot_ws/install/articubot_one/share/articubot_one/launch/launch_sim.launch.py
[0.784s] -- Installing: /home/ispaik06/robot_ws/install/articubot_one/share/articubot_one/launch/online_async_launch.py
[0.784s] -- Installing: /home/ispaik06/robot_ws/install/articubot_one/share/articubot_one/launch/ball_tracker.launch.py
[0.785s] -- Installing: /home/ispaik06/robot_ws/install/articubot_one/share/articubot_one/launch/launch_robot.launch.py
[0.785s] -- Installing: /home/ispaik06/robot_ws/install/articubot_one/share/articubot_one/worlds
[0.785s] -- Installing: /home/ispaik06/robot_ws/install/articubot_one/share/articubot_one/worlds/obstacles.world
[0.785s] -- Installing: /home/ispaik06/robot_ws/install/articubot_one/share/articubot_one/worlds/empty.world
[0.785s] -- Installing: /home/ispaik06/robot_ws/install/articubot_one/share/ament_index/resource_index/package_run_dependencies/articubot_one
[0.785s] -- Installing: /home/ispaik06/robot_ws/install/articubot_one/share/ament_index/resource_index/parent_prefix_path/articubot_one
[0.785s] -- Installing: /home/ispaik06/robot_ws/install/articubot_one/share/articubot_one/environment/ament_prefix_path.sh
[0.785s] -- Installing: /home/ispaik06/robot_ws/install/articubot_one/share/articubot_one/environment/ament_prefix_path.dsv
[0.785s] -- Installing: /home/ispaik06/robot_ws/install/articubot_one/share/articubot_one/environment/path.sh
[0.785s] -- Installing: /home/ispaik06/robot_ws/install/articubot_one/share/articubot_one/environment/path.dsv
[0.785s] -- Installing: /home/ispaik06/robot_ws/install/articubot_one/share/articubot_one/local_setup.bash
[0.785s] -- Installing: /home/ispaik06/robot_ws/install/articubot_one/share/articubot_one/local_setup.sh
[0.785s] -- Installing: /home/ispaik06/robot_ws/install/articubot_one/share/articubot_one/local_setup.zsh
[0.785s] -- Installing: /home/ispaik06/robot_ws/install/articubot_one/share/articubot_one/local_setup.dsv
[0.785s] -- Installing: /home/ispaik06/robot_ws/install/articubot_one/share/articubot_one/package.dsv
[0.785s] -- Installing: /home/ispaik06/robot_ws/install/articubot_one/share/ament_index/resource_index/packages/articubot_one
[0.785s] -- Installing: /home/ispaik06/robot_ws/install/articubot_one/share/articubot_one/cmake/articubot_oneConfig.cmake
[0.785s] -- Installing: /home/ispaik06/robot_ws/install/articubot_one/share/articubot_one/cmake/articubot_oneConfig-version.cmake
[0.785s] -- Installing: /home/ispaik06/robot_ws/install/articubot_one/share/articubot_one/package.xml
[0.915s] Invoked command in '/home/ispaik06/robot_ws/build/articubot_one' returned '0': CMAKE_PREFIX_PATH=/opt/ros/foxy /usr/bin/cmake --install /home/ispaik06/robot_ws/build/articubot_one
