[0.480s] Invoking command in '/home/ispaik06/robot_ws/build/urdf_example': CMAKE_PREFIX_PATH=${CMAKE_PREFIX_PATH}:/home/ispaik06/robot_ws/install/joy_tester:/opt/ros/foxy /usr/bin/cmake --build /home/ispaik06/robot_ws/build/urdf_example -- -j12 -l12
[0.512s] Invoked command in '/home/ispaik06/robot_ws/build/urdf_example' returned '0': CMAKE_PREFIX_PATH=${CMAKE_PREFIX_PATH}:/home/ispaik06/robot_ws/install/joy_tester:/opt/ros/foxy /usr/bin/cmake --build /home/ispaik06/robot_ws/build/urdf_example -- -j12 -l12
[0.541s] Invoking command in '/home/ispaik06/robot_ws/build/urdf_example': CMAKE_PREFIX_PATH=${CMAKE_PREFIX_PATH}:/home/ispaik06/robot_ws/install/joy_tester:/opt/ros/foxy /usr/bin/cmake --install /home/ispaik06/robot_ws/build/urdf_example
[0.556s] -- Install configuration: ""
[0.557s] -- Up-to-date: /home/ispaik06/robot_ws/install/urdf_example/share/urdf_example/description
[0.558s] -- Up-to-date: /home/ispaik06/robot_ws/install/urdf_example/share/urdf_example/description/example_include.xacro
[0.560s] -- Up-to-date: /home/ispaik06/robot_ws/install/urdf_example/share/urdf_example/description/example_gazebo.xacro
[0.561s] -- Up-to-date: /home/ispaik06/robot_ws/install/urdf_example/share/urdf_example/description/example_robot.urdf.xacro
[0.563s] -- Up-to-date: /home/ispaik06/robot_ws/install/urdf_example/share/urdf_example/launch
[0.563s] -- Up-to-date: /home/ispaik06/robot_ws/install/urdf_example/share/urdf_example/launch/rsp_sim.launch.py
[0.563s] -- Up-to-date: /home/ispaik06/robot_ws/install/urdf_example/share/urdf_example/launch/rsp.launch.py
[0.563s] -- Up-to-date: /home/ispaik06/robot_ws/install/urdf_example/share/urdf_example/worlds
[0.563s] -- Up-to-date: /home/ispaik06/robot_ws/install/urdf_example/share/urdf_example/worlds/test_world.world
[0.570s] -- Up-to-date: /home/ispaik06/robot_ws/install/urdf_example/share/ament_index/resource_index/package_run_dependencies/urdf_example
[0.570s] -- Up-to-date: /home/ispaik06/robot_ws/install/urdf_example/share/ament_index/resource_index/parent_prefix_path/urdf_example
[0.570s] -- Up-to-date: /home/ispaik06/robot_ws/install/urdf_example/share/urdf_example/environment/ament_prefix_path.sh
[0.570s] -- Up-to-date: /home/ispaik06/robot_ws/install/urdf_example/share/urdf_example/environment/ament_prefix_path.dsv
[0.570s] -- Up-to-date: /home/ispaik06/robot_ws/install/urdf_example/share/urdf_example/environment/path.sh
[0.570s] -- Up-to-date: /home/ispaik06/robot_ws/install/urdf_example/share/urdf_example/environment/path.dsv
[0.570s] -- Up-to-date: /home/ispaik06/robot_ws/install/urdf_example/share/urdf_example/local_setup.bash
[0.571s] -- Up-to-date: /home/ispaik06/robot_ws/install/urdf_example/share/urdf_example/local_setup.sh
[0.571s] -- Up-to-date: /home/ispaik06/robot_ws/install/urdf_example/share/urdf_example/local_setup.zsh
[0.571s] -- Up-to-date: /home/ispaik06/robot_ws/install/urdf_example/share/urdf_example/local_setup.dsv
[0.571s] -- Installing: /home/ispaik06/robot_ws/install/urdf_example/share/urdf_example/package.dsv
[0.571s] -- Up-to-date: /home/ispaik06/robot_ws/install/urdf_example/share/ament_index/resource_index/packages/urdf_example
[0.571s] -- Up-to-date: /home/ispaik06/robot_ws/install/urdf_example/share/urdf_example/cmake/urdf_exampleConfig.cmake
[0.571s] -- Up-to-date: /home/ispaik06/robot_ws/install/urdf_example/share/urdf_example/cmake/urdf_exampleConfig-version.cmake
[0.571s] -- Up-to-date: /home/ispaik06/robot_ws/install/urdf_example/share/urdf_example/package.xml
[0.572s] Invoked command in '/home/ispaik06/robot_ws/build/urdf_example' returned '0': CMAKE_PREFIX_PATH=${CMAKE_PREFIX_PATH}:/home/ispaik06/robot_ws/install/joy_tester:/opt/ros/foxy /usr/bin/cmake --install /home/ispaik06/robot_ws/build/urdf_example
