[0.565s] Invoking command in '/home/ispaik06/robot_ws/build/serial': CMAKE_PREFIX_PATH=${CMAKE_PREFIX_PATH}:/home/ispaik06/robot_ws/install/joy_tester:/opt/ros/foxy /usr/bin/cmake /home/ispaik06/robot_ws/src/serial -DAMENT_CMAKE_SYMLINK_INSTALL=1 -DCMAKE_INSTALL_PREFIX=/home/ispaik06/robot_ws/install/serial
[0.795s] -- Found ament_cmake: 0.9.12 (/opt/ros/foxy/share/ament_cmake/cmake)
[0.796s] -- Using PYTHON_EXECUTABLE: /usr/bin/python3
[0.796s] -- Override CMake install command with custom implementation using symlinks instead of copying resources
[0.797s] -- Found ament_cmake_gtest: 0.9.12 (/opt/ros/foxy/share/ament_cmake_gtest/cmake)
[0.797s] -- Found gtest sources under '/opt/ros/foxy/src/gtest_vendor': C++ tests using 'Google Test' will be built
[0.797s] -- Configuring done
[0.797s] -- Generating done
[0.798s] -- Build files have been written to: /home/ispaik06/robot_ws/build/serial
[0.809s] Invoked command in '/home/ispaik06/robot_ws/build/serial' returned '0': CMAKE_PREFIX_PATH=${CMAKE_PREFIX_PATH}:/home/ispaik06/robot_ws/install/joy_tester:/opt/ros/foxy /usr/bin/cmake /home/ispaik06/robot_ws/src/serial -DAMENT_CMAKE_SYMLINK_INSTALL=1 -DCMAKE_INSTALL_PREFIX=/home/ispaik06/robot_ws/install/serial
[0.809s] Invoking command in '/home/ispaik06/robot_ws/build/serial': CMAKE_PREFIX_PATH=${CMAKE_PREFIX_PATH}:/home/ispaik06/robot_ws/install/joy_tester:/opt/ros/foxy /usr/bin/cmake --build /home/ispaik06/robot_ws/build/serial -- -j12 -l12
[0.852s] [ 28%] Built target gtest_main
[0.853s] [ 28%] Built target gtest
[0.857s] [ 57%] Built target serial
[0.887s] [ 71%] Built target serial_example
[0.888s] [ 85%] Built target serial-test
[0.905s] [100%] Built target serial-test-timer
[0.915s] Invoked command in '/home/ispaik06/robot_ws/build/serial' returned '0': CMAKE_PREFIX_PATH=${CMAKE_PREFIX_PATH}:/home/ispaik06/robot_ws/install/joy_tester:/opt/ros/foxy /usr/bin/cmake --build /home/ispaik06/robot_ws/build/serial -- -j12 -l12
[0.960s] Invoking command in '/home/ispaik06/robot_ws/build/serial': CMAKE_PREFIX_PATH=${CMAKE_PREFIX_PATH}:/home/ispaik06/robot_ws/install/joy_tester:/opt/ros/foxy /usr/bin/cmake --install /home/ispaik06/robot_ws/build/serial
[0.968s] -- Install configuration: ""
[0.969s] -- Execute custom install script
[0.969s] -- Symlinking: /home/ispaik06/robot_ws/install/serial/lib/libserial.a
[0.977s] -- Symlinking: /home/ispaik06/robot_ws/install/serial/include/serial/serial.h
[0.983s] -- Symlinking: /home/ispaik06/robot_ws/install/serial/include/serial/v8stdint.h
[0.995s] -- Symlinking: /home/ispaik06/robot_ws/install/serial/share/serial/environment/library_path.sh
[0.996s] -- Symlinking: /home/ispaik06/robot_ws/install/serial/share/serial/environment/library_path.dsv
[1.004s] -- Symlinking: /home/ispaik06/robot_ws/install/serial/share/ament_index/resource_index/package_run_dependencies/serial
[1.010s] -- Symlinking: /home/ispaik06/robot_ws/install/serial/share/ament_index/resource_index/parent_prefix_path/serial
[1.017s] -- Symlinking: /home/ispaik06/robot_ws/install/serial/share/serial/environment/ament_prefix_path.sh
[1.023s] -- Symlinking: /home/ispaik06/robot_ws/install/serial/share/serial/environment/ament_prefix_path.dsv
[1.030s] -- Symlinking: /home/ispaik06/robot_ws/install/serial/share/serial/environment/path.sh
[1.036s] -- Symlinking: /home/ispaik06/robot_ws/install/serial/share/serial/environment/path.dsv
[1.043s] -- Symlinking: /home/ispaik06/robot_ws/install/serial/share/serial/local_setup.bash
[1.049s] -- Symlinking: /home/ispaik06/robot_ws/install/serial/share/serial/local_setup.sh
[1.055s] -- Symlinking: /home/ispaik06/robot_ws/install/serial/share/serial/local_setup.zsh
[1.061s] -- Symlinking: /home/ispaik06/robot_ws/install/serial/share/serial/local_setup.dsv
[1.067s] -- Symlinking: /home/ispaik06/robot_ws/install/serial/share/serial/package.dsv
[1.073s] -- Symlinking: /home/ispaik06/robot_ws/install/serial/share/ament_index/resource_index/packages/serial
[1.080s] -- Symlinking: /home/ispaik06/robot_ws/install/serial/share/serial/cmake/ament_cmake_export_include_directories-extras.cmake
[1.087s] -- Symlinking: /home/ispaik06/robot_ws/install/serial/share/serial/cmake/ament_cmake_export_libraries-extras.cmake
[1.095s] -- Symlinking: /home/ispaik06/robot_ws/install/serial/share/serial/cmake/serialConfig.cmake
[1.101s] -- Symlinking: /home/ispaik06/robot_ws/install/serial/share/serial/cmake/serialConfig-version.cmake
[1.107s] -- Symlinking: /home/ispaik06/robot_ws/install/serial/share/serial/package.xml
[1.141s] Invoked command in '/home/ispaik06/robot_ws/build/serial' returned '0': CMAKE_PREFIX_PATH=${CMAKE_PREFIX_PATH}:/home/ispaik06/robot_ws/install/joy_tester:/opt/ros/foxy /usr/bin/cmake --install /home/ispaik06/robot_ws/build/serial
