[0.518s] Invoking command in '/home/ispaik06/robot_ws/build/serial_motor_demo_msgs': CMAKE_PREFIX_PATH=${CMAKE_PREFIX_PATH}:/home/ispaik06/robot_ws/install/serial_motor_demo:/home/ispaik06/robot_ws/install/joy_tester:/opt/ros/foxy /usr/bin/cmake --build /home/ispaik06/robot_ws/build/serial_motor_demo_msgs -- -j12 -l12
[0.783s] [  2%] Built target serial_motor_demo_msgs__cpp
[0.783s] [ 12%] Built target serial_motor_demo_msgs__rosidl_generator_c
[0.784s] [ 23%] Built target serial_motor_demo_msgs__rosidl_typesupport_cpp
[0.784s] [ 34%] Built target serial_motor_demo_msgs__rosidl_typesupport_introspection_cpp
[0.786s] [ 44%] Built target serial_motor_demo_msgs__rosidl_typesupport_c
[0.787s] [ 55%] Built target serial_motor_demo_msgs__rosidl_typesupport_fastrtps_cpp
[0.788s] [ 65%] Built target serial_motor_demo_msgs__rosidl_typesupport_introspection_c
[0.790s] [ 76%] Built target serial_motor_demo_msgs__rosidl_typesupport_fastrtps_c
[0.790s] [ 76%] Built target serial_motor_demo_msgs
[0.790s] [ 78%] Built target serial_motor_demo_msgs__py
[0.791s] [ 87%] Built target serial_motor_demo_msgs__python
[0.794s] [ 95%] Built target serial_motor_demo_msgs__rosidl_typesupport_fastrtps_c__pyext
[0.794s] [ 95%] Built target serial_motor_demo_msgs__rosidl_typesupport_c__pyext
[0.794s] [100%] Built target serial_motor_demo_msgs__rosidl_typesupport_introspection_c__pyext
[0.804s] Invoked command in '/home/ispaik06/robot_ws/build/serial_motor_demo_msgs' returned '0': CMAKE_PREFIX_PATH=${CMAKE_PREFIX_PATH}:/home/ispaik06/robot_ws/install/serial_motor_demo:/home/ispaik06/robot_ws/install/joy_tester:/opt/ros/foxy /usr/bin/cmake --build /home/ispaik06/robot_ws/build/serial_motor_demo_msgs -- -j12 -l12
[1.209s] Invoking command in '/home/ispaik06/robot_ws/build/serial_motor_demo_msgs': CMAKE_PREFIX_PATH=${CMAKE_PREFIX_PATH}:/home/ispaik06/robot_ws/install/serial_motor_demo:/home/ispaik06/robot_ws/install/joy_tester:/opt/ros/foxy /usr/bin/cmake --install /home/ispaik06/robot_ws/build/serial_motor_demo_msgs
[1.217s] -- Install configuration: ""
[1.217s] -- Execute custom install script
[1.217s] -- Up-to-date symlink: /home/ispaik06/robot_ws/install/serial_motor_demo_msgs/share/ament_index/resource_index/rosidl_interfaces/serial_motor_demo_msgs
[1.217s] -- Up-to-date symlink: /home/ispaik06/robot_ws/install/serial_motor_demo_msgs/include/serial_motor_demo_msgs/msg/detail/encoder_vals__functions.h
[1.218s] -- Up-to-date symlink: /home/ispaik06/robot_ws/install/serial_motor_demo_msgs/include/serial_motor_demo_msgs/msg/detail/encoder_vals__struct.h
[1.218s] -- Up-to-date symlink: /home/ispaik06/robot_ws/install/serial_motor_demo_msgs/include/serial_motor_demo_msgs/msg/detail/encoder_vals__type_support.h
[1.218s] -- Up-to-date symlink: /home/ispaik06/robot_ws/install/serial_motor_demo_msgs/include/serial_motor_demo_msgs/msg/detail/motor_command__functions.h
[1.218s] -- Up-to-date symlink: /home/ispaik06/robot_ws/install/serial_motor_demo_msgs/include/serial_motor_demo_msgs/msg/detail/motor_command__struct.h
[1.218s] -- Up-to-date symlink: /home/ispaik06/robot_ws/install/serial_motor_demo_msgs/include/serial_motor_demo_msgs/msg/detail/motor_command__type_support.h
[1.218s] -- Up-to-date symlink: /home/ispaik06/robot_ws/install/serial_motor_demo_msgs/include/serial_motor_demo_msgs/msg/detail/motor_vels__functions.h
[1.219s] -- Up-to-date symlink: /home/ispaik06/robot_ws/install/serial_motor_demo_msgs/include/serial_motor_demo_msgs/msg/detail/motor_vels__struct.h
[1.219s] -- Up-to-date symlink: /home/ispaik06/robot_ws/install/serial_motor_demo_msgs/include/serial_motor_demo_msgs/msg/detail/motor_vels__type_support.h
[1.219s] -- Up-to-date symlink: /home/ispaik06/robot_ws/install/serial_motor_demo_msgs/include/serial_motor_demo_msgs/msg/encoder_vals.h
[1.219s] -- Up-to-date symlink: /home/ispaik06/robot_ws/install/serial_motor_demo_msgs/include/serial_motor_demo_msgs/msg/motor_command.h
[1.220s] -- Up-to-date symlink: /home/ispaik06/robot_ws/install/serial_motor_demo_msgs/include/serial_motor_demo_msgs/msg/motor_vels.h
[1.221s] -- Up-to-date symlink: /home/ispaik06/robot_ws/install/serial_motor_demo_msgs/include/serial_motor_demo_msgs/msg/rosidl_generator_c__visibility_control.h
[1.221s] -- Up-to-date symlink: /home/ispaik06/robot_ws/install/serial_motor_demo_msgs/share/serial_motor_demo_msgs/environment/library_path.sh
[1.221s] -- Up-to-date symlink: /home/ispaik06/robot_ws/install/serial_motor_demo_msgs/share/serial_motor_demo_msgs/environment/library_path.dsv
[1.222s] -- Up-to-date symlink: /home/ispaik06/robot_ws/install/serial_motor_demo_msgs/include/serial_motor_demo_msgs/msg/detail/encoder_vals__rosidl_typesupport_fastrtps_c.h
[1.222s] -- Up-to-date symlink: /home/ispaik06/robot_ws/install/serial_motor_demo_msgs/include/serial_motor_demo_msgs/msg/detail/motor_command__rosidl_typesupport_fastrtps_c.h
[1.222s] -- Up-to-date symlink: /home/ispaik06/robot_ws/install/serial_motor_demo_msgs/include/serial_motor_demo_msgs/msg/detail/motor_vels__rosidl_typesupport_fastrtps_c.h
[1.222s] -- Up-to-date symlink: /home/ispaik06/robot_ws/install/serial_motor_demo_msgs/include/serial_motor_demo_msgs/msg/rosidl_typesupport_fastrtps_c__visibility_control.h
[1.222s] -- Up-to-date symlink: /home/ispaik06/robot_ws/install/serial_motor_demo_msgs/lib/libserial_motor_demo_msgs__rosidl_typesupport_fastrtps_c.so
[1.223s] -- Up-to-date symlink: /home/ispaik06/robot_ws/install/serial_motor_demo_msgs/include/serial_motor_demo_msgs/msg/detail/encoder_vals__rosidl_typesupport_fastrtps_cpp.hpp
[1.223s] -- Up-to-date symlink: /home/ispaik06/robot_ws/install/serial_motor_demo_msgs/include/serial_motor_demo_msgs/msg/detail/motor_command__rosidl_typesupport_fastrtps_cpp.hpp
[1.223s] -- Up-to-date symlink: /home/ispaik06/robot_ws/install/serial_motor_demo_msgs/include/serial_motor_demo_msgs/msg/detail/motor_vels__rosidl_typesupport_fastrtps_cpp.hpp
[1.223s] -- Up-to-date symlink: /home/ispaik06/robot_ws/install/serial_motor_demo_msgs/include/serial_motor_demo_msgs/msg/rosidl_typesupport_fastrtps_cpp__visibility_control.h
[1.223s] -- Up-to-date symlink: /home/ispaik06/robot_ws/install/serial_motor_demo_msgs/lib/libserial_motor_demo_msgs__rosidl_typesupport_fastrtps_cpp.so
[1.223s] -- Up-to-date symlink: /home/ispaik06/robot_ws/install/serial_motor_demo_msgs/include/serial_motor_demo_msgs/msg/detail/encoder_vals__rosidl_typesupport_introspection_c.h
[1.223s] -- Up-to-date symlink: /home/ispaik06/robot_ws/install/serial_motor_demo_msgs/include/serial_motor_demo_msgs/msg/detail/motor_command__rosidl_typesupport_introspection_c.h
[1.223s] -- Up-to-date symlink: /home/ispaik06/robot_ws/install/serial_motor_demo_msgs/include/serial_motor_demo_msgs/msg/detail/motor_vels__rosidl_typesupport_introspection_c.h
[1.223s] -- Up-to-date symlink: /home/ispaik06/robot_ws/install/serial_motor_demo_msgs/include/serial_motor_demo_msgs/msg/rosidl_typesupport_introspection_c__visibility_control.h
[1.224s] -- Up-to-date symlink: /home/ispaik06/robot_ws/install/serial_motor_demo_msgs/include/serial_motor_demo_msgs/msg/detail/encoder_vals__builder.hpp
[1.224s] -- Up-to-date symlink: /home/ispaik06/robot_ws/install/serial_motor_demo_msgs/include/serial_motor_demo_msgs/msg/detail/encoder_vals__struct.hpp
[1.224s] -- Up-to-date symlink: /home/ispaik06/robot_ws/install/serial_motor_demo_msgs/include/serial_motor_demo_msgs/msg/detail/encoder_vals__traits.hpp
[1.224s] -- Up-to-date symlink: /home/ispaik06/robot_ws/install/serial_motor_demo_msgs/include/serial_motor_demo_msgs/msg/detail/encoder_vals__type_support.hpp
[1.224s] -- Up-to-date symlink: /home/ispaik06/robot_ws/install/serial_motor_demo_msgs/include/serial_motor_demo_msgs/msg/detail/motor_command__builder.hpp
[1.224s] -- Up-to-date symlink: /home/ispaik06/robot_ws/install/serial_motor_demo_msgs/include/serial_motor_demo_msgs/msg/detail/motor_command__struct.hpp
[1.224s] -- Up-to-date symlink: /home/ispaik06/robot_ws/install/serial_motor_demo_msgs/include/serial_motor_demo_msgs/msg/detail/motor_command__traits.hpp
[1.224s] -- Up-to-date symlink: /home/ispaik06/robot_ws/install/serial_motor_demo_msgs/include/serial_motor_demo_msgs/msg/detail/motor_command__type_support.hpp
[1.224s] -- Up-to-date symlink: /home/ispaik06/robot_ws/install/serial_motor_demo_msgs/include/serial_motor_demo_msgs/msg/detail/motor_vels__builder.hpp
[1.224s] -- Up-to-date symlink: /home/ispaik06/robot_ws/install/serial_motor_demo_msgs/include/serial_motor_demo_msgs/msg/detail/motor_vels__struct.hpp
[1.224s] -- Up-to-date symlink: /home/ispaik06/robot_ws/install/serial_motor_demo_msgs/include/serial_motor_demo_msgs/msg/detail/motor_vels__traits.hpp
[1.224s] -- Up-to-date symlink: /home/ispaik06/robot_ws/install/serial_motor_demo_msgs/include/serial_motor_demo_msgs/msg/detail/motor_vels__type_support.hpp
[1.224s] -- Up-to-date symlink: /home/ispaik06/robot_ws/install/serial_motor_demo_msgs/include/serial_motor_demo_msgs/msg/encoder_vals.hpp
[1.224s] -- Up-to-date symlink: /home/ispaik06/robot_ws/install/serial_motor_demo_msgs/include/serial_motor_demo_msgs/msg/motor_command.hpp
[1.225s] -- Up-to-date symlink: /home/ispaik06/robot_ws/install/serial_motor_demo_msgs/include/serial_motor_demo_msgs/msg/motor_vels.hpp
[1.225s] -- Up-to-date symlink: /home/ispaik06/robot_ws/install/serial_motor_demo_msgs/include/serial_motor_demo_msgs/msg/rosidl_generator_cpp__visibility_control.hpp
[1.225s] -- Up-to-date symlink: /home/ispaik06/robot_ws/install/serial_motor_demo_msgs/include/serial_motor_demo_msgs/msg/detail/encoder_vals__rosidl_typesupport_introspection_cpp.hpp
[1.225s] -- Up-to-date symlink: /home/ispaik06/robot_ws/install/serial_motor_demo_msgs/include/serial_motor_demo_msgs/msg/detail/motor_command__rosidl_typesupport_introspection_cpp.hpp
[1.225s] -- Up-to-date symlink: /home/ispaik06/robot_ws/install/serial_motor_demo_msgs/include/serial_motor_demo_msgs/msg/detail/motor_vels__rosidl_typesupport_introspection_cpp.hpp
[1.226s] -- Up-to-date symlink: /home/ispaik06/robot_ws/install/serial_motor_demo_msgs/share/serial_motor_demo_msgs/environment/pythonpath.sh
[1.226s] -- Up-to-date symlink: /home/ispaik06/robot_ws/install/serial_motor_demo_msgs/share/serial_motor_demo_msgs/environment/pythonpath.dsv
[1.226s] -- Up-to-date symlink: /home/ispaik06/robot_ws/install/serial_motor_demo_msgs/lib/python3.8/site-packages/serial_motor_demo_msgs/__init__.py
[1.226s] -- Up-to-date symlink: /home/ispaik06/robot_ws/install/serial_motor_demo_msgs/lib/python3.8/site-packages/serial_motor_demo_msgs/msg/__init__.py
[1.226s] -- Up-to-date symlink: /home/ispaik06/robot_ws/install/serial_motor_demo_msgs/lib/python3.8/site-packages/serial_motor_demo_msgs/msg/_encoder_vals.py
[1.226s] -- Up-to-date symlink: /home/ispaik06/robot_ws/install/serial_motor_demo_msgs/lib/python3.8/site-packages/serial_motor_demo_msgs/msg/_motor_command.py
[1.226s] -- Up-to-date symlink: /home/ispaik06/robot_ws/install/serial_motor_demo_msgs/lib/python3.8/site-packages/serial_motor_demo_msgs/msg/_motor_vels.py
[1.226s] -- Up-to-date symlink: /home/ispaik06/robot_ws/install/serial_motor_demo_msgs/lib/python3.8/site-packages/serial_motor_demo_msgs/serial_motor_demo_msgs_s__rosidl_typesupport_fastrtps_c.cpython-38-x86_64-linux-gnu.so
[1.226s] -- Up-to-date symlink: /home/ispaik06/robot_ws/install/serial_motor_demo_msgs/lib/python3.8/site-packages/serial_motor_demo_msgs/serial_motor_demo_msgs_s__rosidl_typesupport_introspection_c.cpython-38-x86_64-linux-gnu.so
[1.226s] -- Up-to-date symlink: /home/ispaik06/robot_ws/install/serial_motor_demo_msgs/lib/python3.8/site-packages/serial_motor_demo_msgs/serial_motor_demo_msgs_s__rosidl_typesupport_c.cpython-38-x86_64-linux-gnu.so
[1.226s] -- Up-to-date symlink: /home/ispaik06/robot_ws/install/serial_motor_demo_msgs/lib/libserial_motor_demo_msgs__python.so
[1.228s] -- Up-to-date symlink: /home/ispaik06/robot_ws/install/serial_motor_demo_msgs/share/serial_motor_demo_msgs/msg/MotorCommand.idl
[1.229s] -- Up-to-date symlink: /home/ispaik06/robot_ws/install/serial_motor_demo_msgs/share/serial_motor_demo_msgs/msg/MotorVels.idl
[1.230s] -- Up-to-date symlink: /home/ispaik06/robot_ws/install/serial_motor_demo_msgs/share/serial_motor_demo_msgs/msg/EncoderVals.idl
[1.230s] -- Up-to-date symlink: /home/ispaik06/robot_ws/install/serial_motor_demo_msgs/share/serial_motor_demo_msgs/msg/MotorCommand.msg
[1.230s] -- Up-to-date symlink: /home/ispaik06/robot_ws/install/serial_motor_demo_msgs/share/serial_motor_demo_msgs/msg/MotorVels.msg
[1.231s] -- Up-to-date symlink: /home/ispaik06/robot_ws/install/serial_motor_demo_msgs/share/serial_motor_demo_msgs/msg/EncoderVals.msg
[1.231s] -- Up-to-date symlink: /home/ispaik06/robot_ws/install/serial_motor_demo_msgs/share/ament_index/resource_index/package_run_dependencies/serial_motor_demo_msgs
[1.231s] -- Up-to-date symlink: /home/ispaik06/robot_ws/install/serial_motor_demo_msgs/share/ament_index/resource_index/parent_prefix_path/serial_motor_demo_msgs
[1.231s] -- Up-to-date symlink: /home/ispaik06/robot_ws/install/serial_motor_demo_msgs/share/serial_motor_demo_msgs/environment/ament_prefix_path.sh
[1.232s] -- Up-to-date symlink: /home/ispaik06/robot_ws/install/serial_motor_demo_msgs/share/serial_motor_demo_msgs/environment/ament_prefix_path.dsv
[1.232s] -- Up-to-date symlink: /home/ispaik06/robot_ws/install/serial_motor_demo_msgs/share/serial_motor_demo_msgs/environment/path.sh
[1.232s] -- Up-to-date symlink: /home/ispaik06/robot_ws/install/serial_motor_demo_msgs/share/serial_motor_demo_msgs/environment/path.dsv
[1.233s] -- Up-to-date symlink: /home/ispaik06/robot_ws/install/serial_motor_demo_msgs/share/serial_motor_demo_msgs/local_setup.bash
[1.234s] -- Up-to-date symlink: /home/ispaik06/robot_ws/install/serial_motor_demo_msgs/share/serial_motor_demo_msgs/local_setup.sh
[1.235s] -- Up-to-date symlink: /home/ispaik06/robot_ws/install/serial_motor_demo_msgs/share/serial_motor_demo_msgs/local_setup.zsh
[1.235s] -- Up-to-date symlink: /home/ispaik06/robot_ws/install/serial_motor_demo_msgs/share/serial_motor_demo_msgs/local_setup.dsv
[1.235s] -- Symlinking: /home/ispaik06/robot_ws/install/serial_motor_demo_msgs/share/serial_motor_demo_msgs/package.dsv
[1.237s] -- Up-to-date symlink: /home/ispaik06/robot_ws/install/serial_motor_demo_msgs/share/ament_index/resource_index/packages/serial_motor_demo_msgs
[1.237s] -- Up-to-date symlink: /home/ispaik06/robot_ws/install/serial_motor_demo_msgs/share/serial_motor_demo_msgs/cmake/rosidl_cmake-extras.cmake
[1.237s] -- Up-to-date symlink: /home/ispaik06/robot_ws/install/serial_motor_demo_msgs/share/serial_motor_demo_msgs/cmake/ament_cmake_export_dependencies-extras.cmake
[1.238s] -- Up-to-date symlink: /home/ispaik06/robot_ws/install/serial_motor_demo_msgs/share/serial_motor_demo_msgs/cmake/ament_cmake_export_libraries-extras.cmake
[1.238s] -- Up-to-date symlink: /home/ispaik06/robot_ws/install/serial_motor_demo_msgs/share/serial_motor_demo_msgs/cmake/ament_cmake_export_targets-extras.cmake
[1.238s] -- Up-to-date symlink: /home/ispaik06/robot_ws/install/serial_motor_demo_msgs/share/serial_motor_demo_msgs/cmake/ament_cmake_export_include_directories-extras.cmake
[1.238s] -- Up-to-date symlink: /home/ispaik06/robot_ws/install/serial_motor_demo_msgs/share/serial_motor_demo_msgs/cmake/rosidl_cmake_export_typesupport_libraries-extras.cmake
[1.238s] -- Up-to-date symlink: /home/ispaik06/robot_ws/install/serial_motor_demo_msgs/share/serial_motor_demo_msgs/cmake/rosidl_cmake_export_typesupport_targets-extras.cmake
[1.238s] -- Up-to-date symlink: /home/ispaik06/robot_ws/install/serial_motor_demo_msgs/share/serial_motor_demo_msgs/cmake/serial_motor_demo_msgsConfig.cmake
[1.238s] -- Up-to-date symlink: /home/ispaik06/robot_ws/install/serial_motor_demo_msgs/share/serial_motor_demo_msgs/cmake/serial_motor_demo_msgsConfig-version.cmake
[1.238s] -- Up-to-date symlink: /home/ispaik06/robot_ws/install/serial_motor_demo_msgs/share/serial_motor_demo_msgs/package.xml
[1.238s] -- Up-to-date: /home/ispaik06/robot_ws/install/serial_motor_demo_msgs/lib/libserial_motor_demo_msgs__rosidl_generator_c.so
[1.239s] -- Up-to-date: /home/ispaik06/robot_ws/install/serial_motor_demo_msgs/lib/libserial_motor_demo_msgs__rosidl_typesupport_introspection_c.so
[1.239s] -- Up-to-date: /home/ispaik06/robot_ws/install/serial_motor_demo_msgs/lib/libserial_motor_demo_msgs__rosidl_typesupport_c.so
[1.239s] -- Up-to-date: /home/ispaik06/robot_ws/install/serial_motor_demo_msgs/lib/libserial_motor_demo_msgs__rosidl_typesupport_introspection_cpp.so
[1.239s] -- Up-to-date: /home/ispaik06/robot_ws/install/serial_motor_demo_msgs/lib/libserial_motor_demo_msgs__rosidl_typesupport_cpp.so
[1.264s] -- Up-to-date: /home/ispaik06/robot_ws/install/serial_motor_demo_msgs/share/serial_motor_demo_msgs/cmake/serial_motor_demo_msgs__rosidl_generator_cExport.cmake
[1.264s] -- Up-to-date: /home/ispaik06/robot_ws/install/serial_motor_demo_msgs/share/serial_motor_demo_msgs/cmake/serial_motor_demo_msgs__rosidl_generator_cExport-noconfig.cmake
[1.264s] -- Up-to-date: /home/ispaik06/robot_ws/install/serial_motor_demo_msgs/share/serial_motor_demo_msgs/cmake/serial_motor_demo_msgs__rosidl_typesupport_introspection_cExport.cmake
[1.264s] -- Up-to-date: /home/ispaik06/robot_ws/install/serial_motor_demo_msgs/share/serial_motor_demo_msgs/cmake/serial_motor_demo_msgs__rosidl_typesupport_introspection_cExport-noconfig.cmake
[1.264s] -- Up-to-date: /home/ispaik06/robot_ws/install/serial_motor_demo_msgs/share/serial_motor_demo_msgs/cmake/serial_motor_demo_msgs__rosidl_typesupport_cExport.cmake
[1.264s] -- Up-to-date: /home/ispaik06/robot_ws/install/serial_motor_demo_msgs/share/serial_motor_demo_msgs/cmake/serial_motor_demo_msgs__rosidl_typesupport_cExport-noconfig.cmake
[1.264s] -- Up-to-date: /home/ispaik06/robot_ws/install/serial_motor_demo_msgs/share/serial_motor_demo_msgs/cmake/serial_motor_demo_msgs__rosidl_generator_cppExport.cmake
[1.264s] -- Up-to-date: /home/ispaik06/robot_ws/install/serial_motor_demo_msgs/share/serial_motor_demo_msgs/cmake/serial_motor_demo_msgs__rosidl_typesupport_introspection_cppExport.cmake
[1.265s] -- Up-to-date: /home/ispaik06/robot_ws/install/serial_motor_demo_msgs/share/serial_motor_demo_msgs/cmake/serial_motor_demo_msgs__rosidl_typesupport_introspection_cppExport-noconfig.cmake
[1.265s] -- Up-to-date: /home/ispaik06/robot_ws/install/serial_motor_demo_msgs/share/serial_motor_demo_msgs/cmake/serial_motor_demo_msgs__rosidl_typesupport_cppExport.cmake
[1.265s] -- Up-to-date: /home/ispaik06/robot_ws/install/serial_motor_demo_msgs/share/serial_motor_demo_msgs/cmake/serial_motor_demo_msgs__rosidl_typesupport_cppExport-noconfig.cmake
[1.725s] Invoked command in '/home/ispaik06/robot_ws/build/serial_motor_demo_msgs' returned '0': CMAKE_PREFIX_PATH=${CMAKE_PREFIX_PATH}:/home/ispaik06/robot_ws/install/serial_motor_demo:/home/ispaik06/robot_ws/install/joy_tester:/opt/ros/foxy /usr/bin/cmake --install /home/ispaik06/robot_ws/build/serial_motor_demo_msgs
