[1.028s] DEBUG:colcon:Command line arguments: ['/usr/bin/colcon', 'build']
[1.028s] DEBUG:colcon:Parsed command line arguments: Namespace(allow_overriding=[], ament_cmake_args=None, base_paths=['.'], build_base='build', catkin_cmake_args=None, catkin_skip_building_tests=False, cmake_args=None, cmake_clean_cache=False, cmake_clean_first=False, cmake_force_configure=False, cmake_target=None, cmake_target_skip_unavailable=False, continue_on_error=False, event_handlers=None, executor='parallel', ignore_user_meta=False, install_base='install', log_base=None, log_level=None, main=<bound method BuildVerb.main of <colcon_core.verb.build.BuildVerb object at 0x7fee356e95b0>>, merge_install=False, metas=['./colcon.meta'], packages_above=None, packages_above_and_dependencies=None, packages_above_depth=None, packages_end=None, packages_ignore=None, packages_ignore_regex=None, packages_select=None, packages_select_build_failed=False, packages_select_by_dep=None, packages_select_regex=None, packages_select_test_failures=False, packages_skip=None, packages_skip_build_finished=False, packages_skip_by_dep=None, packages_skip_regex=None, packages_skip_test_passed=False, packages_skip_up_to=None, packages_start=None, packages_up_to=None, packages_up_to_regex=None, parallel_workers=12, paths=None, symlink_install=False, test_result_base=None, verb_extension=<colcon_core.verb.build.BuildVerb object at 0x7fee356e95b0>, verb_name='build', verb_parser=<colcon_defaults.argument_parser.defaults.DefaultArgumentsDecorator object at 0x7fee356e9850>)
[1.078s] Level 1:colcon.colcon_core.package_discovery:discover_packages(colcon_meta) check parameters
[1.078s] Level 1:colcon.colcon_core.package_discovery:discover_packages(recursive) check parameters
[1.078s] Level 1:colcon.colcon_core.package_discovery:discover_packages(ignore) check parameters
[1.078s] Level 1:colcon.colcon_core.package_discovery:discover_packages(path) check parameters
[1.078s] Level 1:colcon.colcon_core.package_discovery:discover_packages(colcon_meta) discover
[1.079s] Level 1:colcon.colcon_core.package_discovery:discover_packages(recursive) discover
[1.079s] INFO:colcon.colcon_core.package_discovery:Crawling recursively for packages in '/home/ispaik06/robot_ws'
[1.079s] Level 1:colcon.colcon_core.package_identification:_identify(.) by extensions ['ignore', 'ignore_ament_install']
[1.079s] Level 1:colcon.colcon_core.package_identification:_identify(.) by extension 'ignore'
[1.079s] Level 1:colcon.colcon_core.package_identification:_identify(.) by extension 'ignore_ament_install'
[1.079s] Level 1:colcon.colcon_core.package_identification:_identify(.) by extensions ['colcon_pkg']
[1.079s] Level 1:colcon.colcon_core.package_identification:_identify(.) by extension 'colcon_pkg'
[1.079s] Level 1:colcon.colcon_core.package_identification:_identify(.) by extensions ['colcon_meta']
[1.079s] Level 1:colcon.colcon_core.package_identification:_identify(.) by extension 'colcon_meta'
[1.079s] Level 1:colcon.colcon_core.package_identification:_identify(.) by extensions ['ros']
[1.079s] Level 1:colcon.colcon_core.package_identification:_identify(.) by extension 'ros'
[1.085s] Level 1:colcon.colcon_core.package_identification:_identify(.) by extensions ['cmake', 'python']
[1.085s] Level 1:colcon.colcon_core.package_identification:_identify(.) by extension 'cmake'
[1.085s] Level 1:colcon.colcon_core.package_identification:_identify(.) by extension 'python'
[1.085s] Level 1:colcon.colcon_core.package_identification:_identify(.) by extensions ['python_setup_py']
[1.085s] Level 1:colcon.colcon_core.package_identification:_identify(.) by extension 'python_setup_py'
[1.085s] Level 1:colcon.colcon_core.package_identification:_identify(build) by extensions ['ignore', 'ignore_ament_install']
[1.085s] Level 1:colcon.colcon_core.package_identification:_identify(build) by extension 'ignore'
[1.085s] Level 1:colcon.colcon_core.package_identification:_identify(build) ignored
[1.086s] Level 1:colcon.colcon_core.package_identification:_identify(install) by extensions ['ignore', 'ignore_ament_install']
[1.086s] Level 1:colcon.colcon_core.package_identification:_identify(install) by extension 'ignore'
[1.086s] Level 1:colcon.colcon_core.package_identification:_identify(install) ignored
[1.086s] Level 1:colcon.colcon_core.package_identification:_identify(log) by extensions ['ignore', 'ignore_ament_install']
[1.086s] Level 1:colcon.colcon_core.package_identification:_identify(log) by extension 'ignore'
[1.086s] Level 1:colcon.colcon_core.package_identification:_identify(log) ignored
[1.086s] Level 1:colcon.colcon_core.package_identification:_identify(src) by extensions ['ignore', 'ignore_ament_install']
[1.086s] Level 1:colcon.colcon_core.package_identification:_identify(src) by extension 'ignore'
[1.086s] Level 1:colcon.colcon_core.package_identification:_identify(src) by extension 'ignore_ament_install'
[1.086s] Level 1:colcon.colcon_core.package_identification:_identify(src) by extensions ['colcon_pkg']
[1.086s] Level 1:colcon.colcon_core.package_identification:_identify(src) by extension 'colcon_pkg'
[1.086s] Level 1:colcon.colcon_core.package_identification:_identify(src) by extensions ['colcon_meta']
[1.086s] Level 1:colcon.colcon_core.package_identification:_identify(src) by extension 'colcon_meta'
[1.086s] Level 1:colcon.colcon_core.package_identification:_identify(src) by extensions ['ros']
[1.086s] Level 1:colcon.colcon_core.package_identification:_identify(src) by extension 'ros'
[1.086s] Level 1:colcon.colcon_core.package_identification:_identify(src) by extensions ['cmake', 'python']
[1.086s] Level 1:colcon.colcon_core.package_identification:_identify(src) by extension 'cmake'
[1.086s] Level 1:colcon.colcon_core.package_identification:_identify(src) by extension 'python'
[1.086s] Level 1:colcon.colcon_core.package_identification:_identify(src) by extensions ['python_setup_py']
[1.086s] Level 1:colcon.colcon_core.package_identification:_identify(src) by extension 'python_setup_py'
[1.086s] Level 1:colcon.colcon_core.package_identification:_identify(src/YDLidar-SDK) by extensions ['ignore', 'ignore_ament_install']
[1.086s] Level 1:colcon.colcon_core.package_identification:_identify(src/YDLidar-SDK) by extension 'ignore'
[1.086s] Level 1:colcon.colcon_core.package_identification:_identify(src/YDLidar-SDK) by extension 'ignore_ament_install'
[1.086s] Level 1:colcon.colcon_core.package_identification:_identify(src/YDLidar-SDK) by extensions ['colcon_pkg']
[1.086s] Level 1:colcon.colcon_core.package_identification:_identify(src/YDLidar-SDK) by extension 'colcon_pkg'
[1.086s] Level 1:colcon.colcon_core.package_identification:_identify(src/YDLidar-SDK) by extensions ['colcon_meta']
[1.086s] Level 1:colcon.colcon_core.package_identification:_identify(src/YDLidar-SDK) by extension 'colcon_meta'
[1.086s] Level 1:colcon.colcon_core.package_identification:_identify(src/YDLidar-SDK) by extensions ['ros']
[1.086s] Level 1:colcon.colcon_core.package_identification:_identify(src/YDLidar-SDK) by extension 'ros'
[1.086s] Level 1:colcon.colcon_core.package_identification:_identify(src/YDLidar-SDK) by extensions ['cmake', 'python']
[1.086s] Level 1:colcon.colcon_core.package_identification:_identify(src/YDLidar-SDK) by extension 'cmake'
[1.096s] Level 1:colcon.colcon_core.package_identification:_identify(src/YDLidar-SDK) by extension 'python'
[1.096s] DEBUG:colcon.colcon_core.package_identification:Package 'src/YDLidar-SDK' with type 'cmake' and name 'ydlidar_sdk'
[1.096s] Level 1:colcon.colcon_core.package_identification:_identify(src/joy_tester) by extensions ['ignore', 'ignore_ament_install']
[1.096s] Level 1:colcon.colcon_core.package_identification:_identify(src/joy_tester) by extension 'ignore'
[1.096s] Level 1:colcon.colcon_core.package_identification:_identify(src/joy_tester) by extension 'ignore_ament_install'
[1.096s] Level 1:colcon.colcon_core.package_identification:_identify(src/joy_tester) by extensions ['colcon_pkg']
[1.096s] Level 1:colcon.colcon_core.package_identification:_identify(src/joy_tester) by extension 'colcon_pkg'
[1.096s] Level 1:colcon.colcon_core.package_identification:_identify(src/joy_tester) by extensions ['colcon_meta']
[1.096s] Level 1:colcon.colcon_core.package_identification:_identify(src/joy_tester) by extension 'colcon_meta'
[1.096s] Level 1:colcon.colcon_core.package_identification:_identify(src/joy_tester) by extensions ['ros']
[1.096s] Level 1:colcon.colcon_core.package_identification:_identify(src/joy_tester) by extension 'ros'
[1.097s] DEBUG:colcon.colcon_core.package_identification:Package 'src/joy_tester' with type 'ros.ament_python' and name 'joy_tester'
[1.097s] Level 1:colcon.colcon_core.package_identification:_identify(src/sasa_bot) by extensions ['ignore', 'ignore_ament_install']
[1.098s] Level 1:colcon.colcon_core.package_identification:_identify(src/sasa_bot) by extension 'ignore'
[1.098s] Level 1:colcon.colcon_core.package_identification:_identify(src/sasa_bot) by extension 'ignore_ament_install'
[1.098s] Level 1:colcon.colcon_core.package_identification:_identify(src/sasa_bot) by extensions ['colcon_pkg']
[1.098s] Level 1:colcon.colcon_core.package_identification:_identify(src/sasa_bot) by extension 'colcon_pkg'
[1.098s] Level 1:colcon.colcon_core.package_identification:_identify(src/sasa_bot) by extensions ['colcon_meta']
[1.098s] Level 1:colcon.colcon_core.package_identification:_identify(src/sasa_bot) by extension 'colcon_meta'
[1.098s] Level 1:colcon.colcon_core.package_identification:_identify(src/sasa_bot) by extensions ['ros']
[1.098s] Level 1:colcon.colcon_core.package_identification:_identify(src/sasa_bot) by extension 'ros'
[1.098s] DEBUG:colcon.colcon_core.package_identification:Package 'src/sasa_bot' with type 'ros.ament_cmake' and name 'sasa_bot'
[1.098s] Level 1:colcon.colcon_core.package_identification:_identify(src/urdf_example) by extensions ['ignore', 'ignore_ament_install']
[1.098s] Level 1:colcon.colcon_core.package_identification:_identify(src/urdf_example) by extension 'ignore'
[1.098s] Level 1:colcon.colcon_core.package_identification:_identify(src/urdf_example) by extension 'ignore_ament_install'
[1.098s] Level 1:colcon.colcon_core.package_identification:_identify(src/urdf_example) by extensions ['colcon_pkg']
[1.098s] Level 1:colcon.colcon_core.package_identification:_identify(src/urdf_example) by extension 'colcon_pkg'
[1.098s] Level 1:colcon.colcon_core.package_identification:_identify(src/urdf_example) by extensions ['colcon_meta']
[1.098s] Level 1:colcon.colcon_core.package_identification:_identify(src/urdf_example) by extension 'colcon_meta'
[1.098s] Level 1:colcon.colcon_core.package_identification:_identify(src/urdf_example) by extensions ['ros']
[1.098s] Level 1:colcon.colcon_core.package_identification:_identify(src/urdf_example) by extension 'ros'
[1.098s] DEBUG:colcon.colcon_core.package_identification:Package 'src/urdf_example' with type 'ros.ament_cmake' and name 'urdf_example'
[1.098s] Level 1:colcon.colcon_core.package_identification:_identify(src/ydlidar_ros2) by extensions ['ignore', 'ignore_ament_install']
[1.098s] Level 1:colcon.colcon_core.package_identification:_identify(src/ydlidar_ros2) by extension 'ignore'
[1.098s] Level 1:colcon.colcon_core.package_identification:_identify(src/ydlidar_ros2) by extension 'ignore_ament_install'
[1.099s] Level 1:colcon.colcon_core.package_identification:_identify(src/ydlidar_ros2) by extensions ['colcon_pkg']
[1.099s] Level 1:colcon.colcon_core.package_identification:_identify(src/ydlidar_ros2) by extension 'colcon_pkg'
[1.099s] Level 1:colcon.colcon_core.package_identification:_identify(src/ydlidar_ros2) by extensions ['colcon_meta']
[1.099s] Level 1:colcon.colcon_core.package_identification:_identify(src/ydlidar_ros2) by extension 'colcon_meta'
[1.099s] Level 1:colcon.colcon_core.package_identification:_identify(src/ydlidar_ros2) by extensions ['ros']
[1.099s] Level 1:colcon.colcon_core.package_identification:_identify(src/ydlidar_ros2) by extension 'ros'
[1.099s] DEBUG:colcon.colcon_core.package_identification:Package 'src/ydlidar_ros2' with type 'ros.ament_cmake' and name 'ydlidar'
[1.099s] Level 1:colcon.colcon_core.package_discovery:discover_packages(recursive) using defaults
[1.099s] Level 1:colcon.colcon_core.package_discovery:discover_packages(ignore) discover
[1.099s] Level 1:colcon.colcon_core.package_discovery:discover_packages(ignore) using defaults
[1.099s] Level 1:colcon.colcon_core.package_discovery:discover_packages(path) discover
[1.099s] Level 1:colcon.colcon_core.package_discovery:discover_packages(path) using defaults
[1.195s] Level 1:colcon.colcon_core.package_discovery:discover_packages(prefix_path) check parameters
[1.195s] Level 1:colcon.colcon_core.package_discovery:discover_packages(prefix_path) discover
[1.231s] DEBUG:colcon.colcon_installed_package_information.package_discovery:Found 6 installed packages in /home/ispaik06/robot_ws/install
[1.248s] DEBUG:colcon.colcon_installed_package_information.package_discovery:Found 291 installed packages in /opt/ros/foxy
[1.249s] Level 1:colcon.colcon_core.package_discovery:discover_packages(prefix_path) using defaults
[1.326s] Level 5:colcon.colcon_core.verb:set package 'joy_tester' build argument 'cmake_args' from command line to 'None'
[1.326s] Level 5:colcon.colcon_core.verb:set package 'joy_tester' build argument 'cmake_target' from command line to 'None'
[1.326s] Level 5:colcon.colcon_core.verb:set package 'joy_tester' build argument 'cmake_target_skip_unavailable' from command line to 'False'
[1.326s] Level 5:colcon.colcon_core.verb:set package 'joy_tester' build argument 'cmake_clean_cache' from command line to 'False'
[1.326s] Level 5:colcon.colcon_core.verb:set package 'joy_tester' build argument 'cmake_clean_first' from command line to 'False'
[1.326s] Level 5:colcon.colcon_core.verb:set package 'joy_tester' build argument 'cmake_force_configure' from command line to 'False'
[1.326s] Level 5:colcon.colcon_core.verb:set package 'joy_tester' build argument 'ament_cmake_args' from command line to 'None'
[1.326s] Level 5:colcon.colcon_core.verb:set package 'joy_tester' build argument 'catkin_cmake_args' from command line to 'None'
[1.326s] Level 5:colcon.colcon_core.verb:set package 'joy_tester' build argument 'catkin_skip_building_tests' from command line to 'False'
[1.327s] DEBUG:colcon.colcon_core.verb:Building package 'joy_tester' with the following arguments: {'ament_cmake_args': None, 'build_base': '/home/ispaik06/robot_ws/build/joy_tester', 'catkin_cmake_args': None, 'catkin_skip_building_tests': False, 'cmake_args': None, 'cmake_clean_cache': False, 'cmake_clean_first': False, 'cmake_force_configure': False, 'cmake_target': None, 'cmake_target_skip_unavailable': False, 'install_base': '/home/ispaik06/robot_ws/install/joy_tester', 'merge_install': False, 'path': '/home/ispaik06/robot_ws/src/joy_tester', 'symlink_install': False, 'test_result_base': None}
[1.343s] Level 5:colcon.colcon_core.verb:set package 'sasa_bot' build argument 'cmake_args' from command line to 'None'
[1.343s] Level 5:colcon.colcon_core.verb:set package 'sasa_bot' build argument 'cmake_target' from command line to 'None'
[1.343s] Level 5:colcon.colcon_core.verb:set package 'sasa_bot' build argument 'cmake_target_skip_unavailable' from command line to 'False'
[1.343s] Level 5:colcon.colcon_core.verb:set package 'sasa_bot' build argument 'cmake_clean_cache' from command line to 'False'
[1.343s] Level 5:colcon.colcon_core.verb:set package 'sasa_bot' build argument 'cmake_clean_first' from command line to 'False'
[1.343s] Level 5:colcon.colcon_core.verb:set package 'sasa_bot' build argument 'cmake_force_configure' from command line to 'False'
[1.343s] Level 5:colcon.colcon_core.verb:set package 'sasa_bot' build argument 'ament_cmake_args' from command line to 'None'
[1.343s] Level 5:colcon.colcon_core.verb:set package 'sasa_bot' build argument 'catkin_cmake_args' from command line to 'None'
[1.343s] Level 5:colcon.colcon_core.verb:set package 'sasa_bot' build argument 'catkin_skip_building_tests' from command line to 'False'
[1.343s] DEBUG:colcon.colcon_core.verb:Building package 'sasa_bot' with the following arguments: {'ament_cmake_args': None, 'build_base': '/home/ispaik06/robot_ws/build/sasa_bot', 'catkin_cmake_args': None, 'catkin_skip_building_tests': False, 'cmake_args': None, 'cmake_clean_cache': False, 'cmake_clean_first': False, 'cmake_force_configure': False, 'cmake_target': None, 'cmake_target_skip_unavailable': False, 'install_base': '/home/ispaik06/robot_ws/install/sasa_bot', 'merge_install': False, 'path': '/home/ispaik06/robot_ws/src/sasa_bot', 'symlink_install': False, 'test_result_base': None}
[1.361s] Level 5:colcon.colcon_core.verb:set package 'urdf_example' build argument 'cmake_args' from command line to 'None'
[1.361s] Level 5:colcon.colcon_core.verb:set package 'urdf_example' build argument 'cmake_target' from command line to 'None'
[1.361s] Level 5:colcon.colcon_core.verb:set package 'urdf_example' build argument 'cmake_target_skip_unavailable' from command line to 'False'
[1.361s] Level 5:colcon.colcon_core.verb:set package 'urdf_example' build argument 'cmake_clean_cache' from command line to 'False'
[1.361s] Level 5:colcon.colcon_core.verb:set package 'urdf_example' build argument 'cmake_clean_first' from command line to 'False'
[1.361s] Level 5:colcon.colcon_core.verb:set package 'urdf_example' build argument 'cmake_force_configure' from command line to 'False'
[1.361s] Level 5:colcon.colcon_core.verb:set package 'urdf_example' build argument 'ament_cmake_args' from command line to 'None'
[1.361s] Level 5:colcon.colcon_core.verb:set package 'urdf_example' build argument 'catkin_cmake_args' from command line to 'None'
[1.361s] Level 5:colcon.colcon_core.verb:set package 'urdf_example' build argument 'catkin_skip_building_tests' from command line to 'False'
[1.361s] DEBUG:colcon.colcon_core.verb:Building package 'urdf_example' with the following arguments: {'ament_cmake_args': None, 'build_base': '/home/ispaik06/robot_ws/build/urdf_example', 'catkin_cmake_args': None, 'catkin_skip_building_tests': False, 'cmake_args': None, 'cmake_clean_cache': False, 'cmake_clean_first': False, 'cmake_force_configure': False, 'cmake_target': None, 'cmake_target_skip_unavailable': False, 'install_base': '/home/ispaik06/robot_ws/install/urdf_example', 'merge_install': False, 'path': '/home/ispaik06/robot_ws/src/urdf_example', 'symlink_install': False, 'test_result_base': None}
[1.379s] Level 5:colcon.colcon_core.verb:set package 'ydlidar' build argument 'cmake_args' from command line to 'None'
[1.379s] Level 5:colcon.colcon_core.verb:set package 'ydlidar' build argument 'cmake_target' from command line to 'None'
[1.379s] Level 5:colcon.colcon_core.verb:set package 'ydlidar' build argument 'cmake_target_skip_unavailable' from command line to 'False'
[1.379s] Level 5:colcon.colcon_core.verb:set package 'ydlidar' build argument 'cmake_clean_cache' from command line to 'False'
[1.379s] Level 5:colcon.colcon_core.verb:set package 'ydlidar' build argument 'cmake_clean_first' from command line to 'False'
[1.379s] Level 5:colcon.colcon_core.verb:set package 'ydlidar' build argument 'cmake_force_configure' from command line to 'False'
[1.379s] Level 5:colcon.colcon_core.verb:set package 'ydlidar' build argument 'ament_cmake_args' from command line to 'None'
[1.379s] Level 5:colcon.colcon_core.verb:set package 'ydlidar' build argument 'catkin_cmake_args' from command line to 'None'
[1.379s] Level 5:colcon.colcon_core.verb:set package 'ydlidar' build argument 'catkin_skip_building_tests' from command line to 'False'
[1.379s] DEBUG:colcon.colcon_core.verb:Building package 'ydlidar' with the following arguments: {'ament_cmake_args': None, 'build_base': '/home/ispaik06/robot_ws/build/ydlidar', 'catkin_cmake_args': None, 'catkin_skip_building_tests': False, 'cmake_args': None, 'cmake_clean_cache': False, 'cmake_clean_first': False, 'cmake_force_configure': False, 'cmake_target': None, 'cmake_target_skip_unavailable': False, 'install_base': '/home/ispaik06/robot_ws/install/ydlidar', 'merge_install': False, 'path': '/home/ispaik06/robot_ws/src/ydlidar_ros2', 'symlink_install': False, 'test_result_base': None}
[1.396s] Level 5:colcon.colcon_core.verb:set package 'ydlidar_sdk' build argument 'cmake_args' from command line to 'None'
[1.396s] Level 5:colcon.colcon_core.verb:set package 'ydlidar_sdk' build argument 'cmake_target' from command line to 'None'
[1.396s] Level 5:colcon.colcon_core.verb:set package 'ydlidar_sdk' build argument 'cmake_target_skip_unavailable' from command line to 'False'
[1.396s] Level 5:colcon.colcon_core.verb:set package 'ydlidar_sdk' build argument 'cmake_clean_cache' from command line to 'False'
[1.396s] Level 5:colcon.colcon_core.verb:set package 'ydlidar_sdk' build argument 'cmake_clean_first' from command line to 'False'
[1.396s] Level 5:colcon.colcon_core.verb:set package 'ydlidar_sdk' build argument 'cmake_force_configure' from command line to 'False'
[1.396s] Level 5:colcon.colcon_core.verb:set package 'ydlidar_sdk' build argument 'ament_cmake_args' from command line to 'None'
[1.396s] Level 5:colcon.colcon_core.verb:set package 'ydlidar_sdk' build argument 'catkin_cmake_args' from command line to 'None'
[1.396s] Level 5:colcon.colcon_core.verb:set package 'ydlidar_sdk' build argument 'catkin_skip_building_tests' from command line to 'False'
[1.396s] DEBUG:colcon.colcon_core.verb:Building package 'ydlidar_sdk' with the following arguments: {'ament_cmake_args': None, 'build_base': '/home/ispaik06/robot_ws/build/ydlidar_sdk', 'catkin_cmake_args': None, 'catkin_skip_building_tests': False, 'cmake_args': None, 'cmake_clean_cache': False, 'cmake_clean_first': False, 'cmake_force_configure': False, 'cmake_target': None, 'cmake_target_skip_unavailable': False, 'install_base': '/home/ispaik06/robot_ws/install/ydlidar_sdk', 'merge_install': False, 'path': '/home/ispaik06/robot_ws/src/YDLidar-SDK', 'symlink_install': False, 'test_result_base': None}
[1.413s] INFO:colcon.colcon_core.executor:Executing jobs using 'parallel' executor
[1.431s] DEBUG:colcon.colcon_parallel_executor.executor.parallel:run_until_complete
[1.431s] INFO:colcon.colcon_ros.task.ament_python.build:Building ROS package in '/home/ispaik06/robot_ws/src/joy_tester' with build type 'ament_python'
[1.431s] Level 1:colcon.colcon_core.shell:create_environment_hook('joy_tester', 'ament_prefix_path')
[1.449s] INFO:colcon.colcon_core.plugin_system:Skipping extension 'colcon_core.shell.bat': Not used on non-Windows systems
[1.450s] INFO:colcon.colcon_core.shell:Creating environment hook '/home/ispaik06/robot_ws/install/joy_tester/share/joy_tester/hook/ament_prefix_path.ps1'
[1.450s] INFO:colcon.colcon_core.shell:Creating environment descriptor '/home/ispaik06/robot_ws/install/joy_tester/share/joy_tester/hook/ament_prefix_path.dsv'
[1.450s] INFO:colcon.colcon_core.shell:Creating environment hook '/home/ispaik06/robot_ws/install/joy_tester/share/joy_tester/hook/ament_prefix_path.sh'
[1.469s] INFO:colcon.colcon_core.shell:Skip shell extension 'powershell' for command environment: Not usable outside of PowerShell
[1.469s] DEBUG:colcon.colcon_core.shell:Skip shell extension 'dsv' for command environment
[1.525s] INFO:colcon.colcon_ros.task.ament_cmake.build:Building ROS package in '/home/ispaik06/robot_ws/src/sasa_bot' with build type 'ament_cmake'
[1.525s] INFO:colcon.colcon_cmake.task.cmake.build:Building CMake package in '/home/ispaik06/robot_ws/src/sasa_bot'
[1.545s] INFO:colcon.colcon_core.shell:Skip shell extension 'powershell' for command environment: Not usable outside of PowerShell
[1.545s] DEBUG:colcon.colcon_core.shell:Skip shell extension 'dsv' for command environment
[1.609s] INFO:colcon.colcon_ros.task.ament_cmake.build:Building ROS package in '/home/ispaik06/robot_ws/src/urdf_example' with build type 'ament_cmake'
[1.609s] INFO:colcon.colcon_cmake.task.cmake.build:Building CMake package in '/home/ispaik06/robot_ws/src/urdf_example'
[1.636s] INFO:colcon.colcon_core.shell:Skip shell extension 'powershell' for command environment: Not usable outside of PowerShell
[1.636s] DEBUG:colcon.colcon_core.shell:Skip shell extension 'dsv' for command environment
[1.721s] INFO:colcon.colcon_ros.task.ament_cmake.build:Building ROS package in '/home/ispaik06/robot_ws/src/ydlidar_ros2' with build type 'ament_cmake'
[1.722s] INFO:colcon.colcon_cmake.task.cmake.build:Building CMake package in '/home/ispaik06/robot_ws/src/ydlidar_ros2'
[1.751s] INFO:colcon.colcon_core.shell:Skip shell extension 'powershell' for command environment: Not usable outside of PowerShell
[1.751s] DEBUG:colcon.colcon_core.shell:Skip shell extension 'dsv' for command environment
[1.814s] INFO:colcon.colcon_cmake.task.cmake.build:Building CMake package in '/home/ispaik06/robot_ws/src/YDLidar-SDK'
[1.835s] INFO:colcon.colcon_core.shell:Skip shell extension 'powershell' for command environment: Not usable outside of PowerShell
[1.835s] DEBUG:colcon.colcon_core.shell:Skip shell extension 'dsv' for command environment
[2.013s] INFO:colcon.colcon_core.task.python.build:Building Python package in '/home/ispaik06/robot_ws/src/joy_tester'
[2.031s] INFO:colcon.colcon_core.shell:Skip shell extension 'powershell' for command environment: Not usable outside of PowerShell
[2.031s] DEBUG:colcon.colcon_core.shell:Skip shell extension 'dsv' for command environment
[2.101s] DEBUG:colcon.colcon_core.event_handler.log_command:Invoking command in '/home/ispaik06/robot_ws/build/sasa_bot': CMAKE_PREFIX_PATH=${CMAKE_PREFIX_PATH}:/home/ispaik06/robot_ws/install/joy_tester:/opt/ros/foxy /usr/bin/cmake --build /home/ispaik06/robot_ws/build/sasa_bot -- -j12 -l12
[2.106s] DEBUG:colcon.colcon_core.event_handler.log_command:Invoking command in '/home/ispaik06/robot_ws/build/urdf_example': CMAKE_PREFIX_PATH=${CMAKE_PREFIX_PATH}:/home/ispaik06/robot_ws/install/joy_tester:/opt/ros/foxy /usr/bin/cmake --build /home/ispaik06/robot_ws/build/urdf_example -- -j12 -l12
[2.111s] DEBUG:colcon.colcon_core.event_handler.log_command:Invoking command in '/home/ispaik06/robot_ws/build/ydlidar': CMAKE_PREFIX_PATH=${CMAKE_PREFIX_PATH}:/home/ispaik06/robot_ws/install/joy_tester:/opt/ros/foxy /usr/bin/cmake --build /home/ispaik06/robot_ws/build/ydlidar -- -j12 -l12
[2.119s] DEBUG:colcon.colcon_core.event_handler.log_command:Invoking command in '/home/ispaik06/robot_ws/build/ydlidar_sdk': /usr/bin/cmake --build /home/ispaik06/robot_ws/build/ydlidar_sdk -- -j12 -l12
[2.136s] DEBUG:colcon.colcon_core.event_handler.log_command:Invoked command in '/home/ispaik06/robot_ws/build/sasa_bot' returned '0': CMAKE_PREFIX_PATH=${CMAKE_PREFIX_PATH}:/home/ispaik06/robot_ws/install/joy_tester:/opt/ros/foxy /usr/bin/cmake --build /home/ispaik06/robot_ws/build/sasa_bot -- -j12 -l12
[2.140s] DEBUG:colcon.colcon_core.event_handler.log_command:Invoked command in '/home/ispaik06/robot_ws/build/urdf_example' returned '0': CMAKE_PREFIX_PATH=${CMAKE_PREFIX_PATH}:/home/ispaik06/robot_ws/install/joy_tester:/opt/ros/foxy /usr/bin/cmake --build /home/ispaik06/robot_ws/build/urdf_example -- -j12 -l12
[2.172s] DEBUG:colcon.colcon_core.event_handler.log_command:Invoking command in '/home/ispaik06/robot_ws/build/sasa_bot': CMAKE_PREFIX_PATH=${CMAKE_PREFIX_PATH}:/home/ispaik06/robot_ws/install/joy_tester:/opt/ros/foxy /usr/bin/cmake --install /home/ispaik06/robot_ws/build/sasa_bot
[2.180s] DEBUG:colcon.colcon_core.event_handler.log_command:Invoked command in '/home/ispaik06/robot_ws/build/ydlidar' returned '0': CMAKE_PREFIX_PATH=${CMAKE_PREFIX_PATH}:/home/ispaik06/robot_ws/install/joy_tester:/opt/ros/foxy /usr/bin/cmake --build /home/ispaik06/robot_ws/build/ydlidar -- -j12 -l12
[2.186s] DEBUG:colcon.colcon_core.event_handler.log_command:Invoking command in '/home/ispaik06/robot_ws/build/urdf_example': CMAKE_PREFIX_PATH=${CMAKE_PREFIX_PATH}:/home/ispaik06/robot_ws/install/joy_tester:/opt/ros/foxy /usr/bin/cmake --install /home/ispaik06/robot_ws/build/urdf_example
[2.216s] Level 1:colcon.colcon_core.environment:create_environment_scripts_only(sasa_bot)
[2.217s] DEBUG:colcon.colcon_core.event_handler.log_command:Invoked command in '/home/ispaik06/robot_ws/build/sasa_bot' returned '0': CMAKE_PREFIX_PATH=${CMAKE_PREFIX_PATH}:/home/ispaik06/robot_ws/install/joy_tester:/opt/ros/foxy /usr/bin/cmake --install /home/ispaik06/robot_ws/build/sasa_bot
[2.242s] Level 1:colcon.colcon_core.environment:checking '/home/ispaik06/robot_ws/install/sasa_bot' for CMake module files
[2.242s] Level 1:colcon.colcon_core.environment:checking '/home/ispaik06/robot_ws/install/sasa_bot' for CMake config files
[2.242s] Level 1:colcon.colcon_core.shell:create_environment_hook('sasa_bot', 'cmake_prefix_path')
[2.261s] INFO:colcon.colcon_core.shell:Creating environment hook '/home/ispaik06/robot_ws/install/sasa_bot/share/sasa_bot/hook/cmake_prefix_path.ps1'
[2.262s] INFO:colcon.colcon_core.shell:Creating environment descriptor '/home/ispaik06/robot_ws/install/sasa_bot/share/sasa_bot/hook/cmake_prefix_path.dsv'
[2.262s] INFO:colcon.colcon_core.shell:Creating environment hook '/home/ispaik06/robot_ws/install/sasa_bot/share/sasa_bot/hook/cmake_prefix_path.sh'
[2.263s] Level 1:colcon.colcon_core.environment:checking '/home/ispaik06/robot_ws/install/sasa_bot/bin'
[2.263s] Level 1:colcon.colcon_core.environment:checking '/home/ispaik06/robot_ws/install/sasa_bot/lib/pkgconfig/sasa_bot.pc'
[2.263s] Level 1:colcon.colcon_core.environment:checking '/home/ispaik06/robot_ws/install/sasa_bot/lib/python3.8/site-packages'
[2.263s] Level 1:colcon.colcon_core.environment:checking '/home/ispaik06/robot_ws/install/sasa_bot/bin'
[2.283s] INFO:colcon.colcon_core.shell:Creating package script '/home/ispaik06/robot_ws/install/sasa_bot/share/sasa_bot/package.ps1'
[2.284s] INFO:colcon.colcon_core.shell:Creating package descriptor '/home/ispaik06/robot_ws/install/sasa_bot/share/sasa_bot/package.dsv'
[2.284s] INFO:colcon.colcon_core.shell:Creating package script '/home/ispaik06/robot_ws/install/sasa_bot/share/sasa_bot/package.sh'
[2.285s] INFO:colcon.colcon_core.shell:Creating package script '/home/ispaik06/robot_ws/install/sasa_bot/share/sasa_bot/package.bash'
[2.285s] INFO:colcon.colcon_core.shell:Creating package script '/home/ispaik06/robot_ws/install/sasa_bot/share/sasa_bot/package.zsh'
[2.285s] Level 1:colcon.colcon_core.environment:create_file_with_runtime_dependencies(/home/ispaik06/robot_ws/install/sasa_bot/share/colcon-core/packages/sasa_bot)
[2.292s] DEBUG:colcon.colcon_core.event_handler.log_command:Invoking command in '/home/ispaik06/robot_ws/build/ydlidar': CMAKE_PREFIX_PATH=${CMAKE_PREFIX_PATH}:/home/ispaik06/robot_ws/install/joy_tester:/opt/ros/foxy /usr/bin/cmake --install /home/ispaik06/robot_ws/build/ydlidar
[2.295s] DEBUG:colcon.colcon_core.event_handler.log_command:Invoked command in '/home/ispaik06/robot_ws/build/ydlidar_sdk' returned '0': /usr/bin/cmake --build /home/ispaik06/robot_ws/build/ydlidar_sdk -- -j12 -l12
[2.296s] Level 1:colcon.colcon_core.environment:create_environment_scripts_only(urdf_example)
[2.297s] DEBUG:colcon.colcon_core.event_handler.log_command:Invoked command in '/home/ispaik06/robot_ws/build/urdf_example' returned '0': CMAKE_PREFIX_PATH=${CMAKE_PREFIX_PATH}:/home/ispaik06/robot_ws/install/joy_tester:/opt/ros/foxy /usr/bin/cmake --install /home/ispaik06/robot_ws/build/urdf_example
[2.334s] Level 1:colcon.colcon_core.environment:checking '/home/ispaik06/robot_ws/install/urdf_example' for CMake module files
[2.335s] Level 1:colcon.colcon_core.environment:checking '/home/ispaik06/robot_ws/install/urdf_example' for CMake config files
[2.335s] Level 1:colcon.colcon_core.shell:create_environment_hook('urdf_example', 'cmake_prefix_path')
[2.355s] INFO:colcon.colcon_core.shell:Creating environment hook '/home/ispaik06/robot_ws/install/urdf_example/share/urdf_example/hook/cmake_prefix_path.ps1'
[2.356s] INFO:colcon.colcon_core.shell:Creating environment descriptor '/home/ispaik06/robot_ws/install/urdf_example/share/urdf_example/hook/cmake_prefix_path.dsv'
[2.356s] INFO:colcon.colcon_core.shell:Creating environment hook '/home/ispaik06/robot_ws/install/urdf_example/share/urdf_example/hook/cmake_prefix_path.sh'
[2.356s] Level 1:colcon.colcon_core.environment:checking '/home/ispaik06/robot_ws/install/urdf_example/bin'
[2.356s] Level 1:colcon.colcon_core.environment:checking '/home/ispaik06/robot_ws/install/urdf_example/lib/pkgconfig/urdf_example.pc'
[2.356s] Level 1:colcon.colcon_core.environment:checking '/home/ispaik06/robot_ws/install/urdf_example/lib/python3.8/site-packages'
[2.357s] Level 1:colcon.colcon_core.environment:checking '/home/ispaik06/robot_ws/install/urdf_example/bin'
[2.378s] INFO:colcon.colcon_core.shell:Creating package script '/home/ispaik06/robot_ws/install/urdf_example/share/urdf_example/package.ps1'
[2.378s] INFO:colcon.colcon_core.shell:Creating package descriptor '/home/ispaik06/robot_ws/install/urdf_example/share/urdf_example/package.dsv'
[2.379s] INFO:colcon.colcon_core.shell:Creating package script '/home/ispaik06/robot_ws/install/urdf_example/share/urdf_example/package.sh'
[2.379s] INFO:colcon.colcon_core.shell:Creating package script '/home/ispaik06/robot_ws/install/urdf_example/share/urdf_example/package.bash'
[2.379s] INFO:colcon.colcon_core.shell:Creating package script '/home/ispaik06/robot_ws/install/urdf_example/share/urdf_example/package.zsh'
[2.380s] Level 1:colcon.colcon_core.environment:create_file_with_runtime_dependencies(/home/ispaik06/robot_ws/install/urdf_example/share/colcon-core/packages/urdf_example)
[2.409s] Level 1:colcon.colcon_core.environment:create_environment_scripts_only(sasa_bot)
[2.429s] Level 1:colcon.colcon_core.environment:checking '/home/ispaik06/robot_ws/install/sasa_bot' for CMake module files
[2.429s] Level 1:colcon.colcon_core.environment:checking '/home/ispaik06/robot_ws/install/sasa_bot' for CMake config files
[2.429s] Level 1:colcon.colcon_core.shell:create_environment_hook('sasa_bot', 'cmake_prefix_path')
[2.448s] INFO:colcon.colcon_core.shell:Creating environment hook '/home/ispaik06/robot_ws/install/sasa_bot/share/sasa_bot/hook/cmake_prefix_path.ps1'
[2.448s] INFO:colcon.colcon_core.shell:Creating environment descriptor '/home/ispaik06/robot_ws/install/sasa_bot/share/sasa_bot/hook/cmake_prefix_path.dsv'
[2.449s] INFO:colcon.colcon_core.shell:Creating environment hook '/home/ispaik06/robot_ws/install/sasa_bot/share/sasa_bot/hook/cmake_prefix_path.sh'
[2.449s] Level 1:colcon.colcon_core.environment:checking '/home/ispaik06/robot_ws/install/sasa_bot/bin'
[2.449s] Level 1:colcon.colcon_core.environment:checking '/home/ispaik06/robot_ws/install/sasa_bot/lib/pkgconfig/sasa_bot.pc'
[2.449s] Level 1:colcon.colcon_core.environment:checking '/home/ispaik06/robot_ws/install/sasa_bot/lib/python3.8/site-packages'
[2.449s] Level 1:colcon.colcon_core.environment:checking '/home/ispaik06/robot_ws/install/sasa_bot/bin'
[2.467s] INFO:colcon.colcon_core.shell:Creating package script '/home/ispaik06/robot_ws/install/sasa_bot/share/sasa_bot/package.ps1'
[2.467s] INFO:colcon.colcon_core.shell:Creating package descriptor '/home/ispaik06/robot_ws/install/sasa_bot/share/sasa_bot/package.dsv'
[2.467s] INFO:colcon.colcon_core.shell:Creating package script '/home/ispaik06/robot_ws/install/sasa_bot/share/sasa_bot/package.sh'
[2.468s] INFO:colcon.colcon_core.shell:Creating package script '/home/ispaik06/robot_ws/install/sasa_bot/share/sasa_bot/package.bash'
[2.468s] INFO:colcon.colcon_core.shell:Creating package script '/home/ispaik06/robot_ws/install/sasa_bot/share/sasa_bot/package.zsh'
[2.468s] Level 1:colcon.colcon_core.environment:create_file_with_runtime_dependencies(/home/ispaik06/robot_ws/install/sasa_bot/share/colcon-core/packages/sasa_bot)
[2.470s] DEBUG:colcon.colcon_core.event_handler.log_command:Invoking command in '/home/ispaik06/robot_ws/build/ydlidar_sdk': /usr/bin/cmake --install /home/ispaik06/robot_ws/build/ydlidar_sdk
[2.472s] Level 1:colcon.colcon_core.environment:create_environment_scripts_only(ydlidar)
[2.473s] DEBUG:colcon.colcon_core.event_handler.log_command:Invoked command in '/home/ispaik06/robot_ws/build/ydlidar' returned '0': CMAKE_PREFIX_PATH=${CMAKE_PREFIX_PATH}:/home/ispaik06/robot_ws/install/joy_tester:/opt/ros/foxy /usr/bin/cmake --install /home/ispaik06/robot_ws/build/ydlidar
[2.495s] Level 1:colcon.colcon_core.environment:checking '/home/ispaik06/robot_ws/install/ydlidar' for CMake module files
[2.495s] Level 1:colcon.colcon_core.environment:checking '/home/ispaik06/robot_ws/install/ydlidar' for CMake config files
[2.495s] Level 1:colcon.colcon_core.shell:create_environment_hook('ydlidar', 'cmake_prefix_path')
[2.515s] INFO:colcon.colcon_core.shell:Creating environment hook '/home/ispaik06/robot_ws/install/ydlidar/share/ydlidar/hook/cmake_prefix_path.ps1'
[2.515s] INFO:colcon.colcon_core.shell:Creating environment descriptor '/home/ispaik06/robot_ws/install/ydlidar/share/ydlidar/hook/cmake_prefix_path.dsv'
[2.515s] INFO:colcon.colcon_core.shell:Creating environment hook '/home/ispaik06/robot_ws/install/ydlidar/share/ydlidar/hook/cmake_prefix_path.sh'
[2.516s] Level 1:colcon.colcon_core.environment:checking '/home/ispaik06/robot_ws/install/ydlidar/lib'
[2.516s] Level 1:colcon.colcon_core.environment:checking '/home/ispaik06/robot_ws/install/ydlidar/bin'
[2.516s] Level 1:colcon.colcon_core.environment:checking '/home/ispaik06/robot_ws/install/ydlidar/lib/pkgconfig/ydlidar.pc'
[2.516s] Level 1:colcon.colcon_core.environment:checking '/home/ispaik06/robot_ws/install/ydlidar/lib/python3.8/site-packages'
[2.516s] Level 1:colcon.colcon_core.environment:checking '/home/ispaik06/robot_ws/install/ydlidar/bin'
[2.535s] INFO:colcon.colcon_core.shell:Creating package script '/home/ispaik06/robot_ws/install/ydlidar/share/ydlidar/package.ps1'
[2.535s] INFO:colcon.colcon_core.shell:Creating package descriptor '/home/ispaik06/robot_ws/install/ydlidar/share/ydlidar/package.dsv'
[2.535s] INFO:colcon.colcon_core.shell:Creating package script '/home/ispaik06/robot_ws/install/ydlidar/share/ydlidar/package.sh'
[2.536s] INFO:colcon.colcon_core.shell:Creating package script '/home/ispaik06/robot_ws/install/ydlidar/share/ydlidar/package.bash'
[2.536s] INFO:colcon.colcon_core.shell:Creating package script '/home/ispaik06/robot_ws/install/ydlidar/share/ydlidar/package.zsh'
[2.536s] Level 1:colcon.colcon_core.environment:create_file_with_runtime_dependencies(/home/ispaik06/robot_ws/install/ydlidar/share/colcon-core/packages/ydlidar)
[2.575s] Level 1:colcon.colcon_core.environment:create_environment_scripts_only(urdf_example)
[2.595s] Level 1:colcon.colcon_core.environment:checking '/home/ispaik06/robot_ws/install/urdf_example' for CMake module files
[2.595s] Level 1:colcon.colcon_core.environment:checking '/home/ispaik06/robot_ws/install/urdf_example' for CMake config files
[2.595s] Level 1:colcon.colcon_core.shell:create_environment_hook('urdf_example', 'cmake_prefix_path')
[2.614s] INFO:colcon.colcon_core.shell:Creating environment hook '/home/ispaik06/robot_ws/install/urdf_example/share/urdf_example/hook/cmake_prefix_path.ps1'
[2.614s] INFO:colcon.colcon_core.shell:Creating environment descriptor '/home/ispaik06/robot_ws/install/urdf_example/share/urdf_example/hook/cmake_prefix_path.dsv'
[2.615s] INFO:colcon.colcon_core.shell:Creating environment hook '/home/ispaik06/robot_ws/install/urdf_example/share/urdf_example/hook/cmake_prefix_path.sh'
[2.615s] Level 1:colcon.colcon_core.environment:checking '/home/ispaik06/robot_ws/install/urdf_example/bin'
[2.615s] Level 1:colcon.colcon_core.environment:checking '/home/ispaik06/robot_ws/install/urdf_example/lib/pkgconfig/urdf_example.pc'
[2.616s] Level 1:colcon.colcon_core.environment:checking '/home/ispaik06/robot_ws/install/urdf_example/lib/python3.8/site-packages'
[2.616s] Level 1:colcon.colcon_core.environment:checking '/home/ispaik06/robot_ws/install/urdf_example/bin'
[2.633s] INFO:colcon.colcon_core.shell:Creating package script '/home/ispaik06/robot_ws/install/urdf_example/share/urdf_example/package.ps1'
[2.633s] INFO:colcon.colcon_core.shell:Creating package descriptor '/home/ispaik06/robot_ws/install/urdf_example/share/urdf_example/package.dsv'
[2.634s] INFO:colcon.colcon_core.shell:Creating package script '/home/ispaik06/robot_ws/install/urdf_example/share/urdf_example/package.sh'
[2.634s] INFO:colcon.colcon_core.shell:Creating package script '/home/ispaik06/robot_ws/install/urdf_example/share/urdf_example/package.bash'
[2.634s] INFO:colcon.colcon_core.shell:Creating package script '/home/ispaik06/robot_ws/install/urdf_example/share/urdf_example/package.zsh'
[2.634s] Level 1:colcon.colcon_core.environment:create_file_with_runtime_dependencies(/home/ispaik06/robot_ws/install/urdf_example/share/colcon-core/packages/urdf_example)
[2.638s] DEBUG:colcon.colcon_core.event_handler.log_command:Invoking command in '/home/ispaik06/robot_ws/src/joy_tester': PYTHONPATH=/home/ispaik06/robot_ws/build/joy_tester/prefix_override:/home/ispaik06/robot_ws/install/joy_tester/lib/python3.8/site-packages:${PYTHONPATH} /usr/bin/python3 setup.py egg_info --egg-base ../../build/joy_tester build --build-base /home/ispaik06/robot_ws/build/joy_tester/build install --record /home/ispaik06/robot_ws/build/joy_tester/install.log --single-version-externally-managed
[2.638s] Level 1:colcon.colcon_core.environment:create_environment_scripts_only(ydlidar_sdk)
[2.639s] DEBUG:colcon.colcon_core.event_handler.log_command:Invoked command in '/home/ispaik06/robot_ws/build/ydlidar_sdk' returned '0': /usr/bin/cmake --install /home/ispaik06/robot_ws/build/ydlidar_sdk
[2.662s] Level 1:colcon.colcon_core.environment:checking '/home/ispaik06/robot_ws/install/ydlidar_sdk' for CMake module files
[2.662s] Level 1:colcon.colcon_core.environment:checking '/home/ispaik06/robot_ws/install/ydlidar_sdk' for CMake config files
[2.663s] Level 1:colcon.colcon_core.shell:create_environment_hook('ydlidar_sdk', 'cmake_prefix_path')
[2.689s] INFO:colcon.colcon_core.shell:Creating environment hook '/home/ispaik06/robot_ws/install/ydlidar_sdk/share/ydlidar_sdk/hook/cmake_prefix_path.ps1'
[2.690s] INFO:colcon.colcon_core.shell:Creating environment descriptor '/home/ispaik06/robot_ws/install/ydlidar_sdk/share/ydlidar_sdk/hook/cmake_prefix_path.dsv'
[2.690s] INFO:colcon.colcon_core.shell:Creating environment hook '/home/ispaik06/robot_ws/install/ydlidar_sdk/share/ydlidar_sdk/hook/cmake_prefix_path.sh'
[2.690s] Level 1:colcon.colcon_core.environment:checking '/home/ispaik06/robot_ws/install/ydlidar_sdk/lib'
[2.690s] Level 1:colcon.colcon_core.environment:checking '/home/ispaik06/robot_ws/install/ydlidar_sdk/bin'
[2.690s] Level 1:colcon.colcon_core.shell:create_environment_hook('ydlidar_sdk', 'path')
[2.711s] INFO:colcon.colcon_core.shell:Creating environment hook '/home/ispaik06/robot_ws/install/ydlidar_sdk/share/ydlidar_sdk/hook/path.ps1'
[2.711s] INFO:colcon.colcon_core.shell:Creating environment descriptor '/home/ispaik06/robot_ws/install/ydlidar_sdk/share/ydlidar_sdk/hook/path.dsv'
[2.712s] INFO:colcon.colcon_core.shell:Creating environment hook '/home/ispaik06/robot_ws/install/ydlidar_sdk/share/ydlidar_sdk/hook/path.sh'
[2.712s] Level 1:colcon.colcon_core.environment:checking '/home/ispaik06/robot_ws/install/ydlidar_sdk/lib/pkgconfig/ydlidar_sdk.pc'
[2.712s] Level 1:colcon.colcon_core.environment:checking '/home/ispaik06/robot_ws/install/ydlidar_sdk/lib/python3.8/site-packages'
[2.712s] Level 1:colcon.colcon_core.environment:checking '/home/ispaik06/robot_ws/install/ydlidar_sdk/bin'
[2.712s] Level 1:colcon.colcon_core.shell:create_environment_hook('ydlidar_sdk', 'pythonscriptspath')
[2.732s] INFO:colcon.colcon_core.shell:Creating environment hook '/home/ispaik06/robot_ws/install/ydlidar_sdk/share/ydlidar_sdk/hook/pythonscriptspath.ps1'
[2.732s] INFO:colcon.colcon_core.shell:Creating environment descriptor '/home/ispaik06/robot_ws/install/ydlidar_sdk/share/ydlidar_sdk/hook/pythonscriptspath.dsv'
[2.733s] INFO:colcon.colcon_core.shell:Creating environment hook '/home/ispaik06/robot_ws/install/ydlidar_sdk/share/ydlidar_sdk/hook/pythonscriptspath.sh'
[2.753s] INFO:colcon.colcon_core.shell:Creating package script '/home/ispaik06/robot_ws/install/ydlidar_sdk/share/ydlidar_sdk/package.ps1'
[2.753s] INFO:colcon.colcon_core.shell:Creating package descriptor '/home/ispaik06/robot_ws/install/ydlidar_sdk/share/ydlidar_sdk/package.dsv'
[2.754s] INFO:colcon.colcon_core.shell:Creating package script '/home/ispaik06/robot_ws/install/ydlidar_sdk/share/ydlidar_sdk/package.sh'
[2.754s] INFO:colcon.colcon_core.shell:Creating package script '/home/ispaik06/robot_ws/install/ydlidar_sdk/share/ydlidar_sdk/package.bash'
[2.754s] INFO:colcon.colcon_core.shell:Creating package script '/home/ispaik06/robot_ws/install/ydlidar_sdk/share/ydlidar_sdk/package.zsh'
[2.754s] Level 1:colcon.colcon_core.environment:create_file_with_runtime_dependencies(/home/ispaik06/robot_ws/install/ydlidar_sdk/share/colcon-core/packages/ydlidar_sdk)
[2.790s] Level 1:colcon.colcon_core.environment:create_environment_scripts_only(ydlidar)
[2.814s] Level 1:colcon.colcon_core.environment:checking '/home/ispaik06/robot_ws/install/ydlidar' for CMake module files
[2.814s] Level 1:colcon.colcon_core.environment:checking '/home/ispaik06/robot_ws/install/ydlidar' for CMake config files
[2.814s] Level 1:colcon.colcon_core.shell:create_environment_hook('ydlidar', 'cmake_prefix_path')
[2.833s] INFO:colcon.colcon_core.shell:Creating environment hook '/home/ispaik06/robot_ws/install/ydlidar/share/ydlidar/hook/cmake_prefix_path.ps1'
[2.833s] INFO:colcon.colcon_core.shell:Creating environment descriptor '/home/ispaik06/robot_ws/install/ydlidar/share/ydlidar/hook/cmake_prefix_path.dsv'
[2.833s] INFO:colcon.colcon_core.shell:Creating environment hook '/home/ispaik06/robot_ws/install/ydlidar/share/ydlidar/hook/cmake_prefix_path.sh'
[2.834s] Level 1:colcon.colcon_core.environment:checking '/home/ispaik06/robot_ws/install/ydlidar/lib'
[2.834s] Level 1:colcon.colcon_core.environment:checking '/home/ispaik06/robot_ws/install/ydlidar/bin'
[2.834s] Level 1:colcon.colcon_core.environment:checking '/home/ispaik06/robot_ws/install/ydlidar/lib/pkgconfig/ydlidar.pc'
[2.834s] Level 1:colcon.colcon_core.environment:checking '/home/ispaik06/robot_ws/install/ydlidar/lib/python3.8/site-packages'
[2.834s] Level 1:colcon.colcon_core.environment:checking '/home/ispaik06/robot_ws/install/ydlidar/bin'
[2.853s] INFO:colcon.colcon_core.shell:Creating package script '/home/ispaik06/robot_ws/install/ydlidar/share/ydlidar/package.ps1'
[2.853s] INFO:colcon.colcon_core.shell:Creating package descriptor '/home/ispaik06/robot_ws/install/ydlidar/share/ydlidar/package.dsv'
[2.854s] INFO:colcon.colcon_core.shell:Creating package script '/home/ispaik06/robot_ws/install/ydlidar/share/ydlidar/package.sh'
[2.854s] INFO:colcon.colcon_core.shell:Creating package script '/home/ispaik06/robot_ws/install/ydlidar/share/ydlidar/package.bash'
[2.854s] INFO:colcon.colcon_core.shell:Creating package script '/home/ispaik06/robot_ws/install/ydlidar/share/ydlidar/package.zsh'
[2.854s] Level 1:colcon.colcon_core.environment:create_file_with_runtime_dependencies(/home/ispaik06/robot_ws/install/ydlidar/share/colcon-core/packages/ydlidar)
[2.857s] DEBUG:colcon.colcon_core.event_handler.log_command:Invoked command in '/home/ispaik06/robot_ws/src/joy_tester' returned '0': PYTHONPATH=/home/ispaik06/robot_ws/build/joy_tester/prefix_override:/home/ispaik06/robot_ws/install/joy_tester/lib/python3.8/site-packages:${PYTHONPATH} /usr/bin/python3 setup.py egg_info --egg-base ../../build/joy_tester build --build-base /home/ispaik06/robot_ws/build/joy_tester/build install --record /home/ispaik06/robot_ws/build/joy_tester/install.log --single-version-externally-managed
[2.876s] Level 1:colcon.colcon_core.environment:checking '/home/ispaik06/robot_ws/install/joy_tester' for CMake module files
[2.876s] Level 1:colcon.colcon_core.environment:checking '/home/ispaik06/robot_ws/install/joy_tester' for CMake config files
[2.877s] Level 1:colcon.colcon_core.environment:checking '/home/ispaik06/robot_ws/install/joy_tester/lib'
[2.877s] Level 1:colcon.colcon_core.environment:checking '/home/ispaik06/robot_ws/install/joy_tester/bin'
[2.877s] Level 1:colcon.colcon_core.environment:checking '/home/ispaik06/robot_ws/install/joy_tester/lib/pkgconfig/joy_tester.pc'
[2.877s] Level 1:colcon.colcon_core.environment:checking '/home/ispaik06/robot_ws/install/joy_tester/lib/python3.8/site-packages'
[2.877s] Level 1:colcon.colcon_core.shell:create_environment_hook('joy_tester', 'pythonpath')
[2.895s] INFO:colcon.colcon_core.shell:Creating environment hook '/home/ispaik06/robot_ws/install/joy_tester/share/joy_tester/hook/pythonpath.ps1'
[2.895s] INFO:colcon.colcon_core.shell:Creating environment descriptor '/home/ispaik06/robot_ws/install/joy_tester/share/joy_tester/hook/pythonpath.dsv'
[2.896s] INFO:colcon.colcon_core.shell:Creating environment hook '/home/ispaik06/robot_ws/install/joy_tester/share/joy_tester/hook/pythonpath.sh'
[2.896s] Level 1:colcon.colcon_core.environment:checking '/home/ispaik06/robot_ws/install/joy_tester/bin'
[2.896s] Level 1:colcon.colcon_core.environment:create_environment_scripts_only(joy_tester)
[2.914s] INFO:colcon.colcon_core.shell:Creating package script '/home/ispaik06/robot_ws/install/joy_tester/share/joy_tester/package.ps1'
[2.914s] INFO:colcon.colcon_core.shell:Creating package descriptor '/home/ispaik06/robot_ws/install/joy_tester/share/joy_tester/package.dsv'
[2.914s] INFO:colcon.colcon_core.shell:Creating package script '/home/ispaik06/robot_ws/install/joy_tester/share/joy_tester/package.sh'
[2.915s] INFO:colcon.colcon_core.shell:Creating package script '/home/ispaik06/robot_ws/install/joy_tester/share/joy_tester/package.bash'
[2.915s] INFO:colcon.colcon_core.shell:Creating package script '/home/ispaik06/robot_ws/install/joy_tester/share/joy_tester/package.zsh'
[2.915s] Level 1:colcon.colcon_core.environment:create_file_with_runtime_dependencies(/home/ispaik06/robot_ws/install/joy_tester/share/colcon-core/packages/joy_tester)
[2.916s] DEBUG:colcon.colcon_parallel_executor.executor.parallel:closing loop
[2.916s] DEBUG:colcon.colcon_parallel_executor.executor.parallel:loop closed
[2.916s] DEBUG:colcon.colcon_parallel_executor.executor.parallel:run_until_complete finished with '0'
[2.916s] DEBUG:colcon.colcon_core.event_reactor:joining thread
[2.942s] INFO:colcon.colcon_core.plugin_system:Skipping extension 'colcon_notification.desktop_notification.terminal_notifier': Not used on non-Darwin systems
[2.942s] INFO:colcon.colcon_core.plugin_system:Skipping extension 'colcon_notification.desktop_notification.win32': Not used on non-Windows systems
[2.942s] INFO:colcon.colcon_notification.desktop_notification:Sending desktop notification using 'notify2'
[2.956s] DEBUG:colcon.colcon_core.event_reactor:joined thread
[2.974s] INFO:colcon.colcon_core.shell:Creating prefix script '/home/ispaik06/robot_ws/install/local_setup.ps1'
[2.975s] INFO:colcon.colcon_core.shell:Creating prefix util module '/home/ispaik06/robot_ws/install/_local_setup_util_ps1.py'
[2.976s] INFO:colcon.colcon_core.shell:Creating prefix chain script '/home/ispaik06/robot_ws/install/setup.ps1'
[2.998s] INFO:colcon.colcon_core.shell:Creating prefix script '/home/ispaik06/robot_ws/install/local_setup.sh'
[2.998s] INFO:colcon.colcon_core.shell:Creating prefix util module '/home/ispaik06/robot_ws/install/_local_setup_util_sh.py'
[2.999s] INFO:colcon.colcon_core.shell:Creating prefix chain script '/home/ispaik06/robot_ws/install/setup.sh'
[3.018s] INFO:colcon.colcon_core.shell:Creating prefix script '/home/ispaik06/robot_ws/install/local_setup.bash'
[3.019s] INFO:colcon.colcon_core.shell:Creating prefix chain script '/home/ispaik06/robot_ws/install/setup.bash'
[3.039s] INFO:colcon.colcon_core.shell:Creating prefix script '/home/ispaik06/robot_ws/install/local_setup.zsh'
[3.039s] INFO:colcon.colcon_core.shell:Creating prefix chain script '/home/ispaik06/robot_ws/install/setup.zsh'
