[0.083s] Invoking command in '/home/ispaik06/robot_ws/build/diffdrive_arduino': AMENT_PREFIX_PATH=/home/ispaik06/robot_ws/install/serial:${AMENT_PREFIX_PATH} CMAKE_PREFIX_PATH=/home/ispaik06/robot_ws/install/serial:/home/ispaik06/robot_ws/install/ydlidar_sdk:/home/ispaik06/robot_ws/install/ydlidar:/home/ispaik06/robot_ws/install/urdf_example:/home/ispaik06/robot_ws/install/sasa_bot:/home/ispaik06/robot_ws/install/articubot_one:/home/ispaik06/robot_ws/install/joy_tester:/opt/ros/foxy LD_LIBRARY_PATH=/home/ispaik06/robot_ws/install/serial/lib:${LD_LIBRARY_PATH} /usr/bin/cmake /home/ispaik06/robot_ws/src/diffdrive_arduino -DCMAKE_INSTALL_PREFIX=/home/ispaik06/robot_ws/install/diffdrive_arduino
[0.117s] -- The C compiler identification is GNU 9.4.0
[0.154s] -- The CXX compiler identification is GNU 9.4.0
[0.157s] -- Check for working C compiler: /usr/bin/cc
[0.198s] -- Check for working C compiler: /usr/bin/cc -- works
[0.199s] -- Detecting C compiler ABI info
[0.242s] -- Detecting C compiler ABI info - done
[0.249s] -- Detecting C compile features
[0.249s] -- Detecting C compile features - done
[0.251s] -- Check for working CXX compiler: /usr/bin/c++
[0.299s] -- Check for working CXX compiler: /usr/bin/c++ -- works
[0.299s] -- Detecting CXX compiler ABI info
[0.348s] -- Detecting CXX compiler ABI info - done
[0.355s] -- Detecting CXX compile features
[0.356s] -- Detecting CXX compile features - done
[0.357s] -- Found ament_cmake: 0.9.12 (/opt/ros/foxy/share/ament_cmake/cmake)
[0.374s] -- Found PythonInterp: /usr/bin/python3 (found suitable version "3.8.10", minimum required is "3") 
[0.374s] -- Using PYTHON_EXECUTABLE: /usr/bin/python3
[0.479s] -- Found serial: 1.2.1 (/home/ispaik06/robot_ws/install/serial/share/serial/cmake)
[0.486s] -- Found hardware_interface: 0.11.0 (/opt/ros/foxy/share/hardware_interface/cmake)
[0.508s] -- Using all available rosidl_typesupport_c: rosidl_typesupport_fastrtps_c;rosidl_typesupport_introspection_c
[0.512s] -- Found rosidl_adapter: 1.3.1 (/opt/ros/foxy/share/rosidl_adapter/cmake)
[0.565s] -- Found OpenSSL: /usr/lib/x86_64-linux-gnu/libcrypto.so (found version "1.1.1f")  
[0.583s] -- Found FastRTPS: /opt/ros/foxy/include  
[0.629s] -- Using all available rosidl_typesupport_cpp: rosidl_typesupport_fastrtps_cpp;rosidl_typesupport_introspection_cpp
[0.973s] -- Found controller_manager: 0.11.0 (/opt/ros/foxy/share/controller_manager/cmake)
[1.010s] -- Found rmw_implementation_cmake: 1.0.4 (/opt/ros/foxy/share/rmw_implementation_cmake/cmake)
[1.012s] -- Using RMW implementation 'rmw_fastrtps_cpp' as default
[1.013s] -- Looking for pthread.h
[1.058s] -- Looking for pthread.h - found
[1.058s] -- Performing Test CMAKE_HAVE_LIBC_PTHREAD
[1.104s] -- Performing Test CMAKE_HAVE_LIBC_PTHREAD - Failed
[1.104s] -- Looking for pthread_create in pthreads
[1.140s] -- Looking for pthread_create in pthreads - not found
[1.140s] -- Looking for pthread_create in pthread
[1.183s] -- Looking for pthread_create in pthread - found
[1.184s] -- Found Threads: TRUE  
[1.563s] -- Configuring done
[1.588s] -- Generating done
[1.589s] -- Build files have been written to: /home/ispaik06/robot_ws/build/diffdrive_arduino
[1.596s] Invoked command in '/home/ispaik06/robot_ws/build/diffdrive_arduino' returned '0': AMENT_PREFIX_PATH=/home/ispaik06/robot_ws/install/serial:${AMENT_PREFIX_PATH} CMAKE_PREFIX_PATH=/home/ispaik06/robot_ws/install/serial:/home/ispaik06/robot_ws/install/ydlidar_sdk:/home/ispaik06/robot_ws/install/ydlidar:/home/ispaik06/robot_ws/install/urdf_example:/home/ispaik06/robot_ws/install/sasa_bot:/home/ispaik06/robot_ws/install/articubot_one:/home/ispaik06/robot_ws/install/joy_tester:/opt/ros/foxy LD_LIBRARY_PATH=/home/ispaik06/robot_ws/install/serial/lib:${LD_LIBRARY_PATH} /usr/bin/cmake /home/ispaik06/robot_ws/src/diffdrive_arduino -DCMAKE_INSTALL_PREFIX=/home/ispaik06/robot_ws/install/diffdrive_arduino
[1.597s] Invoking command in '/home/ispaik06/robot_ws/build/diffdrive_arduino': AMENT_PREFIX_PATH=/home/ispaik06/robot_ws/install/serial:${AMENT_PREFIX_PATH} CMAKE_PREFIX_PATH=/home/ispaik06/robot_ws/install/serial:/home/ispaik06/robot_ws/install/ydlidar_sdk:/home/ispaik06/robot_ws/install/ydlidar:/home/ispaik06/robot_ws/install/urdf_example:/home/ispaik06/robot_ws/install/sasa_bot:/home/ispaik06/robot_ws/install/articubot_one:/home/ispaik06/robot_ws/install/joy_tester:/opt/ros/foxy LD_LIBRARY_PATH=/home/ispaik06/robot_ws/install/serial/lib:${LD_LIBRARY_PATH} /usr/bin/cmake --build /home/ispaik06/robot_ws/build/diffdrive_arduino -- -j12 -l12
[1.621s] [35m[1mScanning dependencies of target fake_robot[0m
[1.622s] [35m[1mScanning dependencies of target diffdrive_arduino[0m
[1.667s] [ 14%] [32mBuilding CXX object CMakeFiles/fake_robot.dir/src/fake_robot.cpp.o[0m
[1.670s] [ 28%] [32mBuilding CXX object CMakeFiles/diffdrive_arduino.dir/src/arduino_comms.cpp.o[0m
[1.670s] [ 42%] [32mBuilding CXX object CMakeFiles/fake_robot.dir/src/wheel.cpp.o[0m
[1.672s] [ 57%] [32mBuilding CXX object CMakeFiles/diffdrive_arduino.dir/src/wheel.cpp.o[0m
[1.673s] [ 71%] [32mBuilding CXX object CMakeFiles/diffdrive_arduino.dir/src/diffdrive_arduino.cpp.o[0m
[3.398s] [ 85%] [32m[1mLinking CXX shared library libdiffdrive_arduino.so[0m
[3.404s] [100%] [32m[1mLinking CXX shared library libfake_robot.so[0m
[3.524s] [100%] Built target fake_robot
[3.524s] [100%] Built target diffdrive_arduino
[3.535s] Invoked command in '/home/ispaik06/robot_ws/build/diffdrive_arduino' returned '0': AMENT_PREFIX_PATH=/home/ispaik06/robot_ws/install/serial:${AMENT_PREFIX_PATH} CMAKE_PREFIX_PATH=/home/ispaik06/robot_ws/install/serial:/home/ispaik06/robot_ws/install/ydlidar_sdk:/home/ispaik06/robot_ws/install/ydlidar:/home/ispaik06/robot_ws/install/urdf_example:/home/ispaik06/robot_ws/install/sasa_bot:/home/ispaik06/robot_ws/install/articubot_one:/home/ispaik06/robot_ws/install/joy_tester:/opt/ros/foxy LD_LIBRARY_PATH=/home/ispaik06/robot_ws/install/serial/lib:${LD_LIBRARY_PATH} /usr/bin/cmake --build /home/ispaik06/robot_ws/build/diffdrive_arduino -- -j12 -l12
[3.555s] Invoking command in '/home/ispaik06/robot_ws/build/diffdrive_arduino': AMENT_PREFIX_PATH=/home/ispaik06/robot_ws/install/serial:${AMENT_PREFIX_PATH} CMAKE_PREFIX_PATH=/home/ispaik06/robot_ws/install/serial:/home/ispaik06/robot_ws/install/ydlidar_sdk:/home/ispaik06/robot_ws/install/ydlidar:/home/ispaik06/robot_ws/install/urdf_example:/home/ispaik06/robot_ws/install/sasa_bot:/home/ispaik06/robot_ws/install/articubot_one:/home/ispaik06/robot_ws/install/joy_tester:/opt/ros/foxy LD_LIBRARY_PATH=/home/ispaik06/robot_ws/install/serial/lib:${LD_LIBRARY_PATH} /usr/bin/cmake --install /home/ispaik06/robot_ws/build/diffdrive_arduino
[3.561s] -- Install configuration: ""
[3.561s] -- Installing: /home/ispaik06/robot_ws/install/diffdrive_arduino/share/diffdrive_arduino/robot_hardware.xml
[3.561s] -- Installing: /home/ispaik06/robot_ws/install/diffdrive_arduino/share/diffdrive_arduino/fake_robot_hardware.xml
[3.561s] -- Installing: /home/ispaik06/robot_ws/install/diffdrive_arduino/lib/libdiffdrive_arduino.so
[3.561s] -- Set runtime path of "/home/ispaik06/robot_ws/install/diffdrive_arduino/lib/libdiffdrive_arduino.so" to ""
[3.561s] -- Installing: /home/ispaik06/robot_ws/install/diffdrive_arduino/lib/libfake_robot.so
[3.562s] -- Set runtime path of "/home/ispaik06/robot_ws/install/diffdrive_arduino/lib/libfake_robot.so" to ""
[3.562s] -- Installing: /home/ispaik06/robot_ws/install/diffdrive_arduino/share/diffdrive_arduino/controllers
[3.562s] -- Installing: /home/ispaik06/robot_ws/install/diffdrive_arduino/share/diffdrive_arduino/controllers/robot_controller_example.yaml
[3.562s] -- Up-to-date: /home/ispaik06/robot_ws/install/diffdrive_arduino/share/diffdrive_arduino
[3.562s] -- Installing: /home/ispaik06/robot_ws/install/diffdrive_arduino/share/diffdrive_arduino/fake_robot.launch.py
[3.563s] -- Installing: /home/ispaik06/robot_ws/install/diffdrive_arduino/share/diffdrive_arduino/test_robot.launch.py
[3.563s] -- Installing: /home/ispaik06/robot_ws/install/diffdrive_arduino/share/diffdrive_arduino/environment/library_path.sh
[3.563s] -- Installing: /home/ispaik06/robot_ws/install/diffdrive_arduino/share/diffdrive_arduino/environment/library_path.dsv
[3.563s] -- Installing: /home/ispaik06/robot_ws/install/diffdrive_arduino/share/ament_index/resource_index/package_run_dependencies/diffdrive_arduino
[3.563s] -- Installing: /home/ispaik06/robot_ws/install/diffdrive_arduino/share/ament_index/resource_index/parent_prefix_path/diffdrive_arduino
[3.563s] -- Installing: /home/ispaik06/robot_ws/install/diffdrive_arduino/share/diffdrive_arduino/environment/ament_prefix_path.sh
[3.563s] -- Installing: /home/ispaik06/robot_ws/install/diffdrive_arduino/share/diffdrive_arduino/environment/ament_prefix_path.dsv
[3.563s] -- Installing: /home/ispaik06/robot_ws/install/diffdrive_arduino/share/diffdrive_arduino/environment/path.sh
[3.563s] -- Installing: /home/ispaik06/robot_ws/install/diffdrive_arduino/share/diffdrive_arduino/environment/path.dsv
[3.563s] -- Installing: /home/ispaik06/robot_ws/install/diffdrive_arduino/share/diffdrive_arduino/local_setup.bash
[3.564s] -- Installing: /home/ispaik06/robot_ws/install/diffdrive_arduino/share/diffdrive_arduino/local_setup.sh
[3.564s] -- Installing: /home/ispaik06/robot_ws/install/diffdrive_arduino/share/diffdrive_arduino/local_setup.zsh
[3.564s] -- Installing: /home/ispaik06/robot_ws/install/diffdrive_arduino/share/diffdrive_arduino/local_setup.dsv
[3.564s] -- Installing: /home/ispaik06/robot_ws/install/diffdrive_arduino/share/diffdrive_arduino/package.dsv
[3.564s] -- Installing: /home/ispaik06/robot_ws/install/diffdrive_arduino/share/ament_index/resource_index/packages/diffdrive_arduino
[3.564s] -- Installing: /home/ispaik06/robot_ws/install/diffdrive_arduino/share/ament_index/resource_index/hardware_interface__pluginlib__plugin/diffdrive_arduino
[3.564s] -- Installing: /home/ispaik06/robot_ws/install/diffdrive_arduino/share/diffdrive_arduino/cmake/ament_cmake_export_libraries-extras.cmake
[3.564s] -- Installing: /home/ispaik06/robot_ws/install/diffdrive_arduino/share/diffdrive_arduino/cmake/ament_cmake_export_dependencies-extras.cmake
[3.564s] -- Installing: /home/ispaik06/robot_ws/install/diffdrive_arduino/share/diffdrive_arduino/cmake/diffdrive_arduinoConfig.cmake
[3.564s] -- Installing: /home/ispaik06/robot_ws/install/diffdrive_arduino/share/diffdrive_arduino/cmake/diffdrive_arduinoConfig-version.cmake
[3.565s] -- Installing: /home/ispaik06/robot_ws/install/diffdrive_arduino/share/diffdrive_arduino/package.xml
[3.566s] Invoked command in '/home/ispaik06/robot_ws/build/diffdrive_arduino' returned '0': AMENT_PREFIX_PATH=/home/ispaik06/robot_ws/install/serial:${AMENT_PREFIX_PATH} CMAKE_PREFIX_PATH=/home/ispaik06/robot_ws/install/serial:/home/ispaik06/robot_ws/install/ydlidar_sdk:/home/ispaik06/robot_ws/install/ydlidar:/home/ispaik06/robot_ws/install/urdf_example:/home/ispaik06/robot_ws/install/sasa_bot:/home/ispaik06/robot_ws/install/articubot_one:/home/ispaik06/robot_ws/install/joy_tester:/opt/ros/foxy LD_LIBRARY_PATH=/home/ispaik06/robot_ws/install/serial/lib:${LD_LIBRARY_PATH} /usr/bin/cmake --install /home/ispaik06/robot_ws/build/diffdrive_arduino
