[0.099s] Invoking command in '/home/ispaik06/robot_ws/build/diffdrive_arduino': CMAKE_PREFIX_PATH=/home/ispaik06/robot_ws/install/serial:/home/ispaik06/robot_ws/install/ydlidar_sdk:/home/ispaik06/robot_ws/install/ydlidar:/home/ispaik06/robot_ws/install/urdf_example:/home/ispaik06/robot_ws/install/serial_motor_demo_msgs:/home/ispaik06/robot_ws/install/diffdrive_arduino:/home/ispaik06/robot_ws/install/sasa_bot:/home/ispaik06/robot_ws/install/gazebo_ros2_control_demos:/home/ispaik06/robot_ws/install/gazebo_ros2_control:/home/ispaik06/robot_ws/install/articubot_one:/home/ispaik06/robot_ws/install/serial_motor_demo:/home/ispaik06/robot_ws/install/joy_tester:/opt/ros/foxy /usr/bin/cmake /home/ispaik06/robot_ws/src/diffdrive_arduino -DCMAKE_INSTALL_PREFIX=/home/ispaik06/robot_ws/install/diffdrive_arduino
[0.108s] -- Found ament_cmake: 0.9.12 (/opt/ros/foxy/share/ament_cmake/cmake)
[0.132s] -- Using PYTHON_EXECUTABLE: /usr/bin/python3
[0.248s] -- Override CMake install command with custom implementation using symlinks instead of copying resources
[0.254s] -- Found serial: 1.2.1 (/home/ispaik06/robot_ws/install/serial/share/serial/cmake)
[0.255s] -- Found hardware_interface: 0.11.0 (/opt/ros/foxy/share/hardware_interface/cmake)
[0.271s] -- Using all available rosidl_typesupport_c: rosidl_typesupport_fastrtps_c;rosidl_typesupport_introspection_c
[0.273s] -- Found rosidl_adapter: 1.3.1 (/opt/ros/foxy/share/rosidl_adapter/cmake)
[0.362s] -- Using all available rosidl_typesupport_cpp: rosidl_typesupport_fastrtps_cpp;rosidl_typesupport_introspection_cpp
[0.673s] -- Found controller_manager: 0.11.0 (/opt/ros/foxy/share/controller_manager/cmake)
[0.704s] -- Found rmw_implementation_cmake: 1.0.4 (/opt/ros/foxy/share/rmw_implementation_cmake/cmake)
[0.705s] -- Using RMW implementation 'rmw_fastrtps_cpp' as default
[1.071s] -- Configuring done
[1.093s] -- Generating done
[1.094s] -- Build files have been written to: /home/ispaik06/robot_ws/build/diffdrive_arduino
[1.105s] Invoked command in '/home/ispaik06/robot_ws/build/diffdrive_arduino' returned '0': CMAKE_PREFIX_PATH=/home/ispaik06/robot_ws/install/serial:/home/ispaik06/robot_ws/install/ydlidar_sdk:/home/ispaik06/robot_ws/install/ydlidar:/home/ispaik06/robot_ws/install/urdf_example:/home/ispaik06/robot_ws/install/serial_motor_demo_msgs:/home/ispaik06/robot_ws/install/diffdrive_arduino:/home/ispaik06/robot_ws/install/sasa_bot:/home/ispaik06/robot_ws/install/gazebo_ros2_control_demos:/home/ispaik06/robot_ws/install/gazebo_ros2_control:/home/ispaik06/robot_ws/install/articubot_one:/home/ispaik06/robot_ws/install/serial_motor_demo:/home/ispaik06/robot_ws/install/joy_tester:/opt/ros/foxy /usr/bin/cmake /home/ispaik06/robot_ws/src/diffdrive_arduino -DCMAKE_INSTALL_PREFIX=/home/ispaik06/robot_ws/install/diffdrive_arduino
[1.107s] Invoking command in '/home/ispaik06/robot_ws/build/diffdrive_arduino': CMAKE_PREFIX_PATH=/home/ispaik06/robot_ws/install/serial:/home/ispaik06/robot_ws/install/ydlidar_sdk:/home/ispaik06/robot_ws/install/ydlidar:/home/ispaik06/robot_ws/install/urdf_example:/home/ispaik06/robot_ws/install/serial_motor_demo_msgs:/home/ispaik06/robot_ws/install/diffdrive_arduino:/home/ispaik06/robot_ws/install/sasa_bot:/home/ispaik06/robot_ws/install/gazebo_ros2_control_demos:/home/ispaik06/robot_ws/install/gazebo_ros2_control:/home/ispaik06/robot_ws/install/articubot_one:/home/ispaik06/robot_ws/install/serial_motor_demo:/home/ispaik06/robot_ws/install/joy_tester:/opt/ros/foxy /usr/bin/cmake --build /home/ispaik06/robot_ws/build/diffdrive_arduino -- -j12 -l12
[1.145s] [ 42%] Built target fake_robot
[1.146s] [100%] Built target diffdrive_arduino
[1.315s] Invoked command in '/home/ispaik06/robot_ws/build/diffdrive_arduino' returned '0': CMAKE_PREFIX_PATH=/home/ispaik06/robot_ws/install/serial:/home/ispaik06/robot_ws/install/ydlidar_sdk:/home/ispaik06/robot_ws/install/ydlidar:/home/ispaik06/robot_ws/install/urdf_example:/home/ispaik06/robot_ws/install/serial_motor_demo_msgs:/home/ispaik06/robot_ws/install/diffdrive_arduino:/home/ispaik06/robot_ws/install/sasa_bot:/home/ispaik06/robot_ws/install/gazebo_ros2_control_demos:/home/ispaik06/robot_ws/install/gazebo_ros2_control:/home/ispaik06/robot_ws/install/articubot_one:/home/ispaik06/robot_ws/install/serial_motor_demo:/home/ispaik06/robot_ws/install/joy_tester:/opt/ros/foxy /usr/bin/cmake --build /home/ispaik06/robot_ws/build/diffdrive_arduino -- -j12 -l12
[1.343s] Invoking command in '/home/ispaik06/robot_ws/build/diffdrive_arduino': CMAKE_PREFIX_PATH=/home/ispaik06/robot_ws/install/serial:/home/ispaik06/robot_ws/install/ydlidar_sdk:/home/ispaik06/robot_ws/install/ydlidar:/home/ispaik06/robot_ws/install/urdf_example:/home/ispaik06/robot_ws/install/serial_motor_demo_msgs:/home/ispaik06/robot_ws/install/diffdrive_arduino:/home/ispaik06/robot_ws/install/sasa_bot:/home/ispaik06/robot_ws/install/gazebo_ros2_control_demos:/home/ispaik06/robot_ws/install/gazebo_ros2_control:/home/ispaik06/robot_ws/install/articubot_one:/home/ispaik06/robot_ws/install/serial_motor_demo:/home/ispaik06/robot_ws/install/joy_tester:/opt/ros/foxy /usr/bin/cmake --install /home/ispaik06/robot_ws/build/diffdrive_arduino
[1.349s] -- Install configuration: ""
[1.350s] -- Execute custom install script
[1.350s] -- Up-to-date symlink: /home/ispaik06/robot_ws/install/diffdrive_arduino/share/diffdrive_arduino//robot_hardware.xml
[1.350s] -- Up-to-date symlink: /home/ispaik06/robot_ws/install/diffdrive_arduino/share/diffdrive_arduino//fake_robot_hardware.xml
[1.350s] -- Up-to-date symlink: /home/ispaik06/robot_ws/install/diffdrive_arduino/lib/libdiffdrive_arduino.so
[1.351s] -- Up-to-date symlink: /home/ispaik06/robot_ws/install/diffdrive_arduino/lib/libfake_robot.so
[1.351s] -- Up-to-date symlink: /home/ispaik06/robot_ws/install/diffdrive_arduino/share/diffdrive_arduino/controllers/robot_controller_example.yaml
[1.352s] -- Up-to-date symlink: /home/ispaik06/robot_ws/install/diffdrive_arduino/share/diffdrive_arduino/fake_robot.launch.py
[1.352s] -- Up-to-date symlink: /home/ispaik06/robot_ws/install/diffdrive_arduino/share/diffdrive_arduino/test_robot.launch.py
[1.352s] -- Up-to-date symlink: /home/ispaik06/robot_ws/install/diffdrive_arduino/share/diffdrive_arduino/environment/library_path.sh
[1.352s] -- Up-to-date symlink: /home/ispaik06/robot_ws/install/diffdrive_arduino/share/diffdrive_arduino/environment/library_path.dsv
[1.352s] -- Up-to-date symlink: /home/ispaik06/robot_ws/install/diffdrive_arduino/share/ament_index/resource_index/package_run_dependencies/diffdrive_arduino
[1.352s] -- Up-to-date symlink: /home/ispaik06/robot_ws/install/diffdrive_arduino/share/ament_index/resource_index/parent_prefix_path/diffdrive_arduino
[1.353s] -- Up-to-date symlink: /home/ispaik06/robot_ws/install/diffdrive_arduino/share/diffdrive_arduino/environment/ament_prefix_path.sh
[1.353s] -- Up-to-date symlink: /home/ispaik06/robot_ws/install/diffdrive_arduino/share/diffdrive_arduino/environment/ament_prefix_path.dsv
[1.353s] -- Up-to-date symlink: /home/ispaik06/robot_ws/install/diffdrive_arduino/share/diffdrive_arduino/environment/path.sh
[1.353s] -- Up-to-date symlink: /home/ispaik06/robot_ws/install/diffdrive_arduino/share/diffdrive_arduino/environment/path.dsv
[1.353s] -- Up-to-date symlink: /home/ispaik06/robot_ws/install/diffdrive_arduino/share/diffdrive_arduino/local_setup.bash
[1.353s] -- Up-to-date symlink: /home/ispaik06/robot_ws/install/diffdrive_arduino/share/diffdrive_arduino/local_setup.sh
[1.353s] -- Up-to-date symlink: /home/ispaik06/robot_ws/install/diffdrive_arduino/share/diffdrive_arduino/local_setup.zsh
[1.353s] -- Up-to-date symlink: /home/ispaik06/robot_ws/install/diffdrive_arduino/share/diffdrive_arduino/local_setup.dsv
[1.353s] -- Symlinking: /home/ispaik06/robot_ws/install/diffdrive_arduino/share/diffdrive_arduino/package.dsv
[1.360s] -- Up-to-date symlink: /home/ispaik06/robot_ws/install/diffdrive_arduino/share/ament_index/resource_index/packages/diffdrive_arduino
[1.361s] -- Up-to-date symlink: /home/ispaik06/robot_ws/install/diffdrive_arduino/share/ament_index/resource_index/hardware_interface__pluginlib__plugin/diffdrive_arduino
[1.361s] -- Up-to-date symlink: /home/ispaik06/robot_ws/install/diffdrive_arduino/share/diffdrive_arduino/cmake/ament_cmake_export_libraries-extras.cmake
[1.361s] -- Up-to-date symlink: /home/ispaik06/robot_ws/install/diffdrive_arduino/share/diffdrive_arduino/cmake/ament_cmake_export_dependencies-extras.cmake
[1.361s] -- Up-to-date symlink: /home/ispaik06/robot_ws/install/diffdrive_arduino/share/diffdrive_arduino/cmake/diffdrive_arduinoConfig.cmake
[1.362s] -- Up-to-date symlink: /home/ispaik06/robot_ws/install/diffdrive_arduino/share/diffdrive_arduino/cmake/diffdrive_arduinoConfig-version.cmake
[1.362s] -- Up-to-date symlink: /home/ispaik06/robot_ws/install/diffdrive_arduino/share/diffdrive_arduino/package.xml
[1.449s] Invoked command in '/home/ispaik06/robot_ws/build/diffdrive_arduino' returned '0': CMAKE_PREFIX_PATH=/home/ispaik06/robot_ws/install/serial:/home/ispaik06/robot_ws/install/ydlidar_sdk:/home/ispaik06/robot_ws/install/ydlidar:/home/ispaik06/robot_ws/install/urdf_example:/home/ispaik06/robot_ws/install/serial_motor_demo_msgs:/home/ispaik06/robot_ws/install/diffdrive_arduino:/home/ispaik06/robot_ws/install/sasa_bot:/home/ispaik06/robot_ws/install/gazebo_ros2_control_demos:/home/ispaik06/robot_ws/install/gazebo_ros2_control:/home/ispaik06/robot_ws/install/articubot_one:/home/ispaik06/robot_ws/install/serial_motor_demo:/home/ispaik06/robot_ws/install/joy_tester:/opt/ros/foxy /usr/bin/cmake --install /home/ispaik06/robot_ws/build/diffdrive_arduino
