[0.529s] Invoking command in '/home/ispaik06/robot_ws/build/sasa_bot': CMAKE_PREFIX_PATH=${CMAKE_PREFIX_PATH}:/home/ispaik06/robot_ws/install/joy_tester:/opt/ros/foxy /usr/bin/cmake /home/ispaik06/robot_ws/src/sasa_bot -DAMENT_CMAKE_SYMLINK_INSTALL=1 -DCMAKE_INSTALL_PREFIX=/home/ispaik06/robot_ws/install/sasa_bot
[0.549s] -- Found ament_cmake: 0.9.12 (/opt/ros/foxy/share/ament_cmake/cmake)
[0.567s] -- Using PYTHON_EXECUTABLE: /usr/bin/python3
[0.714s] -- Override CMake install command with custom implementation using symlinks instead of copying resources
[0.725s] -- Found ament_lint_auto: 0.9.8 (/opt/ros/foxy/share/ament_lint_auto/cmake)
[0.781s] -- Added test 'copyright' to check source files copyright and LICENSE
[0.783s] -- Added test 'flake8' to check Python code syntax and style conventions
[0.784s] -- Added test 'lint_cmake' to check CMake code style
[0.784s] -- Added test 'pep257' to check Python code against some of the style conventions in PEP 257
[0.785s] -- Added test 'xmllint' to check XML markup files
[0.787s] -- Configuring done
[0.788s] -- Generating done
[0.789s] -- Build files have been written to: /home/ispaik06/robot_ws/build/sasa_bot
[0.915s] Invoked command in '/home/ispaik06/robot_ws/build/sasa_bot' returned '0': CMAKE_PREFIX_PATH=${CMAKE_PREFIX_PATH}:/home/ispaik06/robot_ws/install/joy_tester:/opt/ros/foxy /usr/bin/cmake /home/ispaik06/robot_ws/src/sasa_bot -DAMENT_CMAKE_SYMLINK_INSTALL=1 -DCMAKE_INSTALL_PREFIX=/home/ispaik06/robot_ws/install/sasa_bot
[0.917s] Invoking command in '/home/ispaik06/robot_ws/build/sasa_bot': CMAKE_PREFIX_PATH=${CMAKE_PREFIX_PATH}:/home/ispaik06/robot_ws/install/joy_tester:/opt/ros/foxy /usr/bin/cmake --build /home/ispaik06/robot_ws/build/sasa_bot -- -j12 -l12
[0.952s] Invoked command in '/home/ispaik06/robot_ws/build/sasa_bot' returned '0': CMAKE_PREFIX_PATH=${CMAKE_PREFIX_PATH}:/home/ispaik06/robot_ws/install/joy_tester:/opt/ros/foxy /usr/bin/cmake --build /home/ispaik06/robot_ws/build/sasa_bot -- -j12 -l12
[0.969s] Invoking command in '/home/ispaik06/robot_ws/build/sasa_bot': CMAKE_PREFIX_PATH=${CMAKE_PREFIX_PATH}:/home/ispaik06/robot_ws/install/joy_tester:/opt/ros/foxy /usr/bin/cmake --install /home/ispaik06/robot_ws/build/sasa_bot
[0.974s] -- Install configuration: ""
[0.975s] -- Execute custom install script
[0.975s] -- Symlinking: /home/ispaik06/robot_ws/install/sasa_bot/share/sasa_bot/config/empty.yaml
[0.984s] -- Symlinking: /home/ispaik06/robot_ws/install/sasa_bot/share/sasa_bot/config/my_controllers.yaml
[0.991s] -- Symlinking: /home/ispaik06/robot_ws/install/sasa_bot/share/sasa_bot/config/view_bot.rviz
[0.999s] -- Symlinking: /home/ispaik06/robot_ws/install/sasa_bot/share/sasa_bot/description/camera.xacro
[1.006s] -- Symlinking: /home/ispaik06/robot_ws/install/sasa_bot/share/sasa_bot/description/depth_camera.xacro
[1.014s] -- Symlinking: /home/ispaik06/robot_ws/install/sasa_bot/share/sasa_bot/description/gazebo_control.xacro
[1.023s] -- Symlinking: /home/ispaik06/robot_ws/install/sasa_bot/share/sasa_bot/description/inertial_macros.xacro
[1.029s] -- Symlinking: /home/ispaik06/robot_ws/install/sasa_bot/share/sasa_bot/description/lidar.xacro
[1.037s] -- Symlinking: /home/ispaik06/robot_ws/install/sasa_bot/share/sasa_bot/description/robot.urdf.xacro
[1.043s] -- Symlinking: /home/ispaik06/robot_ws/install/sasa_bot/share/sasa_bot/description/robot_core.xacro
[1.051s] -- Symlinking: /home/ispaik06/robot_ws/install/sasa_bot/share/sasa_bot/description/ros2_control.xacro
[1.058s] -- Symlinking: /home/ispaik06/robot_ws/install/sasa_bot/share/sasa_bot/launch/launch_sim.launch.py
[1.065s] -- Symlinking: /home/ispaik06/robot_ws/install/sasa_bot/share/sasa_bot/launch/rsp.launch.py
[1.072s] -- Symlinking: /home/ispaik06/robot_ws/install/sasa_bot/share/sasa_bot/worlds/empty.world
[1.079s] -- Symlinking: /home/ispaik06/robot_ws/install/sasa_bot/share/ament_index/resource_index/package_run_dependencies/sasa_bot
[1.085s] -- Symlinking: /home/ispaik06/robot_ws/install/sasa_bot/share/ament_index/resource_index/parent_prefix_path/sasa_bot
[1.092s] -- Symlinking: /home/ispaik06/robot_ws/install/sasa_bot/share/sasa_bot/environment/ament_prefix_path.sh
[1.099s] -- Symlinking: /home/ispaik06/robot_ws/install/sasa_bot/share/sasa_bot/environment/ament_prefix_path.dsv
[1.105s] -- Symlinking: /home/ispaik06/robot_ws/install/sasa_bot/share/sasa_bot/environment/path.sh
[1.113s] -- Symlinking: /home/ispaik06/robot_ws/install/sasa_bot/share/sasa_bot/environment/path.dsv
[1.120s] -- Symlinking: /home/ispaik06/robot_ws/install/sasa_bot/share/sasa_bot/local_setup.bash
[1.128s] -- Symlinking: /home/ispaik06/robot_ws/install/sasa_bot/share/sasa_bot/local_setup.sh
[1.134s] -- Symlinking: /home/ispaik06/robot_ws/install/sasa_bot/share/sasa_bot/local_setup.zsh
[1.140s] -- Symlinking: /home/ispaik06/robot_ws/install/sasa_bot/share/sasa_bot/local_setup.dsv
[1.148s] -- Symlinking: /home/ispaik06/robot_ws/install/sasa_bot/share/sasa_bot/package.dsv
[1.155s] -- Symlinking: /home/ispaik06/robot_ws/install/sasa_bot/share/ament_index/resource_index/packages/sasa_bot
[1.162s] -- Symlinking: /home/ispaik06/robot_ws/install/sasa_bot/share/sasa_bot/cmake/sasa_botConfig.cmake
[1.169s] -- Symlinking: /home/ispaik06/robot_ws/install/sasa_bot/share/sasa_bot/cmake/sasa_botConfig-version.cmake
[1.177s] -- Symlinking: /home/ispaik06/robot_ws/install/sasa_bot/share/sasa_bot/package.xml
[1.206s] Invoked command in '/home/ispaik06/robot_ws/build/sasa_bot' returned '0': CMAKE_PREFIX_PATH=${CMAKE_PREFIX_PATH}:/home/ispaik06/robot_ws/install/joy_tester:/opt/ros/foxy /usr/bin/cmake --install /home/ispaik06/robot_ws/build/sasa_bot
