[0.575s] Invoking command in '/home/ispaik06/robot_ws/build/gazebo_ros2_control_demos': CMAKE_PREFIX_PATH=/home/ispaik06/robot_ws/install/gazebo_ros2_control:/home/ispaik06/robot_ws/install/ydlidar_sdk:/home/ispaik06/robot_ws/install/ydlidar:/home/ispaik06/robot_ws/install/urdf_example:/home/ispaik06/robot_ws/install/serial_motor_demo_msgs:/home/ispaik06/robot_ws/install/diffdrive_arduino:/home/ispaik06/robot_ws/install/serial:/home/ispaik06/robot_ws/install/sasa_bot:/home/ispaik06/robot_ws/install/gazebo_ros2_control_demos:/home/ispaik06/robot_ws/install/articubot_one:/home/ispaik06/robot_ws/install/serial_motor_demo:/home/ispaik06/robot_ws/install/joy_tester:/opt/ros/foxy LD_LIBRARY_PATH=/home/ispaik06/robot_ws/install/gazebo_ros2_control/lib:/home/ispaik06/robot_ws/install/serial_motor_demo_msgs/lib:/home/ispaik06/robot_ws/install/diffdrive_arduino/lib:/home/ispaik06/robot_ws/install/serial/lib:/usr/lib/x86_64-linux-gnu/gazebo-11/plugins:/opt/ros/foxy/opt/yaml_cpp_vendor/lib:/opt/ros/foxy/opt/rviz_ogre_vendor/lib:/opt/ros/foxy/lib/x86_64-linux-gnu:/opt/ros/foxy/lib /usr/bin/cmake --build /home/ispaik06/robot_ws/build/gazebo_ros2_control_demos -- -j12 -l12
[0.694s] [ 20%] Built target example_gripper
[0.696s] [ 40%] Built target example_effort
[0.696s] [ 60%] Built target example_position
[0.698s] [ 80%] Built target example_velocity
[0.699s] [100%] Built target example_diff_drive
[0.700s] Invoked command in '/home/ispaik06/robot_ws/build/gazebo_ros2_control_demos' returned '0': CMAKE_PREFIX_PATH=/home/ispaik06/robot_ws/install/gazebo_ros2_control:/home/ispaik06/robot_ws/install/ydlidar_sdk:/home/ispaik06/robot_ws/install/ydlidar:/home/ispaik06/robot_ws/install/urdf_example:/home/ispaik06/robot_ws/install/serial_motor_demo_msgs:/home/ispaik06/robot_ws/install/diffdrive_arduino:/home/ispaik06/robot_ws/install/serial:/home/ispaik06/robot_ws/install/sasa_bot:/home/ispaik06/robot_ws/install/gazebo_ros2_control_demos:/home/ispaik06/robot_ws/install/articubot_one:/home/ispaik06/robot_ws/install/serial_motor_demo:/home/ispaik06/robot_ws/install/joy_tester:/opt/ros/foxy LD_LIBRARY_PATH=/home/ispaik06/robot_ws/install/gazebo_ros2_control/lib:/home/ispaik06/robot_ws/install/serial_motor_demo_msgs/lib:/home/ispaik06/robot_ws/install/diffdrive_arduino/lib:/home/ispaik06/robot_ws/install/serial/lib:/usr/lib/x86_64-linux-gnu/gazebo-11/plugins:/opt/ros/foxy/opt/yaml_cpp_vendor/lib:/opt/ros/foxy/opt/rviz_ogre_vendor/lib:/opt/ros/foxy/lib/x86_64-linux-gnu:/opt/ros/foxy/lib /usr/bin/cmake --build /home/ispaik06/robot_ws/build/gazebo_ros2_control_demos -- -j12 -l12
[0.913s] Invoking command in '/home/ispaik06/robot_ws/build/gazebo_ros2_control_demos': CMAKE_PREFIX_PATH=/home/ispaik06/robot_ws/install/gazebo_ros2_control:/home/ispaik06/robot_ws/install/ydlidar_sdk:/home/ispaik06/robot_ws/install/ydlidar:/home/ispaik06/robot_ws/install/urdf_example:/home/ispaik06/robot_ws/install/serial_motor_demo_msgs:/home/ispaik06/robot_ws/install/diffdrive_arduino:/home/ispaik06/robot_ws/install/serial:/home/ispaik06/robot_ws/install/sasa_bot:/home/ispaik06/robot_ws/install/gazebo_ros2_control_demos:/home/ispaik06/robot_ws/install/articubot_one:/home/ispaik06/robot_ws/install/serial_motor_demo:/home/ispaik06/robot_ws/install/joy_tester:/opt/ros/foxy LD_LIBRARY_PATH=/home/ispaik06/robot_ws/install/gazebo_ros2_control/lib:/home/ispaik06/robot_ws/install/serial_motor_demo_msgs/lib:/home/ispaik06/robot_ws/install/diffdrive_arduino/lib:/home/ispaik06/robot_ws/install/serial/lib:/usr/lib/x86_64-linux-gnu/gazebo-11/plugins:/opt/ros/foxy/opt/yaml_cpp_vendor/lib:/opt/ros/foxy/opt/rviz_ogre_vendor/lib:/opt/ros/foxy/lib/x86_64-linux-gnu:/opt/ros/foxy/lib /usr/bin/cmake --install /home/ispaik06/robot_ws/build/gazebo_ros2_control_demos
[0.921s] -- Install configuration: ""
[0.921s] -- Execute custom install script
[0.922s] -- Up-to-date symlink: /home/ispaik06/robot_ws/install/gazebo_ros2_control_demos/share/gazebo_ros2_control_demos//launch/cart_example_effort.launch.py
[0.922s] -- Up-to-date symlink: /home/ispaik06/robot_ws/install/gazebo_ros2_control_demos/share/gazebo_ros2_control_demos//launch/cart_example_position.launch.py
[0.922s] -- Up-to-date symlink: /home/ispaik06/robot_ws/install/gazebo_ros2_control_demos/share/gazebo_ros2_control_demos//launch/cart_example_velocity.launch.py
[0.922s] -- Up-to-date symlink: /home/ispaik06/robot_ws/install/gazebo_ros2_control_demos/share/gazebo_ros2_control_demos//launch/diff_drive.launch.py
[0.922s] -- Up-to-date symlink: /home/ispaik06/robot_ws/install/gazebo_ros2_control_demos/share/gazebo_ros2_control_demos//launch/gripper_mimic_joint_example.launch.py
[0.922s] -- Up-to-date symlink: /home/ispaik06/robot_ws/install/gazebo_ros2_control_demos/share/gazebo_ros2_control_demos//config/cartpole_controller.yaml
[0.922s] -- Up-to-date symlink: /home/ispaik06/robot_ws/install/gazebo_ros2_control_demos/share/gazebo_ros2_control_demos//config/cartpole_controller_effort.yaml
[0.922s] -- Up-to-date symlink: /home/ispaik06/robot_ws/install/gazebo_ros2_control_demos/share/gazebo_ros2_control_demos//config/cartpole_controller_velocity.yaml
[0.923s] -- Up-to-date symlink: /home/ispaik06/robot_ws/install/gazebo_ros2_control_demos/share/gazebo_ros2_control_demos//config/diff_drive_controller.yaml
[0.923s] -- Up-to-date symlink: /home/ispaik06/robot_ws/install/gazebo_ros2_control_demos/share/gazebo_ros2_control_demos//config/gripper_controller.yaml
[0.923s] -- Up-to-date symlink: /home/ispaik06/robot_ws/install/gazebo_ros2_control_demos/share/gazebo_ros2_control_demos//urdf/test_cart_effort.xacro.urdf
[0.923s] -- Up-to-date symlink: /home/ispaik06/robot_ws/install/gazebo_ros2_control_demos/share/gazebo_ros2_control_demos//urdf/test_cart_position.xacro.urdf
[0.923s] -- Up-to-date symlink: /home/ispaik06/robot_ws/install/gazebo_ros2_control_demos/share/gazebo_ros2_control_demos//urdf/test_cart_velocity.xacro.urdf
[0.923s] -- Up-to-date symlink: /home/ispaik06/robot_ws/install/gazebo_ros2_control_demos/share/gazebo_ros2_control_demos//urdf/test_diff_drive.xacro.urdf
[0.923s] -- Up-to-date symlink: /home/ispaik06/robot_ws/install/gazebo_ros2_control_demos/share/gazebo_ros2_control_demos//urdf/test_gripper_mimic_joint.xacro.urdf
[0.923s] -- Up-to-date symlink: /home/ispaik06/robot_ws/install/gazebo_ros2_control_demos/lib/gazebo_ros2_control_demos/example_position
[0.923s] -- Up-to-date symlink: /home/ispaik06/robot_ws/install/gazebo_ros2_control_demos/lib/gazebo_ros2_control_demos/example_velocity
[0.923s] -- Up-to-date symlink: /home/ispaik06/robot_ws/install/gazebo_ros2_control_demos/lib/gazebo_ros2_control_demos/example_effort
[0.924s] -- Up-to-date symlink: /home/ispaik06/robot_ws/install/gazebo_ros2_control_demos/lib/gazebo_ros2_control_demos/example_gripper
[0.924s] -- Up-to-date symlink: /home/ispaik06/robot_ws/install/gazebo_ros2_control_demos/lib/gazebo_ros2_control_demos/example_diff_drive
[0.924s] -- Up-to-date symlink: /home/ispaik06/robot_ws/install/gazebo_ros2_control_demos/share/ament_index/resource_index/package_run_dependencies/gazebo_ros2_control_demos
[0.924s] -- Up-to-date symlink: /home/ispaik06/robot_ws/install/gazebo_ros2_control_demos/share/ament_index/resource_index/parent_prefix_path/gazebo_ros2_control_demos
[0.924s] -- Up-to-date symlink: /home/ispaik06/robot_ws/install/gazebo_ros2_control_demos/share/gazebo_ros2_control_demos/environment/ament_prefix_path.sh
[0.924s] -- Up-to-date symlink: /home/ispaik06/robot_ws/install/gazebo_ros2_control_demos/share/gazebo_ros2_control_demos/environment/ament_prefix_path.dsv
[0.924s] -- Up-to-date symlink: /home/ispaik06/robot_ws/install/gazebo_ros2_control_demos/share/gazebo_ros2_control_demos/environment/path.sh
[0.924s] -- Up-to-date symlink: /home/ispaik06/robot_ws/install/gazebo_ros2_control_demos/share/gazebo_ros2_control_demos/environment/path.dsv
[0.924s] -- Up-to-date symlink: /home/ispaik06/robot_ws/install/gazebo_ros2_control_demos/share/gazebo_ros2_control_demos/local_setup.bash
[0.924s] -- Up-to-date symlink: /home/ispaik06/robot_ws/install/gazebo_ros2_control_demos/share/gazebo_ros2_control_demos/local_setup.sh
[0.924s] -- Up-to-date symlink: /home/ispaik06/robot_ws/install/gazebo_ros2_control_demos/share/gazebo_ros2_control_demos/local_setup.zsh
[0.924s] -- Up-to-date symlink: /home/ispaik06/robot_ws/install/gazebo_ros2_control_demos/share/gazebo_ros2_control_demos/local_setup.dsv
[0.925s] -- Symlinking: /home/ispaik06/robot_ws/install/gazebo_ros2_control_demos/share/gazebo_ros2_control_demos/package.dsv
[0.933s] -- Up-to-date symlink: /home/ispaik06/robot_ws/install/gazebo_ros2_control_demos/share/ament_index/resource_index/packages/gazebo_ros2_control_demos
[0.933s] -- Up-to-date symlink: /home/ispaik06/robot_ws/install/gazebo_ros2_control_demos/share/gazebo_ros2_control_demos/cmake/gazebo_ros2_control_demosConfig.cmake
[0.933s] -- Up-to-date symlink: /home/ispaik06/robot_ws/install/gazebo_ros2_control_demos/share/gazebo_ros2_control_demos/cmake/gazebo_ros2_control_demosConfig-version.cmake
[0.933s] -- Up-to-date symlink: /home/ispaik06/robot_ws/install/gazebo_ros2_control_demos/share/gazebo_ros2_control_demos/package.xml
[1.020s] Invoked command in '/home/ispaik06/robot_ws/build/gazebo_ros2_control_demos' returned '0': CMAKE_PREFIX_PATH=/home/ispaik06/robot_ws/install/gazebo_ros2_control:/home/ispaik06/robot_ws/install/ydlidar_sdk:/home/ispaik06/robot_ws/install/ydlidar:/home/ispaik06/robot_ws/install/urdf_example:/home/ispaik06/robot_ws/install/serial_motor_demo_msgs:/home/ispaik06/robot_ws/install/diffdrive_arduino:/home/ispaik06/robot_ws/install/serial:/home/ispaik06/robot_ws/install/sasa_bot:/home/ispaik06/robot_ws/install/gazebo_ros2_control_demos:/home/ispaik06/robot_ws/install/articubot_one:/home/ispaik06/robot_ws/install/serial_motor_demo:/home/ispaik06/robot_ws/install/joy_tester:/opt/ros/foxy LD_LIBRARY_PATH=/home/ispaik06/robot_ws/install/gazebo_ros2_control/lib:/home/ispaik06/robot_ws/install/serial_motor_demo_msgs/lib:/home/ispaik06/robot_ws/install/diffdrive_arduino/lib:/home/ispaik06/robot_ws/install/serial/lib:/usr/lib/x86_64-linux-gnu/gazebo-11/plugins:/opt/ros/foxy/opt/yaml_cpp_vendor/lib:/opt/ros/foxy/opt/rviz_ogre_vendor/lib:/opt/ros/foxy/lib/x86_64-linux-gnu:/opt/ros/foxy/lib /usr/bin/cmake --install /home/ispaik06/robot_ws/build/gazebo_ros2_control_demos
