[1.121s] Invoking command in '/home/ispaik06/robot_ws/build/sasa_bot': CMAKE_PREFIX_PATH=${CMAKE_PREFIX_PATH}:/home/ispaik06/robot_ws/install/joy_tester:/opt/ros/foxy /usr/bin/cmake --build /home/ispaik06/robot_ws/build/sasa_bot -- -j12 -l12
[1.219s] Invoked command in '/home/ispaik06/robot_ws/build/sasa_bot' returned '0': CMAKE_PREFIX_PATH=${CMAKE_PREFIX_PATH}:/home/ispaik06/robot_ws/install/joy_tester:/opt/ros/foxy /usr/bin/cmake --build /home/ispaik06/robot_ws/build/sasa_bot -- -j12 -l12
[1.269s] Invoking command in '/home/ispaik06/robot_ws/build/sasa_bot': CMAKE_PREFIX_PATH=${CMAKE_PREFIX_PATH}:/home/ispaik06/robot_ws/install/joy_tester:/opt/ros/foxy /usr/bin/cmake --install /home/ispaik06/robot_ws/build/sasa_bot
[1.291s] -- Install configuration: ""
[1.292s] -- Up-to-date: /home/ispaik06/robot_ws/install/sasa_bot/share/sasa_bot/config
[1.292s] -- Up-to-date: /home/ispaik06/robot_ws/install/sasa_bot/share/sasa_bot/config/empty.yaml
[1.292s] -- Up-to-date: /home/ispaik06/robot_ws/install/sasa_bot/share/sasa_bot/config/view_bot.rviz
[1.292s] -- Up-to-date: /home/ispaik06/robot_ws/install/sasa_bot/share/sasa_bot/description
[1.292s] -- Up-to-date: /home/ispaik06/robot_ws/install/sasa_bot/share/sasa_bot/description/lidar.xacro
[1.292s] -- Up-to-date: /home/ispaik06/robot_ws/install/sasa_bot/share/sasa_bot/description/camera.xacro
[1.292s] -- Up-to-date: /home/ispaik06/robot_ws/install/sasa_bot/share/sasa_bot/description/inertial_macros.xacro
[1.292s] -- Up-to-date: /home/ispaik06/robot_ws/install/sasa_bot/share/sasa_bot/description/robot_core.xacro
[1.292s] -- Up-to-date: /home/ispaik06/robot_ws/install/sasa_bot/share/sasa_bot/description/depth_camera.xacro
[1.293s] -- Up-to-date: /home/ispaik06/robot_ws/install/sasa_bot/share/sasa_bot/description/gazebo_control.xacro
[1.293s] -- Installing: /home/ispaik06/robot_ws/install/sasa_bot/share/sasa_bot/description/robot.urdf.xacro
[1.293s] -- Up-to-date: /home/ispaik06/robot_ws/install/sasa_bot/share/sasa_bot/launch
[1.293s] -- Up-to-date: /home/ispaik06/robot_ws/install/sasa_bot/share/sasa_bot/launch/rsp.launch.py
[1.293s] -- Up-to-date: /home/ispaik06/robot_ws/install/sasa_bot/share/sasa_bot/launch/launch_sim.launch.py
[1.293s] -- Up-to-date: /home/ispaik06/robot_ws/install/sasa_bot/share/sasa_bot/worlds
[1.293s] -- Up-to-date: /home/ispaik06/robot_ws/install/sasa_bot/share/sasa_bot/worlds/empty.world
[1.293s] -- Up-to-date: /home/ispaik06/robot_ws/install/sasa_bot/share/ament_index/resource_index/package_run_dependencies/sasa_bot
[1.293s] -- Up-to-date: /home/ispaik06/robot_ws/install/sasa_bot/share/ament_index/resource_index/parent_prefix_path/sasa_bot
[1.294s] -- Up-to-date: /home/ispaik06/robot_ws/install/sasa_bot/share/sasa_bot/environment/ament_prefix_path.sh
[1.294s] -- Up-to-date: /home/ispaik06/robot_ws/install/sasa_bot/share/sasa_bot/environment/ament_prefix_path.dsv
[1.294s] -- Up-to-date: /home/ispaik06/robot_ws/install/sasa_bot/share/sasa_bot/environment/path.sh
[1.294s] -- Up-to-date: /home/ispaik06/robot_ws/install/sasa_bot/share/sasa_bot/environment/path.dsv
[1.294s] -- Up-to-date: /home/ispaik06/robot_ws/install/sasa_bot/share/sasa_bot/local_setup.bash
[1.294s] -- Up-to-date: /home/ispaik06/robot_ws/install/sasa_bot/share/sasa_bot/local_setup.sh
[1.294s] -- Up-to-date: /home/ispaik06/robot_ws/install/sasa_bot/share/sasa_bot/local_setup.zsh
[1.294s] -- Up-to-date: /home/ispaik06/robot_ws/install/sasa_bot/share/sasa_bot/local_setup.dsv
[1.294s] -- Installing: /home/ispaik06/robot_ws/install/sasa_bot/share/sasa_bot/package.dsv
[1.295s] -- Up-to-date: /home/ispaik06/robot_ws/install/sasa_bot/share/ament_index/resource_index/packages/sasa_bot
[1.295s] -- Up-to-date: /home/ispaik06/robot_ws/install/sasa_bot/share/sasa_bot/cmake/sasa_botConfig.cmake
[1.295s] -- Up-to-date: /home/ispaik06/robot_ws/install/sasa_bot/share/sasa_bot/cmake/sasa_botConfig-version.cmake
[1.295s] -- Up-to-date: /home/ispaik06/robot_ws/install/sasa_bot/share/sasa_bot/package.xml
[1.297s] Invoked command in '/home/ispaik06/robot_ws/build/sasa_bot' returned '0': CMAKE_PREFIX_PATH=${CMAKE_PREFIX_PATH}:/home/ispaik06/robot_ws/install/joy_tester:/opt/ros/foxy /usr/bin/cmake --install /home/ispaik06/robot_ws/build/sasa_bot
