[0.173s] Invoking command in '/home/ispaik06/robot_ws/build/sasa_bot': CMAKE_PREFIX_PATH=/opt/ros/foxy /usr/bin/cmake --build /home/ispaik06/robot_ws/build/sasa_bot -- -j12 -l12
[0.194s] Invoked command in '/home/ispaik06/robot_ws/build/sasa_bot' returned '0': CMAKE_PREFIX_PATH=/opt/ros/foxy /usr/bin/cmake --build /home/ispaik06/robot_ws/build/sasa_bot -- -j12 -l12
[0.214s] Invoking command in '/home/ispaik06/robot_ws/build/sasa_bot': CMAKE_PREFIX_PATH=/opt/ros/foxy /usr/bin/cmake --install /home/ispaik06/robot_ws/build/sasa_bot
[0.220s] -- Install configuration: ""
[0.221s] -- Up-to-date: /home/ispaik06/robot_ws/install/sasa_bot/share/sasa_bot/config
[0.221s] -- Up-to-date: /home/ispaik06/robot_ws/install/sasa_bot/share/sasa_bot/config/joystick.yaml
[0.221s] -- Up-to-date: /home/ispaik06/robot_ws/install/sasa_bot/share/sasa_bot/config/empty.yaml
[0.221s] -- Up-to-date: /home/ispaik06/robot_ws/install/sasa_bot/share/sasa_bot/config/my_controllers.yaml
[0.221s] -- Up-to-date: /home/ispaik06/robot_ws/install/sasa_bot/share/sasa_bot/config/gazebo_params.yaml
[0.221s] -- Up-to-date: /home/ispaik06/robot_ws/install/sasa_bot/share/sasa_bot/config/view_bot.rviz
[0.221s] -- Up-to-date: /home/ispaik06/robot_ws/install/sasa_bot/share/sasa_bot/config/main.rviz
[0.221s] -- Up-to-date: /home/ispaik06/robot_ws/install/sasa_bot/share/sasa_bot/description
[0.221s] -- Up-to-date: /home/ispaik06/robot_ws/install/sasa_bot/share/sasa_bot/description/robot_core_template.xacro
[0.221s] -- Up-to-date: /home/ispaik06/robot_ws/install/sasa_bot/share/sasa_bot/description/lidar.xacro
[0.221s] -- Up-to-date: /home/ispaik06/robot_ws/install/sasa_bot/share/sasa_bot/description/camera.xacro
[0.221s] -- Up-to-date: /home/ispaik06/robot_ws/install/sasa_bot/share/sasa_bot/description/ros2_control.xacro
[0.221s] -- Up-to-date: /home/ispaik06/robot_ws/install/sasa_bot/share/sasa_bot/description/inertial_macros.xacro
[0.221s] -- Up-to-date: /home/ispaik06/robot_ws/install/sasa_bot/share/sasa_bot/description/robot_core.xacro
[0.221s] -- Up-to-date: /home/ispaik06/robot_ws/install/sasa_bot/share/sasa_bot/description/depth_camera.xacro
[0.221s] -- Up-to-date: /home/ispaik06/robot_ws/install/sasa_bot/share/sasa_bot/description/gazebo_control.xacro
[0.221s] -- Up-to-date: /home/ispaik06/robot_ws/install/sasa_bot/share/sasa_bot/description/robot.urdf.xacro
[0.221s] -- Up-to-date: /home/ispaik06/robot_ws/install/sasa_bot/share/sasa_bot/launch
[0.221s] -- Up-to-date: /home/ispaik06/robot_ws/install/sasa_bot/share/sasa_bot/launch/rsp.launch.py
[0.221s] -- Up-to-date: /home/ispaik06/robot_ws/install/sasa_bot/share/sasa_bot/launch/joystick.launch.py
[0.222s] -- Up-to-date: /home/ispaik06/robot_ws/install/sasa_bot/share/sasa_bot/launch/launch_sim.launch.py
[0.222s] -- Up-to-date: /home/ispaik06/robot_ws/install/sasa_bot/share/sasa_bot/worlds
[0.222s] -- Up-to-date: /home/ispaik06/robot_ws/install/sasa_bot/share/sasa_bot/worlds/obstacles.world
[0.222s] -- Up-to-date: /home/ispaik06/robot_ws/install/sasa_bot/share/sasa_bot/worlds/empty.world
[0.222s] -- Up-to-date: /home/ispaik06/robot_ws/install/sasa_bot/share/sasa_bot/worlds/obstacles_depth.world
[0.222s] -- Up-to-date: /home/ispaik06/robot_ws/install/sasa_bot/share/sasa_bot/worlds/obstaclesFinal.world
[0.222s] -- Up-to-date: /home/ispaik06/robot_ws/install/sasa_bot/share/ament_index/resource_index/package_run_dependencies/sasa_bot
[0.222s] -- Up-to-date: /home/ispaik06/robot_ws/install/sasa_bot/share/ament_index/resource_index/parent_prefix_path/sasa_bot
[0.222s] -- Up-to-date: /home/ispaik06/robot_ws/install/sasa_bot/share/sasa_bot/environment/ament_prefix_path.sh
[0.222s] -- Up-to-date: /home/ispaik06/robot_ws/install/sasa_bot/share/sasa_bot/environment/ament_prefix_path.dsv
[0.222s] -- Up-to-date: /home/ispaik06/robot_ws/install/sasa_bot/share/sasa_bot/environment/path.sh
[0.222s] -- Up-to-date: /home/ispaik06/robot_ws/install/sasa_bot/share/sasa_bot/environment/path.dsv
[0.222s] -- Up-to-date: /home/ispaik06/robot_ws/install/sasa_bot/share/sasa_bot/local_setup.bash
[0.222s] -- Up-to-date: /home/ispaik06/robot_ws/install/sasa_bot/share/sasa_bot/local_setup.sh
[0.222s] -- Up-to-date: /home/ispaik06/robot_ws/install/sasa_bot/share/sasa_bot/local_setup.zsh
[0.222s] -- Up-to-date: /home/ispaik06/robot_ws/install/sasa_bot/share/sasa_bot/local_setup.dsv
[0.222s] -- Up-to-date: /home/ispaik06/robot_ws/install/sasa_bot/share/sasa_bot/package.dsv
[0.222s] -- Up-to-date: /home/ispaik06/robot_ws/install/sasa_bot/share/ament_index/resource_index/packages/sasa_bot
[0.222s] -- Up-to-date: /home/ispaik06/robot_ws/install/sasa_bot/share/sasa_bot/cmake/sasa_botConfig.cmake
[0.222s] -- Up-to-date: /home/ispaik06/robot_ws/install/sasa_bot/share/sasa_bot/cmake/sasa_botConfig-version.cmake
[0.222s] -- Up-to-date: /home/ispaik06/robot_ws/install/sasa_bot/share/sasa_bot/package.xml
[0.228s] Invoked command in '/home/ispaik06/robot_ws/build/sasa_bot' returned '0': CMAKE_PREFIX_PATH=/opt/ros/foxy /usr/bin/cmake --install /home/ispaik06/robot_ws/build/sasa_bot
