[1.121s] DEBUG:colcon:Command line arguments: ['/usr/bin/colcon', 'build']
[1.121s] DEBUG:colcon:Parsed command line arguments: Namespace(allow_overriding=[], ament_cmake_args=None, base_paths=['.'], build_base='build', catkin_cmake_args=None, catkin_skip_building_tests=False, cmake_args=None, cmake_clean_cache=False, cmake_clean_first=False, cmake_force_configure=False, cmake_target=None, cmake_target_skip_unavailable=False, continue_on_error=False, event_handlers=None, executor='parallel', ignore_user_meta=False, install_base='install', log_base=None, log_level=None, main=<bound method BuildVerb.main of <colcon_core.verb.build.BuildVerb object at 0x7f473fdc7820>>, merge_install=False, metas=['./colcon.meta'], packages_above=None, packages_above_and_dependencies=None, packages_above_depth=None, packages_end=None, packages_ignore=None, packages_ignore_regex=None, packages_select=None, packages_select_build_failed=False, packages_select_by_dep=None, packages_select_regex=None, packages_select_test_failures=False, packages_skip=None, packages_skip_build_finished=False, packages_skip_by_dep=None, packages_skip_regex=None, packages_skip_test_passed=False, packages_skip_up_to=None, packages_start=None, packages_up_to=None, packages_up_to_regex=None, parallel_workers=12, paths=None, symlink_install=False, test_result_base=None, verb_extension=<colcon_core.verb.build.BuildVerb object at 0x7f473fdc7820>, verb_name='build', verb_parser=<colcon_defaults.argument_parser.defaults.DefaultArgumentsDecorator object at 0x7f473fc4e250>)
[1.171s] Level 1:colcon.colcon_core.package_discovery:discover_packages(colcon_meta) check parameters
[1.171s] Level 1:colcon.colcon_core.package_discovery:discover_packages(recursive) check parameters
[1.171s] Level 1:colcon.colcon_core.package_discovery:discover_packages(ignore) check parameters
[1.171s] Level 1:colcon.colcon_core.package_discovery:discover_packages(path) check parameters
[1.171s] Level 1:colcon.colcon_core.package_discovery:discover_packages(colcon_meta) discover
[1.171s] Level 1:colcon.colcon_core.package_discovery:discover_packages(recursive) discover
[1.171s] INFO:colcon.colcon_core.package_discovery:Crawling recursively for packages in '/home/ispaik06/robot_ws'
[1.171s] Level 1:colcon.colcon_core.package_identification:_identify(.) by extensions ['ignore', 'ignore_ament_install']
[1.171s] Level 1:colcon.colcon_core.package_identification:_identify(.) by extension 'ignore'
[1.171s] Level 1:colcon.colcon_core.package_identification:_identify(.) by extension 'ignore_ament_install'
[1.171s] Level 1:colcon.colcon_core.package_identification:_identify(.) by extensions ['colcon_pkg']
[1.171s] Level 1:colcon.colcon_core.package_identification:_identify(.) by extension 'colcon_pkg'
[1.171s] Level 1:colcon.colcon_core.package_identification:_identify(.) by extensions ['colcon_meta']
[1.171s] Level 1:colcon.colcon_core.package_identification:_identify(.) by extension 'colcon_meta'
[1.172s] Level 1:colcon.colcon_core.package_identification:_identify(.) by extensions ['ros']
[1.172s] Level 1:colcon.colcon_core.package_identification:_identify(.) by extension 'ros'
[1.179s] Level 1:colcon.colcon_core.package_identification:_identify(.) by extensions ['cmake', 'python']
[1.179s] Level 1:colcon.colcon_core.package_identification:_identify(.) by extension 'cmake'
[1.179s] Level 1:colcon.colcon_core.package_identification:_identify(.) by extension 'python'
[1.179s] Level 1:colcon.colcon_core.package_identification:_identify(.) by extensions ['python_setup_py']
[1.179s] Level 1:colcon.colcon_core.package_identification:_identify(.) by extension 'python_setup_py'
[1.179s] Level 1:colcon.colcon_core.package_identification:_identify(build) by extensions ['ignore', 'ignore_ament_install']
[1.179s] Level 1:colcon.colcon_core.package_identification:_identify(build) by extension 'ignore'
[1.179s] Level 1:colcon.colcon_core.package_identification:_identify(build) ignored
[1.179s] Level 1:colcon.colcon_core.package_identification:_identify(install) by extensions ['ignore', 'ignore_ament_install']
[1.180s] Level 1:colcon.colcon_core.package_identification:_identify(install) by extension 'ignore'
[1.180s] Level 1:colcon.colcon_core.package_identification:_identify(install) ignored
[1.180s] Level 1:colcon.colcon_core.package_identification:_identify(log) by extensions ['ignore', 'ignore_ament_install']
[1.180s] Level 1:colcon.colcon_core.package_identification:_identify(log) by extension 'ignore'
[1.180s] Level 1:colcon.colcon_core.package_identification:_identify(log) ignored
[1.180s] Level 1:colcon.colcon_core.package_identification:_identify(src) by extensions ['ignore', 'ignore_ament_install']
[1.180s] Level 1:colcon.colcon_core.package_identification:_identify(src) by extension 'ignore'
[1.180s] Level 1:colcon.colcon_core.package_identification:_identify(src) by extension 'ignore_ament_install'
[1.180s] Level 1:colcon.colcon_core.package_identification:_identify(src) by extensions ['colcon_pkg']
[1.180s] Level 1:colcon.colcon_core.package_identification:_identify(src) by extension 'colcon_pkg'
[1.180s] Level 1:colcon.colcon_core.package_identification:_identify(src) by extensions ['colcon_meta']
[1.180s] Level 1:colcon.colcon_core.package_identification:_identify(src) by extension 'colcon_meta'
[1.180s] Level 1:colcon.colcon_core.package_identification:_identify(src) by extensions ['ros']
[1.180s] Level 1:colcon.colcon_core.package_identification:_identify(src) by extension 'ros'
[1.180s] Level 1:colcon.colcon_core.package_identification:_identify(src) by extensions ['cmake', 'python']
[1.180s] Level 1:colcon.colcon_core.package_identification:_identify(src) by extension 'cmake'
[1.180s] Level 1:colcon.colcon_core.package_identification:_identify(src) by extension 'python'
[1.180s] Level 1:colcon.colcon_core.package_identification:_identify(src) by extensions ['python_setup_py']
[1.180s] Level 1:colcon.colcon_core.package_identification:_identify(src) by extension 'python_setup_py'
[1.180s] Level 1:colcon.colcon_core.package_identification:_identify(src/YDLidar-SDK) by extensions ['ignore', 'ignore_ament_install']
[1.180s] Level 1:colcon.colcon_core.package_identification:_identify(src/YDLidar-SDK) by extension 'ignore'
[1.180s] Level 1:colcon.colcon_core.package_identification:_identify(src/YDLidar-SDK) by extension 'ignore_ament_install'
[1.180s] Level 1:colcon.colcon_core.package_identification:_identify(src/YDLidar-SDK) by extensions ['colcon_pkg']
[1.180s] Level 1:colcon.colcon_core.package_identification:_identify(src/YDLidar-SDK) by extension 'colcon_pkg'
[1.180s] Level 1:colcon.colcon_core.package_identification:_identify(src/YDLidar-SDK) by extensions ['colcon_meta']
[1.180s] Level 1:colcon.colcon_core.package_identification:_identify(src/YDLidar-SDK) by extension 'colcon_meta'
[1.180s] Level 1:colcon.colcon_core.package_identification:_identify(src/YDLidar-SDK) by extensions ['ros']
[1.180s] Level 1:colcon.colcon_core.package_identification:_identify(src/YDLidar-SDK) by extension 'ros'
[1.180s] Level 1:colcon.colcon_core.package_identification:_identify(src/YDLidar-SDK) by extensions ['cmake', 'python']
[1.180s] Level 1:colcon.colcon_core.package_identification:_identify(src/YDLidar-SDK) by extension 'cmake'
[1.180s] Level 1:colcon.colcon_core.package_identification:_identify(src/YDLidar-SDK) by extension 'python'
[1.180s] Level 1:colcon.colcon_core.package_identification:_identify(src/YDLidar-SDK) by extensions ['python_setup_py']
[1.180s] Level 1:colcon.colcon_core.package_identification:_identify(src/YDLidar-SDK) by extension 'python_setup_py'
[1.180s] Level 1:colcon.colcon_core.package_identification:_identify(src/articubot_one) by extensions ['ignore', 'ignore_ament_install']
[1.180s] Level 1:colcon.colcon_core.package_identification:_identify(src/articubot_one) by extension 'ignore'
[1.180s] Level 1:colcon.colcon_core.package_identification:_identify(src/articubot_one) by extension 'ignore_ament_install'
[1.180s] Level 1:colcon.colcon_core.package_identification:_identify(src/articubot_one) by extensions ['colcon_pkg']
[1.180s] Level 1:colcon.colcon_core.package_identification:_identify(src/articubot_one) by extension 'colcon_pkg'
[1.181s] Level 1:colcon.colcon_core.package_identification:_identify(src/articubot_one) by extensions ['colcon_meta']
[1.181s] Level 1:colcon.colcon_core.package_identification:_identify(src/articubot_one) by extension 'colcon_meta'
[1.181s] Level 1:colcon.colcon_core.package_identification:_identify(src/articubot_one) by extensions ['ros']
[1.181s] Level 1:colcon.colcon_core.package_identification:_identify(src/articubot_one) by extension 'ros'
[1.182s] DEBUG:colcon.colcon_core.package_identification:Package 'src/articubot_one' with type 'ros.ament_cmake' and name 'articubot_one'
[1.182s] Level 1:colcon.colcon_core.package_identification:_identify(src/joy_tester) by extensions ['ignore', 'ignore_ament_install']
[1.182s] Level 1:colcon.colcon_core.package_identification:_identify(src/joy_tester) by extension 'ignore'
[1.182s] Level 1:colcon.colcon_core.package_identification:_identify(src/joy_tester) by extension 'ignore_ament_install'
[1.182s] Level 1:colcon.colcon_core.package_identification:_identify(src/joy_tester) by extensions ['colcon_pkg']
[1.182s] Level 1:colcon.colcon_core.package_identification:_identify(src/joy_tester) by extension 'colcon_pkg'
[1.182s] Level 1:colcon.colcon_core.package_identification:_identify(src/joy_tester) by extensions ['colcon_meta']
[1.182s] Level 1:colcon.colcon_core.package_identification:_identify(src/joy_tester) by extension 'colcon_meta'
[1.182s] Level 1:colcon.colcon_core.package_identification:_identify(src/joy_tester) by extensions ['ros']
[1.182s] Level 1:colcon.colcon_core.package_identification:_identify(src/joy_tester) by extension 'ros'
[1.182s] Level 1:colcon.colcon_core.package_identification:_identify(src/joy_tester) by extensions ['cmake', 'python']
[1.182s] Level 1:colcon.colcon_core.package_identification:_identify(src/joy_tester) by extension 'cmake'
[1.183s] Level 1:colcon.colcon_core.package_identification:_identify(src/joy_tester) by extension 'python'
[1.183s] Level 1:colcon.colcon_core.package_identification:_identify(src/joy_tester) by extensions ['python_setup_py']
[1.183s] Level 1:colcon.colcon_core.package_identification:_identify(src/joy_tester) by extension 'python_setup_py'
[1.183s] Level 1:colcon.colcon_core.package_identification:_identify(src/sasa_bot) by extensions ['ignore', 'ignore_ament_install']
[1.183s] Level 1:colcon.colcon_core.package_identification:_identify(src/sasa_bot) by extension 'ignore'
[1.183s] Level 1:colcon.colcon_core.package_identification:_identify(src/sasa_bot) by extension 'ignore_ament_install'
[1.183s] Level 1:colcon.colcon_core.package_identification:_identify(src/sasa_bot) by extensions ['colcon_pkg']
[1.183s] Level 1:colcon.colcon_core.package_identification:_identify(src/sasa_bot) by extension 'colcon_pkg'
[1.183s] Level 1:colcon.colcon_core.package_identification:_identify(src/sasa_bot) by extensions ['colcon_meta']
[1.183s] Level 1:colcon.colcon_core.package_identification:_identify(src/sasa_bot) by extension 'colcon_meta'
[1.183s] Level 1:colcon.colcon_core.package_identification:_identify(src/sasa_bot) by extensions ['ros']
[1.183s] Level 1:colcon.colcon_core.package_identification:_identify(src/sasa_bot) by extension 'ros'
[1.183s] DEBUG:colcon.colcon_core.package_identification:Package 'src/sasa_bot' with type 'ros.ament_cmake' and name 'sasa_bot'
[1.183s] Level 1:colcon.colcon_core.package_identification:_identify(src/urdf_example) by extensions ['ignore', 'ignore_ament_install']
[1.183s] Level 1:colcon.colcon_core.package_identification:_identify(src/urdf_example) by extension 'ignore'
[1.183s] Level 1:colcon.colcon_core.package_identification:_identify(src/urdf_example) by extension 'ignore_ament_install'
[1.183s] Level 1:colcon.colcon_core.package_identification:_identify(src/urdf_example) by extensions ['colcon_pkg']
[1.183s] Level 1:colcon.colcon_core.package_identification:_identify(src/urdf_example) by extension 'colcon_pkg'
[1.183s] Level 1:colcon.colcon_core.package_identification:_identify(src/urdf_example) by extensions ['colcon_meta']
[1.183s] Level 1:colcon.colcon_core.package_identification:_identify(src/urdf_example) by extension 'colcon_meta'
[1.183s] Level 1:colcon.colcon_core.package_identification:_identify(src/urdf_example) by extensions ['ros']
[1.183s] Level 1:colcon.colcon_core.package_identification:_identify(src/urdf_example) by extension 'ros'
[1.184s] DEBUG:colcon.colcon_core.package_identification:Package 'src/urdf_example' with type 'ros.ament_cmake' and name 'urdf_example'
[1.184s] Level 1:colcon.colcon_core.package_identification:_identify(src/ydlidar_ros2_driver) by extensions ['ignore', 'ignore_ament_install']
[1.184s] Level 1:colcon.colcon_core.package_identification:_identify(src/ydlidar_ros2_driver) by extension 'ignore'
[1.184s] Level 1:colcon.colcon_core.package_identification:_identify(src/ydlidar_ros2_driver) by extension 'ignore_ament_install'
[1.184s] Level 1:colcon.colcon_core.package_identification:_identify(src/ydlidar_ros2_driver) by extensions ['colcon_pkg']
[1.184s] Level 1:colcon.colcon_core.package_identification:_identify(src/ydlidar_ros2_driver) by extension 'colcon_pkg'
[1.184s] Level 1:colcon.colcon_core.package_identification:_identify(src/ydlidar_ros2_driver) by extensions ['colcon_meta']
[1.184s] Level 1:colcon.colcon_core.package_identification:_identify(src/ydlidar_ros2_driver) by extension 'colcon_meta'
[1.184s] Level 1:colcon.colcon_core.package_identification:_identify(src/ydlidar_ros2_driver) by extensions ['ros']
[1.184s] Level 1:colcon.colcon_core.package_identification:_identify(src/ydlidar_ros2_driver) by extension 'ros'
[1.184s] Level 1:colcon.colcon_core.package_identification:_identify(src/ydlidar_ros2_driver) by extensions ['cmake', 'python']
[1.184s] Level 1:colcon.colcon_core.package_identification:_identify(src/ydlidar_ros2_driver) by extension 'cmake'
[1.184s] Level 1:colcon.colcon_core.package_identification:_identify(src/ydlidar_ros2_driver) by extension 'python'
[1.184s] Level 1:colcon.colcon_core.package_identification:_identify(src/ydlidar_ros2_driver) by extensions ['python_setup_py']
[1.184s] Level 1:colcon.colcon_core.package_identification:_identify(src/ydlidar_ros2_driver) by extension 'python_setup_py'
[1.184s] Level 1:colcon.colcon_core.package_discovery:discover_packages(recursive) using defaults
[1.184s] Level 1:colcon.colcon_core.package_discovery:discover_packages(ignore) discover
[1.184s] Level 1:colcon.colcon_core.package_discovery:discover_packages(ignore) using defaults
[1.184s] Level 1:colcon.colcon_core.package_discovery:discover_packages(path) discover
[1.184s] Level 1:colcon.colcon_core.package_discovery:discover_packages(path) using defaults
[1.293s] Level 1:colcon.colcon_core.package_discovery:discover_packages(prefix_path) check parameters
[1.293s] Level 1:colcon.colcon_core.package_discovery:discover_packages(prefix_path) discover
[1.330s] DEBUG:colcon.colcon_installed_package_information.package_discovery:Found 3 installed packages in /home/ispaik06/robot_ws/install
[1.349s] DEBUG:colcon.colcon_installed_package_information.package_discovery:Found 258 installed packages in /opt/ros/foxy
[1.349s] Level 1:colcon.colcon_core.package_discovery:discover_packages(prefix_path) using defaults
[1.425s] Level 5:colcon.colcon_core.verb:set package 'articubot_one' build argument 'cmake_args' from command line to 'None'
[1.425s] Level 5:colcon.colcon_core.verb:set package 'articubot_one' build argument 'cmake_target' from command line to 'None'
[1.425s] Level 5:colcon.colcon_core.verb:set package 'articubot_one' build argument 'cmake_target_skip_unavailable' from command line to 'False'
[1.425s] Level 5:colcon.colcon_core.verb:set package 'articubot_one' build argument 'cmake_clean_cache' from command line to 'False'
[1.425s] Level 5:colcon.colcon_core.verb:set package 'articubot_one' build argument 'cmake_clean_first' from command line to 'False'
[1.425s] Level 5:colcon.colcon_core.verb:set package 'articubot_one' build argument 'cmake_force_configure' from command line to 'False'
[1.425s] Level 5:colcon.colcon_core.verb:set package 'articubot_one' build argument 'ament_cmake_args' from command line to 'None'
[1.425s] Level 5:colcon.colcon_core.verb:set package 'articubot_one' build argument 'catkin_cmake_args' from command line to 'None'
[1.425s] Level 5:colcon.colcon_core.verb:set package 'articubot_one' build argument 'catkin_skip_building_tests' from command line to 'False'
[1.425s] DEBUG:colcon.colcon_core.verb:Building package 'articubot_one' with the following arguments: {'ament_cmake_args': None, 'build_base': '/home/ispaik06/robot_ws/build/articubot_one', 'catkin_cmake_args': None, 'catkin_skip_building_tests': False, 'cmake_args': None, 'cmake_clean_cache': False, 'cmake_clean_first': False, 'cmake_force_configure': False, 'cmake_target': None, 'cmake_target_skip_unavailable': False, 'install_base': '/home/ispaik06/robot_ws/install/articubot_one', 'merge_install': False, 'path': '/home/ispaik06/robot_ws/src/articubot_one', 'symlink_install': False, 'test_result_base': None}
[1.443s] Level 5:colcon.colcon_core.verb:set package 'sasa_bot' build argument 'cmake_args' from command line to 'None'
[1.443s] Level 5:colcon.colcon_core.verb:set package 'sasa_bot' build argument 'cmake_target' from command line to 'None'
[1.443s] Level 5:colcon.colcon_core.verb:set package 'sasa_bot' build argument 'cmake_target_skip_unavailable' from command line to 'False'
[1.443s] Level 5:colcon.colcon_core.verb:set package 'sasa_bot' build argument 'cmake_clean_cache' from command line to 'False'
[1.443s] Level 5:colcon.colcon_core.verb:set package 'sasa_bot' build argument 'cmake_clean_first' from command line to 'False'
[1.443s] Level 5:colcon.colcon_core.verb:set package 'sasa_bot' build argument 'cmake_force_configure' from command line to 'False'
[1.443s] Level 5:colcon.colcon_core.verb:set package 'sasa_bot' build argument 'ament_cmake_args' from command line to 'None'
[1.443s] Level 5:colcon.colcon_core.verb:set package 'sasa_bot' build argument 'catkin_cmake_args' from command line to 'None'
[1.443s] Level 5:colcon.colcon_core.verb:set package 'sasa_bot' build argument 'catkin_skip_building_tests' from command line to 'False'
[1.443s] DEBUG:colcon.colcon_core.verb:Building package 'sasa_bot' with the following arguments: {'ament_cmake_args': None, 'build_base': '/home/ispaik06/robot_ws/build/sasa_bot', 'catkin_cmake_args': None, 'catkin_skip_building_tests': False, 'cmake_args': None, 'cmake_clean_cache': False, 'cmake_clean_first': False, 'cmake_force_configure': False, 'cmake_target': None, 'cmake_target_skip_unavailable': False, 'install_base': '/home/ispaik06/robot_ws/install/sasa_bot', 'merge_install': False, 'path': '/home/ispaik06/robot_ws/src/sasa_bot', 'symlink_install': False, 'test_result_base': None}
[1.462s] Level 5:colcon.colcon_core.verb:set package 'urdf_example' build argument 'cmake_args' from command line to 'None'
[1.462s] Level 5:colcon.colcon_core.verb:set package 'urdf_example' build argument 'cmake_target' from command line to 'None'
[1.462s] Level 5:colcon.colcon_core.verb:set package 'urdf_example' build argument 'cmake_target_skip_unavailable' from command line to 'False'
[1.462s] Level 5:colcon.colcon_core.verb:set package 'urdf_example' build argument 'cmake_clean_cache' from command line to 'False'
[1.462s] Level 5:colcon.colcon_core.verb:set package 'urdf_example' build argument 'cmake_clean_first' from command line to 'False'
[1.462s] Level 5:colcon.colcon_core.verb:set package 'urdf_example' build argument 'cmake_force_configure' from command line to 'False'
[1.462s] Level 5:colcon.colcon_core.verb:set package 'urdf_example' build argument 'ament_cmake_args' from command line to 'None'
[1.462s] Level 5:colcon.colcon_core.verb:set package 'urdf_example' build argument 'catkin_cmake_args' from command line to 'None'
[1.462s] Level 5:colcon.colcon_core.verb:set package 'urdf_example' build argument 'catkin_skip_building_tests' from command line to 'False'
[1.462s] DEBUG:colcon.colcon_core.verb:Building package 'urdf_example' with the following arguments: {'ament_cmake_args': None, 'build_base': '/home/ispaik06/robot_ws/build/urdf_example', 'catkin_cmake_args': None, 'catkin_skip_building_tests': False, 'cmake_args': None, 'cmake_clean_cache': False, 'cmake_clean_first': False, 'cmake_force_configure': False, 'cmake_target': None, 'cmake_target_skip_unavailable': False, 'install_base': '/home/ispaik06/robot_ws/install/urdf_example', 'merge_install': False, 'path': '/home/ispaik06/robot_ws/src/urdf_example', 'symlink_install': False, 'test_result_base': None}
[1.488s] INFO:colcon.colcon_core.executor:Executing jobs using 'parallel' executor
[1.507s] DEBUG:colcon.colcon_parallel_executor.executor.parallel:run_until_complete
[1.507s] INFO:colcon.colcon_ros.task.ament_cmake.build:Building ROS package in '/home/ispaik06/robot_ws/src/articubot_one' with build type 'ament_cmake'
[1.507s] INFO:colcon.colcon_cmake.task.cmake.build:Building CMake package in '/home/ispaik06/robot_ws/src/articubot_one'
[1.527s] INFO:colcon.colcon_core.plugin_system:Skipping extension 'colcon_core.shell.bat': Not used on non-Windows systems
[1.528s] INFO:colcon.colcon_core.shell:Skip shell extension 'powershell' for command environment: Not usable outside of PowerShell
[1.528s] DEBUG:colcon.colcon_core.shell:Skip shell extension 'dsv' for command environment
[1.588s] INFO:colcon.colcon_ros.task.ament_cmake.build:Building ROS package in '/home/ispaik06/robot_ws/src/sasa_bot' with build type 'ament_cmake'
[1.588s] INFO:colcon.colcon_cmake.task.cmake.build:Building CMake package in '/home/ispaik06/robot_ws/src/sasa_bot'
[1.610s] INFO:colcon.colcon_core.shell:Skip shell extension 'powershell' for command environment: Not usable outside of PowerShell
[1.610s] DEBUG:colcon.colcon_core.shell:Skip shell extension 'dsv' for command environment
[1.672s] INFO:colcon.colcon_ros.task.ament_cmake.build:Building ROS package in '/home/ispaik06/robot_ws/src/urdf_example' with build type 'ament_cmake'
[1.672s] INFO:colcon.colcon_cmake.task.cmake.build:Building CMake package in '/home/ispaik06/robot_ws/src/urdf_example'
[1.692s] INFO:colcon.colcon_core.shell:Skip shell extension 'powershell' for command environment: Not usable outside of PowerShell
[1.692s] DEBUG:colcon.colcon_core.shell:Skip shell extension 'dsv' for command environment
[1.760s] DEBUG:colcon.colcon_core.event_handler.log_command:Invoking command in '/home/ispaik06/robot_ws/build/articubot_one': CMAKE_PREFIX_PATH=/opt/ros/foxy /usr/bin/cmake --build /home/ispaik06/robot_ws/build/articubot_one -- -j12 -l12
[1.761s] DEBUG:colcon.colcon_core.event_handler.log_command:Invoking command in '/home/ispaik06/robot_ws/build/sasa_bot': CMAKE_PREFIX_PATH=/opt/ros/foxy /usr/bin/cmake --build /home/ispaik06/robot_ws/build/sasa_bot -- -j12 -l12
[1.765s] DEBUG:colcon.colcon_core.event_handler.log_command:Invoking command in '/home/ispaik06/robot_ws/build/urdf_example': CMAKE_PREFIX_PATH=/opt/ros/foxy /usr/bin/cmake --build /home/ispaik06/robot_ws/build/urdf_example -- -j12 -l12
[1.782s] DEBUG:colcon.colcon_core.event_handler.log_command:Invoked command in '/home/ispaik06/robot_ws/build/sasa_bot' returned '0': CMAKE_PREFIX_PATH=/opt/ros/foxy /usr/bin/cmake --build /home/ispaik06/robot_ws/build/sasa_bot -- -j12 -l12
[1.786s] DEBUG:colcon.colcon_core.event_handler.log_command:Invoked command in '/home/ispaik06/robot_ws/build/articubot_one' returned '0': CMAKE_PREFIX_PATH=/opt/ros/foxy /usr/bin/cmake --build /home/ispaik06/robot_ws/build/articubot_one -- -j12 -l12
[1.788s] DEBUG:colcon.colcon_core.event_handler.log_command:Invoked command in '/home/ispaik06/robot_ws/build/urdf_example' returned '0': CMAKE_PREFIX_PATH=/opt/ros/foxy /usr/bin/cmake --build /home/ispaik06/robot_ws/build/urdf_example -- -j12 -l12
[1.802s] DEBUG:colcon.colcon_core.event_handler.log_command:Invoking command in '/home/ispaik06/robot_ws/build/sasa_bot': CMAKE_PREFIX_PATH=/opt/ros/foxy /usr/bin/cmake --install /home/ispaik06/robot_ws/build/sasa_bot
[1.805s] DEBUG:colcon.colcon_core.event_handler.log_command:Invoking command in '/home/ispaik06/robot_ws/build/articubot_one': CMAKE_PREFIX_PATH=/opt/ros/foxy /usr/bin/cmake --install /home/ispaik06/robot_ws/build/articubot_one
[1.807s] DEBUG:colcon.colcon_core.event_handler.log_command:Invoking command in '/home/ispaik06/robot_ws/build/urdf_example': CMAKE_PREFIX_PATH=/opt/ros/foxy /usr/bin/cmake --install /home/ispaik06/robot_ws/build/urdf_example
[1.815s] Level 1:colcon.colcon_core.environment:create_environment_scripts_only(sasa_bot)
[1.816s] DEBUG:colcon.colcon_core.event_handler.log_command:Invoked command in '/home/ispaik06/robot_ws/build/sasa_bot' returned '0': CMAKE_PREFIX_PATH=/opt/ros/foxy /usr/bin/cmake --install /home/ispaik06/robot_ws/build/sasa_bot
[1.837s] Level 1:colcon.colcon_core.environment:checking '/home/ispaik06/robot_ws/install/sasa_bot' for CMake module files
[1.837s] Level 1:colcon.colcon_core.environment:checking '/home/ispaik06/robot_ws/install/sasa_bot' for CMake config files
[1.837s] Level 1:colcon.colcon_core.shell:create_environment_hook('sasa_bot', 'cmake_prefix_path')
[1.856s] INFO:colcon.colcon_core.shell:Creating environment hook '/home/ispaik06/robot_ws/install/sasa_bot/share/sasa_bot/hook/cmake_prefix_path.ps1'
[1.857s] INFO:colcon.colcon_core.shell:Creating environment descriptor '/home/ispaik06/robot_ws/install/sasa_bot/share/sasa_bot/hook/cmake_prefix_path.dsv'
[1.857s] INFO:colcon.colcon_core.shell:Creating environment hook '/home/ispaik06/robot_ws/install/sasa_bot/share/sasa_bot/hook/cmake_prefix_path.sh'
[1.858s] Level 1:colcon.colcon_core.environment:checking '/home/ispaik06/robot_ws/install/sasa_bot/bin'
[1.858s] Level 1:colcon.colcon_core.environment:checking '/home/ispaik06/robot_ws/install/sasa_bot/lib/pkgconfig/sasa_bot.pc'
[1.858s] Level 1:colcon.colcon_core.environment:checking '/home/ispaik06/robot_ws/install/sasa_bot/lib/python3.8/site-packages'
[1.858s] Level 1:colcon.colcon_core.environment:checking '/home/ispaik06/robot_ws/install/sasa_bot/bin'
[1.877s] INFO:colcon.colcon_core.shell:Creating package script '/home/ispaik06/robot_ws/install/sasa_bot/share/sasa_bot/package.ps1'
[1.877s] INFO:colcon.colcon_core.shell:Creating package descriptor '/home/ispaik06/robot_ws/install/sasa_bot/share/sasa_bot/package.dsv'
[1.878s] INFO:colcon.colcon_core.shell:Creating package script '/home/ispaik06/robot_ws/install/sasa_bot/share/sasa_bot/package.sh'
[1.878s] INFO:colcon.colcon_core.shell:Creating package script '/home/ispaik06/robot_ws/install/sasa_bot/share/sasa_bot/package.bash'
[1.878s] INFO:colcon.colcon_core.shell:Creating package script '/home/ispaik06/robot_ws/install/sasa_bot/share/sasa_bot/package.zsh'
[1.879s] Level 1:colcon.colcon_core.environment:create_file_with_runtime_dependencies(/home/ispaik06/robot_ws/install/sasa_bot/share/colcon-core/packages/sasa_bot)
[1.881s] Level 1:colcon.colcon_core.environment:create_environment_scripts_only(articubot_one)
[1.882s] DEBUG:colcon.colcon_core.event_handler.log_command:Invoked command in '/home/ispaik06/robot_ws/build/articubot_one' returned '0': CMAKE_PREFIX_PATH=/opt/ros/foxy /usr/bin/cmake --install /home/ispaik06/robot_ws/build/articubot_one
[1.901s] Level 1:colcon.colcon_core.environment:checking '/home/ispaik06/robot_ws/install/articubot_one' for CMake module files
[1.902s] Level 1:colcon.colcon_core.environment:checking '/home/ispaik06/robot_ws/install/articubot_one' for CMake config files
[1.902s] Level 1:colcon.colcon_core.shell:create_environment_hook('articubot_one', 'cmake_prefix_path')
[1.921s] INFO:colcon.colcon_core.shell:Creating environment hook '/home/ispaik06/robot_ws/install/articubot_one/share/articubot_one/hook/cmake_prefix_path.ps1'
[1.921s] INFO:colcon.colcon_core.shell:Creating environment descriptor '/home/ispaik06/robot_ws/install/articubot_one/share/articubot_one/hook/cmake_prefix_path.dsv'
[1.921s] INFO:colcon.colcon_core.shell:Creating environment hook '/home/ispaik06/robot_ws/install/articubot_one/share/articubot_one/hook/cmake_prefix_path.sh'
[1.922s] Level 1:colcon.colcon_core.environment:checking '/home/ispaik06/robot_ws/install/articubot_one/bin'
[1.922s] Level 1:colcon.colcon_core.environment:checking '/home/ispaik06/robot_ws/install/articubot_one/lib/pkgconfig/articubot_one.pc'
[1.922s] Level 1:colcon.colcon_core.environment:checking '/home/ispaik06/robot_ws/install/articubot_one/lib/python3.8/site-packages'
[1.922s] Level 1:colcon.colcon_core.environment:checking '/home/ispaik06/robot_ws/install/articubot_one/bin'
[1.941s] INFO:colcon.colcon_core.shell:Creating package script '/home/ispaik06/robot_ws/install/articubot_one/share/articubot_one/package.ps1'
[1.941s] INFO:colcon.colcon_core.shell:Creating package descriptor '/home/ispaik06/robot_ws/install/articubot_one/share/articubot_one/package.dsv'
[1.942s] INFO:colcon.colcon_core.shell:Creating package script '/home/ispaik06/robot_ws/install/articubot_one/share/articubot_one/package.sh'
[1.942s] INFO:colcon.colcon_core.shell:Creating package script '/home/ispaik06/robot_ws/install/articubot_one/share/articubot_one/package.bash'
[1.942s] INFO:colcon.colcon_core.shell:Creating package script '/home/ispaik06/robot_ws/install/articubot_one/share/articubot_one/package.zsh'
[1.942s] Level 1:colcon.colcon_core.environment:create_file_with_runtime_dependencies(/home/ispaik06/robot_ws/install/articubot_one/share/colcon-core/packages/articubot_one)
[1.944s] Level 1:colcon.colcon_core.environment:create_environment_scripts_only(urdf_example)
[1.945s] DEBUG:colcon.colcon_core.event_handler.log_command:Invoked command in '/home/ispaik06/robot_ws/build/urdf_example' returned '0': CMAKE_PREFIX_PATH=/opt/ros/foxy /usr/bin/cmake --install /home/ispaik06/robot_ws/build/urdf_example
[1.964s] Level 1:colcon.colcon_core.environment:checking '/home/ispaik06/robot_ws/install/urdf_example' for CMake module files
[1.965s] Level 1:colcon.colcon_core.environment:checking '/home/ispaik06/robot_ws/install/urdf_example' for CMake config files
[1.965s] Level 1:colcon.colcon_core.shell:create_environment_hook('urdf_example', 'cmake_prefix_path')
[1.984s] INFO:colcon.colcon_core.shell:Creating environment hook '/home/ispaik06/robot_ws/install/urdf_example/share/urdf_example/hook/cmake_prefix_path.ps1'
[1.984s] INFO:colcon.colcon_core.shell:Creating environment descriptor '/home/ispaik06/robot_ws/install/urdf_example/share/urdf_example/hook/cmake_prefix_path.dsv'
[1.984s] INFO:colcon.colcon_core.shell:Creating environment hook '/home/ispaik06/robot_ws/install/urdf_example/share/urdf_example/hook/cmake_prefix_path.sh'
[1.985s] Level 1:colcon.colcon_core.environment:checking '/home/ispaik06/robot_ws/install/urdf_example/bin'
[1.985s] Level 1:colcon.colcon_core.environment:checking '/home/ispaik06/robot_ws/install/urdf_example/lib/pkgconfig/urdf_example.pc'
[1.985s] Level 1:colcon.colcon_core.environment:checking '/home/ispaik06/robot_ws/install/urdf_example/lib/python3.8/site-packages'
[1.985s] Level 1:colcon.colcon_core.environment:checking '/home/ispaik06/robot_ws/install/urdf_example/bin'
[2.004s] INFO:colcon.colcon_core.shell:Creating package script '/home/ispaik06/robot_ws/install/urdf_example/share/urdf_example/package.ps1'
[2.004s] INFO:colcon.colcon_core.shell:Creating package descriptor '/home/ispaik06/robot_ws/install/urdf_example/share/urdf_example/package.dsv'
[2.004s] INFO:colcon.colcon_core.shell:Creating package script '/home/ispaik06/robot_ws/install/urdf_example/share/urdf_example/package.sh'
[2.004s] INFO:colcon.colcon_core.shell:Creating package script '/home/ispaik06/robot_ws/install/urdf_example/share/urdf_example/package.bash'
[2.005s] INFO:colcon.colcon_core.shell:Creating package script '/home/ispaik06/robot_ws/install/urdf_example/share/urdf_example/package.zsh'
[2.005s] Level 1:colcon.colcon_core.environment:create_file_with_runtime_dependencies(/home/ispaik06/robot_ws/install/urdf_example/share/colcon-core/packages/urdf_example)
[2.027s] Level 1:colcon.colcon_core.environment:create_environment_scripts_only(sasa_bot)
[2.046s] Level 1:colcon.colcon_core.environment:checking '/home/ispaik06/robot_ws/install/sasa_bot' for CMake module files
[2.047s] Level 1:colcon.colcon_core.environment:checking '/home/ispaik06/robot_ws/install/sasa_bot' for CMake config files
[2.047s] Level 1:colcon.colcon_core.shell:create_environment_hook('sasa_bot', 'cmake_prefix_path')
[2.066s] INFO:colcon.colcon_core.shell:Creating environment hook '/home/ispaik06/robot_ws/install/sasa_bot/share/sasa_bot/hook/cmake_prefix_path.ps1'
[2.066s] INFO:colcon.colcon_core.shell:Creating environment descriptor '/home/ispaik06/robot_ws/install/sasa_bot/share/sasa_bot/hook/cmake_prefix_path.dsv'
[2.066s] INFO:colcon.colcon_core.shell:Creating environment hook '/home/ispaik06/robot_ws/install/sasa_bot/share/sasa_bot/hook/cmake_prefix_path.sh'
[2.067s] Level 1:colcon.colcon_core.environment:checking '/home/ispaik06/robot_ws/install/sasa_bot/bin'
[2.067s] Level 1:colcon.colcon_core.environment:checking '/home/ispaik06/robot_ws/install/sasa_bot/lib/pkgconfig/sasa_bot.pc'
[2.067s] Level 1:colcon.colcon_core.environment:checking '/home/ispaik06/robot_ws/install/sasa_bot/lib/python3.8/site-packages'
[2.067s] Level 1:colcon.colcon_core.environment:checking '/home/ispaik06/robot_ws/install/sasa_bot/bin'
[2.086s] INFO:colcon.colcon_core.shell:Creating package script '/home/ispaik06/robot_ws/install/sasa_bot/share/sasa_bot/package.ps1'
[2.086s] INFO:colcon.colcon_core.shell:Creating package descriptor '/home/ispaik06/robot_ws/install/sasa_bot/share/sasa_bot/package.dsv'
[2.087s] INFO:colcon.colcon_core.shell:Creating package script '/home/ispaik06/robot_ws/install/sasa_bot/share/sasa_bot/package.sh'
[2.087s] INFO:colcon.colcon_core.shell:Creating package script '/home/ispaik06/robot_ws/install/sasa_bot/share/sasa_bot/package.bash'
[2.087s] INFO:colcon.colcon_core.shell:Creating package script '/home/ispaik06/robot_ws/install/sasa_bot/share/sasa_bot/package.zsh'
[2.087s] Level 1:colcon.colcon_core.environment:create_file_with_runtime_dependencies(/home/ispaik06/robot_ws/install/sasa_bot/share/colcon-core/packages/sasa_bot)
[2.116s] Level 1:colcon.colcon_core.environment:create_environment_scripts_only(articubot_one)
[2.135s] Level 1:colcon.colcon_core.environment:checking '/home/ispaik06/robot_ws/install/articubot_one' for CMake module files
[2.135s] Level 1:colcon.colcon_core.environment:checking '/home/ispaik06/robot_ws/install/articubot_one' for CMake config files
[2.136s] Level 1:colcon.colcon_core.shell:create_environment_hook('articubot_one', 'cmake_prefix_path')
[2.154s] INFO:colcon.colcon_core.shell:Creating environment hook '/home/ispaik06/robot_ws/install/articubot_one/share/articubot_one/hook/cmake_prefix_path.ps1'
[2.155s] INFO:colcon.colcon_core.shell:Creating environment descriptor '/home/ispaik06/robot_ws/install/articubot_one/share/articubot_one/hook/cmake_prefix_path.dsv'
[2.155s] INFO:colcon.colcon_core.shell:Creating environment hook '/home/ispaik06/robot_ws/install/articubot_one/share/articubot_one/hook/cmake_prefix_path.sh'
[2.155s] Level 1:colcon.colcon_core.environment:checking '/home/ispaik06/robot_ws/install/articubot_one/bin'
[2.155s] Level 1:colcon.colcon_core.environment:checking '/home/ispaik06/robot_ws/install/articubot_one/lib/pkgconfig/articubot_one.pc'
[2.155s] Level 1:colcon.colcon_core.environment:checking '/home/ispaik06/robot_ws/install/articubot_one/lib/python3.8/site-packages'
[2.155s] Level 1:colcon.colcon_core.environment:checking '/home/ispaik06/robot_ws/install/articubot_one/bin'
[2.174s] INFO:colcon.colcon_core.shell:Creating package script '/home/ispaik06/robot_ws/install/articubot_one/share/articubot_one/package.ps1'
[2.175s] INFO:colcon.colcon_core.shell:Creating package descriptor '/home/ispaik06/robot_ws/install/articubot_one/share/articubot_one/package.dsv'
[2.175s] INFO:colcon.colcon_core.shell:Creating package script '/home/ispaik06/robot_ws/install/articubot_one/share/articubot_one/package.sh'
[2.175s] INFO:colcon.colcon_core.shell:Creating package script '/home/ispaik06/robot_ws/install/articubot_one/share/articubot_one/package.bash'
[2.175s] INFO:colcon.colcon_core.shell:Creating package script '/home/ispaik06/robot_ws/install/articubot_one/share/articubot_one/package.zsh'
[2.175s] Level 1:colcon.colcon_core.environment:create_file_with_runtime_dependencies(/home/ispaik06/robot_ws/install/articubot_one/share/colcon-core/packages/articubot_one)
[2.195s] Level 1:colcon.colcon_core.environment:create_environment_scripts_only(urdf_example)
[2.214s] Level 1:colcon.colcon_core.environment:checking '/home/ispaik06/robot_ws/install/urdf_example' for CMake module files
[2.215s] Level 1:colcon.colcon_core.environment:checking '/home/ispaik06/robot_ws/install/urdf_example' for CMake config files
[2.215s] Level 1:colcon.colcon_core.shell:create_environment_hook('urdf_example', 'cmake_prefix_path')
[2.234s] INFO:colcon.colcon_core.shell:Creating environment hook '/home/ispaik06/robot_ws/install/urdf_example/share/urdf_example/hook/cmake_prefix_path.ps1'
[2.234s] INFO:colcon.colcon_core.shell:Creating environment descriptor '/home/ispaik06/robot_ws/install/urdf_example/share/urdf_example/hook/cmake_prefix_path.dsv'
[2.234s] INFO:colcon.colcon_core.shell:Creating environment hook '/home/ispaik06/robot_ws/install/urdf_example/share/urdf_example/hook/cmake_prefix_path.sh'
[2.234s] Level 1:colcon.colcon_core.environment:checking '/home/ispaik06/robot_ws/install/urdf_example/bin'
[2.235s] Level 1:colcon.colcon_core.environment:checking '/home/ispaik06/robot_ws/install/urdf_example/lib/pkgconfig/urdf_example.pc'
[2.235s] Level 1:colcon.colcon_core.environment:checking '/home/ispaik06/robot_ws/install/urdf_example/lib/python3.8/site-packages'
[2.235s] Level 1:colcon.colcon_core.environment:checking '/home/ispaik06/robot_ws/install/urdf_example/bin'
[2.254s] INFO:colcon.colcon_core.shell:Creating package script '/home/ispaik06/robot_ws/install/urdf_example/share/urdf_example/package.ps1'
[2.255s] INFO:colcon.colcon_core.shell:Creating package descriptor '/home/ispaik06/robot_ws/install/urdf_example/share/urdf_example/package.dsv'
[2.255s] INFO:colcon.colcon_core.shell:Creating package script '/home/ispaik06/robot_ws/install/urdf_example/share/urdf_example/package.sh'
[2.256s] INFO:colcon.colcon_core.shell:Creating package script '/home/ispaik06/robot_ws/install/urdf_example/share/urdf_example/package.bash'
[2.256s] INFO:colcon.colcon_core.shell:Creating package script '/home/ispaik06/robot_ws/install/urdf_example/share/urdf_example/package.zsh'
[2.256s] Level 1:colcon.colcon_core.environment:create_file_with_runtime_dependencies(/home/ispaik06/robot_ws/install/urdf_example/share/colcon-core/packages/urdf_example)
[2.256s] DEBUG:colcon.colcon_parallel_executor.executor.parallel:closing loop
[2.256s] DEBUG:colcon.colcon_parallel_executor.executor.parallel:loop closed
[2.256s] DEBUG:colcon.colcon_parallel_executor.executor.parallel:run_until_complete finished with '0'
[2.256s] DEBUG:colcon.colcon_core.event_reactor:joining thread
[2.279s] INFO:colcon.colcon_core.plugin_system:Skipping extension 'colcon_notification.desktop_notification.terminal_notifier': Not used on non-Darwin systems
[2.279s] INFO:colcon.colcon_core.plugin_system:Skipping extension 'colcon_notification.desktop_notification.win32': Not used on non-Windows systems
[2.279s] INFO:colcon.colcon_notification.desktop_notification:Sending desktop notification using 'notify2'
[2.290s] DEBUG:colcon.colcon_core.event_reactor:joined thread
[2.314s] INFO:colcon.colcon_core.shell:Creating prefix script '/home/ispaik06/robot_ws/install/local_setup.ps1'
[2.314s] INFO:colcon.colcon_core.shell:Creating prefix util module '/home/ispaik06/robot_ws/install/_local_setup_util_ps1.py'
[2.315s] INFO:colcon.colcon_core.shell:Creating prefix chain script '/home/ispaik06/robot_ws/install/setup.ps1'
[2.335s] INFO:colcon.colcon_core.shell:Creating prefix script '/home/ispaik06/robot_ws/install/local_setup.sh'
[2.335s] INFO:colcon.colcon_core.shell:Creating prefix util module '/home/ispaik06/robot_ws/install/_local_setup_util_sh.py'
[2.335s] INFO:colcon.colcon_core.shell:Creating prefix chain script '/home/ispaik06/robot_ws/install/setup.sh'
[2.355s] INFO:colcon.colcon_core.shell:Creating prefix script '/home/ispaik06/robot_ws/install/local_setup.bash'
[2.355s] INFO:colcon.colcon_core.shell:Creating prefix chain script '/home/ispaik06/robot_ws/install/setup.bash'
[2.375s] INFO:colcon.colcon_core.shell:Creating prefix script '/home/ispaik06/robot_ws/install/local_setup.zsh'
[2.375s] INFO:colcon.colcon_core.shell:Creating prefix chain script '/home/ispaik06/robot_ws/install/setup.zsh'
