[0.169s] Invoking command in '/home/ispaik06/robot_ws/build/sasa_bot': CMAKE_PREFIX_PATH=/opt/ros/foxy /usr/bin/cmake /home/ispaik06/robot_ws/src/sasa_bot -DCMAKE_INSTALL_PREFIX=/home/ispaik06/robot_ws/install/sasa_bot
[0.203s] -- The C compiler identification is GNU 9.4.0
[0.238s] -- The CXX compiler identification is GNU 9.4.0
[0.241s] -- Check for working C compiler: /usr/bin/cc
[0.283s] -- Check for working C compiler: /usr/bin/cc -- works
[0.284s] -- Detecting C compiler ABI info
[0.328s] -- Detecting C compiler ABI info - done
[0.339s] -- Detecting C compile features
[0.339s] -- Detecting C compile features - done
[0.341s] -- Check for working CXX compiler: /usr/bin/c++
[0.388s] -- Check for working CXX compiler: /usr/bin/c++ -- works
[0.389s] -- Detecting CXX compiler ABI info
[0.439s] -- Detecting CXX compiler ABI info - done
[0.449s] -- Detecting CXX compile features
[0.450s] -- Detecting CXX compile features - done
[0.451s] -- Found ament_cmake: 0.9.12 (/opt/ros/foxy/share/ament_cmake/cmake)
[0.466s] -- Found PythonInterp: /usr/bin/python3 (found suitable version "3.8.10", minimum required is "3") 
[0.466s] -- Using PYTHON_EXECUTABLE: /usr/bin/python3
[0.584s] -- Found ament_lint_auto: 0.9.8 (/opt/ros/foxy/share/ament_lint_auto/cmake)
[0.631s] -- Added test 'copyright' to check source files copyright and LICENSE
[0.632s] -- Added test 'flake8' to check Python code syntax and style conventions
[0.632s] -- Added test 'lint_cmake' to check CMake code style
[0.633s] -- Added test 'pep257' to check Python code against some of the style conventions in PEP 257
[0.633s] -- Added test 'xmllint' to check XML markup files
[0.634s] -- Configuring done
[0.641s] -- Generating done
[0.642s] -- Build files have been written to: /home/ispaik06/robot_ws/build/sasa_bot
[0.648s] Invoked command in '/home/ispaik06/robot_ws/build/sasa_bot' returned '0': CMAKE_PREFIX_PATH=/opt/ros/foxy /usr/bin/cmake /home/ispaik06/robot_ws/src/sasa_bot -DCMAKE_INSTALL_PREFIX=/home/ispaik06/robot_ws/install/sasa_bot
[0.651s] Invoking command in '/home/ispaik06/robot_ws/build/sasa_bot': CMAKE_PREFIX_PATH=/opt/ros/foxy /usr/bin/cmake --build /home/ispaik06/robot_ws/build/sasa_bot -- -j12 -l12
[0.675s] Invoked command in '/home/ispaik06/robot_ws/build/sasa_bot' returned '0': CMAKE_PREFIX_PATH=/opt/ros/foxy /usr/bin/cmake --build /home/ispaik06/robot_ws/build/sasa_bot -- -j12 -l12
[0.695s] Invoking command in '/home/ispaik06/robot_ws/build/sasa_bot': CMAKE_PREFIX_PATH=/opt/ros/foxy /usr/bin/cmake --install /home/ispaik06/robot_ws/build/sasa_bot
[0.701s] -- Install configuration: ""
[0.701s] -- Installing: /home/ispaik06/robot_ws/install/sasa_bot/share/sasa_bot/config
[0.701s] -- Installing: /home/ispaik06/robot_ws/install/sasa_bot/share/sasa_bot/config/joystick.yaml
[0.701s] -- Installing: /home/ispaik06/robot_ws/install/sasa_bot/share/sasa_bot/config/empty.yaml
[0.701s] -- Installing: /home/ispaik06/robot_ws/install/sasa_bot/share/sasa_bot/config/my_controllers.yaml
[0.701s] -- Installing: /home/ispaik06/robot_ws/install/sasa_bot/share/sasa_bot/config/gazebo_params.yaml
[0.701s] -- Installing: /home/ispaik06/robot_ws/install/sasa_bot/share/sasa_bot/config/view_bot.rviz
[0.701s] -- Installing: /home/ispaik06/robot_ws/install/sasa_bot/share/sasa_bot/config/main.rviz
[0.701s] -- Installing: /home/ispaik06/robot_ws/install/sasa_bot/share/sasa_bot/description
[0.701s] -- Installing: /home/ispaik06/robot_ws/install/sasa_bot/share/sasa_bot/description/robot_core_template.xacro
[0.701s] -- Installing: /home/ispaik06/robot_ws/install/sasa_bot/share/sasa_bot/description/lidar.xacro
[0.701s] -- Installing: /home/ispaik06/robot_ws/install/sasa_bot/share/sasa_bot/description/camera.xacro
[0.701s] -- Installing: /home/ispaik06/robot_ws/install/sasa_bot/share/sasa_bot/description/ros2_control.xacro
[0.701s] -- Installing: /home/ispaik06/robot_ws/install/sasa_bot/share/sasa_bot/description/inertial_macros.xacro
[0.701s] -- Installing: /home/ispaik06/robot_ws/install/sasa_bot/share/sasa_bot/description/robot_core.xacro
[0.702s] -- Installing: /home/ispaik06/robot_ws/install/sasa_bot/share/sasa_bot/description/depth_camera.xacro
[0.702s] -- Installing: /home/ispaik06/robot_ws/install/sasa_bot/share/sasa_bot/description/gazebo_control.xacro
[0.702s] -- Installing: /home/ispaik06/robot_ws/install/sasa_bot/share/sasa_bot/description/robot.urdf.xacro
[0.702s] -- Installing: /home/ispaik06/robot_ws/install/sasa_bot/share/sasa_bot/launch
[0.702s] -- Installing: /home/ispaik06/robot_ws/install/sasa_bot/share/sasa_bot/launch/rsp.launch.py
[0.702s] -- Installing: /home/ispaik06/robot_ws/install/sasa_bot/share/sasa_bot/launch/joystick.launch.py
[0.702s] -- Installing: /home/ispaik06/robot_ws/install/sasa_bot/share/sasa_bot/launch/launch_sim.launch.py
[0.702s] -- Installing: /home/ispaik06/robot_ws/install/sasa_bot/share/sasa_bot/worlds
[0.702s] -- Installing: /home/ispaik06/robot_ws/install/sasa_bot/share/sasa_bot/worlds/obstacles.world
[0.702s] -- Installing: /home/ispaik06/robot_ws/install/sasa_bot/share/sasa_bot/worlds/empty.world
[0.702s] -- Installing: /home/ispaik06/robot_ws/install/sasa_bot/share/sasa_bot/worlds/obstacles_depth.world
[0.702s] -- Installing: /home/ispaik06/robot_ws/install/sasa_bot/share/sasa_bot/worlds/obstaclesFinal.world
[0.702s] -- Installing: /home/ispaik06/robot_ws/install/sasa_bot/share/ament_index/resource_index/package_run_dependencies/sasa_bot
[0.702s] -- Installing: /home/ispaik06/robot_ws/install/sasa_bot/share/ament_index/resource_index/parent_prefix_path/sasa_bot
[0.702s] -- Installing: /home/ispaik06/robot_ws/install/sasa_bot/share/sasa_bot/environment/ament_prefix_path.sh
[0.702s] -- Installing: /home/ispaik06/robot_ws/install/sasa_bot/share/sasa_bot/environment/ament_prefix_path.dsv
[0.702s] -- Installing: /home/ispaik06/robot_ws/install/sasa_bot/share/sasa_bot/environment/path.sh
[0.703s] -- Installing: /home/ispaik06/robot_ws/install/sasa_bot/share/sasa_bot/environment/path.dsv
[0.703s] -- Installing: /home/ispaik06/robot_ws/install/sasa_bot/share/sasa_bot/local_setup.bash
[0.703s] -- Installing: /home/ispaik06/robot_ws/install/sasa_bot/share/sasa_bot/local_setup.sh
[0.703s] -- Installing: /home/ispaik06/robot_ws/install/sasa_bot/share/sasa_bot/local_setup.zsh
[0.703s] -- Installing: /home/ispaik06/robot_ws/install/sasa_bot/share/sasa_bot/local_setup.dsv
[0.703s] -- Installing: /home/ispaik06/robot_ws/install/sasa_bot/share/sasa_bot/package.dsv
[0.703s] -- Installing: /home/ispaik06/robot_ws/install/sasa_bot/share/ament_index/resource_index/packages/sasa_bot
[0.703s] -- Installing: /home/ispaik06/robot_ws/install/sasa_bot/share/sasa_bot/cmake/sasa_botConfig.cmake
[0.703s] -- Installing: /home/ispaik06/robot_ws/install/sasa_bot/share/sasa_bot/cmake/sasa_botConfig-version.cmake
[0.703s] -- Installing: /home/ispaik06/robot_ws/install/sasa_bot/share/sasa_bot/package.xml
[0.772s] Invoked command in '/home/ispaik06/robot_ws/build/sasa_bot' returned '0': CMAKE_PREFIX_PATH=/opt/ros/foxy /usr/bin/cmake --install /home/ispaik06/robot_ws/build/sasa_bot
