[0.748s] Invoking command in '/home/ispaik06/robot_ws/build/ydlidar': CMAKE_PREFIX_PATH=${CMAKE_PREFIX_PATH}:/home/ispaik06/robot_ws/install/joy_tester:/opt/ros/foxy /usr/bin/cmake --build /home/ispaik06/robot_ws/build/ydlidar -- -j12 -l12
[0.836s] [ 18%] Built target ydlidar_client
[0.913s] [100%] Built target ydlidar_node
[1.228s] Invoked command in '/home/ispaik06/robot_ws/build/ydlidar' returned '0': CMAKE_PREFIX_PATH=${CMAKE_PREFIX_PATH}:/home/ispaik06/robot_ws/install/joy_tester:/opt/ros/foxy /usr/bin/cmake --build /home/ispaik06/robot_ws/build/ydlidar -- -j12 -l12
[1.737s] Invoking command in '/home/ispaik06/robot_ws/build/ydlidar': CMAKE_PREFIX_PATH=${CMAKE_PREFIX_PATH}:/home/ispaik06/robot_ws/install/joy_tester:/opt/ros/foxy /usr/bin/cmake --install /home/ispaik06/robot_ws/build/ydlidar
[1.993s] -- Install configuration: ""
[1.995s] -- Up-to-date: /home/ispaik06/robot_ws/install/ydlidar/lib/ydlidar/ydlidar_node
[1.995s] -- Up-to-date: /home/ispaik06/robot_ws/install/ydlidar/lib/ydlidar/ydlidar_client
[1.995s] -- Up-to-date: /home/ispaik06/robot_ws/install/ydlidar/share/ydlidar/launch
[1.995s] -- Up-to-date: /home/ispaik06/robot_ws/install/ydlidar/share/ydlidar/launch/ydlidar_launch.py
[1.995s] -- Up-to-date: /home/ispaik06/robot_ws/install/ydlidar/share/ydlidar/launch/ydlidar.py
[1.995s] -- Up-to-date: /home/ispaik06/robot_ws/install/ydlidar/share/ydlidar/params
[1.995s] -- Up-to-date: /home/ispaik06/robot_ws/install/ydlidar/share/ydlidar/params/ydlidar.yaml
[1.996s] -- Up-to-date: /home/ispaik06/robot_ws/install/ydlidar/share/ydlidar/startup
[1.996s] -- Up-to-date: /home/ispaik06/robot_ws/install/ydlidar/share/ydlidar/startup/initenv.sh
[1.996s] -- Up-to-date: /home/ispaik06/robot_ws/install/ydlidar/share/ament_index/resource_index/package_run_dependencies/ydlidar
[1.996s] -- Up-to-date: /home/ispaik06/robot_ws/install/ydlidar/share/ament_index/resource_index/parent_prefix_path/ydlidar
[1.996s] -- Up-to-date: /home/ispaik06/robot_ws/install/ydlidar/share/ydlidar/environment/ament_prefix_path.sh
[1.996s] -- Up-to-date: /home/ispaik06/robot_ws/install/ydlidar/share/ydlidar/environment/ament_prefix_path.dsv
[1.996s] -- Up-to-date: /home/ispaik06/robot_ws/install/ydlidar/share/ydlidar/environment/path.sh
[1.996s] -- Up-to-date: /home/ispaik06/robot_ws/install/ydlidar/share/ydlidar/environment/path.dsv
[1.996s] -- Up-to-date: /home/ispaik06/robot_ws/install/ydlidar/share/ydlidar/local_setup.bash
[1.996s] -- Up-to-date: /home/ispaik06/robot_ws/install/ydlidar/share/ydlidar/local_setup.sh
[1.996s] -- Up-to-date: /home/ispaik06/robot_ws/install/ydlidar/share/ydlidar/local_setup.zsh
[1.996s] -- Up-to-date: /home/ispaik06/robot_ws/install/ydlidar/share/ydlidar/local_setup.dsv
[1.996s] -- Installing: /home/ispaik06/robot_ws/install/ydlidar/share/ydlidar/package.dsv
[1.997s] -- Up-to-date: /home/ispaik06/robot_ws/install/ydlidar/share/ament_index/resource_index/packages/ydlidar
[1.997s] -- Up-to-date: /home/ispaik06/robot_ws/install/ydlidar/share/ydlidar/cmake/ydlidarConfig.cmake
[1.997s] -- Up-to-date: /home/ispaik06/robot_ws/install/ydlidar/share/ydlidar/cmake/ydlidarConfig-version.cmake
[1.997s] -- Up-to-date: /home/ispaik06/robot_ws/install/ydlidar/share/ydlidar/package.xml
[2.191s] Invoked command in '/home/ispaik06/robot_ws/build/ydlidar' returned '0': CMAKE_PREFIX_PATH=${CMAKE_PREFIX_PATH}:/home/ispaik06/robot_ws/install/joy_tester:/opt/ros/foxy /usr/bin/cmake --install /home/ispaik06/robot_ws/build/ydlidar
