[0.382s] Invoking command in '/home/ispaik06/robot_ws/build/ydlidar': CMAKE_PREFIX_PATH=${CMAKE_PREFIX_PATH}:/home/ispaik06/robot_ws/install/joy_tester:/opt/ros/foxy /usr/bin/cmake --build /home/ispaik06/robot_ws/build/ydlidar -- -j12 -l12
[0.439s] [ 54%] Built target ydlidar_client
[0.440s] [100%] Built target ydlidar_node
[0.470s] Invoked command in '/home/ispaik06/robot_ws/build/ydlidar' returned '0': CMAKE_PREFIX_PATH=${CMAKE_PREFIX_PATH}:/home/ispaik06/robot_ws/install/joy_tester:/opt/ros/foxy /usr/bin/cmake --build /home/ispaik06/robot_ws/build/ydlidar -- -j12 -l12
[0.630s] Invoking command in '/home/ispaik06/robot_ws/build/ydlidar': CMAKE_PREFIX_PATH=${CMAKE_PREFIX_PATH}:/home/ispaik06/robot_ws/install/joy_tester:/opt/ros/foxy /usr/bin/cmake --install /home/ispaik06/robot_ws/build/ydlidar
[0.639s] -- Install configuration: ""
[0.639s] -- Up-to-date: /home/ispaik06/robot_ws/install/ydlidar/lib/ydlidar/ydlidar_node
[0.639s] -- Up-to-date: /home/ispaik06/robot_ws/install/ydlidar/lib/ydlidar/ydlidar_client
[0.639s] -- Up-to-date: /home/ispaik06/robot_ws/install/ydlidar/share/ydlidar/launch
[0.640s] -- Up-to-date: /home/ispaik06/robot_ws/install/ydlidar/share/ydlidar/launch/ydlidar_launch.py
[0.640s] -- Up-to-date: /home/ispaik06/robot_ws/install/ydlidar/share/ydlidar/launch/ydlidar.py
[0.640s] -- Up-to-date: /home/ispaik06/robot_ws/install/ydlidar/share/ydlidar/params
[0.640s] -- Up-to-date: /home/ispaik06/robot_ws/install/ydlidar/share/ydlidar/params/ydlidar.yaml
[0.640s] -- Up-to-date: /home/ispaik06/robot_ws/install/ydlidar/share/ydlidar/startup
[0.640s] -- Up-to-date: /home/ispaik06/robot_ws/install/ydlidar/share/ydlidar/startup/initenv.sh
[0.640s] -- Up-to-date: /home/ispaik06/robot_ws/install/ydlidar/share/ament_index/resource_index/package_run_dependencies/ydlidar
[0.640s] -- Up-to-date: /home/ispaik06/robot_ws/install/ydlidar/share/ament_index/resource_index/parent_prefix_path/ydlidar
[0.640s] -- Up-to-date: /home/ispaik06/robot_ws/install/ydlidar/share/ydlidar/environment/ament_prefix_path.sh
[0.640s] -- Up-to-date: /home/ispaik06/robot_ws/install/ydlidar/share/ydlidar/environment/ament_prefix_path.dsv
[0.641s] -- Up-to-date: /home/ispaik06/robot_ws/install/ydlidar/share/ydlidar/environment/path.sh
[0.641s] -- Up-to-date: /home/ispaik06/robot_ws/install/ydlidar/share/ydlidar/environment/path.dsv
[0.641s] -- Up-to-date: /home/ispaik06/robot_ws/install/ydlidar/share/ydlidar/local_setup.bash
[0.641s] -- Up-to-date: /home/ispaik06/robot_ws/install/ydlidar/share/ydlidar/local_setup.sh
[0.641s] -- Up-to-date: /home/ispaik06/robot_ws/install/ydlidar/share/ydlidar/local_setup.zsh
[0.641s] -- Up-to-date: /home/ispaik06/robot_ws/install/ydlidar/share/ydlidar/local_setup.dsv
[0.641s] -- Installing: /home/ispaik06/robot_ws/install/ydlidar/share/ydlidar/package.dsv
[0.641s] -- Up-to-date: /home/ispaik06/robot_ws/install/ydlidar/share/ament_index/resource_index/packages/ydlidar
[0.641s] -- Up-to-date: /home/ispaik06/robot_ws/install/ydlidar/share/ydlidar/cmake/ydlidarConfig.cmake
[0.641s] -- Up-to-date: /home/ispaik06/robot_ws/install/ydlidar/share/ydlidar/cmake/ydlidarConfig-version.cmake
[0.641s] -- Up-to-date: /home/ispaik06/robot_ws/install/ydlidar/share/ydlidar/package.xml
[0.819s] Invoked command in '/home/ispaik06/robot_ws/build/ydlidar' returned '0': CMAKE_PREFIX_PATH=${CMAKE_PREFIX_PATH}:/home/ispaik06/robot_ws/install/joy_tester:/opt/ros/foxy /usr/bin/cmake --install /home/ispaik06/robot_ws/build/ydlidar
