[0.377s] Invoking command in '/home/ispaik06/robot_ws/build/ydlidar': CMAKE_PREFIX_PATH=${CMAKE_PREFIX_PATH}:/home/ispaik06/robot_ws/install/joy_tester:/opt/ros/foxy /usr/bin/cmake /home/ispaik06/robot_ws/src/ydlidar_ros2 -DCMAKE_INSTALL_PREFIX=/home/ispaik06/robot_ws/install/ydlidar
[0.386s] -- Found ament_cmake: 0.9.12 (/opt/ros/foxy/share/ament_cmake/cmake)
[0.412s] -- Using PYTHON_EXECUTABLE: /usr/bin/python3
[0.574s] -- Override CMake install command with custom implementation using symlinks instead of copying resources
[0.581s] -- Found rclcpp: 2.4.3 (/opt/ros/foxy/share/rclcpp/cmake)
[0.609s] -- Using all available rosidl_typesupport_c: rosidl_typesupport_fastrtps_c;rosidl_typesupport_introspection_c
[0.611s] -- Found rosidl_adapter: 1.3.1 (/opt/ros/foxy/share/rosidl_adapter/cmake)
[0.711s] -- Using all available rosidl_typesupport_cpp: rosidl_typesupport_fastrtps_cpp;rosidl_typesupport_introspection_cpp
[0.754s] -- Found rmw_implementation_cmake: 1.0.4 (/opt/ros/foxy/share/rmw_implementation_cmake/cmake)
[0.756s] -- Using RMW implementation 'rmw_fastrtps_cpp' as default
[0.881s] -- Found sensor_msgs: 2.0.5 (/opt/ros/foxy/share/sensor_msgs/cmake)
[0.972s] -- Found visualization_msgs: 2.0.5 (/opt/ros/foxy/share/visualization_msgs/cmake)
[1.027s] -- Found ament_lint_auto: 0.9.8 (/opt/ros/foxy/share/ament_lint_auto/cmake)
[1.072s] -- Added test 'copyright' to check source files copyright and LICENSE
[1.081s] -- Added test 'cppcheck' to perform static code analysis on C / C++ code
[1.081s] -- Configured cppcheck include dirs: /home/ispaik06/robot_ws/src/ydlidar_ros2/src;/home/ispaik06/robot_ws/src/ydlidar_ros2/sdk/include;/home/ispaik06/robot_ws/src/ydlidar_ros2/sdk/src
[1.081s] -- Configured cppcheck exclude dirs and/or files: 
[1.090s] -- Added test 'cpplint' to check C / C++ code against the Google style
[1.090s] -- Configured cpplint exclude dirs and/or files: 
[1.090s] -- Added test 'flake8' to check Python code syntax and style conventions
[1.093s] -- Added test 'lint_cmake' to check CMake code style
[1.095s] -- Added test 'pep257' to check Python code against some of the style conventions in PEP 257
[1.106s] -- Added test 'uncrustify' to check C / C++ code style
[1.107s] -- Configured uncrustify additional arguments: 
[1.107s] -- Added test 'xmllint' to check XML markup files
[1.109s] -- Configuring done
[1.120s] -- Generating done
[1.121s] -- Build files have been written to: /home/ispaik06/robot_ws/build/ydlidar
[1.175s] Invoked command in '/home/ispaik06/robot_ws/build/ydlidar' returned '0': CMAKE_PREFIX_PATH=${CMAKE_PREFIX_PATH}:/home/ispaik06/robot_ws/install/joy_tester:/opt/ros/foxy /usr/bin/cmake /home/ispaik06/robot_ws/src/ydlidar_ros2 -DCMAKE_INSTALL_PREFIX=/home/ispaik06/robot_ws/install/ydlidar
[1.176s] Invoking command in '/home/ispaik06/robot_ws/build/ydlidar': CMAKE_PREFIX_PATH=${CMAKE_PREFIX_PATH}:/home/ispaik06/robot_ws/install/joy_tester:/opt/ros/foxy /usr/bin/cmake --build /home/ispaik06/robot_ws/build/ydlidar -- -j12 -l12
[1.224s] [ 36%] Built target ydlidar_client
[1.224s] [100%] Built target ydlidar_node
[1.232s] Invoked command in '/home/ispaik06/robot_ws/build/ydlidar' returned '0': CMAKE_PREFIX_PATH=${CMAKE_PREFIX_PATH}:/home/ispaik06/robot_ws/install/joy_tester:/opt/ros/foxy /usr/bin/cmake --build /home/ispaik06/robot_ws/build/ydlidar -- -j12 -l12
[1.263s] Invoking command in '/home/ispaik06/robot_ws/build/ydlidar': CMAKE_PREFIX_PATH=${CMAKE_PREFIX_PATH}:/home/ispaik06/robot_ws/install/joy_tester:/opt/ros/foxy /usr/bin/cmake --install /home/ispaik06/robot_ws/build/ydlidar
[1.268s] -- Install configuration: ""
[1.268s] -- Execute custom install script
[1.269s] -- Up-to-date symlink: /home/ispaik06/robot_ws/install/ydlidar/lib/ydlidar/ydlidar_node
[1.269s] -- Up-to-date symlink: /home/ispaik06/robot_ws/install/ydlidar/lib/ydlidar/ydlidar_client
[1.269s] -- Up-to-date symlink: /home/ispaik06/robot_ws/install/ydlidar/share/ydlidar/launch/ydlidar.py
[1.269s] -- Up-to-date symlink: /home/ispaik06/robot_ws/install/ydlidar/share/ydlidar/launch/ydlidar_launch.py
[1.269s] -- Up-to-date symlink: /home/ispaik06/robot_ws/install/ydlidar/share/ydlidar/params/ydlidar.yaml
[1.270s] -- Up-to-date symlink: /home/ispaik06/robot_ws/install/ydlidar/share/ydlidar/startup/initenv.sh
[1.270s] -- Up-to-date symlink: /home/ispaik06/robot_ws/install/ydlidar/share/ament_index/resource_index/package_run_dependencies/ydlidar
[1.270s] -- Up-to-date symlink: /home/ispaik06/robot_ws/install/ydlidar/share/ament_index/resource_index/parent_prefix_path/ydlidar
[1.270s] -- Up-to-date symlink: /home/ispaik06/robot_ws/install/ydlidar/share/ydlidar/environment/ament_prefix_path.sh
[1.270s] -- Up-to-date symlink: /home/ispaik06/robot_ws/install/ydlidar/share/ydlidar/environment/ament_prefix_path.dsv
[1.270s] -- Up-to-date symlink: /home/ispaik06/robot_ws/install/ydlidar/share/ydlidar/environment/path.sh
[1.271s] -- Up-to-date symlink: /home/ispaik06/robot_ws/install/ydlidar/share/ydlidar/environment/path.dsv
[1.271s] -- Up-to-date symlink: /home/ispaik06/robot_ws/install/ydlidar/share/ydlidar/local_setup.bash
[1.271s] -- Up-to-date symlink: /home/ispaik06/robot_ws/install/ydlidar/share/ydlidar/local_setup.sh
[1.271s] -- Up-to-date symlink: /home/ispaik06/robot_ws/install/ydlidar/share/ydlidar/local_setup.zsh
[1.271s] -- Up-to-date symlink: /home/ispaik06/robot_ws/install/ydlidar/share/ydlidar/local_setup.dsv
[1.271s] -- Symlinking: /home/ispaik06/robot_ws/install/ydlidar/share/ydlidar/package.dsv
[1.279s] -- Up-to-date symlink: /home/ispaik06/robot_ws/install/ydlidar/share/ament_index/resource_index/packages/ydlidar
[1.279s] -- Up-to-date symlink: /home/ispaik06/robot_ws/install/ydlidar/share/ydlidar/cmake/ydlidarConfig.cmake
[1.279s] -- Up-to-date symlink: /home/ispaik06/robot_ws/install/ydlidar/share/ydlidar/cmake/ydlidarConfig-version.cmake
[1.279s] -- Up-to-date symlink: /home/ispaik06/robot_ws/install/ydlidar/share/ydlidar/package.xml
[1.281s] Invoked command in '/home/ispaik06/robot_ws/build/ydlidar' returned '0': CMAKE_PREFIX_PATH=${CMAKE_PREFIX_PATH}:/home/ispaik06/robot_ws/install/joy_tester:/opt/ros/foxy /usr/bin/cmake --install /home/ispaik06/robot_ws/build/ydlidar
