[0.094s] Invoking command in '/home/ispaik06/robot_ws/build/urdf_example': CMAKE_PREFIX_PATH=/opt/ros/foxy /usr/bin/cmake --build /home/ispaik06/robot_ws/build/urdf_example -- -j12 -l12
[0.115s] Invoked command in '/home/ispaik06/robot_ws/build/urdf_example' returned '0': CMAKE_PREFIX_PATH=/opt/ros/foxy /usr/bin/cmake --build /home/ispaik06/robot_ws/build/urdf_example -- -j12 -l12
[0.134s] Invoking command in '/home/ispaik06/robot_ws/build/urdf_example': CMAKE_PREFIX_PATH=/opt/ros/foxy /usr/bin/cmake --install /home/ispaik06/robot_ws/build/urdf_example
[0.141s] -- Install configuration: ""
[0.141s] -- Up-to-date: /home/ispaik06/robot_ws/install/urdf_example/share/urdf_example/description
[0.141s] -- Up-to-date: /home/ispaik06/robot_ws/install/urdf_example/share/urdf_example/description/example_include.xacro
[0.141s] -- Up-to-date: /home/ispaik06/robot_ws/install/urdf_example/share/urdf_example/description/example_gazebo.xacro
[0.141s] -- Up-to-date: /home/ispaik06/robot_ws/install/urdf_example/share/urdf_example/description/example_robot.urdf.xacro
[0.141s] -- Up-to-date: /home/ispaik06/robot_ws/install/urdf_example/share/urdf_example/launch
[0.141s] -- Up-to-date: /home/ispaik06/robot_ws/install/urdf_example/share/urdf_example/launch/rsp_sim.launch.py
[0.141s] -- Up-to-date: /home/ispaik06/robot_ws/install/urdf_example/share/urdf_example/launch/rsp.launch.py
[0.141s] -- Up-to-date: /home/ispaik06/robot_ws/install/urdf_example/share/urdf_example/worlds
[0.142s] -- Up-to-date: /home/ispaik06/robot_ws/install/urdf_example/share/urdf_example/worlds/test_world.world
[0.142s] -- Up-to-date: /home/ispaik06/robot_ws/install/urdf_example/share/ament_index/resource_index/package_run_dependencies/urdf_example
[0.142s] -- Up-to-date: /home/ispaik06/robot_ws/install/urdf_example/share/ament_index/resource_index/parent_prefix_path/urdf_example
[0.142s] -- Up-to-date: /home/ispaik06/robot_ws/install/urdf_example/share/urdf_example/environment/ament_prefix_path.sh
[0.142s] -- Up-to-date: /home/ispaik06/robot_ws/install/urdf_example/share/urdf_example/environment/ament_prefix_path.dsv
[0.142s] -- Up-to-date: /home/ispaik06/robot_ws/install/urdf_example/share/urdf_example/environment/path.sh
[0.142s] -- Up-to-date: /home/ispaik06/robot_ws/install/urdf_example/share/urdf_example/environment/path.dsv
[0.142s] -- Up-to-date: /home/ispaik06/robot_ws/install/urdf_example/share/urdf_example/local_setup.bash
[0.142s] -- Up-to-date: /home/ispaik06/robot_ws/install/urdf_example/share/urdf_example/local_setup.sh
[0.142s] -- Up-to-date: /home/ispaik06/robot_ws/install/urdf_example/share/urdf_example/local_setup.zsh
[0.142s] -- Up-to-date: /home/ispaik06/robot_ws/install/urdf_example/share/urdf_example/local_setup.dsv
[0.142s] -- Installing: /home/ispaik06/robot_ws/install/urdf_example/share/urdf_example/package.dsv
[0.142s] -- Up-to-date: /home/ispaik06/robot_ws/install/urdf_example/share/ament_index/resource_index/packages/urdf_example
[0.142s] -- Up-to-date: /home/ispaik06/robot_ws/install/urdf_example/share/urdf_example/cmake/urdf_exampleConfig.cmake
[0.142s] -- Up-to-date: /home/ispaik06/robot_ws/install/urdf_example/share/urdf_example/cmake/urdf_exampleConfig-version.cmake
[0.142s] -- Up-to-date: /home/ispaik06/robot_ws/install/urdf_example/share/urdf_example/package.xml
[0.274s] Invoked command in '/home/ispaik06/robot_ws/build/urdf_example' returned '0': CMAKE_PREFIX_PATH=/opt/ros/foxy /usr/bin/cmake --install /home/ispaik06/robot_ws/build/urdf_example
