[0.419s] Invoking command in '/home/ispaik06/robot_ws/build/ydlidar': CMAKE_PREFIX_PATH=${CMAKE_PREFIX_PATH}:/home/ispaik06/robot_ws/install/serial_motor_demo:/home/ispaik06/robot_ws/install/joy_tester:/opt/ros/foxy /usr/bin/cmake --build /home/ispaik06/robot_ws/build/ydlidar -- -j12 -l12
[0.475s] [ 18%] Built target ydlidar_client
[0.489s] [100%] Built target ydlidar_node
[0.536s] Invoked command in '/home/ispaik06/robot_ws/build/ydlidar' returned '0': CMAKE_PREFIX_PATH=${CMAKE_PREFIX_PATH}:/home/ispaik06/robot_ws/install/serial_motor_demo:/home/ispaik06/robot_ws/install/joy_tester:/opt/ros/foxy /usr/bin/cmake --build /home/ispaik06/robot_ws/build/ydlidar -- -j12 -l12
[0.864s] Invoking command in '/home/ispaik06/robot_ws/build/ydlidar': CMAKE_PREFIX_PATH=${CMAKE_PREFIX_PATH}:/home/ispaik06/robot_ws/install/serial_motor_demo:/home/ispaik06/robot_ws/install/joy_tester:/opt/ros/foxy /usr/bin/cmake --install /home/ispaik06/robot_ws/build/ydlidar
[0.883s] -- Install configuration: ""
[0.888s] -- Execute custom install script
[0.888s] -- Up-to-date symlink: /home/ispaik06/robot_ws/install/ydlidar/lib/ydlidar/ydlidar_node
[0.888s] -- Up-to-date symlink: /home/ispaik06/robot_ws/install/ydlidar/lib/ydlidar/ydlidar_client
[0.892s] -- Up-to-date symlink: /home/ispaik06/robot_ws/install/ydlidar/share/ydlidar/launch/ydlidar.py
[0.893s] -- Up-to-date symlink: /home/ispaik06/robot_ws/install/ydlidar/share/ydlidar/launch/ydlidar_launch.py
[0.894s] -- Up-to-date symlink: /home/ispaik06/robot_ws/install/ydlidar/share/ydlidar/params/ydlidar.yaml
[0.894s] -- Up-to-date symlink: /home/ispaik06/robot_ws/install/ydlidar/share/ydlidar/startup/initenv.sh
[0.894s] -- Up-to-date symlink: /home/ispaik06/robot_ws/install/ydlidar/share/ament_index/resource_index/package_run_dependencies/ydlidar
[0.896s] -- Up-to-date symlink: /home/ispaik06/robot_ws/install/ydlidar/share/ament_index/resource_index/parent_prefix_path/ydlidar
[0.897s] -- Up-to-date symlink: /home/ispaik06/robot_ws/install/ydlidar/share/ydlidar/environment/ament_prefix_path.sh
[0.897s] -- Up-to-date symlink: /home/ispaik06/robot_ws/install/ydlidar/share/ydlidar/environment/ament_prefix_path.dsv
[0.897s] -- Up-to-date symlink: /home/ispaik06/robot_ws/install/ydlidar/share/ydlidar/environment/path.sh
[0.898s] -- Up-to-date symlink: /home/ispaik06/robot_ws/install/ydlidar/share/ydlidar/environment/path.dsv
[0.898s] -- Up-to-date symlink: /home/ispaik06/robot_ws/install/ydlidar/share/ydlidar/local_setup.bash
[0.899s] -- Up-to-date symlink: /home/ispaik06/robot_ws/install/ydlidar/share/ydlidar/local_setup.sh
[0.900s] -- Up-to-date symlink: /home/ispaik06/robot_ws/install/ydlidar/share/ydlidar/local_setup.zsh
[0.901s] -- Up-to-date symlink: /home/ispaik06/robot_ws/install/ydlidar/share/ydlidar/local_setup.dsv
[0.901s] -- Symlinking: /home/ispaik06/robot_ws/install/ydlidar/share/ydlidar/package.dsv
[0.902s] -- Up-to-date symlink: /home/ispaik06/robot_ws/install/ydlidar/share/ament_index/resource_index/packages/ydlidar
[0.902s] -- Up-to-date symlink: /home/ispaik06/robot_ws/install/ydlidar/share/ydlidar/cmake/ydlidarConfig.cmake
[0.902s] -- Up-to-date symlink: /home/ispaik06/robot_ws/install/ydlidar/share/ydlidar/cmake/ydlidarConfig-version.cmake
[0.903s] -- Up-to-date symlink: /home/ispaik06/robot_ws/install/ydlidar/share/ydlidar/package.xml
[1.255s] Invoked command in '/home/ispaik06/robot_ws/build/ydlidar' returned '0': CMAKE_PREFIX_PATH=${CMAKE_PREFIX_PATH}:/home/ispaik06/robot_ws/install/serial_motor_demo:/home/ispaik06/robot_ws/install/joy_tester:/opt/ros/foxy /usr/bin/cmake --install /home/ispaik06/robot_ws/build/ydlidar
