[3.357s] DEBUG:colcon:Command line arguments: ['/usr/bin/colcon', 'build']
[3.357s] DEBUG:colcon:Parsed command line arguments: Namespace(allow_overriding=[], ament_cmake_args=None, base_paths=['.'], build_base='build', catkin_cmake_args=None, catkin_skip_building_tests=False, cmake_args=None, cmake_clean_cache=False, cmake_clean_first=False, cmake_force_configure=False, cmake_target=None, cmake_target_skip_unavailable=False, continue_on_error=False, event_handlers=None, executor='parallel', ignore_user_meta=False, install_base='install', log_base=None, log_level=None, main=<bound method BuildVerb.main of <colcon_core.verb.build.BuildVerb object at 0x7f75be9a29a0>>, merge_install=False, metas=['./colcon.meta'], packages_above=None, packages_above_and_dependencies=None, packages_above_depth=None, packages_end=None, packages_ignore=None, packages_ignore_regex=None, packages_select=None, packages_select_build_failed=False, packages_select_by_dep=None, packages_select_regex=None, packages_select_test_failures=False, packages_skip=None, packages_skip_build_finished=False, packages_skip_by_dep=None, packages_skip_regex=None, packages_skip_test_passed=False, packages_skip_up_to=None, packages_start=None, packages_up_to=None, packages_up_to_regex=None, parallel_workers=12, paths=None, symlink_install=False, test_result_base=None, verb_extension=<colcon_core.verb.build.BuildVerb object at 0x7f75be9a29a0>, verb_name='build', verb_parser=<colcon_defaults.argument_parser.defaults.DefaultArgumentsDecorator object at 0x7f75be98f880>)
[3.482s] Level 1:colcon.colcon_core.package_discovery:discover_packages(colcon_meta) check parameters
[3.482s] Level 1:colcon.colcon_core.package_discovery:discover_packages(recursive) check parameters
[3.482s] Level 1:colcon.colcon_core.package_discovery:discover_packages(ignore) check parameters
[3.482s] Level 1:colcon.colcon_core.package_discovery:discover_packages(path) check parameters
[3.482s] Level 1:colcon.colcon_core.package_discovery:discover_packages(colcon_meta) discover
[3.482s] Level 1:colcon.colcon_core.package_discovery:discover_packages(recursive) discover
[3.483s] INFO:colcon.colcon_core.package_discovery:Crawling recursively for packages in '/home/ispaik06/robot_ws'
[3.483s] Level 1:colcon.colcon_core.package_identification:_identify(.) by extensions ['ignore', 'ignore_ament_install']
[3.483s] Level 1:colcon.colcon_core.package_identification:_identify(.) by extension 'ignore'
[3.483s] Level 1:colcon.colcon_core.package_identification:_identify(.) by extension 'ignore_ament_install'
[3.483s] Level 1:colcon.colcon_core.package_identification:_identify(.) by extensions ['colcon_pkg']
[3.483s] Level 1:colcon.colcon_core.package_identification:_identify(.) by extension 'colcon_pkg'
[3.483s] Level 1:colcon.colcon_core.package_identification:_identify(.) by extensions ['colcon_meta']
[3.483s] Level 1:colcon.colcon_core.package_identification:_identify(.) by extension 'colcon_meta'
[3.483s] Level 1:colcon.colcon_core.package_identification:_identify(.) by extensions ['ros']
[3.483s] Level 1:colcon.colcon_core.package_identification:_identify(.) by extension 'ros'
[3.500s] Level 1:colcon.colcon_core.package_identification:_identify(.) by extensions ['cmake', 'python']
[3.500s] Level 1:colcon.colcon_core.package_identification:_identify(.) by extension 'cmake'
[3.500s] Level 1:colcon.colcon_core.package_identification:_identify(.) by extension 'python'
[3.500s] Level 1:colcon.colcon_core.package_identification:_identify(.) by extensions ['python_setup_py']
[3.500s] Level 1:colcon.colcon_core.package_identification:_identify(.) by extension 'python_setup_py'
[3.500s] Level 1:colcon.colcon_core.package_identification:_identify(build) by extensions ['ignore', 'ignore_ament_install']
[3.500s] Level 1:colcon.colcon_core.package_identification:_identify(build) by extension 'ignore'
[3.500s] Level 1:colcon.colcon_core.package_identification:_identify(build) ignored
[3.500s] Level 1:colcon.colcon_core.package_identification:_identify(install) by extensions ['ignore', 'ignore_ament_install']
[3.500s] Level 1:colcon.colcon_core.package_identification:_identify(install) by extension 'ignore'
[3.500s] Level 1:colcon.colcon_core.package_identification:_identify(install) ignored
[3.501s] Level 1:colcon.colcon_core.package_identification:_identify(log) by extensions ['ignore', 'ignore_ament_install']
[3.501s] Level 1:colcon.colcon_core.package_identification:_identify(log) by extension 'ignore'
[3.501s] Level 1:colcon.colcon_core.package_identification:_identify(log) ignored
[3.501s] Level 1:colcon.colcon_core.package_identification:_identify(src) by extensions ['ignore', 'ignore_ament_install']
[3.501s] Level 1:colcon.colcon_core.package_identification:_identify(src) by extension 'ignore'
[3.501s] Level 1:colcon.colcon_core.package_identification:_identify(src) by extension 'ignore_ament_install'
[3.501s] Level 1:colcon.colcon_core.package_identification:_identify(src) by extensions ['colcon_pkg']
[3.501s] Level 1:colcon.colcon_core.package_identification:_identify(src) by extension 'colcon_pkg'
[3.501s] Level 1:colcon.colcon_core.package_identification:_identify(src) by extensions ['colcon_meta']
[3.501s] Level 1:colcon.colcon_core.package_identification:_identify(src) by extension 'colcon_meta'
[3.501s] Level 1:colcon.colcon_core.package_identification:_identify(src) by extensions ['ros']
[3.501s] Level 1:colcon.colcon_core.package_identification:_identify(src) by extension 'ros'
[3.501s] Level 1:colcon.colcon_core.package_identification:_identify(src) by extensions ['cmake', 'python']
[3.501s] Level 1:colcon.colcon_core.package_identification:_identify(src) by extension 'cmake'
[3.501s] Level 1:colcon.colcon_core.package_identification:_identify(src) by extension 'python'
[3.501s] Level 1:colcon.colcon_core.package_identification:_identify(src) by extensions ['python_setup_py']
[3.501s] Level 1:colcon.colcon_core.package_identification:_identify(src) by extension 'python_setup_py'
[3.502s] Level 1:colcon.colcon_core.package_identification:_identify(src/YDLidar-SDK) by extensions ['ignore', 'ignore_ament_install']
[3.502s] Level 1:colcon.colcon_core.package_identification:_identify(src/YDLidar-SDK) by extension 'ignore'
[3.502s] Level 1:colcon.colcon_core.package_identification:_identify(src/YDLidar-SDK) by extension 'ignore_ament_install'
[3.502s] Level 1:colcon.colcon_core.package_identification:_identify(src/YDLidar-SDK) by extensions ['colcon_pkg']
[3.502s] Level 1:colcon.colcon_core.package_identification:_identify(src/YDLidar-SDK) by extension 'colcon_pkg'
[3.502s] Level 1:colcon.colcon_core.package_identification:_identify(src/YDLidar-SDK) by extensions ['colcon_meta']
[3.502s] Level 1:colcon.colcon_core.package_identification:_identify(src/YDLidar-SDK) by extension 'colcon_meta'
[3.502s] Level 1:colcon.colcon_core.package_identification:_identify(src/YDLidar-SDK) by extensions ['ros']
[3.502s] Level 1:colcon.colcon_core.package_identification:_identify(src/YDLidar-SDK) by extension 'ros'
[3.502s] Level 1:colcon.colcon_core.package_identification:_identify(src/YDLidar-SDK) by extensions ['cmake', 'python']
[3.502s] Level 1:colcon.colcon_core.package_identification:_identify(src/YDLidar-SDK) by extension 'cmake'
[3.523s] Level 1:colcon.colcon_core.package_identification:_identify(src/YDLidar-SDK) by extension 'python'
[3.523s] DEBUG:colcon.colcon_core.package_identification:Package 'src/YDLidar-SDK' with type 'cmake' and name 'ydlidar_sdk'
[3.523s] Level 1:colcon.colcon_core.package_identification:_identify(src/articubot_one) by extensions ['ignore', 'ignore_ament_install']
[3.524s] Level 1:colcon.colcon_core.package_identification:_identify(src/articubot_one) by extension 'ignore'
[3.524s] Level 1:colcon.colcon_core.package_identification:_identify(src/articubot_one) by extension 'ignore_ament_install'
[3.524s] Level 1:colcon.colcon_core.package_identification:_identify(src/articubot_one) by extensions ['colcon_pkg']
[3.524s] Level 1:colcon.colcon_core.package_identification:_identify(src/articubot_one) by extension 'colcon_pkg'
[3.524s] Level 1:colcon.colcon_core.package_identification:_identify(src/articubot_one) by extensions ['colcon_meta']
[3.524s] Level 1:colcon.colcon_core.package_identification:_identify(src/articubot_one) by extension 'colcon_meta'
[3.524s] Level 1:colcon.colcon_core.package_identification:_identify(src/articubot_one) by extensions ['ros']
[3.524s] Level 1:colcon.colcon_core.package_identification:_identify(src/articubot_one) by extension 'ros'
[3.527s] DEBUG:colcon.colcon_core.package_identification:Package 'src/articubot_one' with type 'ros.ament_cmake' and name 'articubot_one'
[3.527s] Level 1:colcon.colcon_core.package_identification:_identify(src/joy_tester) by extensions ['ignore', 'ignore_ament_install']
[3.528s] Level 1:colcon.colcon_core.package_identification:_identify(src/joy_tester) by extension 'ignore'
[3.528s] Level 1:colcon.colcon_core.package_identification:_identify(src/joy_tester) by extension 'ignore_ament_install'
[3.528s] Level 1:colcon.colcon_core.package_identification:_identify(src/joy_tester) by extensions ['colcon_pkg']
[3.528s] Level 1:colcon.colcon_core.package_identification:_identify(src/joy_tester) by extension 'colcon_pkg'
[3.528s] Level 1:colcon.colcon_core.package_identification:_identify(src/joy_tester) by extensions ['colcon_meta']
[3.528s] Level 1:colcon.colcon_core.package_identification:_identify(src/joy_tester) by extension 'colcon_meta'
[3.528s] Level 1:colcon.colcon_core.package_identification:_identify(src/joy_tester) by extensions ['ros']
[3.528s] Level 1:colcon.colcon_core.package_identification:_identify(src/joy_tester) by extension 'ros'
[3.529s] DEBUG:colcon.colcon_core.package_identification:Package 'src/joy_tester' with type 'ros.ament_python' and name 'joy_tester'
[3.529s] Level 1:colcon.colcon_core.package_identification:_identify(src/sasa_bot) by extensions ['ignore', 'ignore_ament_install']
[3.529s] Level 1:colcon.colcon_core.package_identification:_identify(src/sasa_bot) by extension 'ignore'
[3.529s] Level 1:colcon.colcon_core.package_identification:_identify(src/sasa_bot) by extension 'ignore_ament_install'
[3.529s] Level 1:colcon.colcon_core.package_identification:_identify(src/sasa_bot) by extensions ['colcon_pkg']
[3.529s] Level 1:colcon.colcon_core.package_identification:_identify(src/sasa_bot) by extension 'colcon_pkg'
[3.529s] Level 1:colcon.colcon_core.package_identification:_identify(src/sasa_bot) by extensions ['colcon_meta']
[3.529s] Level 1:colcon.colcon_core.package_identification:_identify(src/sasa_bot) by extension 'colcon_meta'
[3.529s] Level 1:colcon.colcon_core.package_identification:_identify(src/sasa_bot) by extensions ['ros']
[3.529s] Level 1:colcon.colcon_core.package_identification:_identify(src/sasa_bot) by extension 'ros'
[3.530s] DEBUG:colcon.colcon_core.package_identification:Package 'src/sasa_bot' with type 'ros.ament_cmake' and name 'sasa_bot'
[3.530s] Level 1:colcon.colcon_core.package_identification:_identify(src/urdf_example) by extensions ['ignore', 'ignore_ament_install']
[3.530s] Level 1:colcon.colcon_core.package_identification:_identify(src/urdf_example) by extension 'ignore'
[3.530s] Level 1:colcon.colcon_core.package_identification:_identify(src/urdf_example) by extension 'ignore_ament_install'
[3.530s] Level 1:colcon.colcon_core.package_identification:_identify(src/urdf_example) by extensions ['colcon_pkg']
[3.530s] Level 1:colcon.colcon_core.package_identification:_identify(src/urdf_example) by extension 'colcon_pkg'
[3.530s] Level 1:colcon.colcon_core.package_identification:_identify(src/urdf_example) by extensions ['colcon_meta']
[3.530s] Level 1:colcon.colcon_core.package_identification:_identify(src/urdf_example) by extension 'colcon_meta'
[3.530s] Level 1:colcon.colcon_core.package_identification:_identify(src/urdf_example) by extensions ['ros']
[3.530s] Level 1:colcon.colcon_core.package_identification:_identify(src/urdf_example) by extension 'ros'
[3.531s] DEBUG:colcon.colcon_core.package_identification:Package 'src/urdf_example' with type 'ros.ament_cmake' and name 'urdf_example'
[3.531s] Level 1:colcon.colcon_core.package_identification:_identify(src/ydlidar_ros2) by extensions ['ignore', 'ignore_ament_install']
[3.531s] Level 1:colcon.colcon_core.package_identification:_identify(src/ydlidar_ros2) by extension 'ignore'
[3.531s] Level 1:colcon.colcon_core.package_identification:_identify(src/ydlidar_ros2) by extension 'ignore_ament_install'
[3.531s] Level 1:colcon.colcon_core.package_identification:_identify(src/ydlidar_ros2) by extensions ['colcon_pkg']
[3.531s] Level 1:colcon.colcon_core.package_identification:_identify(src/ydlidar_ros2) by extension 'colcon_pkg'
[3.531s] Level 1:colcon.colcon_core.package_identification:_identify(src/ydlidar_ros2) by extensions ['colcon_meta']
[3.531s] Level 1:colcon.colcon_core.package_identification:_identify(src/ydlidar_ros2) by extension 'colcon_meta'
[3.531s] Level 1:colcon.colcon_core.package_identification:_identify(src/ydlidar_ros2) by extensions ['ros']
[3.531s] Level 1:colcon.colcon_core.package_identification:_identify(src/ydlidar_ros2) by extension 'ros'
[3.532s] DEBUG:colcon.colcon_core.package_identification:Package 'src/ydlidar_ros2' with type 'ros.ament_cmake' and name 'ydlidar'
[3.532s] Level 1:colcon.colcon_core.package_discovery:discover_packages(recursive) using defaults
[3.532s] Level 1:colcon.colcon_core.package_discovery:discover_packages(ignore) discover
[3.532s] Level 1:colcon.colcon_core.package_discovery:discover_packages(ignore) using defaults
[3.532s] Level 1:colcon.colcon_core.package_discovery:discover_packages(path) discover
[3.532s] Level 1:colcon.colcon_core.package_discovery:discover_packages(path) using defaults
[3.749s] Level 1:colcon.colcon_core.package_discovery:discover_packages(prefix_path) check parameters
[3.749s] Level 1:colcon.colcon_core.package_discovery:discover_packages(prefix_path) discover
[3.823s] DEBUG:colcon.colcon_installed_package_information.package_discovery:Found 6 installed packages in /home/ispaik06/robot_ws/install
[3.861s] DEBUG:colcon.colcon_installed_package_information.package_discovery:Found 287 installed packages in /opt/ros/foxy
[3.862s] Level 1:colcon.colcon_core.package_discovery:discover_packages(prefix_path) using defaults
[4.013s] Level 5:colcon.colcon_core.verb:set package 'articubot_one' build argument 'cmake_args' from command line to 'None'
[4.013s] Level 5:colcon.colcon_core.verb:set package 'articubot_one' build argument 'cmake_target' from command line to 'None'
[4.013s] Level 5:colcon.colcon_core.verb:set package 'articubot_one' build argument 'cmake_target_skip_unavailable' from command line to 'False'
[4.013s] Level 5:colcon.colcon_core.verb:set package 'articubot_one' build argument 'cmake_clean_cache' from command line to 'False'
[4.013s] Level 5:colcon.colcon_core.verb:set package 'articubot_one' build argument 'cmake_clean_first' from command line to 'False'
[4.013s] Level 5:colcon.colcon_core.verb:set package 'articubot_one' build argument 'cmake_force_configure' from command line to 'False'
[4.013s] Level 5:colcon.colcon_core.verb:set package 'articubot_one' build argument 'ament_cmake_args' from command line to 'None'
[4.013s] Level 5:colcon.colcon_core.verb:set package 'articubot_one' build argument 'catkin_cmake_args' from command line to 'None'
[4.013s] Level 5:colcon.colcon_core.verb:set package 'articubot_one' build argument 'catkin_skip_building_tests' from command line to 'False'
[4.013s] DEBUG:colcon.colcon_core.verb:Building package 'articubot_one' with the following arguments: {'ament_cmake_args': None, 'build_base': '/home/ispaik06/robot_ws/build/articubot_one', 'catkin_cmake_args': None, 'catkin_skip_building_tests': False, 'cmake_args': None, 'cmake_clean_cache': False, 'cmake_clean_first': False, 'cmake_force_configure': False, 'cmake_target': None, 'cmake_target_skip_unavailable': False, 'install_base': '/home/ispaik06/robot_ws/install/articubot_one', 'merge_install': False, 'path': '/home/ispaik06/robot_ws/src/articubot_one', 'symlink_install': False, 'test_result_base': None}
[4.050s] Level 5:colcon.colcon_core.verb:set package 'joy_tester' build argument 'cmake_args' from command line to 'None'
[4.050s] Level 5:colcon.colcon_core.verb:set package 'joy_tester' build argument 'cmake_target' from command line to 'None'
[4.050s] Level 5:colcon.colcon_core.verb:set package 'joy_tester' build argument 'cmake_target_skip_unavailable' from command line to 'False'
[4.050s] Level 5:colcon.colcon_core.verb:set package 'joy_tester' build argument 'cmake_clean_cache' from command line to 'False'
[4.050s] Level 5:colcon.colcon_core.verb:set package 'joy_tester' build argument 'cmake_clean_first' from command line to 'False'
[4.050s] Level 5:colcon.colcon_core.verb:set package 'joy_tester' build argument 'cmake_force_configure' from command line to 'False'
[4.050s] Level 5:colcon.colcon_core.verb:set package 'joy_tester' build argument 'ament_cmake_args' from command line to 'None'
[4.050s] Level 5:colcon.colcon_core.verb:set package 'joy_tester' build argument 'catkin_cmake_args' from command line to 'None'
[4.050s] Level 5:colcon.colcon_core.verb:set package 'joy_tester' build argument 'catkin_skip_building_tests' from command line to 'False'
[4.050s] DEBUG:colcon.colcon_core.verb:Building package 'joy_tester' with the following arguments: {'ament_cmake_args': None, 'build_base': '/home/ispaik06/robot_ws/build/joy_tester', 'catkin_cmake_args': None, 'catkin_skip_building_tests': False, 'cmake_args': None, 'cmake_clean_cache': False, 'cmake_clean_first': False, 'cmake_force_configure': False, 'cmake_target': None, 'cmake_target_skip_unavailable': False, 'install_base': '/home/ispaik06/robot_ws/install/joy_tester', 'merge_install': False, 'path': '/home/ispaik06/robot_ws/src/joy_tester', 'symlink_install': False, 'test_result_base': None}
[4.087s] Level 5:colcon.colcon_core.verb:set package 'sasa_bot' build argument 'cmake_args' from command line to 'None'
[4.087s] Level 5:colcon.colcon_core.verb:set package 'sasa_bot' build argument 'cmake_target' from command line to 'None'
[4.087s] Level 5:colcon.colcon_core.verb:set package 'sasa_bot' build argument 'cmake_target_skip_unavailable' from command line to 'False'
[4.087s] Level 5:colcon.colcon_core.verb:set package 'sasa_bot' build argument 'cmake_clean_cache' from command line to 'False'
[4.087s] Level 5:colcon.colcon_core.verb:set package 'sasa_bot' build argument 'cmake_clean_first' from command line to 'False'
[4.088s] Level 5:colcon.colcon_core.verb:set package 'sasa_bot' build argument 'cmake_force_configure' from command line to 'False'
[4.088s] Level 5:colcon.colcon_core.verb:set package 'sasa_bot' build argument 'ament_cmake_args' from command line to 'None'
[4.088s] Level 5:colcon.colcon_core.verb:set package 'sasa_bot' build argument 'catkin_cmake_args' from command line to 'None'
[4.088s] Level 5:colcon.colcon_core.verb:set package 'sasa_bot' build argument 'catkin_skip_building_tests' from command line to 'False'
[4.088s] DEBUG:colcon.colcon_core.verb:Building package 'sasa_bot' with the following arguments: {'ament_cmake_args': None, 'build_base': '/home/ispaik06/robot_ws/build/sasa_bot', 'catkin_cmake_args': None, 'catkin_skip_building_tests': False, 'cmake_args': None, 'cmake_clean_cache': False, 'cmake_clean_first': False, 'cmake_force_configure': False, 'cmake_target': None, 'cmake_target_skip_unavailable': False, 'install_base': '/home/ispaik06/robot_ws/install/sasa_bot', 'merge_install': False, 'path': '/home/ispaik06/robot_ws/src/sasa_bot', 'symlink_install': False, 'test_result_base': None}
[4.124s] Level 5:colcon.colcon_core.verb:set package 'urdf_example' build argument 'cmake_args' from command line to 'None'
[4.124s] Level 5:colcon.colcon_core.verb:set package 'urdf_example' build argument 'cmake_target' from command line to 'None'
[4.124s] Level 5:colcon.colcon_core.verb:set package 'urdf_example' build argument 'cmake_target_skip_unavailable' from command line to 'False'
[4.124s] Level 5:colcon.colcon_core.verb:set package 'urdf_example' build argument 'cmake_clean_cache' from command line to 'False'
[4.124s] Level 5:colcon.colcon_core.verb:set package 'urdf_example' build argument 'cmake_clean_first' from command line to 'False'
[4.124s] Level 5:colcon.colcon_core.verb:set package 'urdf_example' build argument 'cmake_force_configure' from command line to 'False'
[4.124s] Level 5:colcon.colcon_core.verb:set package 'urdf_example' build argument 'ament_cmake_args' from command line to 'None'
[4.124s] Level 5:colcon.colcon_core.verb:set package 'urdf_example' build argument 'catkin_cmake_args' from command line to 'None'
[4.124s] Level 5:colcon.colcon_core.verb:set package 'urdf_example' build argument 'catkin_skip_building_tests' from command line to 'False'
[4.124s] DEBUG:colcon.colcon_core.verb:Building package 'urdf_example' with the following arguments: {'ament_cmake_args': None, 'build_base': '/home/ispaik06/robot_ws/build/urdf_example', 'catkin_cmake_args': None, 'catkin_skip_building_tests': False, 'cmake_args': None, 'cmake_clean_cache': False, 'cmake_clean_first': False, 'cmake_force_configure': False, 'cmake_target': None, 'cmake_target_skip_unavailable': False, 'install_base': '/home/ispaik06/robot_ws/install/urdf_example', 'merge_install': False, 'path': '/home/ispaik06/robot_ws/src/urdf_example', 'symlink_install': False, 'test_result_base': None}
[4.162s] Level 5:colcon.colcon_core.verb:set package 'ydlidar' build argument 'cmake_args' from command line to 'None'
[4.162s] Level 5:colcon.colcon_core.verb:set package 'ydlidar' build argument 'cmake_target' from command line to 'None'
[4.162s] Level 5:colcon.colcon_core.verb:set package 'ydlidar' build argument 'cmake_target_skip_unavailable' from command line to 'False'
[4.162s] Level 5:colcon.colcon_core.verb:set package 'ydlidar' build argument 'cmake_clean_cache' from command line to 'False'
[4.162s] Level 5:colcon.colcon_core.verb:set package 'ydlidar' build argument 'cmake_clean_first' from command line to 'False'
[4.162s] Level 5:colcon.colcon_core.verb:set package 'ydlidar' build argument 'cmake_force_configure' from command line to 'False'
[4.162s] Level 5:colcon.colcon_core.verb:set package 'ydlidar' build argument 'ament_cmake_args' from command line to 'None'
[4.162s] Level 5:colcon.colcon_core.verb:set package 'ydlidar' build argument 'catkin_cmake_args' from command line to 'None'
[4.162s] Level 5:colcon.colcon_core.verb:set package 'ydlidar' build argument 'catkin_skip_building_tests' from command line to 'False'
[4.162s] DEBUG:colcon.colcon_core.verb:Building package 'ydlidar' with the following arguments: {'ament_cmake_args': None, 'build_base': '/home/ispaik06/robot_ws/build/ydlidar', 'catkin_cmake_args': None, 'catkin_skip_building_tests': False, 'cmake_args': None, 'cmake_clean_cache': False, 'cmake_clean_first': False, 'cmake_force_configure': False, 'cmake_target': None, 'cmake_target_skip_unavailable': False, 'install_base': '/home/ispaik06/robot_ws/install/ydlidar', 'merge_install': False, 'path': '/home/ispaik06/robot_ws/src/ydlidar_ros2', 'symlink_install': False, 'test_result_base': None}
[4.198s] Level 5:colcon.colcon_core.verb:set package 'ydlidar_sdk' build argument 'cmake_args' from command line to 'None'
[4.198s] Level 5:colcon.colcon_core.verb:set package 'ydlidar_sdk' build argument 'cmake_target' from command line to 'None'
[4.198s] Level 5:colcon.colcon_core.verb:set package 'ydlidar_sdk' build argument 'cmake_target_skip_unavailable' from command line to 'False'
[4.198s] Level 5:colcon.colcon_core.verb:set package 'ydlidar_sdk' build argument 'cmake_clean_cache' from command line to 'False'
[4.198s] Level 5:colcon.colcon_core.verb:set package 'ydlidar_sdk' build argument 'cmake_clean_first' from command line to 'False'
[4.198s] Level 5:colcon.colcon_core.verb:set package 'ydlidar_sdk' build argument 'cmake_force_configure' from command line to 'False'
[4.198s] Level 5:colcon.colcon_core.verb:set package 'ydlidar_sdk' build argument 'ament_cmake_args' from command line to 'None'
[4.198s] Level 5:colcon.colcon_core.verb:set package 'ydlidar_sdk' build argument 'catkin_cmake_args' from command line to 'None'
[4.198s] Level 5:colcon.colcon_core.verb:set package 'ydlidar_sdk' build argument 'catkin_skip_building_tests' from command line to 'False'
[4.198s] DEBUG:colcon.colcon_core.verb:Building package 'ydlidar_sdk' with the following arguments: {'ament_cmake_args': None, 'build_base': '/home/ispaik06/robot_ws/build/ydlidar_sdk', 'catkin_cmake_args': None, 'catkin_skip_building_tests': False, 'cmake_args': None, 'cmake_clean_cache': False, 'cmake_clean_first': False, 'cmake_force_configure': False, 'cmake_target': None, 'cmake_target_skip_unavailable': False, 'install_base': '/home/ispaik06/robot_ws/install/ydlidar_sdk', 'merge_install': False, 'path': '/home/ispaik06/robot_ws/src/YDLidar-SDK', 'symlink_install': False, 'test_result_base': None}
[4.234s] INFO:colcon.colcon_core.executor:Executing jobs using 'parallel' executor
[4.281s] DEBUG:colcon.colcon_parallel_executor.executor.parallel:run_until_complete
[4.282s] INFO:colcon.colcon_ros.task.ament_cmake.build:Building ROS package in '/home/ispaik06/robot_ws/src/articubot_one' with build type 'ament_cmake'
[4.282s] INFO:colcon.colcon_cmake.task.cmake.build:Building CMake package in '/home/ispaik06/robot_ws/src/articubot_one'
[4.321s] INFO:colcon.colcon_core.plugin_system:Skipping extension 'colcon_core.shell.bat': Not used on non-Windows systems
[4.321s] INFO:colcon.colcon_core.shell:Skip shell extension 'powershell' for command environment: Not usable outside of PowerShell
[4.321s] DEBUG:colcon.colcon_core.shell:Skip shell extension 'dsv' for command environment
[4.440s] INFO:colcon.colcon_ros.task.ament_python.build:Building ROS package in '/home/ispaik06/robot_ws/src/joy_tester' with build type 'ament_python'
[4.440s] Level 1:colcon.colcon_core.shell:create_environment_hook('joy_tester', 'ament_prefix_path')
[4.479s] INFO:colcon.colcon_core.shell:Creating environment hook '/home/ispaik06/robot_ws/install/joy_tester/share/joy_tester/hook/ament_prefix_path.ps1'
[4.480s] INFO:colcon.colcon_core.shell:Creating environment descriptor '/home/ispaik06/robot_ws/install/joy_tester/share/joy_tester/hook/ament_prefix_path.dsv'
[4.480s] INFO:colcon.colcon_core.shell:Creating environment hook '/home/ispaik06/robot_ws/install/joy_tester/share/joy_tester/hook/ament_prefix_path.sh'
[4.520s] INFO:colcon.colcon_core.shell:Skip shell extension 'powershell' for command environment: Not usable outside of PowerShell
[4.520s] DEBUG:colcon.colcon_core.shell:Skip shell extension 'dsv' for command environment
[4.634s] INFO:colcon.colcon_ros.task.ament_cmake.build:Building ROS package in '/home/ispaik06/robot_ws/src/sasa_bot' with build type 'ament_cmake'
[4.635s] INFO:colcon.colcon_cmake.task.cmake.build:Building CMake package in '/home/ispaik06/robot_ws/src/sasa_bot'
[4.673s] INFO:colcon.colcon_core.shell:Skip shell extension 'powershell' for command environment: Not usable outside of PowerShell
[4.673s] DEBUG:colcon.colcon_core.shell:Skip shell extension 'dsv' for command environment
[4.790s] INFO:colcon.colcon_ros.task.ament_cmake.build:Building ROS package in '/home/ispaik06/robot_ws/src/urdf_example' with build type 'ament_cmake'
[4.790s] INFO:colcon.colcon_cmake.task.cmake.build:Building CMake package in '/home/ispaik06/robot_ws/src/urdf_example'
[4.828s] INFO:colcon.colcon_core.shell:Skip shell extension 'powershell' for command environment: Not usable outside of PowerShell
[4.828s] DEBUG:colcon.colcon_core.shell:Skip shell extension 'dsv' for command environment
[4.946s] INFO:colcon.colcon_ros.task.ament_cmake.build:Building ROS package in '/home/ispaik06/robot_ws/src/ydlidar_ros2' with build type 'ament_cmake'
[4.947s] INFO:colcon.colcon_cmake.task.cmake.build:Building CMake package in '/home/ispaik06/robot_ws/src/ydlidar_ros2'
[4.985s] INFO:colcon.colcon_core.shell:Skip shell extension 'powershell' for command environment: Not usable outside of PowerShell
[4.985s] DEBUG:colcon.colcon_core.shell:Skip shell extension 'dsv' for command environment
[5.106s] INFO:colcon.colcon_cmake.task.cmake.build:Building CMake package in '/home/ispaik06/robot_ws/src/YDLidar-SDK'
[5.146s] INFO:colcon.colcon_core.shell:Skip shell extension 'powershell' for command environment: Not usable outside of PowerShell
[5.146s] DEBUG:colcon.colcon_core.shell:Skip shell extension 'dsv' for command environment
[5.274s] DEBUG:colcon.colcon_core.event_handler.log_command:Invoking command in '/home/ispaik06/robot_ws/build/articubot_one': CMAKE_PREFIX_PATH=${CMAKE_PREFIX_PATH}:/home/ispaik06/robot_ws/install/joy_tester:/opt/ros/foxy /usr/bin/cmake --build /home/ispaik06/robot_ws/build/articubot_one -- -j12 -l12
[5.505s] INFO:colcon.colcon_core.task.python.build:Building Python package in '/home/ispaik06/robot_ws/src/joy_tester'
[5.544s] INFO:colcon.colcon_core.shell:Skip shell extension 'powershell' for command environment: Not usable outside of PowerShell
[5.544s] DEBUG:colcon.colcon_core.shell:Skip shell extension 'dsv' for command environment
[5.679s] DEBUG:colcon.colcon_core.event_handler.log_command:Invoking command in '/home/ispaik06/robot_ws/build/sasa_bot': CMAKE_PREFIX_PATH=${CMAKE_PREFIX_PATH}:/home/ispaik06/robot_ws/install/joy_tester:/opt/ros/foxy /usr/bin/cmake --build /home/ispaik06/robot_ws/build/sasa_bot -- -j12 -l12
[5.682s] DEBUG:colcon.colcon_core.event_handler.log_command:Invoking command in '/home/ispaik06/robot_ws/build/urdf_example': CMAKE_PREFIX_PATH=${CMAKE_PREFIX_PATH}:/home/ispaik06/robot_ws/install/joy_tester:/opt/ros/foxy /usr/bin/cmake --build /home/ispaik06/robot_ws/build/urdf_example -- -j12 -l12
[5.695s] DEBUG:colcon.colcon_core.event_handler.log_command:Invoking command in '/home/ispaik06/robot_ws/build/ydlidar': CMAKE_PREFIX_PATH=${CMAKE_PREFIX_PATH}:/home/ispaik06/robot_ws/install/joy_tester:/opt/ros/foxy /usr/bin/cmake --build /home/ispaik06/robot_ws/build/ydlidar -- -j12 -l12
[5.715s] DEBUG:colcon.colcon_core.event_handler.log_command:Invoking command in '/home/ispaik06/robot_ws/build/ydlidar_sdk': /usr/bin/cmake --build /home/ispaik06/robot_ws/build/ydlidar_sdk -- -j12 -l12
[5.730s] DEBUG:colcon.colcon_core.event_handler.log_command:Invoked command in '/home/ispaik06/robot_ws/build/articubot_one' returned '0': CMAKE_PREFIX_PATH=${CMAKE_PREFIX_PATH}:/home/ispaik06/robot_ws/install/joy_tester:/opt/ros/foxy /usr/bin/cmake --build /home/ispaik06/robot_ws/build/articubot_one -- -j12 -l12
[5.746s] DEBUG:colcon.colcon_core.event_handler.log_command:Invoked command in '/home/ispaik06/robot_ws/build/sasa_bot' returned '0': CMAKE_PREFIX_PATH=${CMAKE_PREFIX_PATH}:/home/ispaik06/robot_ws/install/joy_tester:/opt/ros/foxy /usr/bin/cmake --build /home/ispaik06/robot_ws/build/sasa_bot -- -j12 -l12
[5.777s] DEBUG:colcon.colcon_core.event_handler.log_command:Invoking command in '/home/ispaik06/robot_ws/build/articubot_one': CMAKE_PREFIX_PATH=${CMAKE_PREFIX_PATH}:/home/ispaik06/robot_ws/install/joy_tester:/opt/ros/foxy /usr/bin/cmake --install /home/ispaik06/robot_ws/build/articubot_one
[5.787s] DEBUG:colcon.colcon_core.event_handler.log_command:Invoked command in '/home/ispaik06/robot_ws/build/urdf_example' returned '0': CMAKE_PREFIX_PATH=${CMAKE_PREFIX_PATH}:/home/ispaik06/robot_ws/install/joy_tester:/opt/ros/foxy /usr/bin/cmake --build /home/ispaik06/robot_ws/build/urdf_example -- -j12 -l12
[5.817s] Level 1:colcon.colcon_core.environment:create_environment_scripts_only(articubot_one)
[5.825s] DEBUG:colcon.colcon_core.event_handler.log_command:Invoking command in '/home/ispaik06/robot_ws/build/sasa_bot': CMAKE_PREFIX_PATH=${CMAKE_PREFIX_PATH}:/home/ispaik06/robot_ws/install/joy_tester:/opt/ros/foxy /usr/bin/cmake --install /home/ispaik06/robot_ws/build/sasa_bot
[5.827s] DEBUG:colcon.colcon_core.event_handler.log_command:Invoked command in '/home/ispaik06/robot_ws/build/articubot_one' returned '0': CMAKE_PREFIX_PATH=${CMAKE_PREFIX_PATH}:/home/ispaik06/robot_ws/install/joy_tester:/opt/ros/foxy /usr/bin/cmake --install /home/ispaik06/robot_ws/build/articubot_one
[5.902s] Level 1:colcon.colcon_core.environment:checking '/home/ispaik06/robot_ws/install/articubot_one' for CMake module files
[5.902s] Level 1:colcon.colcon_core.environment:checking '/home/ispaik06/robot_ws/install/articubot_one' for CMake config files
[5.902s] Level 1:colcon.colcon_core.shell:create_environment_hook('articubot_one', 'cmake_prefix_path')
[5.952s] INFO:colcon.colcon_core.shell:Creating environment hook '/home/ispaik06/robot_ws/install/articubot_one/share/articubot_one/hook/cmake_prefix_path.ps1'
[5.952s] INFO:colcon.colcon_core.shell:Creating environment descriptor '/home/ispaik06/robot_ws/install/articubot_one/share/articubot_one/hook/cmake_prefix_path.dsv'
[5.953s] INFO:colcon.colcon_core.shell:Creating environment hook '/home/ispaik06/robot_ws/install/articubot_one/share/articubot_one/hook/cmake_prefix_path.sh'
[5.954s] Level 1:colcon.colcon_core.environment:checking '/home/ispaik06/robot_ws/install/articubot_one/bin'
[5.954s] Level 1:colcon.colcon_core.environment:checking '/home/ispaik06/robot_ws/install/articubot_one/lib/pkgconfig/articubot_one.pc'
[5.954s] Level 1:colcon.colcon_core.environment:checking '/home/ispaik06/robot_ws/install/articubot_one/lib/python3.8/site-packages'
[5.954s] Level 1:colcon.colcon_core.environment:checking '/home/ispaik06/robot_ws/install/articubot_one/bin'
[5.998s] INFO:colcon.colcon_core.shell:Creating package script '/home/ispaik06/robot_ws/install/articubot_one/share/articubot_one/package.ps1'
[6.000s] INFO:colcon.colcon_core.shell:Creating package descriptor '/home/ispaik06/robot_ws/install/articubot_one/share/articubot_one/package.dsv'
[6.001s] INFO:colcon.colcon_core.shell:Creating package script '/home/ispaik06/robot_ws/install/articubot_one/share/articubot_one/package.sh'
[6.002s] INFO:colcon.colcon_core.shell:Creating package script '/home/ispaik06/robot_ws/install/articubot_one/share/articubot_one/package.bash'
[6.002s] INFO:colcon.colcon_core.shell:Creating package script '/home/ispaik06/robot_ws/install/articubot_one/share/articubot_one/package.zsh'
[6.003s] Level 1:colcon.colcon_core.environment:create_file_with_runtime_dependencies(/home/ispaik06/robot_ws/install/articubot_one/share/colcon-core/packages/articubot_one)
[6.017s] Level 1:colcon.colcon_core.environment:create_environment_scripts_only(sasa_bot)
[6.018s] DEBUG:colcon.colcon_core.event_handler.log_command:Invoking command in '/home/ispaik06/robot_ws/build/urdf_example': CMAKE_PREFIX_PATH=${CMAKE_PREFIX_PATH}:/home/ispaik06/robot_ws/install/joy_tester:/opt/ros/foxy /usr/bin/cmake --install /home/ispaik06/robot_ws/build/urdf_example
[6.020s] DEBUG:colcon.colcon_core.event_handler.log_command:Invoked command in '/home/ispaik06/robot_ws/build/sasa_bot' returned '0': CMAKE_PREFIX_PATH=${CMAKE_PREFIX_PATH}:/home/ispaik06/robot_ws/install/joy_tester:/opt/ros/foxy /usr/bin/cmake --install /home/ispaik06/robot_ws/build/sasa_bot
[6.078s] Level 1:colcon.colcon_core.environment:checking '/home/ispaik06/robot_ws/install/sasa_bot' for CMake module files
[6.078s] Level 1:colcon.colcon_core.environment:checking '/home/ispaik06/robot_ws/install/sasa_bot' for CMake config files
[6.079s] Level 1:colcon.colcon_core.shell:create_environment_hook('sasa_bot', 'cmake_prefix_path')
[6.126s] INFO:colcon.colcon_core.shell:Creating environment hook '/home/ispaik06/robot_ws/install/sasa_bot/share/sasa_bot/hook/cmake_prefix_path.ps1'
[6.126s] INFO:colcon.colcon_core.shell:Creating environment descriptor '/home/ispaik06/robot_ws/install/sasa_bot/share/sasa_bot/hook/cmake_prefix_path.dsv'
[6.126s] INFO:colcon.colcon_core.shell:Creating environment hook '/home/ispaik06/robot_ws/install/sasa_bot/share/sasa_bot/hook/cmake_prefix_path.sh'
[6.127s] Level 1:colcon.colcon_core.environment:checking '/home/ispaik06/robot_ws/install/sasa_bot/bin'
[6.127s] Level 1:colcon.colcon_core.environment:checking '/home/ispaik06/robot_ws/install/sasa_bot/lib/pkgconfig/sasa_bot.pc'
[6.127s] Level 1:colcon.colcon_core.environment:checking '/home/ispaik06/robot_ws/install/sasa_bot/lib/python3.8/site-packages'
[6.128s] Level 1:colcon.colcon_core.environment:checking '/home/ispaik06/robot_ws/install/sasa_bot/bin'
[6.165s] INFO:colcon.colcon_core.shell:Creating package script '/home/ispaik06/robot_ws/install/sasa_bot/share/sasa_bot/package.ps1'
[6.166s] INFO:colcon.colcon_core.shell:Creating package descriptor '/home/ispaik06/robot_ws/install/sasa_bot/share/sasa_bot/package.dsv'
[6.166s] INFO:colcon.colcon_core.shell:Creating package script '/home/ispaik06/robot_ws/install/sasa_bot/share/sasa_bot/package.sh'
[6.166s] INFO:colcon.colcon_core.shell:Creating package script '/home/ispaik06/robot_ws/install/sasa_bot/share/sasa_bot/package.bash'
[6.167s] INFO:colcon.colcon_core.shell:Creating package script '/home/ispaik06/robot_ws/install/sasa_bot/share/sasa_bot/package.zsh'
[6.167s] Level 1:colcon.colcon_core.environment:create_file_with_runtime_dependencies(/home/ispaik06/robot_ws/install/sasa_bot/share/colcon-core/packages/sasa_bot)
[6.175s] DEBUG:colcon.colcon_core.event_handler.log_command:Invoked command in '/home/ispaik06/robot_ws/build/ydlidar' returned '0': CMAKE_PREFIX_PATH=${CMAKE_PREFIX_PATH}:/home/ispaik06/robot_ws/install/joy_tester:/opt/ros/foxy /usr/bin/cmake --build /home/ispaik06/robot_ws/build/ydlidar -- -j12 -l12
[6.179s] Level 1:colcon.colcon_core.environment:create_environment_scripts_only(urdf_example)
[6.182s] DEBUG:colcon.colcon_core.event_handler.log_command:Invoked command in '/home/ispaik06/robot_ws/build/urdf_example' returned '0': CMAKE_PREFIX_PATH=${CMAKE_PREFIX_PATH}:/home/ispaik06/robot_ws/install/joy_tester:/opt/ros/foxy /usr/bin/cmake --install /home/ispaik06/robot_ws/build/urdf_example
[6.231s] Level 1:colcon.colcon_core.environment:checking '/home/ispaik06/robot_ws/install/urdf_example' for CMake module files
[6.232s] Level 1:colcon.colcon_core.environment:checking '/home/ispaik06/robot_ws/install/urdf_example' for CMake config files
[6.232s] Level 1:colcon.colcon_core.shell:create_environment_hook('urdf_example', 'cmake_prefix_path')
[6.270s] INFO:colcon.colcon_core.shell:Creating environment hook '/home/ispaik06/robot_ws/install/urdf_example/share/urdf_example/hook/cmake_prefix_path.ps1'
[6.270s] INFO:colcon.colcon_core.shell:Creating environment descriptor '/home/ispaik06/robot_ws/install/urdf_example/share/urdf_example/hook/cmake_prefix_path.dsv'
[6.271s] INFO:colcon.colcon_core.shell:Creating environment hook '/home/ispaik06/robot_ws/install/urdf_example/share/urdf_example/hook/cmake_prefix_path.sh'
[6.271s] Level 1:colcon.colcon_core.environment:checking '/home/ispaik06/robot_ws/install/urdf_example/bin'
[6.271s] Level 1:colcon.colcon_core.environment:checking '/home/ispaik06/robot_ws/install/urdf_example/lib/pkgconfig/urdf_example.pc'
[6.272s] Level 1:colcon.colcon_core.environment:checking '/home/ispaik06/robot_ws/install/urdf_example/lib/python3.8/site-packages'
[6.272s] Level 1:colcon.colcon_core.environment:checking '/home/ispaik06/robot_ws/install/urdf_example/bin'
[6.311s] INFO:colcon.colcon_core.shell:Creating package script '/home/ispaik06/robot_ws/install/urdf_example/share/urdf_example/package.ps1'
[6.312s] INFO:colcon.colcon_core.shell:Creating package descriptor '/home/ispaik06/robot_ws/install/urdf_example/share/urdf_example/package.dsv'
[6.312s] INFO:colcon.colcon_core.shell:Creating package script '/home/ispaik06/robot_ws/install/urdf_example/share/urdf_example/package.sh'
[6.313s] INFO:colcon.colcon_core.shell:Creating package script '/home/ispaik06/robot_ws/install/urdf_example/share/urdf_example/package.bash'
[6.313s] INFO:colcon.colcon_core.shell:Creating package script '/home/ispaik06/robot_ws/install/urdf_example/share/urdf_example/package.zsh'
[6.313s] Level 1:colcon.colcon_core.environment:create_file_with_runtime_dependencies(/home/ispaik06/robot_ws/install/urdf_example/share/colcon-core/packages/urdf_example)
[6.317s] DEBUG:colcon.colcon_core.event_handler.log_command:Invoked command in '/home/ispaik06/robot_ws/build/ydlidar_sdk' returned '0': /usr/bin/cmake --build /home/ispaik06/robot_ws/build/ydlidar_sdk -- -j12 -l12
[6.363s] Level 1:colcon.colcon_core.environment:create_environment_scripts_only(articubot_one)
[6.402s] Level 1:colcon.colcon_core.environment:checking '/home/ispaik06/robot_ws/install/articubot_one' for CMake module files
[6.402s] Level 1:colcon.colcon_core.environment:checking '/home/ispaik06/robot_ws/install/articubot_one' for CMake config files
[6.403s] Level 1:colcon.colcon_core.shell:create_environment_hook('articubot_one', 'cmake_prefix_path')
[6.443s] INFO:colcon.colcon_core.shell:Creating environment hook '/home/ispaik06/robot_ws/install/articubot_one/share/articubot_one/hook/cmake_prefix_path.ps1'
[6.444s] INFO:colcon.colcon_core.shell:Creating environment descriptor '/home/ispaik06/robot_ws/install/articubot_one/share/articubot_one/hook/cmake_prefix_path.dsv'
[6.445s] INFO:colcon.colcon_core.shell:Creating environment hook '/home/ispaik06/robot_ws/install/articubot_one/share/articubot_one/hook/cmake_prefix_path.sh'
[6.446s] Level 1:colcon.colcon_core.environment:checking '/home/ispaik06/robot_ws/install/articubot_one/bin'
[6.446s] Level 1:colcon.colcon_core.environment:checking '/home/ispaik06/robot_ws/install/articubot_one/lib/pkgconfig/articubot_one.pc'
[6.446s] Level 1:colcon.colcon_core.environment:checking '/home/ispaik06/robot_ws/install/articubot_one/lib/python3.8/site-packages'
[6.446s] Level 1:colcon.colcon_core.environment:checking '/home/ispaik06/robot_ws/install/articubot_one/bin'
[6.485s] INFO:colcon.colcon_core.shell:Creating package script '/home/ispaik06/robot_ws/install/articubot_one/share/articubot_one/package.ps1'
[6.486s] INFO:colcon.colcon_core.shell:Creating package descriptor '/home/ispaik06/robot_ws/install/articubot_one/share/articubot_one/package.dsv'
[6.486s] INFO:colcon.colcon_core.shell:Creating package script '/home/ispaik06/robot_ws/install/articubot_one/share/articubot_one/package.sh'
[6.487s] INFO:colcon.colcon_core.shell:Creating package script '/home/ispaik06/robot_ws/install/articubot_one/share/articubot_one/package.bash'
[6.487s] INFO:colcon.colcon_core.shell:Creating package script '/home/ispaik06/robot_ws/install/articubot_one/share/articubot_one/package.zsh'
[6.487s] Level 1:colcon.colcon_core.environment:create_file_with_runtime_dependencies(/home/ispaik06/robot_ws/install/articubot_one/share/colcon-core/packages/articubot_one)
[6.494s] DEBUG:colcon.colcon_core.event_handler.log_command:Invoking command in '/home/ispaik06/robot_ws/src/joy_tester': PYTHONPATH=/home/ispaik06/robot_ws/build/joy_tester/prefix_override:/home/ispaik06/robot_ws/install/joy_tester/lib/python3.8/site-packages:${PYTHONPATH} /usr/bin/python3 setup.py egg_info --egg-base ../../build/joy_tester build --build-base /home/ispaik06/robot_ws/build/joy_tester/build install --record /home/ispaik06/robot_ws/build/joy_tester/install.log --single-version-externally-managed
[6.550s] Level 1:colcon.colcon_core.environment:create_environment_scripts_only(sasa_bot)
[6.589s] Level 1:colcon.colcon_core.environment:checking '/home/ispaik06/robot_ws/install/sasa_bot' for CMake module files
[6.590s] Level 1:colcon.colcon_core.environment:checking '/home/ispaik06/robot_ws/install/sasa_bot' for CMake config files
[6.590s] Level 1:colcon.colcon_core.shell:create_environment_hook('sasa_bot', 'cmake_prefix_path')
[6.629s] INFO:colcon.colcon_core.shell:Creating environment hook '/home/ispaik06/robot_ws/install/sasa_bot/share/sasa_bot/hook/cmake_prefix_path.ps1'
[6.630s] INFO:colcon.colcon_core.shell:Creating environment descriptor '/home/ispaik06/robot_ws/install/sasa_bot/share/sasa_bot/hook/cmake_prefix_path.dsv'
[6.630s] INFO:colcon.colcon_core.shell:Creating environment hook '/home/ispaik06/robot_ws/install/sasa_bot/share/sasa_bot/hook/cmake_prefix_path.sh'
[6.631s] Level 1:colcon.colcon_core.environment:checking '/home/ispaik06/robot_ws/install/sasa_bot/bin'
[6.631s] Level 1:colcon.colcon_core.environment:checking '/home/ispaik06/robot_ws/install/sasa_bot/lib/pkgconfig/sasa_bot.pc'
[6.631s] Level 1:colcon.colcon_core.environment:checking '/home/ispaik06/robot_ws/install/sasa_bot/lib/python3.8/site-packages'
[6.632s] Level 1:colcon.colcon_core.environment:checking '/home/ispaik06/robot_ws/install/sasa_bot/bin'
[6.671s] INFO:colcon.colcon_core.shell:Creating package script '/home/ispaik06/robot_ws/install/sasa_bot/share/sasa_bot/package.ps1'
[6.672s] INFO:colcon.colcon_core.shell:Creating package descriptor '/home/ispaik06/robot_ws/install/sasa_bot/share/sasa_bot/package.dsv'
[6.672s] INFO:colcon.colcon_core.shell:Creating package script '/home/ispaik06/robot_ws/install/sasa_bot/share/sasa_bot/package.sh'
[6.672s] INFO:colcon.colcon_core.shell:Creating package script '/home/ispaik06/robot_ws/install/sasa_bot/share/sasa_bot/package.bash'
[6.673s] INFO:colcon.colcon_core.shell:Creating package script '/home/ispaik06/robot_ws/install/sasa_bot/share/sasa_bot/package.zsh'
[6.673s] Level 1:colcon.colcon_core.environment:create_file_with_runtime_dependencies(/home/ispaik06/robot_ws/install/sasa_bot/share/colcon-core/packages/sasa_bot)
[6.686s] DEBUG:colcon.colcon_core.event_handler.log_command:Invoking command in '/home/ispaik06/robot_ws/build/ydlidar': CMAKE_PREFIX_PATH=${CMAKE_PREFIX_PATH}:/home/ispaik06/robot_ws/install/joy_tester:/opt/ros/foxy /usr/bin/cmake --install /home/ispaik06/robot_ws/build/ydlidar
[6.778s] Level 1:colcon.colcon_core.environment:create_environment_scripts_only(urdf_example)
[6.834s] Level 1:colcon.colcon_core.environment:checking '/home/ispaik06/robot_ws/install/urdf_example' for CMake module files
[6.834s] Level 1:colcon.colcon_core.environment:checking '/home/ispaik06/robot_ws/install/urdf_example' for CMake config files
[6.834s] Level 1:colcon.colcon_core.shell:create_environment_hook('urdf_example', 'cmake_prefix_path')
[6.873s] INFO:colcon.colcon_core.shell:Creating environment hook '/home/ispaik06/robot_ws/install/urdf_example/share/urdf_example/hook/cmake_prefix_path.ps1'
[6.874s] INFO:colcon.colcon_core.shell:Creating environment descriptor '/home/ispaik06/robot_ws/install/urdf_example/share/urdf_example/hook/cmake_prefix_path.dsv'
[6.874s] INFO:colcon.colcon_core.shell:Creating environment hook '/home/ispaik06/robot_ws/install/urdf_example/share/urdf_example/hook/cmake_prefix_path.sh'
[6.875s] Level 1:colcon.colcon_core.environment:checking '/home/ispaik06/robot_ws/install/urdf_example/bin'
[6.875s] Level 1:colcon.colcon_core.environment:checking '/home/ispaik06/robot_ws/install/urdf_example/lib/pkgconfig/urdf_example.pc'
[6.875s] Level 1:colcon.colcon_core.environment:checking '/home/ispaik06/robot_ws/install/urdf_example/lib/python3.8/site-packages'
[6.875s] Level 1:colcon.colcon_core.environment:checking '/home/ispaik06/robot_ws/install/urdf_example/bin'
[6.929s] INFO:colcon.colcon_core.shell:Creating package script '/home/ispaik06/robot_ws/install/urdf_example/share/urdf_example/package.ps1'
[6.930s] INFO:colcon.colcon_core.shell:Creating package descriptor '/home/ispaik06/robot_ws/install/urdf_example/share/urdf_example/package.dsv'
[6.930s] INFO:colcon.colcon_core.shell:Creating package script '/home/ispaik06/robot_ws/install/urdf_example/share/urdf_example/package.sh'
[6.931s] INFO:colcon.colcon_core.shell:Creating package script '/home/ispaik06/robot_ws/install/urdf_example/share/urdf_example/package.bash'
[6.931s] INFO:colcon.colcon_core.shell:Creating package script '/home/ispaik06/robot_ws/install/urdf_example/share/urdf_example/package.zsh'
[6.931s] Level 1:colcon.colcon_core.environment:create_file_with_runtime_dependencies(/home/ispaik06/robot_ws/install/urdf_example/share/colcon-core/packages/urdf_example)
[6.938s] DEBUG:colcon.colcon_core.event_handler.log_command:Invoking command in '/home/ispaik06/robot_ws/build/ydlidar_sdk': /usr/bin/cmake --install /home/ispaik06/robot_ws/build/ydlidar_sdk
[6.944s] DEBUG:colcon.colcon_core.event_handler.log_command:Invoked command in '/home/ispaik06/robot_ws/src/joy_tester' returned '0': PYTHONPATH=/home/ispaik06/robot_ws/build/joy_tester/prefix_override:/home/ispaik06/robot_ws/install/joy_tester/lib/python3.8/site-packages:${PYTHONPATH} /usr/bin/python3 setup.py egg_info --egg-base ../../build/joy_tester build --build-base /home/ispaik06/robot_ws/build/joy_tester/build install --record /home/ispaik06/robot_ws/build/joy_tester/install.log --single-version-externally-managed
[7.049s] Level 1:colcon.colcon_core.environment:checking '/home/ispaik06/robot_ws/install/joy_tester' for CMake module files
[7.049s] Level 1:colcon.colcon_core.environment:checking '/home/ispaik06/robot_ws/install/joy_tester' for CMake config files
[7.050s] Level 1:colcon.colcon_core.environment:checking '/home/ispaik06/robot_ws/install/joy_tester/lib'
[7.050s] Level 1:colcon.colcon_core.environment:checking '/home/ispaik06/robot_ws/install/joy_tester/bin'
[7.050s] Level 1:colcon.colcon_core.environment:checking '/home/ispaik06/robot_ws/install/joy_tester/lib/pkgconfig/joy_tester.pc'
[7.051s] Level 1:colcon.colcon_core.environment:checking '/home/ispaik06/robot_ws/install/joy_tester/lib/python3.8/site-packages'
[7.051s] Level 1:colcon.colcon_core.shell:create_environment_hook('joy_tester', 'pythonpath')
[7.089s] INFO:colcon.colcon_core.shell:Creating environment hook '/home/ispaik06/robot_ws/install/joy_tester/share/joy_tester/hook/pythonpath.ps1'
[7.090s] INFO:colcon.colcon_core.shell:Creating environment descriptor '/home/ispaik06/robot_ws/install/joy_tester/share/joy_tester/hook/pythonpath.dsv'
[7.090s] INFO:colcon.colcon_core.shell:Creating environment hook '/home/ispaik06/robot_ws/install/joy_tester/share/joy_tester/hook/pythonpath.sh'
[7.091s] Level 1:colcon.colcon_core.environment:checking '/home/ispaik06/robot_ws/install/joy_tester/bin'
[7.091s] Level 1:colcon.colcon_core.environment:create_environment_scripts_only(joy_tester)
[7.130s] INFO:colcon.colcon_core.shell:Creating package script '/home/ispaik06/robot_ws/install/joy_tester/share/joy_tester/package.ps1'
[7.130s] INFO:colcon.colcon_core.shell:Creating package descriptor '/home/ispaik06/robot_ws/install/joy_tester/share/joy_tester/package.dsv'
[7.131s] INFO:colcon.colcon_core.shell:Creating package script '/home/ispaik06/robot_ws/install/joy_tester/share/joy_tester/package.sh'
[7.131s] INFO:colcon.colcon_core.shell:Creating package script '/home/ispaik06/robot_ws/install/joy_tester/share/joy_tester/package.bash'
[7.132s] INFO:colcon.colcon_core.shell:Creating package script '/home/ispaik06/robot_ws/install/joy_tester/share/joy_tester/package.zsh'
[7.132s] Level 1:colcon.colcon_core.environment:create_file_with_runtime_dependencies(/home/ispaik06/robot_ws/install/joy_tester/share/colcon-core/packages/joy_tester)
[7.132s] Level 1:colcon.colcon_core.environment:create_environment_scripts_only(ydlidar)
[7.138s] DEBUG:colcon.colcon_core.event_handler.log_command:Invoked command in '/home/ispaik06/robot_ws/build/ydlidar' returned '0': CMAKE_PREFIX_PATH=${CMAKE_PREFIX_PATH}:/home/ispaik06/robot_ws/install/joy_tester:/opt/ros/foxy /usr/bin/cmake --install /home/ispaik06/robot_ws/build/ydlidar
[7.220s] Level 1:colcon.colcon_core.environment:checking '/home/ispaik06/robot_ws/install/ydlidar' for CMake module files
[7.221s] Level 1:colcon.colcon_core.environment:checking '/home/ispaik06/robot_ws/install/ydlidar' for CMake config files
[7.221s] Level 1:colcon.colcon_core.shell:create_environment_hook('ydlidar', 'cmake_prefix_path')
[7.262s] INFO:colcon.colcon_core.shell:Creating environment hook '/home/ispaik06/robot_ws/install/ydlidar/share/ydlidar/hook/cmake_prefix_path.ps1'
[7.263s] INFO:colcon.colcon_core.shell:Creating environment descriptor '/home/ispaik06/robot_ws/install/ydlidar/share/ydlidar/hook/cmake_prefix_path.dsv'
[7.263s] INFO:colcon.colcon_core.shell:Creating environment hook '/home/ispaik06/robot_ws/install/ydlidar/share/ydlidar/hook/cmake_prefix_path.sh'
[7.264s] Level 1:colcon.colcon_core.environment:checking '/home/ispaik06/robot_ws/install/ydlidar/lib'
[7.264s] Level 1:colcon.colcon_core.environment:checking '/home/ispaik06/robot_ws/install/ydlidar/bin'
[7.264s] Level 1:colcon.colcon_core.environment:checking '/home/ispaik06/robot_ws/install/ydlidar/lib/pkgconfig/ydlidar.pc'
[7.264s] Level 1:colcon.colcon_core.environment:checking '/home/ispaik06/robot_ws/install/ydlidar/lib/python3.8/site-packages'
[7.265s] Level 1:colcon.colcon_core.environment:checking '/home/ispaik06/robot_ws/install/ydlidar/bin'
[7.304s] INFO:colcon.colcon_core.shell:Creating package script '/home/ispaik06/robot_ws/install/ydlidar/share/ydlidar/package.ps1'
[7.305s] INFO:colcon.colcon_core.shell:Creating package descriptor '/home/ispaik06/robot_ws/install/ydlidar/share/ydlidar/package.dsv'
[7.306s] INFO:colcon.colcon_core.shell:Creating package script '/home/ispaik06/robot_ws/install/ydlidar/share/ydlidar/package.sh'
[7.306s] INFO:colcon.colcon_core.shell:Creating package script '/home/ispaik06/robot_ws/install/ydlidar/share/ydlidar/package.bash'
[7.306s] INFO:colcon.colcon_core.shell:Creating package script '/home/ispaik06/robot_ws/install/ydlidar/share/ydlidar/package.zsh'
[7.307s] Level 1:colcon.colcon_core.environment:create_file_with_runtime_dependencies(/home/ispaik06/robot_ws/install/ydlidar/share/colcon-core/packages/ydlidar)
[7.316s] Level 1:colcon.colcon_core.environment:create_environment_scripts_only(ydlidar_sdk)
[7.317s] DEBUG:colcon.colcon_core.event_handler.log_command:Invoked command in '/home/ispaik06/robot_ws/build/ydlidar_sdk' returned '0': /usr/bin/cmake --install /home/ispaik06/robot_ws/build/ydlidar_sdk
[7.387s] Level 1:colcon.colcon_core.environment:checking '/home/ispaik06/robot_ws/install/ydlidar_sdk' for CMake module files
[7.388s] Level 1:colcon.colcon_core.environment:checking '/home/ispaik06/robot_ws/install/ydlidar_sdk' for CMake config files
[7.388s] Level 1:colcon.colcon_core.shell:create_environment_hook('ydlidar_sdk', 'cmake_prefix_path')
[7.427s] INFO:colcon.colcon_core.shell:Creating environment hook '/home/ispaik06/robot_ws/install/ydlidar_sdk/share/ydlidar_sdk/hook/cmake_prefix_path.ps1'
[7.428s] INFO:colcon.colcon_core.shell:Creating environment descriptor '/home/ispaik06/robot_ws/install/ydlidar_sdk/share/ydlidar_sdk/hook/cmake_prefix_path.dsv'
[7.428s] INFO:colcon.colcon_core.shell:Creating environment hook '/home/ispaik06/robot_ws/install/ydlidar_sdk/share/ydlidar_sdk/hook/cmake_prefix_path.sh'
[7.429s] Level 1:colcon.colcon_core.environment:checking '/home/ispaik06/robot_ws/install/ydlidar_sdk/lib'
[7.429s] Level 1:colcon.colcon_core.environment:checking '/home/ispaik06/robot_ws/install/ydlidar_sdk/bin'
[7.429s] Level 1:colcon.colcon_core.shell:create_environment_hook('ydlidar_sdk', 'path')
[7.466s] INFO:colcon.colcon_core.shell:Creating environment hook '/home/ispaik06/robot_ws/install/ydlidar_sdk/share/ydlidar_sdk/hook/path.ps1'
[7.466s] INFO:colcon.colcon_core.shell:Creating environment descriptor '/home/ispaik06/robot_ws/install/ydlidar_sdk/share/ydlidar_sdk/hook/path.dsv'
[7.467s] INFO:colcon.colcon_core.shell:Creating environment hook '/home/ispaik06/robot_ws/install/ydlidar_sdk/share/ydlidar_sdk/hook/path.sh'
[7.467s] Level 1:colcon.colcon_core.environment:checking '/home/ispaik06/robot_ws/install/ydlidar_sdk/lib/pkgconfig/ydlidar_sdk.pc'
[7.467s] Level 1:colcon.colcon_core.environment:checking '/home/ispaik06/robot_ws/install/ydlidar_sdk/lib/python3.8/site-packages'
[7.468s] Level 1:colcon.colcon_core.environment:checking '/home/ispaik06/robot_ws/install/ydlidar_sdk/bin'
[7.468s] Level 1:colcon.colcon_core.shell:create_environment_hook('ydlidar_sdk', 'pythonscriptspath')
[7.504s] INFO:colcon.colcon_core.shell:Creating environment hook '/home/ispaik06/robot_ws/install/ydlidar_sdk/share/ydlidar_sdk/hook/pythonscriptspath.ps1'
[7.505s] INFO:colcon.colcon_core.shell:Creating environment descriptor '/home/ispaik06/robot_ws/install/ydlidar_sdk/share/ydlidar_sdk/hook/pythonscriptspath.dsv'
[7.505s] INFO:colcon.colcon_core.shell:Creating environment hook '/home/ispaik06/robot_ws/install/ydlidar_sdk/share/ydlidar_sdk/hook/pythonscriptspath.sh'
[7.542s] INFO:colcon.colcon_core.shell:Creating package script '/home/ispaik06/robot_ws/install/ydlidar_sdk/share/ydlidar_sdk/package.ps1'
[7.543s] INFO:colcon.colcon_core.shell:Creating package descriptor '/home/ispaik06/robot_ws/install/ydlidar_sdk/share/ydlidar_sdk/package.dsv'
[7.543s] INFO:colcon.colcon_core.shell:Creating package script '/home/ispaik06/robot_ws/install/ydlidar_sdk/share/ydlidar_sdk/package.sh'
[7.544s] INFO:colcon.colcon_core.shell:Creating package script '/home/ispaik06/robot_ws/install/ydlidar_sdk/share/ydlidar_sdk/package.bash'
[7.544s] INFO:colcon.colcon_core.shell:Creating package script '/home/ispaik06/robot_ws/install/ydlidar_sdk/share/ydlidar_sdk/package.zsh'
[7.545s] Level 1:colcon.colcon_core.environment:create_file_with_runtime_dependencies(/home/ispaik06/robot_ws/install/ydlidar_sdk/share/colcon-core/packages/ydlidar_sdk)
[7.583s] Level 1:colcon.colcon_core.environment:create_environment_scripts_only(ydlidar)
[7.620s] Level 1:colcon.colcon_core.environment:checking '/home/ispaik06/robot_ws/install/ydlidar' for CMake module files
[7.620s] Level 1:colcon.colcon_core.environment:checking '/home/ispaik06/robot_ws/install/ydlidar' for CMake config files
[7.620s] Level 1:colcon.colcon_core.shell:create_environment_hook('ydlidar', 'cmake_prefix_path')
[7.659s] INFO:colcon.colcon_core.shell:Creating environment hook '/home/ispaik06/robot_ws/install/ydlidar/share/ydlidar/hook/cmake_prefix_path.ps1'
[7.660s] INFO:colcon.colcon_core.shell:Creating environment descriptor '/home/ispaik06/robot_ws/install/ydlidar/share/ydlidar/hook/cmake_prefix_path.dsv'
[7.660s] INFO:colcon.colcon_core.shell:Creating environment hook '/home/ispaik06/robot_ws/install/ydlidar/share/ydlidar/hook/cmake_prefix_path.sh'
[7.661s] Level 1:colcon.colcon_core.environment:checking '/home/ispaik06/robot_ws/install/ydlidar/lib'
[7.661s] Level 1:colcon.colcon_core.environment:checking '/home/ispaik06/robot_ws/install/ydlidar/bin'
[7.661s] Level 1:colcon.colcon_core.environment:checking '/home/ispaik06/robot_ws/install/ydlidar/lib/pkgconfig/ydlidar.pc'
[7.661s] Level 1:colcon.colcon_core.environment:checking '/home/ispaik06/robot_ws/install/ydlidar/lib/python3.8/site-packages'
[7.661s] Level 1:colcon.colcon_core.environment:checking '/home/ispaik06/robot_ws/install/ydlidar/bin'
[7.698s] INFO:colcon.colcon_core.shell:Creating package script '/home/ispaik06/robot_ws/install/ydlidar/share/ydlidar/package.ps1'
[7.699s] INFO:colcon.colcon_core.shell:Creating package descriptor '/home/ispaik06/robot_ws/install/ydlidar/share/ydlidar/package.dsv'
[7.700s] INFO:colcon.colcon_core.shell:Creating package script '/home/ispaik06/robot_ws/install/ydlidar/share/ydlidar/package.sh'
[7.700s] INFO:colcon.colcon_core.shell:Creating package script '/home/ispaik06/robot_ws/install/ydlidar/share/ydlidar/package.bash'
[7.701s] INFO:colcon.colcon_core.shell:Creating package script '/home/ispaik06/robot_ws/install/ydlidar/share/ydlidar/package.zsh'
[7.701s] Level 1:colcon.colcon_core.environment:create_file_with_runtime_dependencies(/home/ispaik06/robot_ws/install/ydlidar/share/colcon-core/packages/ydlidar)
[7.702s] DEBUG:colcon.colcon_parallel_executor.executor.parallel:closing loop
[7.702s] DEBUG:colcon.colcon_parallel_executor.executor.parallel:loop closed
[7.702s] DEBUG:colcon.colcon_parallel_executor.executor.parallel:run_until_complete finished with '0'
[7.702s] DEBUG:colcon.colcon_core.event_reactor:joining thread
[7.754s] INFO:colcon.colcon_core.plugin_system:Skipping extension 'colcon_notification.desktop_notification.terminal_notifier': Not used on non-Darwin systems
[7.754s] INFO:colcon.colcon_core.plugin_system:Skipping extension 'colcon_notification.desktop_notification.win32': Not used on non-Windows systems
[7.754s] INFO:colcon.colcon_notification.desktop_notification:Sending desktop notification using 'notify2'
[7.791s] DEBUG:colcon.colcon_core.event_reactor:joined thread
[7.854s] INFO:colcon.colcon_core.shell:Creating prefix script '/home/ispaik06/robot_ws/install/local_setup.ps1'
[7.855s] INFO:colcon.colcon_core.shell:Creating prefix util module '/home/ispaik06/robot_ws/install/_local_setup_util_ps1.py'
[7.856s] INFO:colcon.colcon_core.shell:Creating prefix chain script '/home/ispaik06/robot_ws/install/setup.ps1'
[7.895s] INFO:colcon.colcon_core.shell:Creating prefix script '/home/ispaik06/robot_ws/install/local_setup.sh'
[7.895s] INFO:colcon.colcon_core.shell:Creating prefix util module '/home/ispaik06/robot_ws/install/_local_setup_util_sh.py'
[7.896s] INFO:colcon.colcon_core.shell:Creating prefix chain script '/home/ispaik06/robot_ws/install/setup.sh'
[7.934s] INFO:colcon.colcon_core.shell:Creating prefix script '/home/ispaik06/robot_ws/install/local_setup.bash'
[7.935s] INFO:colcon.colcon_core.shell:Creating prefix chain script '/home/ispaik06/robot_ws/install/setup.bash'
[7.976s] INFO:colcon.colcon_core.shell:Creating prefix script '/home/ispaik06/robot_ws/install/local_setup.zsh'
[7.977s] INFO:colcon.colcon_core.shell:Creating prefix chain script '/home/ispaik06/robot_ws/install/setup.zsh'
