[0.549s] Invoking command in '/home/ispaik06/robot_ws/build/serial': CMAKE_PREFIX_PATH=${CMAKE_PREFIX_PATH}:/home/ispaik06/robot_ws/install/joy_tester:/opt/ros/foxy /usr/bin/cmake /home/ispaik06/robot_ws/src/serial -DCMAKE_INSTALL_PREFIX=/home/ispaik06/robot_ws/install/serial
[0.801s] -- The C compiler identification is GNU 9.4.0
[0.802s] -- The CXX compiler identification is GNU 9.4.0
[0.803s] -- Check for working C compiler: /usr/bin/cc
[0.803s] -- Check for working C compiler: /usr/bin/cc -- works
[0.804s] -- Detecting C compiler ABI info
[0.806s] -- Detecting C compiler ABI info - done
[0.806s] -- Detecting C compile features
[0.806s] -- Detecting C compile features - done
[0.807s] -- Check for working CXX compiler: /usr/bin/c++
[0.825s] -- Check for working CXX compiler: /usr/bin/c++ -- works
[0.827s] -- Detecting CXX compiler ABI info
[0.923s] -- Detecting CXX compiler ABI info - done
[0.936s] -- Detecting CXX compile features
[0.937s] -- Detecting CXX compile features - done
[0.939s] -- Found ament_cmake: 0.9.12 (/opt/ros/foxy/share/ament_cmake/cmake)
[0.960s] -- Found PythonInterp: /usr/bin/python3 (found suitable version "3.8.10", minimum required is "3") 
[0.961s] -- Using PYTHON_EXECUTABLE: /usr/bin/python3
[1.111s] -- Found ament_cmake_gtest: 0.9.12 (/opt/ros/foxy/share/ament_cmake_gtest/cmake)
[1.120s] -- Found Boost: /usr/lib/x86_64-linux-gnu/cmake/Boost-1.71.0/BoostConfig.cmake (found version "1.71.0")  
[1.123s] -- Found gtest sources under '/opt/ros/foxy/src/gtest_vendor': C++ tests using 'Google Test' will be built
[1.126s] -- Looking for pthread.h
[1.181s] -- Looking for pthread.h - found
[1.182s] -- Performing Test CMAKE_HAVE_LIBC_PTHREAD
[1.231s] -- Performing Test CMAKE_HAVE_LIBC_PTHREAD - Failed
[1.232s] -- Check if compiler accepts -pthread
[1.285s] -- Check if compiler accepts -pthread - yes
[1.285s] -- Found Threads: TRUE  
[1.357s] -- Configuring done
[1.357s] -- Generating done
[1.357s] -- Build files have been written to: /home/ispaik06/robot_ws/build/serial
[1.540s] Invoked command in '/home/ispaik06/robot_ws/build/serial' returned '0': CMAKE_PREFIX_PATH=${CMAKE_PREFIX_PATH}:/home/ispaik06/robot_ws/install/joy_tester:/opt/ros/foxy /usr/bin/cmake /home/ispaik06/robot_ws/src/serial -DCMAKE_INSTALL_PREFIX=/home/ispaik06/robot_ws/install/serial
[1.543s] Invoking command in '/home/ispaik06/robot_ws/build/serial': CMAKE_PREFIX_PATH=${CMAKE_PREFIX_PATH}:/home/ispaik06/robot_ws/install/joy_tester:/opt/ros/foxy /usr/bin/cmake --build /home/ispaik06/robot_ws/build/serial -- -j12 -l12
[1.572s] [35m[1mScanning dependencies of target gtest_main[0m
[1.573s] [35m[1mScanning dependencies of target serial[0m
[1.573s] [35m[1mScanning dependencies of target gtest[0m
[1.584s] [ 14%] [32mBuilding CXX object CMakeFiles/serial.dir/src/impl/list_ports/list_ports_linux.cc.o[0m
[1.585s] [ 14%] [32mBuilding CXX object CMakeFiles/serial.dir/src/serial.cc.o[0m
[1.586s] [ 21%] [32mBuilding CXX object CMakeFiles/serial.dir/src/impl/unix.cc.o[0m
[1.587s] [ 28%] [32mBuilding CXX object gtest/CMakeFiles/gtest_main.dir/src/gtest_main.cc.o[0m
[1.594s] [ 35%] [32mBuilding CXX object gtest/CMakeFiles/gtest.dir/src/gtest-all.cc.o[0m
[1.977s] [ 42%] [32m[1mLinking CXX static library libserial.a[0m
[2.003s] [ 42%] Built target serial
[2.011s] [35m[1mScanning dependencies of target serial_example[0m
[2.019s] [ 50%] [32mBuilding CXX object CMakeFiles/serial_example.dir/examples/serial_example.cc.o[0m
[2.128s] [ 57%] [32m[1mLinking CXX static library libgtest_main.a[0m
[2.153s] [ 57%] Built target gtest_main
[2.225s] [ 64%] [32m[1mLinking CXX executable serial_example[0m
[2.278s] [ 64%] Built target serial_example
[3.627s] [ 71%] [32m[1mLinking CXX static library libgtest.a[0m
[3.658s] [ 71%] Built target gtest
[3.665s] [35m[1mScanning dependencies of target serial-test-timer[0m
[3.665s] [35m[1mScanning dependencies of target serial-test[0m
[3.675s] [ 85%] [32mBuilding CXX object tests/CMakeFiles/serial-test.dir/unix_serial_tests.cc.o[0m
[3.675s] [ 85%] [32mBuilding CXX object tests/CMakeFiles/serial-test-timer.dir/unit/unix_timer_tests.cc.o[0m
[4.097s] [ 92%] [32m[1mLinking CXX executable serial-test-timer[0m
[4.157s] [100%] [32m[1mLinking CXX executable serial-test[0m
[4.185s] [100%] Built target serial-test-timer
[4.238s] [100%] Built target serial-test
[4.245s] Invoked command in '/home/ispaik06/robot_ws/build/serial' returned '0': CMAKE_PREFIX_PATH=${CMAKE_PREFIX_PATH}:/home/ispaik06/robot_ws/install/joy_tester:/opt/ros/foxy /usr/bin/cmake --build /home/ispaik06/robot_ws/build/serial -- -j12 -l12
[4.268s] Invoking command in '/home/ispaik06/robot_ws/build/serial': CMAKE_PREFIX_PATH=${CMAKE_PREFIX_PATH}:/home/ispaik06/robot_ws/install/joy_tester:/opt/ros/foxy /usr/bin/cmake --install /home/ispaik06/robot_ws/build/serial
[4.272s] -- Install configuration: ""
[4.272s] -- Installing: /home/ispaik06/robot_ws/install/serial/lib/libserial.a
[4.273s] -- Installing: /home/ispaik06/robot_ws/install/serial/include/serial/serial.h
[4.273s] -- Installing: /home/ispaik06/robot_ws/install/serial/include/serial/v8stdint.h
[4.273s] -- Installing: /home/ispaik06/robot_ws/install/serial/share/serial/environment/library_path.sh
[4.273s] -- Installing: /home/ispaik06/robot_ws/install/serial/share/serial/environment/library_path.dsv
[4.273s] -- Installing: /home/ispaik06/robot_ws/install/serial/share/ament_index/resource_index/package_run_dependencies/serial
[4.273s] -- Installing: /home/ispaik06/robot_ws/install/serial/share/ament_index/resource_index/parent_prefix_path/serial
[4.273s] -- Installing: /home/ispaik06/robot_ws/install/serial/share/serial/environment/ament_prefix_path.sh
[4.273s] -- Installing: /home/ispaik06/robot_ws/install/serial/share/serial/environment/ament_prefix_path.dsv
[4.273s] -- Installing: /home/ispaik06/robot_ws/install/serial/share/serial/environment/path.sh
[4.273s] -- Installing: /home/ispaik06/robot_ws/install/serial/share/serial/environment/path.dsv
[4.273s] -- Installing: /home/ispaik06/robot_ws/install/serial/share/serial/local_setup.bash
[4.274s] -- Installing: /home/ispaik06/robot_ws/install/serial/share/serial/local_setup.sh
[4.274s] -- Installing: /home/ispaik06/robot_ws/install/serial/share/serial/local_setup.zsh
[4.274s] -- Installing: /home/ispaik06/robot_ws/install/serial/share/serial/local_setup.dsv
[4.274s] -- Installing: /home/ispaik06/robot_ws/install/serial/share/serial/package.dsv
[4.274s] -- Installing: /home/ispaik06/robot_ws/install/serial/share/ament_index/resource_index/packages/serial
[4.274s] -- Installing: /home/ispaik06/robot_ws/install/serial/share/serial/cmake/ament_cmake_export_include_directories-extras.cmake
[4.274s] -- Installing: /home/ispaik06/robot_ws/install/serial/share/serial/cmake/ament_cmake_export_libraries-extras.cmake
[4.274s] -- Installing: /home/ispaik06/robot_ws/install/serial/share/serial/cmake/serialConfig.cmake
[4.274s] -- Installing: /home/ispaik06/robot_ws/install/serial/share/serial/cmake/serialConfig-version.cmake
[4.274s] -- Installing: /home/ispaik06/robot_ws/install/serial/share/serial/package.xml
[4.275s] Invoked command in '/home/ispaik06/robot_ws/build/serial' returned '0': CMAKE_PREFIX_PATH=${CMAKE_PREFIX_PATH}:/home/ispaik06/robot_ws/install/joy_tester:/opt/ros/foxy /usr/bin/cmake --install /home/ispaik06/robot_ws/build/serial
