[0.846s] Invoking command in '/home/ispaik06/robot_ws/build/serial_motor_demo': CMAKE_PREFIX_PATH=/home/ispaik06/robot_ws/install/serial_motor_demo_msgs:/home/ispaik06/robot_ws/install/ydlidar_sdk:/home/ispaik06/robot_ws/install/ydlidar:/home/ispaik06/robot_ws/install/urdf_example:/home/ispaik06/robot_ws/install/diffdrive_arduino:/home/ispaik06/robot_ws/install/serial:/home/ispaik06/robot_ws/install/sasa_bot:/home/ispaik06/robot_ws/install/gazebo_ros2_control_demos:/home/ispaik06/robot_ws/install/gazebo_ros2_control:/home/ispaik06/robot_ws/install/articubot_one PYTHONPATH=/home/ispaik06/robot_ws/build/serial_motor_demo/prefix_override:/home/ispaik06/robot_ws/install/serial_motor_demo/lib/python3.8/site-packages:/home/ispaik06/robot_ws/install/serial_motor_demo_msgs/lib/python3.8/site-packages:/home/ispaik06/robot_ws/build/serial_motor_demo:/home/ispaik06/robot_ws/install/serial_motor_demo/lib/python3.8/site-packages:/home/ispaik06/robot_ws/build/joy_tester:/home/ispaik06/robot_ws/install/joy_tester/lib/python3.8/site-packages:/opt/ros/foxy/lib/python3.8/site-packages /usr/bin/python3 setup.py develop --uninstall --editable --build-directory /home/ispaik06/robot_ws/build/serial_motor_demo/build
[0.966s] running develop
[1.026s] Removing /home/ispaik06/robot_ws/install/serial_motor_demo/lib/python3.8/site-packages/serial-motor-demo.egg-link (link to .)
[1.041s] Invoked command in '/home/ispaik06/robot_ws/build/serial_motor_demo' returned '0': CMAKE_PREFIX_PATH=/home/ispaik06/robot_ws/install/serial_motor_demo_msgs:/home/ispaik06/robot_ws/install/ydlidar_sdk:/home/ispaik06/robot_ws/install/ydlidar:/home/ispaik06/robot_ws/install/urdf_example:/home/ispaik06/robot_ws/install/diffdrive_arduino:/home/ispaik06/robot_ws/install/serial:/home/ispaik06/robot_ws/install/sasa_bot:/home/ispaik06/robot_ws/install/gazebo_ros2_control_demos:/home/ispaik06/robot_ws/install/gazebo_ros2_control:/home/ispaik06/robot_ws/install/articubot_one PYTHONPATH=/home/ispaik06/robot_ws/build/serial_motor_demo/prefix_override:/home/ispaik06/robot_ws/install/serial_motor_demo/lib/python3.8/site-packages:/home/ispaik06/robot_ws/install/serial_motor_demo_msgs/lib/python3.8/site-packages:/home/ispaik06/robot_ws/build/serial_motor_demo:/home/ispaik06/robot_ws/install/serial_motor_demo/lib/python3.8/site-packages:/home/ispaik06/robot_ws/build/joy_tester:/home/ispaik06/robot_ws/install/joy_tester/lib/python3.8/site-packages:/opt/ros/foxy/lib/python3.8/site-packages /usr/bin/python3 setup.py develop --uninstall --editable --build-directory /home/ispaik06/robot_ws/build/serial_motor_demo/build
[1.041s] Invoking command in '/home/ispaik06/robot_ws/src/serial_motor_demo/serial_motor_demo': CMAKE_PREFIX_PATH=/home/ispaik06/robot_ws/install/serial_motor_demo_msgs:/home/ispaik06/robot_ws/install/ydlidar_sdk:/home/ispaik06/robot_ws/install/ydlidar:/home/ispaik06/robot_ws/install/urdf_example:/home/ispaik06/robot_ws/install/diffdrive_arduino:/home/ispaik06/robot_ws/install/serial:/home/ispaik06/robot_ws/install/sasa_bot:/home/ispaik06/robot_ws/install/gazebo_ros2_control_demos:/home/ispaik06/robot_ws/install/gazebo_ros2_control:/home/ispaik06/robot_ws/install/articubot_one PYTHONPATH=/home/ispaik06/robot_ws/build/serial_motor_demo/prefix_override:/home/ispaik06/robot_ws/install/serial_motor_demo/lib/python3.8/site-packages:/home/ispaik06/robot_ws/install/serial_motor_demo_msgs/lib/python3.8/site-packages:/home/ispaik06/robot_ws/build/serial_motor_demo:/home/ispaik06/robot_ws/install/serial_motor_demo/lib/python3.8/site-packages:/home/ispaik06/robot_ws/build/joy_tester:/home/ispaik06/robot_ws/install/joy_tester/lib/python3.8/site-packages:/opt/ros/foxy/lib/python3.8/site-packages /usr/bin/python3 setup.py egg_info --egg-base ../../../build/serial_motor_demo build --build-base /home/ispaik06/robot_ws/build/serial_motor_demo/build install --record /home/ispaik06/robot_ws/build/serial_motor_demo/install.log --install-scripts $base/lib/serial_motor_demo --single-version-externally-managed
[1.153s] running egg_info
[1.154s] writing ../../../build/serial_motor_demo/serial_motor_demo.egg-info/PKG-INFO
[1.154s] writing dependency_links to ../../../build/serial_motor_demo/serial_motor_demo.egg-info/dependency_links.txt
[1.154s] writing entry points to ../../../build/serial_motor_demo/serial_motor_demo.egg-info/entry_points.txt
[1.154s] writing requirements to ../../../build/serial_motor_demo/serial_motor_demo.egg-info/requires.txt
[1.154s] writing top-level names to ../../../build/serial_motor_demo/serial_motor_demo.egg-info/top_level.txt
[1.173s] reading manifest file '../../../build/serial_motor_demo/serial_motor_demo.egg-info/SOURCES.txt'
[1.174s] writing manifest file '../../../build/serial_motor_demo/serial_motor_demo.egg-info/SOURCES.txt'
[1.174s] running build
[1.174s] running build_py
[1.174s] creating /home/ispaik06/robot_ws/build/serial_motor_demo/build
[1.174s] creating /home/ispaik06/robot_ws/build/serial_motor_demo/build/lib
[1.174s] creating /home/ispaik06/robot_ws/build/serial_motor_demo/build/lib/serial_motor_demo
[1.174s] copying serial_motor_demo/gui.py -> /home/ispaik06/robot_ws/build/serial_motor_demo/build/lib/serial_motor_demo
[1.174s] copying serial_motor_demo/driver.py -> /home/ispaik06/robot_ws/build/serial_motor_demo/build/lib/serial_motor_demo
[1.174s] copying serial_motor_demo/__init__.py -> /home/ispaik06/robot_ws/build/serial_motor_demo/build/lib/serial_motor_demo
[1.174s] running install
[1.174s] running install_lib
[1.175s] creating /home/ispaik06/robot_ws/install/serial_motor_demo/lib/python3.8/site-packages/serial_motor_demo
[1.175s] copying /home/ispaik06/robot_ws/build/serial_motor_demo/build/lib/serial_motor_demo/gui.py -> /home/ispaik06/robot_ws/install/serial_motor_demo/lib/python3.8/site-packages/serial_motor_demo
[1.175s] copying /home/ispaik06/robot_ws/build/serial_motor_demo/build/lib/serial_motor_demo/driver.py -> /home/ispaik06/robot_ws/install/serial_motor_demo/lib/python3.8/site-packages/serial_motor_demo
[1.175s] copying /home/ispaik06/robot_ws/build/serial_motor_demo/build/lib/serial_motor_demo/__init__.py -> /home/ispaik06/robot_ws/install/serial_motor_demo/lib/python3.8/site-packages/serial_motor_demo
[1.175s] byte-compiling /home/ispaik06/robot_ws/install/serial_motor_demo/lib/python3.8/site-packages/serial_motor_demo/gui.py to gui.cpython-38.pyc
[1.177s] byte-compiling /home/ispaik06/robot_ws/install/serial_motor_demo/lib/python3.8/site-packages/serial_motor_demo/driver.py to driver.cpython-38.pyc
[1.177s] byte-compiling /home/ispaik06/robot_ws/install/serial_motor_demo/lib/python3.8/site-packages/serial_motor_demo/__init__.py to __init__.cpython-38.pyc
[1.177s] running install_data
[1.178s] running install_egg_info
[1.179s] Copying ../../../build/serial_motor_demo/serial_motor_demo.egg-info to /home/ispaik06/robot_ws/install/serial_motor_demo/lib/python3.8/site-packages/serial_motor_demo-0.0.0-py3.8.egg-info
[1.179s] running install_scripts
[1.189s] Installing driver script to /home/ispaik06/robot_ws/install/serial_motor_demo/lib/serial_motor_demo
[1.189s] Installing gui script to /home/ispaik06/robot_ws/install/serial_motor_demo/lib/serial_motor_demo
[1.189s] writing list of installed files to '/home/ispaik06/robot_ws/build/serial_motor_demo/install.log'
[1.203s] Invoked command in '/home/ispaik06/robot_ws/src/serial_motor_demo/serial_motor_demo' returned '0': CMAKE_PREFIX_PATH=/home/ispaik06/robot_ws/install/serial_motor_demo_msgs:/home/ispaik06/robot_ws/install/ydlidar_sdk:/home/ispaik06/robot_ws/install/ydlidar:/home/ispaik06/robot_ws/install/urdf_example:/home/ispaik06/robot_ws/install/diffdrive_arduino:/home/ispaik06/robot_ws/install/serial:/home/ispaik06/robot_ws/install/sasa_bot:/home/ispaik06/robot_ws/install/gazebo_ros2_control_demos:/home/ispaik06/robot_ws/install/gazebo_ros2_control:/home/ispaik06/robot_ws/install/articubot_one PYTHONPATH=/home/ispaik06/robot_ws/build/serial_motor_demo/prefix_override:/home/ispaik06/robot_ws/install/serial_motor_demo/lib/python3.8/site-packages:/home/ispaik06/robot_ws/install/serial_motor_demo_msgs/lib/python3.8/site-packages:/home/ispaik06/robot_ws/build/serial_motor_demo:/home/ispaik06/robot_ws/install/serial_motor_demo/lib/python3.8/site-packages:/home/ispaik06/robot_ws/build/joy_tester:/home/ispaik06/robot_ws/install/joy_tester/lib/python3.8/site-packages:/opt/ros/foxy/lib/python3.8/site-packages /usr/bin/python3 setup.py egg_info --egg-base ../../../build/serial_motor_demo build --build-base /home/ispaik06/robot_ws/build/serial_motor_demo/build install --record /home/ispaik06/robot_ws/build/serial_motor_demo/install.log --install-scripts $base/lib/serial_motor_demo --single-version-externally-managed
