[0.631s] Invoking command in '/home/ispaik06/robot_ws/build/sasa_bot': CMAKE_PREFIX_PATH=${CMAKE_PREFIX_PATH}:/home/ispaik06/robot_ws/install/serial_motor_demo:/home/ispaik06/robot_ws/install/joy_tester:/opt/ros/foxy /usr/bin/cmake --build /home/ispaik06/robot_ws/build/sasa_bot -- -j12 -l12
[0.669s] Invoked command in '/home/ispaik06/robot_ws/build/sasa_bot' returned '0': CMAKE_PREFIX_PATH=${CMAKE_PREFIX_PATH}:/home/ispaik06/robot_ws/install/serial_motor_demo:/home/ispaik06/robot_ws/install/joy_tester:/opt/ros/foxy /usr/bin/cmake --build /home/ispaik06/robot_ws/build/sasa_bot -- -j12 -l12
[0.716s] Invoking command in '/home/ispaik06/robot_ws/build/sasa_bot': CMAKE_PREFIX_PATH=${CMAKE_PREFIX_PATH}:/home/ispaik06/robot_ws/install/serial_motor_demo:/home/ispaik06/robot_ws/install/joy_tester:/opt/ros/foxy /usr/bin/cmake --install /home/ispaik06/robot_ws/build/sasa_bot
[0.735s] -- Install configuration: ""
[0.735s] -- Execute custom install script
[0.735s] -- Up-to-date symlink: /home/ispaik06/robot_ws/install/sasa_bot/share/sasa_bot/config/empty.yaml
[0.735s] -- Up-to-date symlink: /home/ispaik06/robot_ws/install/sasa_bot/share/sasa_bot/config/gazebo_params.yaml
[0.735s] -- Up-to-date symlink: /home/ispaik06/robot_ws/install/sasa_bot/share/sasa_bot/config/my_controllers.yaml
[0.735s] -- Symlinking: /home/ispaik06/robot_ws/install/sasa_bot/share/sasa_bot/config/ros2_ctl_use_sim.yaml
[0.737s] -- Up-to-date symlink: /home/ispaik06/robot_ws/install/sasa_bot/share/sasa_bot/config/view_bot.rviz
[0.739s] -- Up-to-date symlink: /home/ispaik06/robot_ws/install/sasa_bot/share/sasa_bot/description/camera.xacro
[0.740s] -- Up-to-date symlink: /home/ispaik06/robot_ws/install/sasa_bot/share/sasa_bot/description/depth_camera.xacro
[0.743s] -- Up-to-date symlink: /home/ispaik06/robot_ws/install/sasa_bot/share/sasa_bot/description/gazebo_control.xacro
[0.744s] -- Up-to-date symlink: /home/ispaik06/robot_ws/install/sasa_bot/share/sasa_bot/description/inertial_macros.xacro
[0.744s] -- Up-to-date symlink: /home/ispaik06/robot_ws/install/sasa_bot/share/sasa_bot/description/lidar.xacro
[0.744s] -- Up-to-date symlink: /home/ispaik06/robot_ws/install/sasa_bot/share/sasa_bot/description/robot.urdf.xacro
[0.745s] -- Up-to-date symlink: /home/ispaik06/robot_ws/install/sasa_bot/share/sasa_bot/description/robot_core.xacro
[0.745s] -- Up-to-date symlink: /home/ispaik06/robot_ws/install/sasa_bot/share/sasa_bot/description/ros2_control.xacro
[0.745s] -- Up-to-date symlink: /home/ispaik06/robot_ws/install/sasa_bot/share/sasa_bot/launch/launch_robot.launch.py
[0.748s] -- Up-to-date symlink: /home/ispaik06/robot_ws/install/sasa_bot/share/sasa_bot/launch/launch_sim.launch.py
[0.749s] -- Up-to-date symlink: /home/ispaik06/robot_ws/install/sasa_bot/share/sasa_bot/launch/rsp.launch.py
[0.749s] -- Up-to-date symlink: /home/ispaik06/robot_ws/install/sasa_bot/share/sasa_bot/worlds/empty.world
[0.749s] -- Up-to-date symlink: /home/ispaik06/robot_ws/install/sasa_bot/share/ament_index/resource_index/package_run_dependencies/sasa_bot
[0.749s] -- Up-to-date symlink: /home/ispaik06/robot_ws/install/sasa_bot/share/ament_index/resource_index/parent_prefix_path/sasa_bot
[0.749s] -- Up-to-date symlink: /home/ispaik06/robot_ws/install/sasa_bot/share/sasa_bot/environment/ament_prefix_path.sh
[0.750s] -- Up-to-date symlink: /home/ispaik06/robot_ws/install/sasa_bot/share/sasa_bot/environment/ament_prefix_path.dsv
[0.750s] -- Up-to-date symlink: /home/ispaik06/robot_ws/install/sasa_bot/share/sasa_bot/environment/path.sh
[0.750s] -- Up-to-date symlink: /home/ispaik06/robot_ws/install/sasa_bot/share/sasa_bot/environment/path.dsv
[0.750s] -- Up-to-date symlink: /home/ispaik06/robot_ws/install/sasa_bot/share/sasa_bot/local_setup.bash
[0.750s] -- Up-to-date symlink: /home/ispaik06/robot_ws/install/sasa_bot/share/sasa_bot/local_setup.sh
[0.750s] -- Up-to-date symlink: /home/ispaik06/robot_ws/install/sasa_bot/share/sasa_bot/local_setup.zsh
[0.751s] -- Up-to-date symlink: /home/ispaik06/robot_ws/install/sasa_bot/share/sasa_bot/local_setup.dsv
[0.751s] -- Symlinking: /home/ispaik06/robot_ws/install/sasa_bot/share/sasa_bot/package.dsv
[0.754s] -- Up-to-date symlink: /home/ispaik06/robot_ws/install/sasa_bot/share/ament_index/resource_index/packages/sasa_bot
[0.754s] -- Up-to-date symlink: /home/ispaik06/robot_ws/install/sasa_bot/share/sasa_bot/cmake/sasa_botConfig.cmake
[0.754s] -- Up-to-date symlink: /home/ispaik06/robot_ws/install/sasa_bot/share/sasa_bot/cmake/sasa_botConfig-version.cmake
[0.754s] -- Up-to-date symlink: /home/ispaik06/robot_ws/install/sasa_bot/share/sasa_bot/package.xml
[0.988s] Invoked command in '/home/ispaik06/robot_ws/build/sasa_bot' returned '0': CMAKE_PREFIX_PATH=${CMAKE_PREFIX_PATH}:/home/ispaik06/robot_ws/install/serial_motor_demo:/home/ispaik06/robot_ws/install/joy_tester:/opt/ros/foxy /usr/bin/cmake --install /home/ispaik06/robot_ws/build/sasa_bot
